This file contains any messages produced by compilers while
running configure, to aid debugging if configure makes a mistake.

It was created by In-a-dyn configure 2.5, which was
generated by GNU Autoconf 2.69.  Invocation command line was

  $ ./configure --prefix=/home/baifan/dlink_882/trunk/GPL_Code/source/user/inadyn-new/inadyn-2.5/install --disable-ssl --host=mipsel-linux PKG_CONFIG_PATH=/home/baifan/dlink_882/trunk/GPL_Code/source/user/inadyn-new/../confuse/confuse-3.2.2/install/lib/pkgconfig

## --------- ##
## Platform. ##
## --------- ##

hostname = wireless
uname -m = i686
uname -r = 2.6.32-642.3.1.el6.i686
uname -s = Linux
uname -v = #1 SMP Tue Jul 12 17:53:37 UTC 2016

/usr/bin/uname -p = unknown
/bin/uname -X     = unknown

/bin/arch              = i686
/usr/bin/arch -k       = unknown
/usr/convex/getsysinfo = unknown
/usr/bin/hostinfo      = unknown
/bin/machine           = unknown
/usr/bin/oslevel       = unknown
/bin/universe          = unknown

PATH: /usr/local/bin
PATH: /bin
PATH: /usr/bin
PATH: /usr/local/sbin
PATH: /usr/sbin
PATH: /sbin
PATH: /home/baifan/bin
PATH: /home/baifan/dlink_882/trunk/GPL_Code/source/tools


## ----------- ##
## Core tests. ##
## ----------- ##

configure:2431: checking for a BSD-compatible install
configure:2499: result: /usr/bin/install -c
configure:2510: checking whether build environment is sane
configure:2565: result: yes
configure:2624: checking for mipsel-linux-strip
configure:2651: result: /opt/buildroot-gcc463/usr/bin/mipsel-linux-strip
configure:2716: checking for a thread-safe mkdir -p
configure:2755: result: /bin/mkdir -p
configure:2762: checking for gawk
configure:2778: found /bin/gawk
configure:2789: result: gawk
configure:2800: checking whether make sets $(MAKE)
configure:2822: result: yes
configure:2851: checking whether make supports nested variables
configure:2868: result: yes
configure:3005: checking whether make supports nested variables
configure:3022: result: yes
configure:3091: checking for style of include used by make
configure:3119: result: GNU
configure:3150: checking for mipsel-linux-gcc
configure:3177: result: /opt/buildroot-gcc463/usr/bin/mipsel-linux-gcc 
configure:3446: checking for C compiler version
configure:3455: /opt/buildroot-gcc463/usr/bin/mipsel-linux-gcc  --version >&5
mipsel-linux-gcc (Buildroot 2012.11.1) 4.6.3
Copyright (C) 2011 Free Software Foundation, Inc.
This is free software; see the source for copying conditions.  There is NO
warranty; not even for MERCHANTABILITY or FITNESS FOR A PARTICULAR PURPOSE.

configure:3466: $? = 0
configure:3455: /opt/buildroot-gcc463/usr/bin/mipsel-linux-gcc  -v >&5
Using built-in specs.
COLLECT_GCC=/opt/buildroot-gcc463/usr/bin/mipsel-linux-gcc
COLLECT_LTO_WRAPPER=/opt/buildroot-gcc463/usr/libexec/gcc/mipsel-buildroot-linux-uclibc/4.6.3/lto-wrapper
Target: mipsel-buildroot-linux-uclibc
Configured with: /home/ralink/buildroot-2012.11.1/output/toolchain/gcc-4.6.3/configure --prefix=/opt/buildroot-gcc463/usr --build=i686-pc-linux-gnu --host=i686-pc-linux-gnu --target=mipsel-buildroot-linux-uclibc --enable-languages=c,c++ --with-sysroot=/opt/buildroot-gcc463/usr/mipsel-buildroot-linux-uclibc/sysroot --with-build-time-tools=/opt/buildroot-gcc463/usr/mipsel-buildroot-linux-uclibc/bin --disable-__cxa_atexit --enable-target-optspace --disable-libgomp --with-gnu-ld --disable-libssp --disable-multilib --disable-tls --disable-shared --with-gmp=/opt/buildroot-gcc463/usr --with-mpfr=/opt/buildroot-gcc463/usr --with-mpc=/opt/buildroot-gcc463/usr --disable-nls --enable-threads --disable-decimal-float --with-float=soft --with-abi=32 --with-tune=mips32r2 --with-pkgversion='Buildroot 2012.11.1' --with-bugurl=http://bugs.buildroot.net/
Thread model: posix
gcc version 4.6.3 (Buildroot 2012.11.1) 
configure:3466: $? = 0
configure:3455: /opt/buildroot-gcc463/usr/bin/mipsel-linux-gcc  -V >&5
mipsel-linux-gcc: error: unrecognized option '-V'
mipsel-linux-gcc: fatal error: no input files
compilation terminated.
configure:3466: $? = 1
configure:3455: /opt/buildroot-gcc463/usr/bin/mipsel-linux-gcc  -qversion >&5
mipsel-linux-gcc: error: unrecognized option '-qversion'
mipsel-linux-gcc: fatal error: no input files
compilation terminated.
configure:3466: $? = 1
configure:3486: checking whether the C compiler works
configure:3508: /opt/buildroot-gcc463/usr/bin/mipsel-linux-gcc  -O2 -fomit-frame-pointer -pipe  -Dlinux -D__linux__ -Dunix -DEMBED -I/home/baifan/dlink_882/trunk/GPL_Code/source/uClibc-0.9.33.2/app_headers/include -I/home/baifan/dlink_882/trunk/GPL_Code/source/lib/include -DCONFIG_UCLIBC_0_9_33_2  -I/home/baifan/dlink_882/trunk/GPL_Code/source   -L/home/baifan/dlink_882/trunk/GPL_Code/source/uClibc-0.9.33.2/lib -L/home/baifan/dlink_882/trunk/GPL_Code/source/lib/lib -L/home/baifan/dlink_882/trunk/GPL_Code/source/uClibc-0.9.33.2/lib -L/home/baifan/dlink_882/trunk/GPL_Code/source/lib/lib conftest.c  >&5
configure:3512: $? = 0
configure:3560: result: yes
configure:3563: checking for C compiler default output file name
configure:3565: result: a.out
configure:3571: checking for suffix of executables
configure:3578: /opt/buildroot-gcc463/usr/bin/mipsel-linux-gcc  -o conftest -O2 -fomit-frame-pointer -pipe  -Dlinux -D__linux__ -Dunix -DEMBED -I/home/baifan/dlink_882/trunk/GPL_Code/source/uClibc-0.9.33.2/app_headers/include -I/home/baifan/dlink_882/trunk/GPL_Code/source/lib/include -DCONFIG_UCLIBC_0_9_33_2  -I/home/baifan/dlink_882/trunk/GPL_Code/source   -L/home/baifan/dlink_882/trunk/GPL_Code/source/uClibc-0.9.33.2/lib -L/home/baifan/dlink_882/trunk/GPL_Code/source/lib/lib -L/home/baifan/dlink_882/trunk/GPL_Code/source/uClibc-0.9.33.2/lib -L/home/baifan/dlink_882/trunk/GPL_Code/source/lib/lib conftest.c  >&5
configure:3582: $? = 0
configure:3604: result: 
configure:3626: checking whether we are cross compiling
configure:3634: /opt/buildroot-gcc463/usr/bin/mipsel-linux-gcc  -o conftest -O2 -fomit-frame-pointer -pipe  -Dlinux -D__linux__ -Dunix -DEMBED -I/home/baifan/dlink_882/trunk/GPL_Code/source/uClibc-0.9.33.2/app_headers/include -I/home/baifan/dlink_882/trunk/GPL_Code/source/lib/include -DCONFIG_UCLIBC_0_9_33_2  -I/home/baifan/dlink_882/trunk/GPL_Code/source   -L/home/baifan/dlink_882/trunk/GPL_Code/source/uClibc-0.9.33.2/lib -L/home/baifan/dlink_882/trunk/GPL_Code/source/lib/lib -L/home/baifan/dlink_882/trunk/GPL_Code/source/uClibc-0.9.33.2/lib -L/home/baifan/dlink_882/trunk/GPL_Code/source/lib/lib conftest.c  >&5
configure:3638: $? = 0
configure:3645: ./conftest
./configure: line 3647: ./conftest: cannot execute binary file
configure:3649: $? = 126
configure:3664: result: yes
configure:3669: checking for suffix of object files
configure:3691: /opt/buildroot-gcc463/usr/bin/mipsel-linux-gcc  -c -O2 -fomit-frame-pointer -pipe  -Dlinux -D__linux__ -Dunix -DEMBED -I/home/baifan/dlink_882/trunk/GPL_Code/source/uClibc-0.9.33.2/app_headers/include -I/home/baifan/dlink_882/trunk/GPL_Code/source/lib/include -DCONFIG_UCLIBC_0_9_33_2  -I/home/baifan/dlink_882/trunk/GPL_Code/source   conftest.c >&5
configure:3695: $? = 0
configure:3716: result: o
configure:3720: checking whether we are using the GNU C compiler
configure:3739: /opt/buildroot-gcc463/usr/bin/mipsel-linux-gcc  -c -O2 -fomit-frame-pointer -pipe  -Dlinux -D__linux__ -Dunix -DEMBED -I/home/baifan/dlink_882/trunk/GPL_Code/source/uClibc-0.9.33.2/app_headers/include -I/home/baifan/dlink_882/trunk/GPL_Code/source/lib/include -DCONFIG_UCLIBC_0_9_33_2  -I/home/baifan/dlink_882/trunk/GPL_Code/source   conftest.c >&5
configure:3739: $? = 0
configure:3748: result: yes
configure:3757: checking whether /opt/buildroot-gcc463/usr/bin/mipsel-linux-gcc  accepts -g
configure:3777: /opt/buildroot-gcc463/usr/bin/mipsel-linux-gcc  -c -g  conftest.c >&5
configure:3777: $? = 0
configure:3818: result: yes
configure:3835: checking for /opt/buildroot-gcc463/usr/bin/mipsel-linux-gcc  option to accept ISO C89
configure:3898: /opt/buildroot-gcc463/usr/bin/mipsel-linux-gcc   -c -O2 -fomit-frame-pointer -pipe  -Dlinux -D__linux__ -Dunix -DEMBED -I/home/baifan/dlink_882/trunk/GPL_Code/source/uClibc-0.9.33.2/app_headers/include -I/home/baifan/dlink_882/trunk/GPL_Code/source/lib/include -DCONFIG_UCLIBC_0_9_33_2  -I/home/baifan/dlink_882/trunk/GPL_Code/source   conftest.c >&5
configure:3898: $? = 0
configure:3911: result: none needed
configure:3936: checking whether /opt/buildroot-gcc463/usr/bin/mipsel-linux-gcc  understands -c and -o together
configure:3958: /opt/buildroot-gcc463/usr/bin/mipsel-linux-gcc  -c conftest.c -o conftest2.o
configure:3961: $? = 0
configure:3958: /opt/buildroot-gcc463/usr/bin/mipsel-linux-gcc  -c conftest.c -o conftest2.o
configure:3961: $? = 0
configure:3973: result: yes
configure:3992: checking dependency style of /opt/buildroot-gcc463/usr/bin/mipsel-linux-gcc 
configure:4103: result: gcc3
configure:4124: checking how to run the C preprocessor
configure:4155: /opt/buildroot-gcc463/usr/bin/mipsel-linux-gcc  -E  conftest.c
configure:4155: $? = 0
configure:4169: /opt/buildroot-gcc463/usr/bin/mipsel-linux-gcc  -E  conftest.c
conftest.c:11:28: fatal error: ac_nonexistent.h: No such file or directory
compilation terminated.
configure:4169: $? = 1
configure: failed program was:
| /* confdefs.h */
| #define PACKAGE_NAME "In-a-dyn"
| #define PACKAGE_TARNAME "inadyn"
| #define PACKAGE_VERSION "2.5"
| #define PACKAGE_STRING "In-a-dyn 2.5"
| #define PACKAGE_BUGREPORT "https://github.com/troglobit/inadyn/issues"
| #define PACKAGE_URL "http://troglobit.com/inadyn.html"
| #define PACKAGE "inadyn"
| #define VERSION "2.5"
| /* end confdefs.h.  */
| #include <ac_nonexistent.h>
configure:4194: result: /opt/buildroot-gcc463/usr/bin/mipsel-linux-gcc  -E
configure:4214: /opt/buildroot-gcc463/usr/bin/mipsel-linux-gcc  -E  conftest.c
configure:4214: $? = 0
configure:4228: /opt/buildroot-gcc463/usr/bin/mipsel-linux-gcc  -E  conftest.c
conftest.c:11:28: fatal error: ac_nonexistent.h: No such file or directory
compilation terminated.
configure:4228: $? = 1
configure: failed program was:
| /* confdefs.h */
| #define PACKAGE_NAME "In-a-dyn"
| #define PACKAGE_TARNAME "inadyn"
| #define PACKAGE_VERSION "2.5"
| #define PACKAGE_STRING "In-a-dyn 2.5"
| #define PACKAGE_BUGREPORT "https://github.com/troglobit/inadyn/issues"
| #define PACKAGE_URL "http://troglobit.com/inadyn.html"
| #define PACKAGE "inadyn"
| #define VERSION "2.5"
| /* end confdefs.h.  */
| #include <ac_nonexistent.h>
configure:4257: checking for grep that handles long lines and -e
configure:4315: result: /bin/grep
configure:4320: checking for egrep
configure:4382: result: /bin/grep -E
configure:4387: checking for ANSI C header files
configure:4407: /opt/buildroot-gcc463/usr/bin/mipsel-linux-gcc  -c -O2 -fomit-frame-pointer -pipe  -Dlinux -D__linux__ -Dunix -DEMBED -I/home/baifan/dlink_882/trunk/GPL_Code/source/uClibc-0.9.33.2/app_headers/include -I/home/baifan/dlink_882/trunk/GPL_Code/source/lib/include -DCONFIG_UCLIBC_0_9_33_2  -I/home/baifan/dlink_882/trunk/GPL_Code/source   conftest.c >&5
configure:4407: $? = 0
configure:4491: result: yes
configure:4504: checking for sys/types.h
configure:4504: /opt/buildroot-gcc463/usr/bin/mipsel-linux-gcc  -c -O2 -fomit-frame-pointer -pipe  -Dlinux -D__linux__ -Dunix -DEMBED -I/home/baifan/dlink_882/trunk/GPL_Code/source/uClibc-0.9.33.2/app_headers/include -I/home/baifan/dlink_882/trunk/GPL_Code/source/lib/include -DCONFIG_UCLIBC_0_9_33_2  -I/home/baifan/dlink_882/trunk/GPL_Code/source   conftest.c >&5
configure:4504: $? = 0
configure:4504: result: yes
configure:4504: checking for sys/stat.h
configure:4504: /opt/buildroot-gcc463/usr/bin/mipsel-linux-gcc  -c -O2 -fomit-frame-pointer -pipe  -Dlinux -D__linux__ -Dunix -DEMBED -I/home/baifan/dlink_882/trunk/GPL_Code/source/uClibc-0.9.33.2/app_headers/include -I/home/baifan/dlink_882/trunk/GPL_Code/source/lib/include -DCONFIG_UCLIBC_0_9_33_2  -I/home/baifan/dlink_882/trunk/GPL_Code/source   conftest.c >&5
configure:4504: $? = 0
configure:4504: result: yes
configure:4504: checking for stdlib.h
configure:4504: /opt/buildroot-gcc463/usr/bin/mipsel-linux-gcc  -c -O2 -fomit-frame-pointer -pipe  -Dlinux -D__linux__ -Dunix -DEMBED -I/home/baifan/dlink_882/trunk/GPL_Code/source/uClibc-0.9.33.2/app_headers/include -I/home/baifan/dlink_882/trunk/GPL_Code/source/lib/include -DCONFIG_UCLIBC_0_9_33_2  -I/home/baifan/dlink_882/trunk/GPL_Code/source   conftest.c >&5
configure:4504: $? = 0
configure:4504: result: yes
configure:4504: checking for string.h
configure:4504: /opt/buildroot-gcc463/usr/bin/mipsel-linux-gcc  -c -O2 -fomit-frame-pointer -pipe  -Dlinux -D__linux__ -Dunix -DEMBED -I/home/baifan/dlink_882/trunk/GPL_Code/source/uClibc-0.9.33.2/app_headers/include -I/home/baifan/dlink_882/trunk/GPL_Code/source/lib/include -DCONFIG_UCLIBC_0_9_33_2  -I/home/baifan/dlink_882/trunk/GPL_Code/source   conftest.c >&5
configure:4504: $? = 0
configure:4504: result: yes
configure:4504: checking for memory.h
configure:4504: /opt/buildroot-gcc463/usr/bin/mipsel-linux-gcc  -c -O2 -fomit-frame-pointer -pipe  -Dlinux -D__linux__ -Dunix -DEMBED -I/home/baifan/dlink_882/trunk/GPL_Code/source/uClibc-0.9.33.2/app_headers/include -I/home/baifan/dlink_882/trunk/GPL_Code/source/lib/include -DCONFIG_UCLIBC_0_9_33_2  -I/home/baifan/dlink_882/trunk/GPL_Code/source   conftest.c >&5
configure:4504: $? = 0
configure:4504: result: yes
configure:4504: checking for strings.h
configure:4504: /opt/buildroot-gcc463/usr/bin/mipsel-linux-gcc  -c -O2 -fomit-frame-pointer -pipe  -Dlinux -D__linux__ -Dunix -DEMBED -I/home/baifan/dlink_882/trunk/GPL_Code/source/uClibc-0.9.33.2/app_headers/include -I/home/baifan/dlink_882/trunk/GPL_Code/source/lib/include -DCONFIG_UCLIBC_0_9_33_2  -I/home/baifan/dlink_882/trunk/GPL_Code/source   conftest.c >&5
configure:4504: $? = 0
configure:4504: result: yes
configure:4504: checking for inttypes.h
configure:4504: /opt/buildroot-gcc463/usr/bin/mipsel-linux-gcc  -c -O2 -fomit-frame-pointer -pipe  -Dlinux -D__linux__ -Dunix -DEMBED -I/home/baifan/dlink_882/trunk/GPL_Code/source/uClibc-0.9.33.2/app_headers/include -I/home/baifan/dlink_882/trunk/GPL_Code/source/lib/include -DCONFIG_UCLIBC_0_9_33_2  -I/home/baifan/dlink_882/trunk/GPL_Code/source   conftest.c >&5
configure:4504: $? = 0
configure:4504: result: yes
configure:4504: checking for stdint.h
configure:4504: /opt/buildroot-gcc463/usr/bin/mipsel-linux-gcc  -c -O2 -fomit-frame-pointer -pipe  -Dlinux -D__linux__ -Dunix -DEMBED -I/home/baifan/dlink_882/trunk/GPL_Code/source/uClibc-0.9.33.2/app_headers/include -I/home/baifan/dlink_882/trunk/GPL_Code/source/lib/include -DCONFIG_UCLIBC_0_9_33_2  -I/home/baifan/dlink_882/trunk/GPL_Code/source   conftest.c >&5
configure:4504: $? = 0
configure:4504: result: yes
configure:4504: checking for unistd.h
configure:4504: /opt/buildroot-gcc463/usr/bin/mipsel-linux-gcc  -c -O2 -fomit-frame-pointer -pipe  -Dlinux -D__linux__ -Dunix -DEMBED -I/home/baifan/dlink_882/trunk/GPL_Code/source/uClibc-0.9.33.2/app_headers/include -I/home/baifan/dlink_882/trunk/GPL_Code/source/lib/include -DCONFIG_UCLIBC_0_9_33_2  -I/home/baifan/dlink_882/trunk/GPL_Code/source   conftest.c >&5
configure:4504: $? = 0
configure:4504: result: yes
configure:4517: checking minix/config.h usability
configure:4517: /opt/buildroot-gcc463/usr/bin/mipsel-linux-gcc  -c -O2 -fomit-frame-pointer -pipe  -Dlinux -D__linux__ -Dunix -DEMBED -I/home/baifan/dlink_882/trunk/GPL_Code/source/uClibc-0.9.33.2/app_headers/include -I/home/baifan/dlink_882/trunk/GPL_Code/source/lib/include -DCONFIG_UCLIBC_0_9_33_2  -I/home/baifan/dlink_882/trunk/GPL_Code/source   conftest.c >&5
conftest.c:54:26: fatal error: minix/config.h: No such file or directory
compilation terminated.
configure:4517: $? = 1
configure: failed program was:
| /* confdefs.h */
| #define PACKAGE_NAME "In-a-dyn"
| #define PACKAGE_TARNAME "inadyn"
| #define PACKAGE_VERSION "2.5"
| #define PACKAGE_STRING "In-a-dyn 2.5"
| #define PACKAGE_BUGREPORT "https://github.com/troglobit/inadyn/issues"
| #define PACKAGE_URL "http://troglobit.com/inadyn.html"
| #define PACKAGE "inadyn"
| #define VERSION "2.5"
| #define STDC_HEADERS 1
| #define HAVE_SYS_TYPES_H 1
| #define HAVE_SYS_STAT_H 1
| #define HAVE_STDLIB_H 1
| #define HAVE_STRING_H 1
| #define HAVE_MEMORY_H 1
| #define HAVE_STRINGS_H 1
| #define HAVE_INTTYPES_H 1
| #define HAVE_STDINT_H 1
| #define HAVE_UNISTD_H 1
| /* end confdefs.h.  */
| #include <stdio.h>
| #ifdef HAVE_SYS_TYPES_H
| # include <sys/types.h>
| #endif
| #ifdef HAVE_SYS_STAT_H
| # include <sys/stat.h>
| #endif
| #ifdef STDC_HEADERS
| # include <stdlib.h>
| # include <stddef.h>
| #else
| # ifdef HAVE_STDLIB_H
| #  include <stdlib.h>
| # endif
| #endif
| #ifdef HAVE_STRING_H
| # if !defined STDC_HEADERS && defined HAVE_MEMORY_H
| #  include <memory.h>
| # endif
| # include <string.h>
| #endif
| #ifdef HAVE_STRINGS_H
| # include <strings.h>
| #endif
| #ifdef HAVE_INTTYPES_H
| # include <inttypes.h>
| #endif
| #ifdef HAVE_STDINT_H
| # include <stdint.h>
| #endif
| #ifdef HAVE_UNISTD_H
| # include <unistd.h>
| #endif
| #include <minix/config.h>
configure:4517: result: no
configure:4517: checking minix/config.h presence
configure:4517: /opt/buildroot-gcc463/usr/bin/mipsel-linux-gcc  -E  conftest.c
conftest.c:21:26: fatal error: minix/config.h: No such file or directory
compilation terminated.
configure:4517: $? = 1
configure: failed program was:
| /* confdefs.h */
| #define PACKAGE_NAME "In-a-dyn"
| #define PACKAGE_TARNAME "inadyn"
| #define PACKAGE_VERSION "2.5"
| #define PACKAGE_STRING "In-a-dyn 2.5"
| #define PACKAGE_BUGREPORT "https://github.com/troglobit/inadyn/issues"
| #define PACKAGE_URL "http://troglobit.com/inadyn.html"
| #define PACKAGE "inadyn"
| #define VERSION "2.5"
| #define STDC_HEADERS 1
| #define HAVE_SYS_TYPES_H 1
| #define HAVE_SYS_STAT_H 1
| #define HAVE_STDLIB_H 1
| #define HAVE_STRING_H 1
| #define HAVE_MEMORY_H 1
| #define HAVE_STRINGS_H 1
| #define HAVE_INTTYPES_H 1
| #define HAVE_STDINT_H 1
| #define HAVE_UNISTD_H 1
| /* end confdefs.h.  */
| #include <minix/config.h>
configure:4517: result: no
configure:4517: checking for minix/config.h
configure:4517: result: no
configure:4538: checking whether it is safe to define __EXTENSIONS__
configure:4556: /opt/buildroot-gcc463/usr/bin/mipsel-linux-gcc  -c -O2 -fomit-frame-pointer -pipe  -Dlinux -D__linux__ -Dunix -DEMBED -I/home/baifan/dlink_882/trunk/GPL_Code/source/uClibc-0.9.33.2/app_headers/include -I/home/baifan/dlink_882/trunk/GPL_Code/source/lib/include -DCONFIG_UCLIBC_0_9_33_2  -I/home/baifan/dlink_882/trunk/GPL_Code/source   conftest.c >&5
configure:4556: $? = 0
configure:4563: result: yes
configure:4589: checking for mipsel-linux-gcc
configure:4616: result: /opt/buildroot-gcc463/usr/bin/mipsel-linux-gcc 
configure:4885: checking for C compiler version
configure:4894: /opt/buildroot-gcc463/usr/bin/mipsel-linux-gcc  --version >&5
mipsel-linux-gcc (Buildroot 2012.11.1) 4.6.3
Copyright (C) 2011 Free Software Foundation, Inc.
This is free software; see the source for copying conditions.  There is NO
warranty; not even for MERCHANTABILITY or FITNESS FOR A PARTICULAR PURPOSE.

configure:4905: $? = 0
configure:4894: /opt/buildroot-gcc463/usr/bin/mipsel-linux-gcc  -v >&5
Using built-in specs.
COLLECT_GCC=/opt/buildroot-gcc463/usr/bin/mipsel-linux-gcc
COLLECT_LTO_WRAPPER=/opt/buildroot-gcc463/usr/libexec/gcc/mipsel-buildroot-linux-uclibc/4.6.3/lto-wrapper
Target: mipsel-buildroot-linux-uclibc
Configured with: /home/ralink/buildroot-2012.11.1/output/toolchain/gcc-4.6.3/configure --prefix=/opt/buildroot-gcc463/usr --build=i686-pc-linux-gnu --host=i686-pc-linux-gnu --target=mipsel-buildroot-linux-uclibc --enable-languages=c,c++ --with-sysroot=/opt/buildroot-gcc463/usr/mipsel-buildroot-linux-uclibc/sysroot --with-build-time-tools=/opt/buildroot-gcc463/usr/mipsel-buildroot-linux-uclibc/bin --disable-__cxa_atexit --enable-target-optspace --disable-libgomp --with-gnu-ld --disable-libssp --disable-multilib --disable-tls --disable-shared --with-gmp=/opt/buildroot-gcc463/usr --with-mpfr=/opt/buildroot-gcc463/usr --with-mpc=/opt/buildroot-gcc463/usr --disable-nls --enable-threads --disable-decimal-float --with-float=soft --with-abi=32 --with-tune=mips32r2 --with-pkgversion='Buildroot 2012.11.1' --with-bugurl=http://bugs.buildroot.net/
Thread model: posix
gcc version 4.6.3 (Buildroot 2012.11.1) 
configure:4905: $? = 0
configure:4894: /opt/buildroot-gcc463/usr/bin/mipsel-linux-gcc  -V >&5
mipsel-linux-gcc: error: unrecognized option '-V'
mipsel-linux-gcc: fatal error: no input files
compilation terminated.
configure:4905: $? = 1
configure:4894: /opt/buildroot-gcc463/usr/bin/mipsel-linux-gcc  -qversion >&5
mipsel-linux-gcc: error: unrecognized option '-qversion'
mipsel-linux-gcc: fatal error: no input files
compilation terminated.
configure:4905: $? = 1
configure:4909: checking whether we are using the GNU C compiler
configure:4937: result: yes
configure:4946: checking whether /opt/buildroot-gcc463/usr/bin/mipsel-linux-gcc  accepts -g
configure:5007: result: yes
configure:5024: checking for /opt/buildroot-gcc463/usr/bin/mipsel-linux-gcc  option to accept ISO C89
configure:5100: result: none needed
configure:5125: checking whether /opt/buildroot-gcc463/usr/bin/mipsel-linux-gcc  understands -c and -o together
configure:5162: result: yes
configure:5181: checking dependency style of /opt/buildroot-gcc463/usr/bin/mipsel-linux-gcc 
configure:5292: result: gcc3
configure:5309: checking whether /opt/buildroot-gcc463/usr/bin/mipsel-linux-gcc  needs -traditional
In file included from conftest.c:26:0:
/opt/buildroot-gcc463/usr/mipsel-buildroot-linux-uclibc/sysroot/usr/include/sgtty.h:22:2: warning: #warning useless header on uClibc [-Wcpp]
configure:5343: result: no
configure:5353: checking for ANSI C header files
configure:5457: result: yes
configure:5469: checking for arpa/inet.h
configure:5469: /opt/buildroot-gcc463/usr/bin/mipsel-linux-gcc  -c -O2 -fomit-frame-pointer -pipe  -Dlinux -D__linux__ -Dunix -DEMBED -I/home/baifan/dlink_882/trunk/GPL_Code/source/uClibc-0.9.33.2/app_headers/include -I/home/baifan/dlink_882/trunk/GPL_Code/source/lib/include -DCONFIG_UCLIBC_0_9_33_2  -I/home/baifan/dlink_882/trunk/GPL_Code/source   conftest.c >&5
configure:5469: $? = 0
configure:5469: result: yes
configure:5469: checking for arpa/nameser.h
configure:5469: /opt/buildroot-gcc463/usr/bin/mipsel-linux-gcc  -c -O2 -fomit-frame-pointer -pipe  -Dlinux -D__linux__ -Dunix -DEMBED -I/home/baifan/dlink_882/trunk/GPL_Code/source/uClibc-0.9.33.2/app_headers/include -I/home/baifan/dlink_882/trunk/GPL_Code/source/lib/include -DCONFIG_UCLIBC_0_9_33_2  -I/home/baifan/dlink_882/trunk/GPL_Code/source   conftest.c >&5
configure:5469: $? = 0
configure:5469: result: yes
configure:5469: checking for netinet/in.h
configure:5469: /opt/buildroot-gcc463/usr/bin/mipsel-linux-gcc  -c -O2 -fomit-frame-pointer -pipe  -Dlinux -D__linux__ -Dunix -DEMBED -I/home/baifan/dlink_882/trunk/GPL_Code/source/uClibc-0.9.33.2/app_headers/include -I/home/baifan/dlink_882/trunk/GPL_Code/source/lib/include -DCONFIG_UCLIBC_0_9_33_2  -I/home/baifan/dlink_882/trunk/GPL_Code/source   conftest.c >&5
configure:5469: $? = 0
configure:5469: result: yes
configure:5469: checking for stdlib.h
configure:5469: result: yes
configure:5469: checking for stdint.h
configure:5469: result: yes
configure:5469: checking for string.h
configure:5469: result: yes
configure:5469: checking for sys/ioctl.h
configure:5469: /opt/buildroot-gcc463/usr/bin/mipsel-linux-gcc  -c -O2 -fomit-frame-pointer -pipe  -Dlinux -D__linux__ -Dunix -DEMBED -I/home/baifan/dlink_882/trunk/GPL_Code/source/uClibc-0.9.33.2/app_headers/include -I/home/baifan/dlink_882/trunk/GPL_Code/source/lib/include -DCONFIG_UCLIBC_0_9_33_2  -I/home/baifan/dlink_882/trunk/GPL_Code/source   conftest.c >&5
configure:5469: $? = 0
configure:5469: result: yes
configure:5469: checking for sys/socket.h
configure:5469: /opt/buildroot-gcc463/usr/bin/mipsel-linux-gcc  -c -O2 -fomit-frame-pointer -pipe  -Dlinux -D__linux__ -Dunix -DEMBED -I/home/baifan/dlink_882/trunk/GPL_Code/source/uClibc-0.9.33.2/app_headers/include -I/home/baifan/dlink_882/trunk/GPL_Code/source/lib/include -DCONFIG_UCLIBC_0_9_33_2  -I/home/baifan/dlink_882/trunk/GPL_Code/source   conftest.c >&5
configure:5469: $? = 0
configure:5469: result: yes
configure:5469: checking for sys/types.h
configure:5469: result: yes
configure:5469: checking for syslog.h
configure:5469: /opt/buildroot-gcc463/usr/bin/mipsel-linux-gcc  -c -O2 -fomit-frame-pointer -pipe  -Dlinux -D__linux__ -Dunix -DEMBED -I/home/baifan/dlink_882/trunk/GPL_Code/source/uClibc-0.9.33.2/app_headers/include -I/home/baifan/dlink_882/trunk/GPL_Code/source/lib/include -DCONFIG_UCLIBC_0_9_33_2  -I/home/baifan/dlink_882/trunk/GPL_Code/source   conftest.c >&5
configure:5469: $? = 0
configure:5469: result: yes
configure:5469: checking for unistd.h
configure:5469: result: yes
configure:5486: checking for an ANSI C-conforming const
configure:5552: /opt/buildroot-gcc463/usr/bin/mipsel-linux-gcc  -c -O2 -fomit-frame-pointer -pipe  -Dlinux -D__linux__ -Dunix -DEMBED -I/home/baifan/dlink_882/trunk/GPL_Code/source/uClibc-0.9.33.2/app_headers/include -I/home/baifan/dlink_882/trunk/GPL_Code/source/lib/include -DCONFIG_UCLIBC_0_9_33_2  -I/home/baifan/dlink_882/trunk/GPL_Code/source   conftest.c >&5
configure:5552: $? = 0
configure:5559: result: yes
configure:5567: checking for inline
configure:5583: /opt/buildroot-gcc463/usr/bin/mipsel-linux-gcc  -c -O2 -fomit-frame-pointer -pipe  -Dlinux -D__linux__ -Dunix -DEMBED -I/home/baifan/dlink_882/trunk/GPL_Code/source/uClibc-0.9.33.2/app_headers/include -I/home/baifan/dlink_882/trunk/GPL_Code/source/lib/include -DCONFIG_UCLIBC_0_9_33_2  -I/home/baifan/dlink_882/trunk/GPL_Code/source   conftest.c >&5
configure:5583: $? = 0
configure:5591: result: inline
configure:5609: checking for uint32_t
configure:5609: /opt/buildroot-gcc463/usr/bin/mipsel-linux-gcc  -c -O2 -fomit-frame-pointer -pipe  -Dlinux -D__linux__ -Dunix -DEMBED -I/home/baifan/dlink_882/trunk/GPL_Code/source/uClibc-0.9.33.2/app_headers/include -I/home/baifan/dlink_882/trunk/GPL_Code/source/lib/include -DCONFIG_UCLIBC_0_9_33_2  -I/home/baifan/dlink_882/trunk/GPL_Code/source   conftest.c >&5
configure:5609: $? = 0
configure:5609: result: yes
configure:5625: checking for pid_t
configure:5625: /opt/buildroot-gcc463/usr/bin/mipsel-linux-gcc  -c -O2 -fomit-frame-pointer -pipe  -Dlinux -D__linux__ -Dunix -DEMBED -I/home/baifan/dlink_882/trunk/GPL_Code/source/uClibc-0.9.33.2/app_headers/include -I/home/baifan/dlink_882/trunk/GPL_Code/source/lib/include -DCONFIG_UCLIBC_0_9_33_2  -I/home/baifan/dlink_882/trunk/GPL_Code/source   conftest.c >&5
configure:5625: $? = 0
configure:5625: /opt/buildroot-gcc463/usr/bin/mipsel-linux-gcc  -c -O2 -fomit-frame-pointer -pipe  -Dlinux -D__linux__ -Dunix -DEMBED -I/home/baifan/dlink_882/trunk/GPL_Code/source/uClibc-0.9.33.2/app_headers/include -I/home/baifan/dlink_882/trunk/GPL_Code/source/lib/include -DCONFIG_UCLIBC_0_9_33_2  -I/home/baifan/dlink_882/trunk/GPL_Code/source   conftest.c >&5
conftest.c: In function 'main':
conftest.c:74:20: error: expected expression before ')' token
configure:5625: $? = 1
configure: failed program was:
| /* confdefs.h */
| #define PACKAGE_NAME "In-a-dyn"
| #define PACKAGE_TARNAME "inadyn"
| #define PACKAGE_VERSION "2.5"
| #define PACKAGE_STRING "In-a-dyn 2.5"
| #define PACKAGE_BUGREPORT "https://github.com/troglobit/inadyn/issues"
| #define PACKAGE_URL "http://troglobit.com/inadyn.html"
| #define PACKAGE "inadyn"
| #define VERSION "2.5"
| #define STDC_HEADERS 1
| #define HAVE_SYS_TYPES_H 1
| #define HAVE_SYS_STAT_H 1
| #define HAVE_STDLIB_H 1
| #define HAVE_STRING_H 1
| #define HAVE_MEMORY_H 1
| #define HAVE_STRINGS_H 1
| #define HAVE_INTTYPES_H 1
| #define HAVE_STDINT_H 1
| #define HAVE_UNISTD_H 1
| #define __EXTENSIONS__ 1
| #define _ALL_SOURCE 1
| #define _GNU_SOURCE 1
| #define _POSIX_PTHREAD_SEMANTICS 1
| #define _TANDEM_SOURCE 1
| #define STDC_HEADERS 1
| #define HAVE_ARPA_INET_H 1
| #define HAVE_ARPA_NAMESER_H 1
| #define HAVE_NETINET_IN_H 1
| #define HAVE_STDLIB_H 1
| #define HAVE_STDINT_H 1
| #define HAVE_STRING_H 1
| #define HAVE_SYS_IOCTL_H 1
| #define HAVE_SYS_SOCKET_H 1
| #define HAVE_SYS_TYPES_H 1
| #define HAVE_SYSLOG_H 1
| #define HAVE_UNISTD_H 1
| /* end confdefs.h.  */
| #include <stdio.h>
| #ifdef HAVE_SYS_TYPES_H
| # include <sys/types.h>
| #endif
| #ifdef HAVE_SYS_STAT_H
| # include <sys/stat.h>
| #endif
| #ifdef STDC_HEADERS
| # include <stdlib.h>
| # include <stddef.h>
| #else
| # ifdef HAVE_STDLIB_H
| #  include <stdlib.h>
| # endif
| #endif
| #ifdef HAVE_STRING_H
| # if !defined STDC_HEADERS && defined HAVE_MEMORY_H
| #  include <memory.h>
| # endif
| # include <string.h>
| #endif
| #ifdef HAVE_STRINGS_H
| # include <strings.h>
| #endif
| #ifdef HAVE_INTTYPES_H
| # include <inttypes.h>
| #endif
| #ifdef HAVE_STDINT_H
| # include <stdint.h>
| #endif
| #ifdef HAVE_UNISTD_H
| # include <unistd.h>
| #endif
| int
| main ()
| {
| if (sizeof ((pid_t)))
| 	    return 0;
|   ;
|   return 0;
| }
configure:5625: result: yes
configure:5638: checking vfork.h usability
configure:5638: /opt/buildroot-gcc463/usr/bin/mipsel-linux-gcc  -c -O2 -fomit-frame-pointer -pipe  -Dlinux -D__linux__ -Dunix -DEMBED -I/home/baifan/dlink_882/trunk/GPL_Code/source/uClibc-0.9.33.2/app_headers/include -I/home/baifan/dlink_882/trunk/GPL_Code/source/lib/include -DCONFIG_UCLIBC_0_9_33_2  -I/home/baifan/dlink_882/trunk/GPL_Code/source   conftest.c >&5
conftest.c:71:19: fatal error: vfork.h: No such file or directory
compilation terminated.
configure:5638: $? = 1
configure: failed program was:
| /* confdefs.h */
| #define PACKAGE_NAME "In-a-dyn"
| #define PACKAGE_TARNAME "inadyn"
| #define PACKAGE_VERSION "2.5"
| #define PACKAGE_STRING "In-a-dyn 2.5"
| #define PACKAGE_BUGREPORT "https://github.com/troglobit/inadyn/issues"
| #define PACKAGE_URL "http://troglobit.com/inadyn.html"
| #define PACKAGE "inadyn"
| #define VERSION "2.5"
| #define STDC_HEADERS 1
| #define HAVE_SYS_TYPES_H 1
| #define HAVE_SYS_STAT_H 1
| #define HAVE_STDLIB_H 1
| #define HAVE_STRING_H 1
| #define HAVE_MEMORY_H 1
| #define HAVE_STRINGS_H 1
| #define HAVE_INTTYPES_H 1
| #define HAVE_STDINT_H 1
| #define HAVE_UNISTD_H 1
| #define __EXTENSIONS__ 1
| #define _ALL_SOURCE 1
| #define _GNU_SOURCE 1
| #define _POSIX_PTHREAD_SEMANTICS 1
| #define _TANDEM_SOURCE 1
| #define STDC_HEADERS 1
| #define HAVE_ARPA_INET_H 1
| #define HAVE_ARPA_NAMESER_H 1
| #define HAVE_NETINET_IN_H 1
| #define HAVE_STDLIB_H 1
| #define HAVE_STDINT_H 1
| #define HAVE_STRING_H 1
| #define HAVE_SYS_IOCTL_H 1
| #define HAVE_SYS_SOCKET_H 1
| #define HAVE_SYS_TYPES_H 1
| #define HAVE_SYSLOG_H 1
| #define HAVE_UNISTD_H 1
| /* end confdefs.h.  */
| #include <stdio.h>
| #ifdef HAVE_SYS_TYPES_H
| # include <sys/types.h>
| #endif
| #ifdef HAVE_SYS_STAT_H
| # include <sys/stat.h>
| #endif
| #ifdef STDC_HEADERS
| # include <stdlib.h>
| # include <stddef.h>
| #else
| # ifdef HAVE_STDLIB_H
| #  include <stdlib.h>
| # endif
| #endif
| #ifdef HAVE_STRING_H
| # if !defined STDC_HEADERS && defined HAVE_MEMORY_H
| #  include <memory.h>
| # endif
| # include <string.h>
| #endif
| #ifdef HAVE_STRINGS_H
| # include <strings.h>
| #endif
| #ifdef HAVE_INTTYPES_H
| # include <inttypes.h>
| #endif
| #ifdef HAVE_STDINT_H
| # include <stdint.h>
| #endif
| #ifdef HAVE_UNISTD_H
| # include <unistd.h>
| #endif
| #include <vfork.h>
configure:5638: result: no
configure:5638: checking vfork.h presence
configure:5638: /opt/buildroot-gcc463/usr/bin/mipsel-linux-gcc  -E  conftest.c
conftest.c:38:19: fatal error: vfork.h: No such file or directory
compilation terminated.
configure:5638: $? = 1
configure: failed program was:
| /* confdefs.h */
| #define PACKAGE_NAME "In-a-dyn"
| #define PACKAGE_TARNAME "inadyn"
| #define PACKAGE_VERSION "2.5"
| #define PACKAGE_STRING "In-a-dyn 2.5"
| #define PACKAGE_BUGREPORT "https://github.com/troglobit/inadyn/issues"
| #define PACKAGE_URL "http://troglobit.com/inadyn.html"
| #define PACKAGE "inadyn"
| #define VERSION "2.5"
| #define STDC_HEADERS 1
| #define HAVE_SYS_TYPES_H 1
| #define HAVE_SYS_STAT_H 1
| #define HAVE_STDLIB_H 1
| #define HAVE_STRING_H 1
| #define HAVE_MEMORY_H 1
| #define HAVE_STRINGS_H 1
| #define HAVE_INTTYPES_H 1
| #define HAVE_STDINT_H 1
| #define HAVE_UNISTD_H 1
| #define __EXTENSIONS__ 1
| #define _ALL_SOURCE 1
| #define _GNU_SOURCE 1
| #define _POSIX_PTHREAD_SEMANTICS 1
| #define _TANDEM_SOURCE 1
| #define STDC_HEADERS 1
| #define HAVE_ARPA_INET_H 1
| #define HAVE_ARPA_NAMESER_H 1
| #define HAVE_NETINET_IN_H 1
| #define HAVE_STDLIB_H 1
| #define HAVE_STDINT_H 1
| #define HAVE_STRING_H 1
| #define HAVE_SYS_IOCTL_H 1
| #define HAVE_SYS_SOCKET_H 1
| #define HAVE_SYS_TYPES_H 1
| #define HAVE_SYSLOG_H 1
| #define HAVE_UNISTD_H 1
| /* end confdefs.h.  */
| #include <vfork.h>
configure:5638: result: no
configure:5638: checking for vfork.h
configure:5638: result: no
configure:5651: checking for fork
configure:5651: /opt/buildroot-gcc463/usr/bin/mipsel-linux-gcc  -o conftest -O2 -fomit-frame-pointer -pipe  -Dlinux -D__linux__ -Dunix -DEMBED -I/home/baifan/dlink_882/trunk/GPL_Code/source/uClibc-0.9.33.2/app_headers/include -I/home/baifan/dlink_882/trunk/GPL_Code/source/lib/include -DCONFIG_UCLIBC_0_9_33_2  -I/home/baifan/dlink_882/trunk/GPL_Code/source   -L/home/baifan/dlink_882/trunk/GPL_Code/source/uClibc-0.9.33.2/lib -L/home/baifan/dlink_882/trunk/GPL_Code/source/lib/lib -L/home/baifan/dlink_882/trunk/GPL_Code/source/uClibc-0.9.33.2/lib -L/home/baifan/dlink_882/trunk/GPL_Code/source/lib/lib conftest.c  >&5
conftest.c:61:6: warning: conflicting types for built-in function 'fork' [enabled by default]
configure:5651: $? = 0
configure:5651: result: yes
configure:5651: checking for vfork
configure:5651: /opt/buildroot-gcc463/usr/bin/mipsel-linux-gcc  -o conftest -O2 -fomit-frame-pointer -pipe  -Dlinux -D__linux__ -Dunix -DEMBED -I/home/baifan/dlink_882/trunk/GPL_Code/source/uClibc-0.9.33.2/app_headers/include -I/home/baifan/dlink_882/trunk/GPL_Code/source/lib/include -DCONFIG_UCLIBC_0_9_33_2  -I/home/baifan/dlink_882/trunk/GPL_Code/source   -L/home/baifan/dlink_882/trunk/GPL_Code/source/uClibc-0.9.33.2/lib -L/home/baifan/dlink_882/trunk/GPL_Code/source/lib/lib -L/home/baifan/dlink_882/trunk/GPL_Code/source/uClibc-0.9.33.2/lib -L/home/baifan/dlink_882/trunk/GPL_Code/source/lib/lib conftest.c  >&5
configure:5651: $? = 0
configure:5651: result: yes
configure:5661: checking for working fork
configure:5693: result: cross
configure:5709: WARNING: result yes guessed because of cross compilation
configure:5714: checking for working vfork
configure:5824: result: yes
configure:5852: checking sys/select.h usability
configure:5852: /opt/buildroot-gcc463/usr/bin/mipsel-linux-gcc  -c -O2 -fomit-frame-pointer -pipe  -Dlinux -D__linux__ -Dunix -DEMBED -I/home/baifan/dlink_882/trunk/GPL_Code/source/uClibc-0.9.33.2/app_headers/include -I/home/baifan/dlink_882/trunk/GPL_Code/source/lib/include -DCONFIG_UCLIBC_0_9_33_2  -I/home/baifan/dlink_882/trunk/GPL_Code/source   conftest.c >&5
configure:5852: $? = 0
configure:5852: result: yes
configure:5852: checking sys/select.h presence
configure:5852: /opt/buildroot-gcc463/usr/bin/mipsel-linux-gcc  -E  conftest.c
configure:5852: $? = 0
configure:5852: result: yes
configure:5852: checking for sys/select.h
configure:5852: result: yes
configure:5852: checking for sys/socket.h
configure:5852: result: yes
configure:5862: checking types of arguments for select
configure:5890: /opt/buildroot-gcc463/usr/bin/mipsel-linux-gcc  -c -O2 -fomit-frame-pointer -pipe  -Dlinux -D__linux__ -Dunix -DEMBED -I/home/baifan/dlink_882/trunk/GPL_Code/source/uClibc-0.9.33.2/app_headers/include -I/home/baifan/dlink_882/trunk/GPL_Code/source/lib/include -DCONFIG_UCLIBC_0_9_33_2  -I/home/baifan/dlink_882/trunk/GPL_Code/source   conftest.c >&5
configure:5890: $? = 0
configure:5901: result: int,fd_set *,struct timeval *
configure:5927: checking for atexit
configure:5927: /opt/buildroot-gcc463/usr/bin/mipsel-linux-gcc  -o conftest -O2 -fomit-frame-pointer -pipe  -Dlinux -D__linux__ -Dunix -DEMBED -I/home/baifan/dlink_882/trunk/GPL_Code/source/uClibc-0.9.33.2/app_headers/include -I/home/baifan/dlink_882/trunk/GPL_Code/source/lib/include -DCONFIG_UCLIBC_0_9_33_2  -I/home/baifan/dlink_882/trunk/GPL_Code/source   -L/home/baifan/dlink_882/trunk/GPL_Code/source/uClibc-0.9.33.2/lib -L/home/baifan/dlink_882/trunk/GPL_Code/source/lib/lib -L/home/baifan/dlink_882/trunk/GPL_Code/source/uClibc-0.9.33.2/lib -L/home/baifan/dlink_882/trunk/GPL_Code/source/lib/lib conftest.c  >&5
configure:5927: $? = 0
configure:5927: result: yes
configure:5927: checking for memset
configure:5927: /opt/buildroot-gcc463/usr/bin/mipsel-linux-gcc  -o conftest -O2 -fomit-frame-pointer -pipe  -Dlinux -D__linux__ -Dunix -DEMBED -I/home/baifan/dlink_882/trunk/GPL_Code/source/uClibc-0.9.33.2/app_headers/include -I/home/baifan/dlink_882/trunk/GPL_Code/source/lib/include -DCONFIG_UCLIBC_0_9_33_2  -I/home/baifan/dlink_882/trunk/GPL_Code/source   -L/home/baifan/dlink_882/trunk/GPL_Code/source/uClibc-0.9.33.2/lib -L/home/baifan/dlink_882/trunk/GPL_Code/source/lib/lib -L/home/baifan/dlink_882/trunk/GPL_Code/source/uClibc-0.9.33.2/lib -L/home/baifan/dlink_882/trunk/GPL_Code/source/lib/lib conftest.c  >&5
conftest.c:71:6: warning: conflicting types for built-in function 'memset' [enabled by default]
configure:5927: $? = 0
configure:5927: result: yes
configure:5927: checking for poll
configure:5927: /opt/buildroot-gcc463/usr/bin/mipsel-linux-gcc  -o conftest -O2 -fomit-frame-pointer -pipe  -Dlinux -D__linux__ -Dunix -DEMBED -I/home/baifan/dlink_882/trunk/GPL_Code/source/uClibc-0.9.33.2/app_headers/include -I/home/baifan/dlink_882/trunk/GPL_Code/source/lib/include -DCONFIG_UCLIBC_0_9_33_2  -I/home/baifan/dlink_882/trunk/GPL_Code/source   -L/home/baifan/dlink_882/trunk/GPL_Code/source/uClibc-0.9.33.2/lib -L/home/baifan/dlink_882/trunk/GPL_Code/source/lib/lib -L/home/baifan/dlink_882/trunk/GPL_Code/source/uClibc-0.9.33.2/lib -L/home/baifan/dlink_882/trunk/GPL_Code/source/lib/lib conftest.c  >&5
configure:5927: $? = 0
configure:5927: result: yes
configure:5927: checking for socket
configure:5927: /opt/buildroot-gcc463/usr/bin/mipsel-linux-gcc  -o conftest -O2 -fomit-frame-pointer -pipe  -Dlinux -D__linux__ -Dunix -DEMBED -I/home/baifan/dlink_882/trunk/GPL_Code/source/uClibc-0.9.33.2/app_headers/include -I/home/baifan/dlink_882/trunk/GPL_Code/source/lib/include -DCONFIG_UCLIBC_0_9_33_2  -I/home/baifan/dlink_882/trunk/GPL_Code/source   -L/home/baifan/dlink_882/trunk/GPL_Code/source/uClibc-0.9.33.2/lib -L/home/baifan/dlink_882/trunk/GPL_Code/source/lib/lib -L/home/baifan/dlink_882/trunk/GPL_Code/source/uClibc-0.9.33.2/lib -L/home/baifan/dlink_882/trunk/GPL_Code/source/lib/lib conftest.c  >&5
configure:5927: $? = 0
configure:5927: result: yes
configure:5927: checking for strerror
configure:5927: /opt/buildroot-gcc463/usr/bin/mipsel-linux-gcc  -o conftest -O2 -fomit-frame-pointer -pipe  -Dlinux -D__linux__ -Dunix -DEMBED -I/home/baifan/dlink_882/trunk/GPL_Code/source/uClibc-0.9.33.2/app_headers/include -I/home/baifan/dlink_882/trunk/GPL_Code/source/lib/include -DCONFIG_UCLIBC_0_9_33_2  -I/home/baifan/dlink_882/trunk/GPL_Code/source   -L/home/baifan/dlink_882/trunk/GPL_Code/source/uClibc-0.9.33.2/lib -L/home/baifan/dlink_882/trunk/GPL_Code/source/lib/lib -L/home/baifan/dlink_882/trunk/GPL_Code/source/uClibc-0.9.33.2/lib -L/home/baifan/dlink_882/trunk/GPL_Code/source/lib/lib conftest.c  >&5
configure:5927: $? = 0
configure:5927: result: yes
configure:5936: checking for library containing dlopen
configure:5967: /opt/buildroot-gcc463/usr/bin/mipsel-linux-gcc  -o conftest -O2 -fomit-frame-pointer -pipe  -Dlinux -D__linux__ -Dunix -DEMBED -I/home/baifan/dlink_882/trunk/GPL_Code/source/uClibc-0.9.33.2/app_headers/include -I/home/baifan/dlink_882/trunk/GPL_Code/source/lib/include -DCONFIG_UCLIBC_0_9_33_2  -I/home/baifan/dlink_882/trunk/GPL_Code/source   -L/home/baifan/dlink_882/trunk/GPL_Code/source/uClibc-0.9.33.2/lib -L/home/baifan/dlink_882/trunk/GPL_Code/source/lib/lib -L/home/baifan/dlink_882/trunk/GPL_Code/source/uClibc-0.9.33.2/lib -L/home/baifan/dlink_882/trunk/GPL_Code/source/lib/lib conftest.c  >&5
/tmp/ccXmX9nY.o: In function `main':
conftest.c:(.text.startup+0x8): undefined reference to `dlopen'
conftest.c:(.text.startup+0x18): undefined reference to `dlopen'
collect2: ld returned 1 exit status
configure:5967: $? = 1
configure: failed program was:
| /* confdefs.h */
| #define PACKAGE_NAME "In-a-dyn"
| #define PACKAGE_TARNAME "inadyn"
| #define PACKAGE_VERSION "2.5"
| #define PACKAGE_STRING "In-a-dyn 2.5"
| #define PACKAGE_BUGREPORT "https://github.com/troglobit/inadyn/issues"
| #define PACKAGE_URL "http://troglobit.com/inadyn.html"
| #define PACKAGE "inadyn"
| #define VERSION "2.5"
| #define STDC_HEADERS 1
| #define HAVE_SYS_TYPES_H 1
| #define HAVE_SYS_STAT_H 1
| #define HAVE_STDLIB_H 1
| #define HAVE_STRING_H 1
| #define HAVE_MEMORY_H 1
| #define HAVE_STRINGS_H 1
| #define HAVE_INTTYPES_H 1
| #define HAVE_STDINT_H 1
| #define HAVE_UNISTD_H 1
| #define __EXTENSIONS__ 1
| #define _ALL_SOURCE 1
| #define _GNU_SOURCE 1
| #define _POSIX_PTHREAD_SEMANTICS 1
| #define _TANDEM_SOURCE 1
| #define STDC_HEADERS 1
| #define HAVE_ARPA_INET_H 1
| #define HAVE_ARPA_NAMESER_H 1
| #define HAVE_NETINET_IN_H 1
| #define HAVE_STDLIB_H 1
| #define HAVE_STDINT_H 1
| #define HAVE_STRING_H 1
| #define HAVE_SYS_IOCTL_H 1
| #define HAVE_SYS_SOCKET_H 1
| #define HAVE_SYS_TYPES_H 1
| #define HAVE_SYSLOG_H 1
| #define HAVE_UNISTD_H 1
| #define HAVE_FORK 1
| #define HAVE_VFORK 1
| #define HAVE_WORKING_VFORK 1
| #define HAVE_WORKING_FORK 1
| #define HAVE_SYS_SELECT_H 1
| #define HAVE_SYS_SOCKET_H 1
| #define SELECT_TYPE_ARG1 int
| #define SELECT_TYPE_ARG234 (fd_set *)
| #define SELECT_TYPE_ARG5 (struct timeval *)
| #define HAVE_ATEXIT 1
| #define HAVE_MEMSET 1
| #define HAVE_POLL 1
| #define HAVE_SOCKET 1
| #define HAVE_STRERROR 1
| /* end confdefs.h.  */
| 
| /* Override any GCC internal prototype to avoid an error.
|    Use char because int might match the return type of a GCC
|    builtin and then its argument prototype would still apply.  */
| #ifdef __cplusplus
| extern "C"
| #endif
| char dlopen ();
| int
| main ()
| {
| return dlopen ();
|   ;
|   return 0;
| }
configure:5967: /opt/buildroot-gcc463/usr/bin/mipsel-linux-gcc  -o conftest -O2 -fomit-frame-pointer -pipe  -Dlinux -D__linux__ -Dunix -DEMBED -I/home/baifan/dlink_882/trunk/GPL_Code/source/uClibc-0.9.33.2/app_headers/include -I/home/baifan/dlink_882/trunk/GPL_Code/source/lib/include -DCONFIG_UCLIBC_0_9_33_2  -I/home/baifan/dlink_882/trunk/GPL_Code/source   -L/home/baifan/dlink_882/trunk/GPL_Code/source/uClibc-0.9.33.2/lib -L/home/baifan/dlink_882/trunk/GPL_Code/source/lib/lib -L/home/baifan/dlink_882/trunk/GPL_Code/source/uClibc-0.9.33.2/lib -L/home/baifan/dlink_882/trunk/GPL_Code/source/lib/lib conftest.c -ldl   >&5
configure:5967: $? = 0
configure:5984: result: -ldl
configure:5998: checking for pidfile in -lutil
configure:6023: /opt/buildroot-gcc463/usr/bin/mipsel-linux-gcc  -o conftest -O2 -fomit-frame-pointer -pipe  -Dlinux -D__linux__ -Dunix -DEMBED -I/home/baifan/dlink_882/trunk/GPL_Code/source/uClibc-0.9.33.2/app_headers/include -I/home/baifan/dlink_882/trunk/GPL_Code/source/lib/include -DCONFIG_UCLIBC_0_9_33_2  -I/home/baifan/dlink_882/trunk/GPL_Code/source   -L/home/baifan/dlink_882/trunk/GPL_Code/source/uClibc-0.9.33.2/lib -L/home/baifan/dlink_882/trunk/GPL_Code/source/lib/lib -L/home/baifan/dlink_882/trunk/GPL_Code/source/uClibc-0.9.33.2/lib -L/home/baifan/dlink_882/trunk/GPL_Code/source/lib/lib conftest.c -lutil  -ldl  >&5
/tmp/ccxtGti2.o: In function `main':
conftest.c:(.text.startup+0x8): undefined reference to `pidfile'
conftest.c:(.text.startup+0x18): undefined reference to `pidfile'
collect2: ld returned 1 exit status
configure:6023: $? = 1
configure: failed program was:
| /* confdefs.h */
| #define PACKAGE_NAME "In-a-dyn"
| #define PACKAGE_TARNAME "inadyn"
| #define PACKAGE_VERSION "2.5"
| #define PACKAGE_STRING "In-a-dyn 2.5"
| #define PACKAGE_BUGREPORT "https://github.com/troglobit/inadyn/issues"
| #define PACKAGE_URL "http://troglobit.com/inadyn.html"
| #define PACKAGE "inadyn"
| #define VERSION "2.5"
| #define STDC_HEADERS 1
| #define HAVE_SYS_TYPES_H 1
| #define HAVE_SYS_STAT_H 1
| #define HAVE_STDLIB_H 1
| #define HAVE_STRING_H 1
| #define HAVE_MEMORY_H 1
| #define HAVE_STRINGS_H 1
| #define HAVE_INTTYPES_H 1
| #define HAVE_STDINT_H 1
| #define HAVE_UNISTD_H 1
| #define __EXTENSIONS__ 1
| #define _ALL_SOURCE 1
| #define _GNU_SOURCE 1
| #define _POSIX_PTHREAD_SEMANTICS 1
| #define _TANDEM_SOURCE 1
| #define STDC_HEADERS 1
| #define HAVE_ARPA_INET_H 1
| #define HAVE_ARPA_NAMESER_H 1
| #define HAVE_NETINET_IN_H 1
| #define HAVE_STDLIB_H 1
| #define HAVE_STDINT_H 1
| #define HAVE_STRING_H 1
| #define HAVE_SYS_IOCTL_H 1
| #define HAVE_SYS_SOCKET_H 1
| #define HAVE_SYS_TYPES_H 1
| #define HAVE_SYSLOG_H 1
| #define HAVE_UNISTD_H 1
| #define HAVE_FORK 1
| #define HAVE_VFORK 1
| #define HAVE_WORKING_VFORK 1
| #define HAVE_WORKING_FORK 1
| #define HAVE_SYS_SELECT_H 1
| #define HAVE_SYS_SOCKET_H 1
| #define SELECT_TYPE_ARG1 int
| #define SELECT_TYPE_ARG234 (fd_set *)
| #define SELECT_TYPE_ARG5 (struct timeval *)
| #define HAVE_ATEXIT 1
| #define HAVE_MEMSET 1
| #define HAVE_POLL 1
| #define HAVE_SOCKET 1
| #define HAVE_STRERROR 1
| /* end confdefs.h.  */
| 
| /* Override any GCC internal prototype to avoid an error.
|    Use char because int might match the return type of a GCC
|    builtin and then its argument prototype would still apply.  */
| #ifdef __cplusplus
| extern "C"
| #endif
| char pidfile ();
| int
| main ()
| {
| return pidfile ();
|   ;
|   return 0;
| }
configure:6032: result: no
configure:6045: checking for pidfile
configure:6045: /opt/buildroot-gcc463/usr/bin/mipsel-linux-gcc  -o conftest -O2 -fomit-frame-pointer -pipe  -Dlinux -D__linux__ -Dunix -DEMBED -I/home/baifan/dlink_882/trunk/GPL_Code/source/uClibc-0.9.33.2/app_headers/include -I/home/baifan/dlink_882/trunk/GPL_Code/source/lib/include -DCONFIG_UCLIBC_0_9_33_2  -I/home/baifan/dlink_882/trunk/GPL_Code/source   -L/home/baifan/dlink_882/trunk/GPL_Code/source/uClibc-0.9.33.2/lib -L/home/baifan/dlink_882/trunk/GPL_Code/source/lib/lib -L/home/baifan/dlink_882/trunk/GPL_Code/source/uClibc-0.9.33.2/lib -L/home/baifan/dlink_882/trunk/GPL_Code/source/lib/lib conftest.c -ldl  >&5
/tmp/ccPhAOe5.o: In function `main':
conftest.c:(.text.startup+0x8): undefined reference to `pidfile'
conftest.c:(.text.startup+0x18): undefined reference to `pidfile'
collect2: ld returned 1 exit status
configure:6045: $? = 1
configure: failed program was:
| /* confdefs.h */
| #define PACKAGE_NAME "In-a-dyn"
| #define PACKAGE_TARNAME "inadyn"
| #define PACKAGE_VERSION "2.5"
| #define PACKAGE_STRING "In-a-dyn 2.5"
| #define PACKAGE_BUGREPORT "https://github.com/troglobit/inadyn/issues"
| #define PACKAGE_URL "http://troglobit.com/inadyn.html"
| #define PACKAGE "inadyn"
| #define VERSION "2.5"
| #define STDC_HEADERS 1
| #define HAVE_SYS_TYPES_H 1
| #define HAVE_SYS_STAT_H 1
| #define HAVE_STDLIB_H 1
| #define HAVE_STRING_H 1
| #define HAVE_MEMORY_H 1
| #define HAVE_STRINGS_H 1
| #define HAVE_INTTYPES_H 1
| #define HAVE_STDINT_H 1
| #define HAVE_UNISTD_H 1
| #define __EXTENSIONS__ 1
| #define _ALL_SOURCE 1
| #define _GNU_SOURCE 1
| #define _POSIX_PTHREAD_SEMANTICS 1
| #define _TANDEM_SOURCE 1
| #define STDC_HEADERS 1
| #define HAVE_ARPA_INET_H 1
| #define HAVE_ARPA_NAMESER_H 1
| #define HAVE_NETINET_IN_H 1
| #define HAVE_STDLIB_H 1
| #define HAVE_STDINT_H 1
| #define HAVE_STRING_H 1
| #define HAVE_SYS_IOCTL_H 1
| #define HAVE_SYS_SOCKET_H 1
| #define HAVE_SYS_TYPES_H 1
| #define HAVE_SYSLOG_H 1
| #define HAVE_UNISTD_H 1
| #define HAVE_FORK 1
| #define HAVE_VFORK 1
| #define HAVE_WORKING_VFORK 1
| #define HAVE_WORKING_FORK 1
| #define HAVE_SYS_SELECT_H 1
| #define HAVE_SYS_SOCKET_H 1
| #define SELECT_TYPE_ARG1 int
| #define SELECT_TYPE_ARG234 (fd_set *)
| #define SELECT_TYPE_ARG5 (struct timeval *)
| #define HAVE_ATEXIT 1
| #define HAVE_MEMSET 1
| #define HAVE_POLL 1
| #define HAVE_SOCKET 1
| #define HAVE_STRERROR 1
| /* end confdefs.h.  */
| /* Define pidfile to an innocuous variant, in case <limits.h> declares pidfile.
|    For example, HP-UX 11i <limits.h> declares gettimeofday.  */
| #define pidfile innocuous_pidfile
| 
| /* System header to define __stub macros and hopefully few prototypes,
|     which can conflict with char pidfile (); below.
|     Prefer <limits.h> to <assert.h> if __STDC__ is defined, since
|     <limits.h> exists even on freestanding compilers.  */
| 
| #ifdef __STDC__
| # include <limits.h>
| #else
| # include <assert.h>
| #endif
| 
| #undef pidfile
| 
| /* Override any GCC internal prototype to avoid an error.
|    Use char because int might match the return type of a GCC
|    builtin and then its argument prototype would still apply.  */
| #ifdef __cplusplus
| extern "C"
| #endif
| char pidfile ();
| /* The GNU C library defines this for functions which it implements
|     to always fail with ENOSYS.  Some functions are actually named
|     something starting with __ and the normal name is an alias.  */
| #if defined __stub_pidfile || defined __stub___pidfile
| choke me
| #endif
| 
| int
| main ()
| {
| return pidfile ();
|   ;
|   return 0;
| }
configure:6045: result: no
configure:6058: checking for strlcpy
configure:6058: /opt/buildroot-gcc463/usr/bin/mipsel-linux-gcc  -o conftest -O2 -fomit-frame-pointer -pipe  -Dlinux -D__linux__ -Dunix -DEMBED -I/home/baifan/dlink_882/trunk/GPL_Code/source/uClibc-0.9.33.2/app_headers/include -I/home/baifan/dlink_882/trunk/GPL_Code/source/lib/include -DCONFIG_UCLIBC_0_9_33_2  -I/home/baifan/dlink_882/trunk/GPL_Code/source   -L/home/baifan/dlink_882/trunk/GPL_Code/source/uClibc-0.9.33.2/lib -L/home/baifan/dlink_882/trunk/GPL_Code/source/lib/lib -L/home/baifan/dlink_882/trunk/GPL_Code/source/uClibc-0.9.33.2/lib -L/home/baifan/dlink_882/trunk/GPL_Code/source/lib/lib conftest.c -ldl  >&5
configure:6058: $? = 0
configure:6058: result: yes
configure:6071: checking for strlcat
configure:6071: /opt/buildroot-gcc463/usr/bin/mipsel-linux-gcc  -o conftest -O2 -fomit-frame-pointer -pipe  -Dlinux -D__linux__ -Dunix -DEMBED -I/home/baifan/dlink_882/trunk/GPL_Code/source/uClibc-0.9.33.2/app_headers/include -I/home/baifan/dlink_882/trunk/GPL_Code/source/lib/include -DCONFIG_UCLIBC_0_9_33_2  -I/home/baifan/dlink_882/trunk/GPL_Code/source   -L/home/baifan/dlink_882/trunk/GPL_Code/source/uClibc-0.9.33.2/lib -L/home/baifan/dlink_882/trunk/GPL_Code/source/lib/lib -L/home/baifan/dlink_882/trunk/GPL_Code/source/uClibc-0.9.33.2/lib -L/home/baifan/dlink_882/trunk/GPL_Code/source/lib/lib conftest.c -ldl  >&5
configure:6071: $? = 0
configure:6071: result: yes
configure:6084: checking for strtonum
configure:6084: /opt/buildroot-gcc463/usr/bin/mipsel-linux-gcc  -o conftest -O2 -fomit-frame-pointer -pipe  -Dlinux -D__linux__ -Dunix -DEMBED -I/home/baifan/dlink_882/trunk/GPL_Code/source/uClibc-0.9.33.2/app_headers/include -I/home/baifan/dlink_882/trunk/GPL_Code/source/lib/include -DCONFIG_UCLIBC_0_9_33_2  -I/home/baifan/dlink_882/trunk/GPL_Code/source   -L/home/baifan/dlink_882/trunk/GPL_Code/source/uClibc-0.9.33.2/lib -L/home/baifan/dlink_882/trunk/GPL_Code/source/lib/lib -L/home/baifan/dlink_882/trunk/GPL_Code/source/uClibc-0.9.33.2/lib -L/home/baifan/dlink_882/trunk/GPL_Code/source/lib/lib conftest.c -ldl  >&5
/tmp/ccORKVg4.o: In function `main':
conftest.c:(.text.startup+0x8): undefined reference to `strtonum'
conftest.c:(.text.startup+0x18): undefined reference to `strtonum'
collect2: ld returned 1 exit status
configure:6084: $? = 1
configure: failed program was:
| /* confdefs.h */
| #define PACKAGE_NAME "In-a-dyn"
| #define PACKAGE_TARNAME "inadyn"
| #define PACKAGE_VERSION "2.5"
| #define PACKAGE_STRING "In-a-dyn 2.5"
| #define PACKAGE_BUGREPORT "https://github.com/troglobit/inadyn/issues"
| #define PACKAGE_URL "http://troglobit.com/inadyn.html"
| #define PACKAGE "inadyn"
| #define VERSION "2.5"
| #define STDC_HEADERS 1
| #define HAVE_SYS_TYPES_H 1
| #define HAVE_SYS_STAT_H 1
| #define HAVE_STDLIB_H 1
| #define HAVE_STRING_H 1
| #define HAVE_MEMORY_H 1
| #define HAVE_STRINGS_H 1
| #define HAVE_INTTYPES_H 1
| #define HAVE_STDINT_H 1
| #define HAVE_UNISTD_H 1
| #define __EXTENSIONS__ 1
| #define _ALL_SOURCE 1
| #define _GNU_SOURCE 1
| #define _POSIX_PTHREAD_SEMANTICS 1
| #define _TANDEM_SOURCE 1
| #define STDC_HEADERS 1
| #define HAVE_ARPA_INET_H 1
| #define HAVE_ARPA_NAMESER_H 1
| #define HAVE_NETINET_IN_H 1
| #define HAVE_STDLIB_H 1
| #define HAVE_STDINT_H 1
| #define HAVE_STRING_H 1
| #define HAVE_SYS_IOCTL_H 1
| #define HAVE_SYS_SOCKET_H 1
| #define HAVE_SYS_TYPES_H 1
| #define HAVE_SYSLOG_H 1
| #define HAVE_UNISTD_H 1
| #define HAVE_FORK 1
| #define HAVE_VFORK 1
| #define HAVE_WORKING_VFORK 1
| #define HAVE_WORKING_FORK 1
| #define HAVE_SYS_SELECT_H 1
| #define HAVE_SYS_SOCKET_H 1
| #define SELECT_TYPE_ARG1 int
| #define SELECT_TYPE_ARG234 (fd_set *)
| #define SELECT_TYPE_ARG5 (struct timeval *)
| #define HAVE_ATEXIT 1
| #define HAVE_MEMSET 1
| #define HAVE_POLL 1
| #define HAVE_SOCKET 1
| #define HAVE_STRERROR 1
| #define HAVE_STRLCPY 1
| #define HAVE_STRLCAT 1
| /* end confdefs.h.  */
| /* Define strtonum to an innocuous variant, in case <limits.h> declares strtonum.
|    For example, HP-UX 11i <limits.h> declares gettimeofday.  */
| #define strtonum innocuous_strtonum
| 
| /* System header to define __stub macros and hopefully few prototypes,
|     which can conflict with char strtonum (); below.
|     Prefer <limits.h> to <assert.h> if __STDC__ is defined, since
|     <limits.h> exists even on freestanding compilers.  */
| 
| #ifdef __STDC__
| # include <limits.h>
| #else
| # include <assert.h>
| #endif
| 
| #undef strtonum
| 
| /* Override any GCC internal prototype to avoid an error.
|    Use char because int might match the return type of a GCC
|    builtin and then its argument prototype would still apply.  */
| #ifdef __cplusplus
| extern "C"
| #endif
| char strtonum ();
| /* The GNU C library defines this for functions which it implements
|     to always fail with ENOSYS.  Some functions are actually named
|     something starting with __ and the normal name is an alias.  */
| #if defined __stub_strtonum || defined __stub___strtonum
| choke me
| #endif
| 
| int
| main ()
| {
| return strtonum ();
|   ;
|   return 0;
| }
configure:6084: result: no
configure:6097: checking for utimensat
configure:6097: /opt/buildroot-gcc463/usr/bin/mipsel-linux-gcc  -o conftest -O2 -fomit-frame-pointer -pipe  -Dlinux -D__linux__ -Dunix -DEMBED -I/home/baifan/dlink_882/trunk/GPL_Code/source/uClibc-0.9.33.2/app_headers/include -I/home/baifan/dlink_882/trunk/GPL_Code/source/lib/include -DCONFIG_UCLIBC_0_9_33_2  -I/home/baifan/dlink_882/trunk/GPL_Code/source   -L/home/baifan/dlink_882/trunk/GPL_Code/source/uClibc-0.9.33.2/lib -L/home/baifan/dlink_882/trunk/GPL_Code/source/lib/lib -L/home/baifan/dlink_882/trunk/GPL_Code/source/uClibc-0.9.33.2/lib -L/home/baifan/dlink_882/trunk/GPL_Code/source/lib/lib conftest.c -ldl  >&5
configure:6097: $? = 0
configure:6097: result: yes
configure:6119: checking for mipsel-linux-ar
configure:6146: result: /opt/buildroot-gcc463/usr/bin/mipsel-linux-ar
configure:6216: checking the archiver (/opt/buildroot-gcc463/usr/bin/mipsel-linux-ar) interface
configure:6232: /opt/buildroot-gcc463/usr/bin/mipsel-linux-gcc  -c -O2 -fomit-frame-pointer -pipe  -Dlinux -D__linux__ -Dunix -DEMBED -I/home/baifan/dlink_882/trunk/GPL_Code/source/uClibc-0.9.33.2/app_headers/include -I/home/baifan/dlink_882/trunk/GPL_Code/source/lib/include -DCONFIG_UCLIBC_0_9_33_2  -I/home/baifan/dlink_882/trunk/GPL_Code/source   conftest.c >&5
configure:6232: $? = 0
configure:6234: /opt/buildroot-gcc463/usr/bin/mipsel-linux-ar cru libconftest.a conftest.o >&5
configure:6237: $? = 0
configure:6265: result: ar
configure:6314: checking build system type
configure:6328: result: i686-pc-linux-uclibc
configure:6348: checking host system type
configure:6361: result: mipsel-unknown-linux-gnu
configure:6402: checking how to print strings
configure:6429: result: printf
configure:6450: checking for a sed that does not truncate output
configure:6514: result: /bin/sed
configure:6532: checking for fgrep
configure:6594: result: /bin/grep -F
configure:6629: checking for ld used by /opt/buildroot-gcc463/usr/bin/mipsel-linux-gcc 
configure:6696: result: /opt/buildroot-gcc463/usr/bin/mipsel-linux-ld
configure:6703: checking if the linker (/opt/buildroot-gcc463/usr/bin/mipsel-linux-ld) is GNU ld
configure:6718: result: yes
configure:6730: checking for BSD- or MS-compatible name lister (nm)
configure:6784: result: no
configure:6798: checking for mipsel-linux-dumpbin
configure:6828: result: no
configure:6798: checking for mipsel-linux-link
configure:6828: result: no
configure:6842: checking for dumpbin
configure:6872: result: no
configure:6842: checking for link
configure:6858: found /bin/link
configure:6869: result: link -dump
configure:6885: WARNING: using cross tools not prefixed with host triplet
configure:6914: checking the name lister (nm) interface
configure:6921: /opt/buildroot-gcc463/usr/bin/mipsel-linux-gcc  -c -O2 -fomit-frame-pointer -pipe  -Dlinux -D__linux__ -Dunix -DEMBED -I/home/baifan/dlink_882/trunk/GPL_Code/source/uClibc-0.9.33.2/app_headers/include -I/home/baifan/dlink_882/trunk/GPL_Code/source/lib/include -DCONFIG_UCLIBC_0_9_33_2  -I/home/baifan/dlink_882/trunk/GPL_Code/source   conftest.c >&5
configure:6924: nm "conftest.o"
configure:6927: output
00000000 B some_variable
configure:6934: result: BSD nm
configure:6937: checking whether ln -s works
configure:6941: result: yes
configure:6949: checking the maximum length of command line arguments
configure:7080: result: 1966080
configure:7128: checking how to convert i686-pc-linux-uclibc file names to mipsel-unknown-linux-gnu format
configure:7168: result: func_convert_file_noop
configure:7175: checking how to convert i686-pc-linux-uclibc file names to toolchain format
configure:7195: result: func_convert_file_noop
configure:7202: checking for /opt/buildroot-gcc463/usr/bin/mipsel-linux-ld option to reload object files
configure:7209: result: -r
configure:7243: checking for mipsel-linux-objdump
configure:7273: result: no
configure:7283: checking for objdump
configure:7299: found /usr/bin/objdump
configure:7310: result: objdump
configure:7342: checking how to recognize dependent libraries
configure:7542: result: pass_all
configure:7587: checking for mipsel-linux-dlltool
configure:7617: result: no
configure:7627: checking for dlltool
configure:7657: result: no
configure:7687: checking how to associate runtime and link libraries
configure:7714: result: printf %s\n
configure:7730: checking for mipsel-linux-ar
configure:7757: result: /opt/buildroot-gcc463/usr/bin/mipsel-linux-ar
configure:7838: checking for archiver @FILE support
configure:7855: /opt/buildroot-gcc463/usr/bin/mipsel-linux-gcc  -c -O2 -fomit-frame-pointer -pipe  -Dlinux -D__linux__ -Dunix -DEMBED -I/home/baifan/dlink_882/trunk/GPL_Code/source/uClibc-0.9.33.2/app_headers/include -I/home/baifan/dlink_882/trunk/GPL_Code/source/lib/include -DCONFIG_UCLIBC_0_9_33_2  -I/home/baifan/dlink_882/trunk/GPL_Code/source   conftest.c >&5
configure:7855: $? = 0
configure:7858: /opt/buildroot-gcc463/usr/bin/mipsel-linux-ar cru libconftest.a @conftest.lst >&5
configure:7861: $? = 0
configure:7866: /opt/buildroot-gcc463/usr/bin/mipsel-linux-ar cru libconftest.a @conftest.lst >&5
/opt/buildroot-gcc463/usr/bin/mipsel-linux-ar: conftest.o: No such file or directory
configure:7869: $? = 1
configure:7881: result: @
configure:7899: checking for mipsel-linux-strip
configure:7926: result: /opt/buildroot-gcc463/usr/bin/mipsel-linux-strip
configure:7998: checking for mipsel-linux-ranlib
configure:8025: result: /opt/buildroot-gcc463/usr/bin/mipsel-linux-ranlib
configure:8167: checking command to parse nm output from /opt/buildroot-gcc463/usr/bin/mipsel-linux-gcc  object
configure:8320: /opt/buildroot-gcc463/usr/bin/mipsel-linux-gcc  -c -O2 -fomit-frame-pointer -pipe  -Dlinux -D__linux__ -Dunix -DEMBED -I/home/baifan/dlink_882/trunk/GPL_Code/source/uClibc-0.9.33.2/app_headers/include -I/home/baifan/dlink_882/trunk/GPL_Code/source/lib/include -DCONFIG_UCLIBC_0_9_33_2  -I/home/baifan/dlink_882/trunk/GPL_Code/source   conftest.c >&5
configure:8323: $? = 0
configure:8327: nm conftest.o \| sed -n -e 's/^.*[ ]\([ABCDGIRSTW][ABCDGIRSTW]*\)[ ][ ]*\([_A-Za-z][_A-Za-z0-9]*\)$/\1 \2 \2/p' | sed '/ __gnu_lto/d' \> conftest.nm
configure:8330: $? = 0
configure:8396: /opt/buildroot-gcc463/usr/bin/mipsel-linux-gcc  -o conftest -O2 -fomit-frame-pointer -pipe  -Dlinux -D__linux__ -Dunix -DEMBED -I/home/baifan/dlink_882/trunk/GPL_Code/source/uClibc-0.9.33.2/app_headers/include -I/home/baifan/dlink_882/trunk/GPL_Code/source/lib/include -DCONFIG_UCLIBC_0_9_33_2  -I/home/baifan/dlink_882/trunk/GPL_Code/source   -L/home/baifan/dlink_882/trunk/GPL_Code/source/uClibc-0.9.33.2/lib -L/home/baifan/dlink_882/trunk/GPL_Code/source/lib/lib -L/home/baifan/dlink_882/trunk/GPL_Code/source/uClibc-0.9.33.2/lib -L/home/baifan/dlink_882/trunk/GPL_Code/source/lib/lib conftest.c conftstm.o >&5
configure:8399: $? = 0
configure:8437: result: ok
configure:8484: checking for sysroot
configure:8514: result: no
configure:8521: checking for a working dd
configure:8559: result: /bin/dd
configure:8563: checking how to truncate binary pipes
configure:8578: result: /bin/dd bs=4096 count=1
configure:8867: checking for mipsel-linux-mt
configure:8897: result: no
configure:8907: checking for mt
configure:8937: result: no
configure:8957: checking if : is a manifest tool
configure:8963: : '-?'
configure:8971: result: no
configure:9645: checking for dlfcn.h
configure:9645: /opt/buildroot-gcc463/usr/bin/mipsel-linux-gcc  -c -O2 -fomit-frame-pointer -pipe  -Dlinux -D__linux__ -Dunix -DEMBED -I/home/baifan/dlink_882/trunk/GPL_Code/source/uClibc-0.9.33.2/app_headers/include -I/home/baifan/dlink_882/trunk/GPL_Code/source/lib/include -DCONFIG_UCLIBC_0_9_33_2  -I/home/baifan/dlink_882/trunk/GPL_Code/source   conftest.c >&5
configure:9645: $? = 0
configure:9645: result: yes
configure:9899: checking for objdir
configure:9914: result: .libs
configure:10178: checking if /opt/buildroot-gcc463/usr/bin/mipsel-linux-gcc  supports -fno-rtti -fno-exceptions
configure:10196: /opt/buildroot-gcc463/usr/bin/mipsel-linux-gcc  -c -O2 -fomit-frame-pointer -pipe  -Dlinux -D__linux__ -Dunix -DEMBED -I/home/baifan/dlink_882/trunk/GPL_Code/source/uClibc-0.9.33.2/app_headers/include -I/home/baifan/dlink_882/trunk/GPL_Code/source/lib/include -DCONFIG_UCLIBC_0_9_33_2  -I/home/baifan/dlink_882/trunk/GPL_Code/source   -fno-rtti -fno-exceptions conftest.c >&5
cc1: warning: command line option '-fno-rtti' is valid for C++/ObjC++ but not for C [enabled by default]
configure:10200: $? = 0
configure:10213: result: no
configure:10571: checking for /opt/buildroot-gcc463/usr/bin/mipsel-linux-gcc  option to produce PIC
configure:10578: result: -fPIC -DPIC
configure:10586: checking if /opt/buildroot-gcc463/usr/bin/mipsel-linux-gcc  PIC flag -fPIC -DPIC works
configure:10604: /opt/buildroot-gcc463/usr/bin/mipsel-linux-gcc  -c -O2 -fomit-frame-pointer -pipe  -Dlinux -D__linux__ -Dunix -DEMBED -I/home/baifan/dlink_882/trunk/GPL_Code/source/uClibc-0.9.33.2/app_headers/include -I/home/baifan/dlink_882/trunk/GPL_Code/source/lib/include -DCONFIG_UCLIBC_0_9_33_2  -I/home/baifan/dlink_882/trunk/GPL_Code/source   -fPIC -DPIC -DPIC conftest.c >&5
configure:10608: $? = 0
configure:10621: result: yes
configure:10650: checking if /opt/buildroot-gcc463/usr/bin/mipsel-linux-gcc  static flag -static works
configure:10678: result: yes
configure:10693: checking if /opt/buildroot-gcc463/usr/bin/mipsel-linux-gcc  supports -c -o file.o
configure:10714: /opt/buildroot-gcc463/usr/bin/mipsel-linux-gcc  -c -O2 -fomit-frame-pointer -pipe  -Dlinux -D__linux__ -Dunix -DEMBED -I/home/baifan/dlink_882/trunk/GPL_Code/source/uClibc-0.9.33.2/app_headers/include -I/home/baifan/dlink_882/trunk/GPL_Code/source/lib/include -DCONFIG_UCLIBC_0_9_33_2  -I/home/baifan/dlink_882/trunk/GPL_Code/source   -o out/conftest2.o conftest.c >&5
configure:10718: $? = 0
configure:10740: result: yes
configure:10748: checking if /opt/buildroot-gcc463/usr/bin/mipsel-linux-gcc  supports -c -o file.o
configure:10795: result: yes
configure:10828: checking whether the /opt/buildroot-gcc463/usr/bin/mipsel-linux-gcc  linker (/opt/buildroot-gcc463/usr/bin/mipsel-linux-ld) supports shared libraries
configure:12091: result: yes
configure:12331: checking dynamic linker characteristics
configure:12912: /opt/buildroot-gcc463/usr/bin/mipsel-linux-gcc  -o conftest -O2 -fomit-frame-pointer -pipe  -Dlinux -D__linux__ -Dunix -DEMBED -I/home/baifan/dlink_882/trunk/GPL_Code/source/uClibc-0.9.33.2/app_headers/include -I/home/baifan/dlink_882/trunk/GPL_Code/source/lib/include -DCONFIG_UCLIBC_0_9_33_2  -I/home/baifan/dlink_882/trunk/GPL_Code/source   -L/home/baifan/dlink_882/trunk/GPL_Code/source/uClibc-0.9.33.2/lib -L/home/baifan/dlink_882/trunk/GPL_Code/source/lib/lib -L/home/baifan/dlink_882/trunk/GPL_Code/source/uClibc-0.9.33.2/lib -L/home/baifan/dlink_882/trunk/GPL_Code/source/lib/lib -Wl,-rpath -Wl,/foo conftest.c -ldl  >&5
configure:12912: $? = 0
configure:13161: result: GNU/Linux ld.so
configure:13283: checking how to hardcode library paths into programs
configure:13308: result: immediate
configure:13856: checking whether stripping libraries is possible
configure:13861: result: yes
configure:13896: checking if libtool supports shared libraries
configure:13898: result: yes
configure:13901: checking whether to build shared libraries
configure:13926: result: no
configure:13929: checking whether to build static libraries
configure:13933: result: yes
configure:13983: checking for mipsel-linux-pkg-config
configure:14016: result: no
configure:14026: checking for pkg-config
configure:14044: found /usr/bin/pkg-config
configure:14056: result: /usr/bin/pkg-config
configure:14081: checking pkg-config is at least version 0.9.0
configure:14084: result: yes
configure:14094: checking for confuse
configure:14101: $PKG_CONFIG --exists --print-errors "libconfuse >= 3.0"
configure:14104: $? = 0
configure:14118: $PKG_CONFIG --exists --print-errors "libconfuse >= 3.0"
configure:14121: $? = 0
configure:14179: result: yes
configure:14186: checking for cfg_init in -lconfuse
configure:14211: /opt/buildroot-gcc463/usr/bin/mipsel-linux-gcc  -o conftest -O2 -fomit-frame-pointer -pipe  -Dlinux -D__linux__ -Dunix -DEMBED -I/home/baifan/dlink_882/trunk/GPL_Code/source/uClibc-0.9.33.2/app_headers/include -I/home/baifan/dlink_882/trunk/GPL_Code/source/lib/include -DCONFIG_UCLIBC_0_9_33_2  -I/home/baifan/dlink_882/trunk/GPL_Code/source   -I/home/baifan/dlink_882/trunk/GPL_Code/source/user/confuse/confuse-3.2.2/install/include   -L/home/baifan/dlink_882/trunk/GPL_Code/source/uClibc-0.9.33.2/lib -L/home/baifan/dlink_882/trunk/GPL_Code/source/lib/lib -L/home/baifan/dlink_882/trunk/GPL_Code/source/uClibc-0.9.33.2/lib -L/home/baifan/dlink_882/trunk/GPL_Code/source/lib/lib -L/home/baifan/dlink_882/trunk/GPL_Code/source/user/confuse/confuse-3.2.2/install/lib -lconfuse   conftest.c -lconfuse  -ldl  >&5
configure:14211: $? = 0
configure:14220: result: yes
configure:14235: checking confuse.h usability
configure:14235: /opt/buildroot-gcc463/usr/bin/mipsel-linux-gcc  -c -O2 -fomit-frame-pointer -pipe  -Dlinux -D__linux__ -Dunix -DEMBED -I/home/baifan/dlink_882/trunk/GPL_Code/source/uClibc-0.9.33.2/app_headers/include -I/home/baifan/dlink_882/trunk/GPL_Code/source/lib/include -DCONFIG_UCLIBC_0_9_33_2  -I/home/baifan/dlink_882/trunk/GPL_Code/source   -I/home/baifan/dlink_882/trunk/GPL_Code/source/user/confuse/confuse-3.2.2/install/include   conftest.c >&5
configure:14235: $? = 0
configure:14235: result: yes
configure:14235: checking confuse.h presence
configure:14235: /opt/buildroot-gcc463/usr/bin/mipsel-linux-gcc  -E  -I/home/baifan/dlink_882/trunk/GPL_Code/source/user/confuse/confuse-3.2.2/install/include   conftest.c
configure:14235: $? = 0
configure:14235: result: yes
configure:14235: checking for confuse.h
configure:14235: result: yes
configure:14869: checking that generated files are newer than configure
configure:14875: result: done
configure:14914: creating ./config.status

## ---------------------- ##
## Running config.status. ##
## ---------------------- ##

This file was extended by In-a-dyn config.status 2.5, which was
generated by GNU Autoconf 2.69.  Invocation command line was

  CONFIG_FILES    = 
  CONFIG_HEADERS  = 
  CONFIG_LINKS    = 
  CONFIG_COMMANDS = 
  $ ./config.status 

on wireless

config.status:1149: creating Makefile
config.status:1149: creating inadyn.service
config.status:1149: creating src/Makefile
config.status:1149: creating include/Makefile
config.status:1149: creating man/Makefile
config.status:1149: creating examples/Makefile
config.status:1149: creating include/config.h
config.status:1378: executing depfiles commands
config.status:1378: executing libtool commands

## ---------------- ##
## Cache variables. ##
## ---------------- ##

ac_cv_build=i686-pc-linux-uclibc
ac_cv_c_compiler_gnu=yes
ac_cv_c_const=yes
ac_cv_c_inline=inline
ac_cv_c_uint32_t=yes
ac_cv_env_CC_set=set
ac_cv_env_CC_value='/opt/buildroot-gcc463/usr/bin/mipsel-linux-gcc '
ac_cv_env_CFLAGS_set=set
ac_cv_env_CFLAGS_value='-O2 -fomit-frame-pointer -pipe  -Dlinux -D__linux__ -Dunix -DEMBED -I/home/baifan/dlink_882/trunk/GPL_Code/source/uClibc-0.9.33.2/app_headers/include -I/home/baifan/dlink_882/trunk/GPL_Code/source/lib/include -DCONFIG_UCLIBC_0_9_33_2  -I/home/baifan/dlink_882/trunk/GPL_Code/source '
ac_cv_env_CPPFLAGS_set=
ac_cv_env_CPPFLAGS_value=
ac_cv_env_CPP_set=
ac_cv_env_CPP_value=
ac_cv_env_GnuTLS_CFLAGS_set=
ac_cv_env_GnuTLS_CFLAGS_value=
ac_cv_env_GnuTLS_LIBS_set=
ac_cv_env_GnuTLS_LIBS_value=
ac_cv_env_LDFLAGS_set=set
ac_cv_env_LDFLAGS_value='-L/home/baifan/dlink_882/trunk/GPL_Code/source/uClibc-0.9.33.2/lib -L/home/baifan/dlink_882/trunk/GPL_Code/source/lib/lib -L/home/baifan/dlink_882/trunk/GPL_Code/source/uClibc-0.9.33.2/lib -L/home/baifan/dlink_882/trunk/GPL_Code/source/lib/lib'
ac_cv_env_LIBS_set=
ac_cv_env_LIBS_value=
ac_cv_env_LT_SYS_LIBRARY_PATH_set=
ac_cv_env_LT_SYS_LIBRARY_PATH_value=
ac_cv_env_OpenSSL_CFLAGS_set=
ac_cv_env_OpenSSL_CFLAGS_value=
ac_cv_env_OpenSSL_LIBS_set=
ac_cv_env_OpenSSL_LIBS_value=
ac_cv_env_PKG_CONFIG_LIBDIR_set=
ac_cv_env_PKG_CONFIG_LIBDIR_value=
ac_cv_env_PKG_CONFIG_PATH_set=set
ac_cv_env_PKG_CONFIG_PATH_value=/home/baifan/dlink_882/trunk/GPL_Code/source/user/inadyn-new/../confuse/confuse-3.2.2/install/lib/pkgconfig
ac_cv_env_PKG_CONFIG_set=
ac_cv_env_PKG_CONFIG_value=
ac_cv_env_build_alias_set=
ac_cv_env_build_alias_value=
ac_cv_env_confuse_CFLAGS_set=
ac_cv_env_confuse_CFLAGS_value=
ac_cv_env_confuse_LIBS_set=
ac_cv_env_confuse_LIBS_value=
ac_cv_env_host_alias_set=set
ac_cv_env_host_alias_value=mipsel-linux
ac_cv_env_target_alias_set=
ac_cv_env_target_alias_value=
ac_cv_func_atexit=yes
ac_cv_func_fork=yes
ac_cv_func_fork_works=yes
ac_cv_func_memset=yes
ac_cv_func_pidfile=no
ac_cv_func_poll=yes
ac_cv_func_select_args='int,fd_set *,struct timeval *'
ac_cv_func_socket=yes
ac_cv_func_strerror=yes
ac_cv_func_strlcat=yes
ac_cv_func_strlcpy=yes
ac_cv_func_strtonum=no
ac_cv_func_utimensat=yes
ac_cv_func_vfork=yes
ac_cv_func_vfork_works=yes
ac_cv_header_arpa_inet_h=yes
ac_cv_header_arpa_nameser_h=yes
ac_cv_header_confuse_h=yes
ac_cv_header_dlfcn_h=yes
ac_cv_header_inttypes_h=yes
ac_cv_header_memory_h=yes
ac_cv_header_minix_config_h=no
ac_cv_header_netinet_in_h=yes
ac_cv_header_stdc=yes
ac_cv_header_stdint_h=yes
ac_cv_header_stdlib_h=yes
ac_cv_header_string_h=yes
ac_cv_header_strings_h=yes
ac_cv_header_sys_ioctl_h=yes
ac_cv_header_sys_select_h=yes
ac_cv_header_sys_socket_h=yes
ac_cv_header_sys_stat_h=yes
ac_cv_header_sys_types_h=yes
ac_cv_header_syslog_h=yes
ac_cv_header_unistd_h=yes
ac_cv_header_vfork_h=no
ac_cv_host=mipsel-unknown-linux-gnu
ac_cv_lib_confuse_cfg_init=yes
ac_cv_lib_util_pidfile=no
ac_cv_objext=o
ac_cv_path_EGREP='/bin/grep -E'
ac_cv_path_FGREP='/bin/grep -F'
ac_cv_path_GREP=/bin/grep
ac_cv_path_SED=/bin/sed
ac_cv_path_ac_pt_PKG_CONFIG=/usr/bin/pkg-config
ac_cv_path_install='/usr/bin/install -c'
ac_cv_path_lt_DD=/bin/dd
ac_cv_path_mkdir=/bin/mkdir
ac_cv_prog_AR=/opt/buildroot-gcc463/usr/bin/mipsel-linux-ar
ac_cv_prog_AWK=gawk
ac_cv_prog_CC='/opt/buildroot-gcc463/usr/bin/mipsel-linux-gcc '
ac_cv_prog_CPP='/opt/buildroot-gcc463/usr/bin/mipsel-linux-gcc  -E'
ac_cv_prog_RANLIB=/opt/buildroot-gcc463/usr/bin/mipsel-linux-ranlib
ac_cv_prog_STRIP=/opt/buildroot-gcc463/usr/bin/mipsel-linux-strip
ac_cv_prog_ac_ct_DUMPBIN='link -dump'
ac_cv_prog_ac_ct_OBJDUMP=objdump
ac_cv_prog_cc_c89=
ac_cv_prog_cc_g=yes
ac_cv_prog_gcc_traditional=no
ac_cv_prog_make_make_set=yes
ac_cv_safe_to_define___extensions__=yes
ac_cv_search_dlopen=-ldl
ac_cv_type_pid_t=yes
am_cv_CC_dependencies_compiler_type=gcc3
am_cv_ar_interface=ar
am_cv_make_support_nested_variables=yes
am_cv_prog_cc_c_o=yes
lt_cv_ar_at_file=@
lt_cv_deplibs_check_method=pass_all
lt_cv_file_magic_cmd='$MAGIC_CMD'
lt_cv_file_magic_test_file=
lt_cv_ld_reload_flag=-r
lt_cv_nm_interface='BSD nm'
lt_cv_objdir=.libs
lt_cv_path_LD=/opt/buildroot-gcc463/usr/bin/mipsel-linux-ld
lt_cv_path_NM=no
lt_cv_path_mainfest_tool=no
lt_cv_prog_compiler_c_o=yes
lt_cv_prog_compiler_pic='-fPIC -DPIC'
lt_cv_prog_compiler_pic_works=yes
lt_cv_prog_compiler_rtti_exceptions=no
lt_cv_prog_compiler_static_works=yes
lt_cv_prog_gnu_ld=yes
lt_cv_sharedlib_from_linklib_cmd='printf %s\n'
lt_cv_shlibpath_overrides_runpath=no
lt_cv_sys_global_symbol_pipe='sed -n -e '\''s/^.*[	 ]\([ABCDGIRSTW][ABCDGIRSTW]*\)[	 ][	 ]*\([_A-Za-z][_A-Za-z0-9]*\)$/\1 \2 \2/p'\'' | sed '\''/ __gnu_lto/d'\'''
lt_cv_sys_global_symbol_to_c_name_address='sed -n -e '\''s/^: \(.*\) .*$/  {"\1", (void *) 0},/p'\'' -e '\''s/^[ABCDGIRSTW][ABCDGIRSTW]* .* \(.*\)$/  {"\1", (void *) \&\1},/p'\'''
lt_cv_sys_global_symbol_to_c_name_address_lib_prefix='sed -n -e '\''s/^: \(.*\) .*$/  {"\1", (void *) 0},/p'\'' -e '\''s/^[ABCDGIRSTW][ABCDGIRSTW]* .* \(lib.*\)$/  {"\1", (void *) \&\1},/p'\'' -e '\''s/^[ABCDGIRSTW][ABCDGIRSTW]* .* \(.*\)$/  {"lib\1", (void *) \&\1},/p'\'''
lt_cv_sys_global_symbol_to_cdecl='sed -n -e '\''s/^T .* \(.*\)$/extern int \1();/p'\'' -e '\''s/^[ABCDGIRSTW][ABCDGIRSTW]* .* \(.*\)$/extern char \1;/p'\'''
lt_cv_sys_global_symbol_to_import=
lt_cv_sys_max_cmd_len=1966080
lt_cv_to_host_file_cmd=func_convert_file_noop
lt_cv_to_tool_file_cmd=func_convert_file_noop
lt_cv_truncate_bin='/bin/dd bs=4096 count=1'
pkg_cv_confuse_CFLAGS='-I/home/baifan/dlink_882/trunk/GPL_Code/source/user/confuse/confuse-3.2.2/install/include  '
pkg_cv_confuse_LIBS='-L/home/baifan/dlink_882/trunk/GPL_Code/source/user/confuse/confuse-3.2.2/install/lib -lconfuse  '

## ----------------- ##
## Output variables. ##
## ----------------- ##

ACLOCAL='${SHELL} /home/baifan/dlink_882/trunk/GPL_Code/source/user/inadyn-new/inadyn-2.5/missing aclocal-1.15'
AMDEPBACKSLASH='\'
AMDEP_FALSE='#'
AMDEP_TRUE=''
AMTAR='$${TAR-tar}'
AM_BACKSLASH='\'
AM_DEFAULT_V='$(AM_DEFAULT_VERBOSITY)'
AM_DEFAULT_VERBOSITY='0'
AM_V='$(V)'
AR='/opt/buildroot-gcc463/usr/bin/mipsel-linux-ar'
AUTOCONF='${SHELL} /home/baifan/dlink_882/trunk/GPL_Code/source/user/inadyn-new/inadyn-2.5/missing autoconf'
AUTOHEADER='${SHELL} /home/baifan/dlink_882/trunk/GPL_Code/source/user/inadyn-new/inadyn-2.5/missing autoheader'
AUTOMAKE='${SHELL} /home/baifan/dlink_882/trunk/GPL_Code/source/user/inadyn-new/inadyn-2.5/missing automake-1.15'
AWK='gawk'
CC='/opt/buildroot-gcc463/usr/bin/mipsel-linux-gcc '
CCDEPMODE='depmode=gcc3'
CFLAGS='-O2 -fomit-frame-pointer -pipe  -Dlinux -D__linux__ -Dunix -DEMBED -I/home/baifan/dlink_882/trunk/GPL_Code/source/uClibc-0.9.33.2/app_headers/include -I/home/baifan/dlink_882/trunk/GPL_Code/source/lib/include -DCONFIG_UCLIBC_0_9_33_2  -I/home/baifan/dlink_882/trunk/GPL_Code/source '
CPP='/opt/buildroot-gcc463/usr/bin/mipsel-linux-gcc  -E'
CPPFLAGS=' -I/home/baifan/dlink_882/trunk/GPL_Code/source/user/confuse/confuse-3.2.2/install/include  '
CYGPATH_W='echo'
DEFS='-DHAVE_CONFIG_H'
DEPDIR='.deps'
DLLTOOL='false'
DSYMUTIL=''
DUMPBIN=':'
ECHO_C=''
ECHO_N='-n'
ECHO_T=''
EGREP='/bin/grep -E'
ENABLE_OPENSSL_FALSE=''
ENABLE_OPENSSL_TRUE='#'
ENABLE_SSL_FALSE=''
ENABLE_SSL_TRUE='#'
EXEEXT=''
FGREP='/bin/grep -F'
GREP='/bin/grep'
GnuTLS_CFLAGS=''
GnuTLS_LIBS=''
HAVE_SYSTEMD_FALSE=''
HAVE_SYSTEMD_TRUE='#'
INSTALL_DATA='${INSTALL} -m 644'
INSTALL_PROGRAM='${INSTALL}'
INSTALL_SCRIPT='${INSTALL}'
INSTALL_STRIP_PROGRAM='$(install_sh) -c -s'
LD='/opt/buildroot-gcc463/usr/bin/mipsel-linux-ld'
LDFLAGS='-L/home/baifan/dlink_882/trunk/GPL_Code/source/uClibc-0.9.33.2/lib -L/home/baifan/dlink_882/trunk/GPL_Code/source/lib/lib -L/home/baifan/dlink_882/trunk/GPL_Code/source/uClibc-0.9.33.2/lib -L/home/baifan/dlink_882/trunk/GPL_Code/source/lib/lib -L/home/baifan/dlink_882/trunk/GPL_Code/source/user/confuse/confuse-3.2.2/install/lib -lconfuse  '
LIBOBJS=' ${LIBOBJDIR}pidfile$U.o ${LIBOBJDIR}strtonum$U.o'
LIBS='-lconfuse -ldl '
LIBTOOL='$(SHELL) $(top_builddir)/libtool'
LIPO=''
LN_S='ln -s'
LTLIBOBJS=' ${LIBOBJDIR}pidfile$U.lo ${LIBOBJDIR}strtonum$U.lo'
LT_SYS_LIBRARY_PATH=''
MAKEINFO='${SHELL} /home/baifan/dlink_882/trunk/GPL_Code/source/user/inadyn-new/inadyn-2.5/missing makeinfo'
MANIFEST_TOOL=':'
MKDIR_P='/bin/mkdir -p'
NM='nm'
NMEDIT=''
OBJDUMP='objdump'
OBJEXT='o'
OTOOL64=''
OTOOL=''
OpenSSL_CFLAGS=''
OpenSSL_LIBS=''
PACKAGE='inadyn'
PACKAGE_BUGREPORT='https://github.com/troglobit/inadyn/issues'
PACKAGE_NAME='In-a-dyn'
PACKAGE_STRING='In-a-dyn 2.5'
PACKAGE_TARNAME='inadyn'
PACKAGE_URL='http://troglobit.com/inadyn.html'
PACKAGE_VERSION='2.5'
PATH_SEPARATOR=':'
PKG_CONFIG='/usr/bin/pkg-config'
PKG_CONFIG_LIBDIR=''
PKG_CONFIG_PATH='/home/baifan/dlink_882/trunk/GPL_Code/source/user/inadyn-new/../confuse/confuse-3.2.2/install/lib/pkgconfig'
RANLIB='/opt/buildroot-gcc463/usr/bin/mipsel-linux-ranlib'
SBINDIR='/home/baifan/dlink_882/trunk/GPL_Code/source/user/inadyn-new/inadyn-2.5/install/sbin'
SED='/bin/sed'
SET_MAKE=''
SHELL='/bin/sh'
STRIP='/opt/buildroot-gcc463/usr/bin/mipsel-linux-strip'
SYSCONFDIR='/home/baifan/dlink_882/trunk/GPL_Code/source/user/inadyn-new/inadyn-2.5/install/etc'
VERSION='2.5'
ac_ct_AR=''
ac_ct_CC=''
ac_ct_DUMPBIN='link -dump'
am__EXEEXT_FALSE=''
am__EXEEXT_TRUE='#'
am__fastdepCC_FALSE='#'
am__fastdepCC_TRUE=''
am__include='include'
am__isrc=''
am__leading_dot='.'
am__nodep='_no'
am__quote=''
am__tar='$${TAR-tar} chof - "$$tardir"'
am__untar='$${TAR-tar} xf -'
bindir='${exec_prefix}/bin'
build='i686-pc-linux-uclibc'
build_alias=''
build_cpu='i686'
build_os='linux-uclibc'
build_vendor='pc'
confuse_CFLAGS='-I/home/baifan/dlink_882/trunk/GPL_Code/source/user/confuse/confuse-3.2.2/install/include  '
confuse_LIBS='-L/home/baifan/dlink_882/trunk/GPL_Code/source/user/confuse/confuse-3.2.2/install/lib -lconfuse  '
datadir='${datarootdir}'
datarootdir='${prefix}/share'
docdir='${datarootdir}/doc/${PACKAGE_TARNAME}'
dvidir='${docdir}'
exec_prefix='${prefix}'
host='mipsel-unknown-linux-gnu'
host_alias='mipsel-linux'
host_cpu='mipsel'
host_os='linux-gnu'
host_vendor='unknown'
htmldir='${docdir}'
includedir='${prefix}/include'
infodir='${datarootdir}/info'
install_sh='${SHELL} /home/baifan/dlink_882/trunk/GPL_Code/source/user/inadyn-new/inadyn-2.5/install-sh'
libdir='${exec_prefix}/lib'
libexecdir='${exec_prefix}/libexec'
localedir='${datarootdir}/locale'
localstatedir='${prefix}/var'
mandir='${datarootdir}/man'
mkdir_p='$(MKDIR_P)'
oldincludedir='/usr/include'
pdfdir='${docdir}'
prefix='/home/baifan/dlink_882/trunk/GPL_Code/source/user/inadyn-new/inadyn-2.5/install'
program_transform_name='s,x,x,'
psdir='${docdir}'
runstatedir='${localstatedir}/run'
sbindir='${exec_prefix}/sbin'
sharedstatedir='${prefix}/com'
sysconfdir='${prefix}/etc'
systemddir=''
target_alias=''

## ----------- ##
## confdefs.h. ##
## ----------- ##

/* confdefs.h */
#define PACKAGE_NAME "In-a-dyn"
#define PACKAGE_TARNAME "inadyn"
#define PACKAGE_VERSION "2.5"
#define PACKAGE_STRING "In-a-dyn 2.5"
#define PACKAGE_BUGREPORT "https://github.com/troglobit/inadyn/issues"
#define PACKAGE_URL "http://troglobit.com/inadyn.html"
#define PACKAGE "inadyn"
#define VERSION "2.5"
#define STDC_HEADERS 1
#define HAVE_SYS_TYPES_H 1
#define HAVE_SYS_STAT_H 1
#define HAVE_STDLIB_H 1
#define HAVE_STRING_H 1
#define HAVE_MEMORY_H 1
#define HAVE_STRINGS_H 1
#define HAVE_INTTYPES_H 1
#define HAVE_STDINT_H 1
#define HAVE_UNISTD_H 1
#define __EXTENSIONS__ 1
#define _ALL_SOURCE 1
#define _GNU_SOURCE 1
#define _POSIX_PTHREAD_SEMANTICS 1
#define _TANDEM_SOURCE 1
#define STDC_HEADERS 1
#define HAVE_ARPA_INET_H 1
#define HAVE_ARPA_NAMESER_H 1
#define HAVE_NETINET_IN_H 1
#define HAVE_STDLIB_H 1
#define HAVE_STDINT_H 1
#define HAVE_STRING_H 1
#define HAVE_SYS_IOCTL_H 1
#define HAVE_SYS_SOCKET_H 1
#define HAVE_SYS_TYPES_H 1
#define HAVE_SYSLOG_H 1
#define HAVE_UNISTD_H 1
#define HAVE_FORK 1
#define HAVE_VFORK 1
#define HAVE_WORKING_VFORK 1
#define HAVE_WORKING_FORK 1
#define HAVE_SYS_SELECT_H 1
#define HAVE_SYS_SOCKET_H 1
#define SELECT_TYPE_ARG1 int
#define SELECT_TYPE_ARG234 (fd_set *)
#define SELECT_TYPE_ARG5 (struct timeval *)
#define HAVE_ATEXIT 1
#define HAVE_MEMSET 1
#define HAVE_POLL 1
#define HAVE_SOCKET 1
#define HAVE_STRERROR 1
#define HAVE_STRLCPY 1
#define HAVE_STRLCAT 1
#define HAVE_UTIMENSAT 1
#define HAVE_DLFCN_H 1
#define LT_OBJDIR ".libs/"
#define HAVE_LIBCONFUSE 1
#define HAVE_CONFUSE_H 1
#define CAFILE1 "/etc/ssl/certs/ca-certificates.crt"
#define CAFILE2 "/etc/pki/tls/certs/ca-bundle.trust.crt"

configure: exit 0
