This file contains any messages produced by compilers while
running configure, to aid debugging if configure makes a mistake.

It was created by libvorbis configure 1.3.2, which was
generated by GNU Autoconf 2.61.  Invocation command line was

  $ ./configure CC=/opt/buildroot-gcc463/usr/bin/mipsel-linux-gcc --host=mipsel-buildroot-linux-uclibc --enable-static --disable-shared

## --------- ##
## Platform. ##
## --------- ##

hostname = wireless
uname -m = i686
uname -r = 2.6.32-642.3.1.el6.i686
uname -s = Linux
uname -v = #1 SMP Tue Jul 12 17:53:37 UTC 2016

/usr/bin/uname -p = unknown
/bin/uname -X     = unknown

/bin/arch              = i686
/usr/bin/arch -k       = unknown
/usr/convex/getsysinfo = unknown
/usr/bin/hostinfo      = unknown
/bin/machine           = unknown
/usr/bin/oslevel       = unknown
/bin/universe          = unknown

PATH: /usr/local/bin
PATH: /bin
PATH: /usr/bin
PATH: /usr/local/sbin
PATH: /usr/sbin
PATH: /sbin
PATH: /home/fuyang/bin


## ----------- ##
## Core tests. ##
## ----------- ##

configure:2012: checking build system type
configure:2030: result: i686-pc-linux-gnu
configure:2052: checking host system type
configure:2067: result: mipsel-buildroot-linux-uclibc
configure:2089: checking target system type
configure:2104: result: mipsel-buildroot-linux-uclibc
configure:2148: checking for a BSD-compatible install
configure:2204: result: /usr/bin/install -c
configure:2215: checking whether build environment is sane
configure:2258: result: yes
configure:2286: checking for a thread-safe mkdir -p
configure:2325: result: /bin/mkdir -p
configure:2338: checking for gawk
configure:2354: found /bin/gawk
configure:2365: result: gawk
configure:2376: checking whether make sets $(MAKE)
configure:2397: result: yes
configure:2477: checking for mipsel-buildroot-linux-uclibc-strip
configure:2507: result: no
configure:2517: checking for strip
configure:2533: found /usr/bin/strip
configure:2544: result: strip
configure:2585: checking whether to enable maintainer-specific portions of Makefiles
configure:2594: result: no
configure:2646: checking for mipsel-buildroot-linux-uclibc-gcc
configure:2673: result: /opt/buildroot-gcc463/usr/bin/mipsel-linux-gcc
configure:2951: checking for C compiler version
configure:2958: /opt/buildroot-gcc463/usr/bin/mipsel-linux-gcc --version >&5
mipsel-linux-gcc (Buildroot 2012.11.1) 4.6.3
Copyright (C) 2011 Free Software Foundation, Inc.
This is free software; see the source for copying conditions.  There is NO
warranty; not even for MERCHANTABILITY or FITNESS FOR A PARTICULAR PURPOSE.

configure:2961: $? = 0
configure:2968: /opt/buildroot-gcc463/usr/bin/mipsel-linux-gcc -v >&5
Using built-in specs.
COLLECT_GCC=/opt/buildroot-gcc463/usr/bin/mipsel-linux-gcc
COLLECT_LTO_WRAPPER=/opt/buildroot-gcc463/usr/libexec/gcc/mipsel-buildroot-linux-uclibc/4.6.3/lto-wrapper
Target: mipsel-buildroot-linux-uclibc
Configured with: /home/ralink/buildroot-2012.11.1/output/toolchain/gcc-4.6.3/configure --prefix=/opt/buildroot-gcc463/usr --build=i686-pc-linux-gnu --host=i686-pc-linux-gnu --target=mipsel-buildroot-linux-uclibc --enable-languages=c,c++ --with-sysroot=/opt/buildroot-gcc463/usr/mipsel-buildroot-linux-uclibc/sysroot --with-build-time-tools=/opt/buildroot-gcc463/usr/mipsel-buildroot-linux-uclibc/bin --disable-__cxa_atexit --enable-target-optspace --disable-libgomp --with-gnu-ld --disable-libssp --disable-multilib --disable-tls --disable-shared --with-gmp=/opt/buildroot-gcc463/usr --with-mpfr=/opt/buildroot-gcc463/usr --with-mpc=/opt/buildroot-gcc463/usr --disable-nls --enable-threads --disable-decimal-float --with-float=soft --with-abi=32 --with-tune=mips32r2 --with-pkgversion='Buildroot 2012.11.1' --with-bugurl=http://bugs.buildroot.net/
Thread model: posix
gcc version 4.6.3 (Buildroot 2012.11.1) 
configure:2971: $? = 0
configure:2978: /opt/buildroot-gcc463/usr/bin/mipsel-linux-gcc -V >&5
mipsel-linux-gcc: error: unrecognized option '-V'
mipsel-linux-gcc: fatal error: no input files
compilation terminated.
configure:2981: $? = 1
configure:3004: checking for C compiler default output file name
configure:3031: /opt/buildroot-gcc463/usr/bin/mipsel-linux-gcc    conftest.c  >&5
configure:3034: $? = 0
configure:3072: result: a.out
configure:3089: checking whether the C compiler works
configure:3099: ./a.out
./configure: line 3100: ./a.out: cannot execute binary file
configure:3102: $? = 126
configure:3119: result: yes
configure:3126: checking whether we are cross compiling
configure:3128: result: yes
configure:3131: checking for suffix of executables
configure:3138: /opt/buildroot-gcc463/usr/bin/mipsel-linux-gcc -o conftest    conftest.c  >&5
configure:3141: $? = 0
configure:3165: result: 
configure:3171: checking for suffix of object files
configure:3197: /opt/buildroot-gcc463/usr/bin/mipsel-linux-gcc -c   conftest.c >&5
configure:3200: $? = 0
configure:3223: result: o
configure:3227: checking whether we are using the GNU C compiler
configure:3256: /opt/buildroot-gcc463/usr/bin/mipsel-linux-gcc -c   conftest.c >&5
configure:3262: $? = 0
configure:3279: result: yes
configure:3284: checking whether /opt/buildroot-gcc463/usr/bin/mipsel-linux-gcc accepts -g
configure:3314: /opt/buildroot-gcc463/usr/bin/mipsel-linux-gcc -c -g  conftest.c >&5
configure:3320: $? = 0
configure:3419: result: yes
configure:3436: checking for /opt/buildroot-gcc463/usr/bin/mipsel-linux-gcc option to accept ISO C89
configure:3510: /opt/buildroot-gcc463/usr/bin/mipsel-linux-gcc  -c -g -O2  conftest.c >&5
configure:3516: $? = 0
configure:3539: result: none needed
configure:3568: checking for style of include used by make
configure:3596: result: GNU
configure:3621: checking dependency style of /opt/buildroot-gcc463/usr/bin/mipsel-linux-gcc
configure:3712: result: gcc3
configure:3732: checking how to run the C preprocessor
configure:3772: /opt/buildroot-gcc463/usr/bin/mipsel-linux-gcc -E  conftest.c
configure:3778: $? = 0
configure:3809: /opt/buildroot-gcc463/usr/bin/mipsel-linux-gcc -E  conftest.c
conftest.c:10:28: fatal error: ac_nonexistent.h: No such file or directory
compilation terminated.
configure:3815: $? = 1
configure: failed program was:
| /* confdefs.h.  */
| #define PACKAGE_NAME "libvorbis"
| #define PACKAGE_TARNAME "libvorbis"
| #define PACKAGE_VERSION "1.3.2"
| #define PACKAGE_STRING "libvorbis 1.3.2"
| #define PACKAGE_BUGREPORT "vorbis-dev@xiph.org"
| #define PACKAGE "libvorbis"
| #define VERSION "1.3.2"
| /* end confdefs.h.  */
| #include <ac_nonexistent.h>
configure:3848: result: /opt/buildroot-gcc463/usr/bin/mipsel-linux-gcc -E
configure:3877: /opt/buildroot-gcc463/usr/bin/mipsel-linux-gcc -E  conftest.c
configure:3883: $? = 0
configure:3914: /opt/buildroot-gcc463/usr/bin/mipsel-linux-gcc -E  conftest.c
conftest.c:10:28: fatal error: ac_nonexistent.h: No such file or directory
compilation terminated.
configure:3920: $? = 1
configure: failed program was:
| /* confdefs.h.  */
| #define PACKAGE_NAME "libvorbis"
| #define PACKAGE_TARNAME "libvorbis"
| #define PACKAGE_VERSION "1.3.2"
| #define PACKAGE_STRING "libvorbis 1.3.2"
| #define PACKAGE_BUGREPORT "vorbis-dev@xiph.org"
| #define PACKAGE "libvorbis"
| #define VERSION "1.3.2"
| /* end confdefs.h.  */
| #include <ac_nonexistent.h>
configure:3960: checking for inline
configure:3986: /opt/buildroot-gcc463/usr/bin/mipsel-linux-gcc -c   conftest.c >&5
configure:3992: $? = 0
configure:4010: result: inline
configure:4370: checking for a sed that does not truncate output
configure:4449: result: /bin/sed
configure:4467: checking for grep that handles long lines and -e
configure:4541: result: /bin/grep
configure:4546: checking for egrep
configure:4624: result: /bin/grep -E
configure:4629: checking for fgrep
configure:4707: result: /bin/grep -F
configure:4742: checking for ld used by /opt/buildroot-gcc463/usr/bin/mipsel-linux-gcc
configure:4809: result: /opt/buildroot-gcc463/usr/mipsel-buildroot-linux-uclibc/bin/ld
configure:4818: checking if the linker (/opt/buildroot-gcc463/usr/mipsel-buildroot-linux-uclibc/bin/ld) is GNU ld
configure:4833: result: yes
configure:4845: checking for BSD- or MS-compatible name lister (nm)
configure:4894: result: no
configure:4905: checking for mipsel-buildroot-linux-uclibc-dumpbin
configure:4935: result: no
configure:4905: checking for mipsel-buildroot-linux-uclibc-link
configure:4935: result: no
configure:4949: checking for dumpbin
configure:4979: result: no
configure:4949: checking for link
configure:4965: found /bin/link
configure:4976: result: link -dump -symbols
configure:4994: WARNING: In the future, Autoconf will not detect cross-tools
whose name does not start with the host triplet.  If you think this
configuration is useful to you, please write to autoconf@gnu.org.
configure:5016: checking the name lister (link -dump -symbols) interface
configure:5023: /opt/buildroot-gcc463/usr/bin/mipsel-linux-gcc -c   conftest.c >&5
configure:5026: link -dump -symbols "conftest.o"
link: invalid option -- 'd'
Try `link --help' for more information.
configure:5029: output
configure:5036: result: BSD nm
configure:5039: checking whether ln -s works
configure:5043: result: yes
configure:5051: checking the maximum length of command line arguments
configure:5171: result: 1966080
configure:5188: checking whether the shell understands some XSI constructs
configure:5198: result: yes
configure:5202: checking whether the shell understands "+="
configure:5208: result: yes
configure:5243: checking for /opt/buildroot-gcc463/usr/mipsel-buildroot-linux-uclibc/bin/ld option to reload object files
configure:5250: result: -r
configure:5279: checking for mipsel-buildroot-linux-uclibc-objdump
configure:5306: result: objdump
configure:5379: checking how to recognize dependent libraries
configure:5575: result: pass_all
configure:5595: checking for mipsel-buildroot-linux-uclibc-ar
configure:5625: result: no
configure:5635: checking for ar
configure:5651: found /usr/bin/ar
configure:5662: result: ar
configure:5704: checking for mipsel-buildroot-linux-uclibc-strip
configure:5731: result: strip
configure:5807: checking for mipsel-buildroot-linux-uclibc-ranlib
configure:5837: result: no
configure:5847: checking for ranlib
configure:5863: found /usr/bin/ranlib
configure:5874: result: ranlib
configure:5968: checking command to parse link -dump -symbols output from /opt/buildroot-gcc463/usr/bin/mipsel-linux-gcc object
configure:6086: /opt/buildroot-gcc463/usr/bin/mipsel-linux-gcc -c   conftest.c >&5
configure:6089: $? = 0
configure:6093: link -dump -symbols conftest.o \| sed -n -e 's/^.*[	 ]\([BCDEGRST][BCDEGRST]*\)[	 ][	 ]*\([_A-Za-z][_A-Za-z0-9]*\)$/\1 \2 \2/p' \> conftest.nm
link: invalid option -- 'd'
Try `link --help' for more information.
configure:6096: $? = 0
cannot run sed -n -e 's/^.*[	 ]\([BCDEGRST][BCDEGRST]*\)[	 ][	 ]*\([_A-Za-z][_A-Za-z0-9]*\)$/\1 \2 \2/p'
configure:6086: /opt/buildroot-gcc463/usr/bin/mipsel-linux-gcc -c   conftest.c >&5
configure:6089: $? = 0
configure:6093: link -dump -symbols conftest.o \| sed -n -e 's/^.*[	 ]\([BCDEGRST][BCDEGRST]*\)[	 ][	 ]*_\([_A-Za-z][_A-Za-z0-9]*\)$/\1 _\2 \2/p' \> conftest.nm
link: invalid option -- 'd'
Try `link --help' for more information.
configure:6096: $? = 0
cannot run sed -n -e 's/^.*[	 ]\([BCDEGRST][BCDEGRST]*\)[	 ][	 ]*_\([_A-Za-z][_A-Za-z0-9]*\)$/\1 _\2 \2/p'
configure:6188: result: failed
configure:7065: checking for ANSI C header files
configure:7095: /opt/buildroot-gcc463/usr/bin/mipsel-linux-gcc -c   conftest.c >&5
configure:7101: $? = 0
configure:7229: result: yes
configure:7253: checking for sys/types.h
configure:7274: /opt/buildroot-gcc463/usr/bin/mipsel-linux-gcc -c   conftest.c >&5
configure:7280: $? = 0
configure:7296: result: yes
configure:7253: checking for sys/stat.h
configure:7274: /opt/buildroot-gcc463/usr/bin/mipsel-linux-gcc -c   conftest.c >&5
configure:7280: $? = 0
configure:7296: result: yes
configure:7253: checking for stdlib.h
configure:7274: /opt/buildroot-gcc463/usr/bin/mipsel-linux-gcc -c   conftest.c >&5
configure:7280: $? = 0
configure:7296: result: yes
configure:7253: checking for string.h
configure:7274: /opt/buildroot-gcc463/usr/bin/mipsel-linux-gcc -c   conftest.c >&5
configure:7280: $? = 0
configure:7296: result: yes
configure:7253: checking for memory.h
configure:7274: /opt/buildroot-gcc463/usr/bin/mipsel-linux-gcc -c   conftest.c >&5
configure:7280: $? = 0
configure:7296: result: yes
configure:7253: checking for strings.h
configure:7274: /opt/buildroot-gcc463/usr/bin/mipsel-linux-gcc -c   conftest.c >&5
configure:7280: $? = 0
configure:7296: result: yes
configure:7253: checking for inttypes.h
configure:7274: /opt/buildroot-gcc463/usr/bin/mipsel-linux-gcc -c   conftest.c >&5
configure:7280: $? = 0
configure:7296: result: yes
configure:7253: checking for stdint.h
configure:7274: /opt/buildroot-gcc463/usr/bin/mipsel-linux-gcc -c   conftest.c >&5
configure:7280: $? = 0
configure:7296: result: yes
configure:7253: checking for unistd.h
configure:7274: /opt/buildroot-gcc463/usr/bin/mipsel-linux-gcc -c   conftest.c >&5
configure:7280: $? = 0
configure:7296: result: yes
configure:7312: checking for dlfcn.h
configure:7333: /opt/buildroot-gcc463/usr/bin/mipsel-linux-gcc -c   conftest.c >&5
configure:7339: $? = 0
configure:7355: result: yes
configure:7537: checking for objdir
configure:7552: result: .libs
configure:7844: checking if /opt/buildroot-gcc463/usr/bin/mipsel-linux-gcc supports -fno-rtti -fno-exceptions
configure:7862: /opt/buildroot-gcc463/usr/bin/mipsel-linux-gcc -c   -fno-rtti -fno-exceptions conftest.c >&5
cc1: warning: command line option '-fno-rtti' is valid for C++/ObjC++ but not for C [enabled by default]
configure:7866: $? = 0
configure:7879: result: no
configure:7899: checking for /opt/buildroot-gcc463/usr/bin/mipsel-linux-gcc option to produce PIC
configure:8171: result: -fPIC -DPIC
configure:8183: checking if /opt/buildroot-gcc463/usr/bin/mipsel-linux-gcc PIC flag -fPIC -DPIC works
configure:8201: /opt/buildroot-gcc463/usr/bin/mipsel-linux-gcc -c   -fPIC -DPIC -DPIC conftest.c >&5
configure:8205: $? = 0
configure:8218: result: yes
configure:8242: checking if /opt/buildroot-gcc463/usr/bin/mipsel-linux-gcc static flag -static works
configure:8270: result: yes
configure:8285: checking if /opt/buildroot-gcc463/usr/bin/mipsel-linux-gcc supports -c -o file.o
configure:8306: /opt/buildroot-gcc463/usr/bin/mipsel-linux-gcc -c   -o out/conftest2.o conftest.c >&5
configure:8310: $? = 0
configure:8332: result: yes
configure:8340: checking if /opt/buildroot-gcc463/usr/bin/mipsel-linux-gcc supports -c -o file.o
configure:8387: result: yes
configure:8420: checking whether the /opt/buildroot-gcc463/usr/bin/mipsel-linux-gcc linker (/opt/buildroot-gcc463/usr/mipsel-buildroot-linux-uclibc/bin/ld) supports shared libraries
configure:9486: result: yes
configure:9725: checking dynamic linker characteristics
configure:10168: /opt/buildroot-gcc463/usr/bin/mipsel-linux-gcc -o conftest    -Wl,-rpath -Wl,/foo conftest.c  >&5
configure:10174: $? = 0
configure:10416: result: GNU/Linux ld.so
configure:10518: checking how to hardcode library paths into programs
configure:10543: result: immediate
configure:11348: checking whether stripping libraries is possible
configure:11353: result: yes
configure:11388: checking if libtool supports shared libraries
configure:11390: result: yes
configure:11393: checking whether to build shared libraries
configure:11414: result: no
configure:11417: checking whether to build static libraries
configure:11421: result: yes
configure:11457: checking whether /opt/buildroot-gcc463/usr/bin/mipsel-linux-gcc and cc understand -c and -o together
configure:11492: /opt/buildroot-gcc463/usr/bin/mipsel-linux-gcc -c conftest.c -o conftest2.o >&5
configure:11495: $? = 0
configure:11501: /opt/buildroot-gcc463/usr/bin/mipsel-linux-gcc -c conftest.c -o conftest2.o >&5
configure:11504: $? = 0
configure:11515: cc -c conftest.c >&5
configure:11518: $? = 0
configure:11526: cc -c conftest.c -o conftest2.o >&5
configure:11529: $? = 0
configure:11535: cc -c conftest.c -o conftest2.o >&5
configure:11538: $? = 0
configure:11556: result: yes
configure:11786: checking GCC version
configure:11789: result: 4.6.3
configure:11964: checking if /opt/buildroot-gcc463/usr/bin/mipsel-linux-gcc accepts -Wdeclaration-after-statement
configure:11989: /opt/buildroot-gcc463/usr/bin/mipsel-linux-gcc -o conftest -O20 -Wall -Wextra -ffast-math -D_REENTRANT -fsigned-char -I../../libogg/include -Wdeclaration-after-statement   conftest.c  >&5
configure:11995: $? = 0
configure:12001: result: yes
configure:12020: checking for memory.h
configure:12025: result: yes
configure:12160: checking for cos in -lm
configure:12195: /opt/buildroot-gcc463/usr/bin/mipsel-linux-gcc -o conftest -O20 -Wall -Wextra -ffast-math -D_REENTRANT -fsigned-char -I../../libogg/include -Wdeclaration-after-statement  -DUSE_MEMORY_H   conftest.c -lm   >&5
conftest.c:29:6: warning: conflicting types for built-in function 'cos' [enabled by default]
configure:12201: $? = 0
configure:12219: result: yes
configure:12227: checking for pthread_create in -lpthread
configure:12262: /opt/buildroot-gcc463/usr/bin/mipsel-linux-gcc -o conftest -O20 -Wall -Wextra -ffast-math -D_REENTRANT -fsigned-char -I../../libogg/include -Wdeclaration-after-statement  -DUSE_MEMORY_H   conftest.c -lpthread   >&5
configure:12268: $? = 0
configure:12286: result: yes
configure:12301: checking for mipsel-buildroot-linux-uclibc-pkg-config
configure:12334: result: no
configure:12344: checking for pkg-config
configure:12362: found /usr/bin/pkg-config
configure:12374: result: /usr/bin/pkg-config
configure:12403: checking pkg-config is at least version 0.9.0
configure:12406: result: yes
configure:12421: checking for OGG
configure:12429: $PKG_CONFIG --exists --print-errors "ogg >= 1.0"
configure:12432: $? = 0
configure:12447: $PKG_CONFIG --exists --print-errors "ogg >= 1.0"
configure:12450: $? = 0
configure:12486: result: yes
configure:12806: checking for working alloca.h
configure:12833: /opt/buildroot-gcc463/usr/bin/mipsel-linux-gcc -o conftest -O20 -Wall -Wextra -ffast-math -D_REENTRANT -fsigned-char -I../../libogg/include -Wdeclaration-after-statement  -DUSE_MEMORY_H   conftest.c  >&5
configure:12839: $? = 0
configure:12856: result: yes
configure:12866: checking for alloca
configure:12913: /opt/buildroot-gcc463/usr/bin/mipsel-linux-gcc -o conftest -O20 -Wall -Wextra -ffast-math -D_REENTRANT -fsigned-char -I../../libogg/include -Wdeclaration-after-statement  -DUSE_MEMORY_H   conftest.c  >&5
configure:12919: $? = 0
configure:12936: result: yes
configure:13163: checking for working memcmp
configure:13244: result: no
configure:13406: creating ./config.status

## ---------------------- ##
## Running config.status. ##
## ---------------------- ##

This file was extended by libvorbis config.status 1.3.2, which was
generated by GNU Autoconf 2.61.  Invocation command line was

  CONFIG_FILES    = 
  CONFIG_HEADERS  = 
  CONFIG_LINKS    = 
  CONFIG_COMMANDS = 
  $ ./config.status 

on wireless

config.status:911: creating Makefile
config.status:911: creating m4/Makefile
config.status:911: creating lib/Makefile
config.status:911: creating lib/modes/Makefile
config.status:911: creating lib/books/Makefile
config.status:911: creating lib/books/coupled/Makefile
config.status:911: creating lib/books/uncoupled/Makefile
config.status:911: creating lib/books/floor/Makefile
config.status:911: creating doc/Makefile
config.status:911: creating doc/vorbisfile/Makefile
config.status:911: creating doc/vorbisenc/Makefile
config.status:911: creating doc/libvorbis/Makefile
config.status:911: creating doc/Doxyfile
config.status:911: creating include/Makefile
config.status:911: creating include/vorbis/Makefile
config.status:911: creating examples/Makefile
config.status:911: creating test/Makefile
config.status:911: creating vq/Makefile
config.status:911: creating libvorbis.spec
config.status:911: creating vorbis.pc
config.status:911: creating vorbisenc.pc
config.status:911: creating vorbisfile.pc
config.status:911: creating vorbis-uninstalled.pc
config.status:911: creating vorbisenc-uninstalled.pc
config.status:911: creating vorbisfile-uninstalled.pc
config.status:911: creating config.h
config.status:1141: config.h is unchanged
config.status:1188: executing depfiles commands
config.status:1188: executing libtool commands

## ---------------- ##
## Cache variables. ##
## ---------------- ##

ac_cv_build=i686-pc-linux-gnu
ac_cv_c_compiler_gnu=yes
ac_cv_c_inline=inline
ac_cv_env_CC_set=set
ac_cv_env_CC_value=/opt/buildroot-gcc463/usr/bin/mipsel-linux-gcc
ac_cv_env_CFLAGS_set=
ac_cv_env_CFLAGS_value=
ac_cv_env_CPPFLAGS_set=
ac_cv_env_CPPFLAGS_value=
ac_cv_env_CPP_set=
ac_cv_env_CPP_value=
ac_cv_env_LDFLAGS_set=
ac_cv_env_LDFLAGS_value=
ac_cv_env_LIBS_set=
ac_cv_env_LIBS_value=
ac_cv_env_OGG_CFLAGS_set=
ac_cv_env_OGG_CFLAGS_value=
ac_cv_env_OGG_LIBS_set=
ac_cv_env_OGG_LIBS_value=
ac_cv_env_PKG_CONFIG_set=
ac_cv_env_PKG_CONFIG_value=
ac_cv_env_build_alias_set=
ac_cv_env_build_alias_value=
ac_cv_env_host_alias_set=set
ac_cv_env_host_alias_value=mipsel-buildroot-linux-uclibc
ac_cv_env_target_alias_set=
ac_cv_env_target_alias_value=
ac_cv_func_alloca_works=yes
ac_cv_func_memcmp_working=no
ac_cv_header_dlfcn_h=yes
ac_cv_header_inttypes_h=yes
ac_cv_header_memory_h=yes
ac_cv_header_stdc=yes
ac_cv_header_stdint_h=yes
ac_cv_header_stdlib_h=yes
ac_cv_header_string_h=yes
ac_cv_header_strings_h=yes
ac_cv_header_sys_stat_h=yes
ac_cv_header_sys_types_h=yes
ac_cv_header_unistd_h=yes
ac_cv_host=mipsel-buildroot-linux-uclibc
ac_cv_lib_m_cos=yes
ac_cv_lib_pthread_pthread_create=yes
ac_cv_objext=o
ac_cv_path_EGREP='/bin/grep -E'
ac_cv_path_FGREP='/bin/grep -F'
ac_cv_path_GREP=/bin/grep
ac_cv_path_SED=/bin/sed
ac_cv_path_ac_pt_PKG_CONFIG=/usr/bin/pkg-config
ac_cv_path_install='/usr/bin/install -c'
ac_cv_path_mkdir=/bin/mkdir
ac_cv_prog_AWK=gawk
ac_cv_prog_CC=/opt/buildroot-gcc463/usr/bin/mipsel-linux-gcc
ac_cv_prog_CPP='/opt/buildroot-gcc463/usr/bin/mipsel-linux-gcc -E'
ac_cv_prog_OBJDUMP=objdump
ac_cv_prog_STRIP=strip
ac_cv_prog_ac_ct_AR=ar
ac_cv_prog_ac_ct_DUMPBIN='link -dump -symbols'
ac_cv_prog_ac_ct_RANLIB=ranlib
ac_cv_prog_ac_ct_STRIP=strip
ac_cv_prog_cc__opt_buildroot_gcc463_usr_bin_mipsel_linux_gcc_c_o=yes
ac_cv_prog_cc_c89=
ac_cv_prog_cc_g=yes
ac_cv_prog_make_make_set=yes
ac_cv_target=mipsel-buildroot-linux-uclibc
ac_cv_working_alloca_h=yes
am_cv_CC_dependencies_compiler_type=gcc3
lt_cv_deplibs_check_method=pass_all
lt_cv_file_magic_cmd='$MAGIC_CMD'
lt_cv_file_magic_test_file=
lt_cv_ld_reload_flag=-r
lt_cv_nm_interface='BSD nm'
lt_cv_objdir=.libs
lt_cv_path_LD=/opt/buildroot-gcc463/usr/mipsel-buildroot-linux-uclibc/bin/ld
lt_cv_path_NM=no
lt_cv_prog_compiler_c_o=yes
lt_cv_prog_compiler_pic_works=yes
lt_cv_prog_compiler_rtti_exceptions=no
lt_cv_prog_compiler_static_works=yes
lt_cv_prog_gnu_ld=yes
lt_cv_sys_global_symbol_pipe=
lt_cv_sys_global_symbol_to_c_name_address='sed -n -e '\''s/^: \([^ ]*\) $/  {\"\1\", (void *) 0},/p'\'' -e '\''s/^[BCDEGRST]* \([^ ]*\) \([^ ]*\)$/  {"\2", (void *) \&\2},/p'\'''
lt_cv_sys_global_symbol_to_c_name_address_lib_prefix='sed -n -e '\''s/^: \([^ ]*\) $/  {\"\1\", (void *) 0},/p'\'' -e '\''s/^[BCDEGRST]* \([^ ]*\) \(lib[^ ]*\)$/  {"\2", (void *) \&\2},/p'\'' -e '\''s/^[BCDEGRST]* \([^ ]*\) \([^ ]*\)$/  {"lib\2", (void *) \&\2},/p'\'''
lt_cv_sys_global_symbol_to_cdecl=
lt_cv_sys_max_cmd_len=1966080
pkg_cv_OGG_CFLAGS=' '
pkg_cv_OGG_LIBS='-logg  '

## ----------------- ##
## Output variables. ##
## ----------------- ##

ACLOCAL='${SHELL} /home/fuyang/work/MTK7621A_DLINK/trunk/source/lib/libvorbis/missing --run aclocal-1.10'
ACLOCAL_AMFLAGS='-I m4'
ALLOCA=''
AMDEPBACKSLASH='\'
AMDEP_FALSE='#'
AMDEP_TRUE=''
AMTAR='${SHELL} /home/fuyang/work/MTK7621A_DLINK/trunk/source/lib/libvorbis/missing --run tar'
AR='ar'
AS='as'
AUTOCONF='${SHELL} /home/fuyang/work/MTK7621A_DLINK/trunk/source/lib/libvorbis/missing --run autoconf'
AUTOHEADER='${SHELL} /home/fuyang/work/MTK7621A_DLINK/trunk/source/lib/libvorbis/missing --run autoheader'
AUTOMAKE='${SHELL} /home/fuyang/work/MTK7621A_DLINK/trunk/source/lib/libvorbis/missing --run automake-1.10'
AWK='gawk'
BUILD_DOCS_FALSE=''
BUILD_DOCS_TRUE='#'
BUILD_EXAMPLES_FALSE=''
BUILD_EXAMPLES_TRUE='#'
CC='/opt/buildroot-gcc463/usr/bin/mipsel-linux-gcc'
CCDEPMODE='depmode=gcc3'
CFLAGS='-O20 -Wall -Wextra -ffast-math -D_REENTRANT -fsigned-char -I../../libogg/include -Wdeclaration-after-statement  -DUSE_MEMORY_H'
CPP='/opt/buildroot-gcc463/usr/bin/mipsel-linux-gcc -E'
CPPFLAGS=''
CYGPATH_W='echo'
DEBUG='-g -Wall -Wextra -D_REENTRANT -D__NO_MATH_INLINES -fsigned-char'
DEFS='-DHAVE_CONFIG_H'
DEPDIR='.deps'
DLLTOOL='dlltool'
DSYMUTIL=''
DUMPBIN='link -dump -symbols'
ECHO_C=''
ECHO_N='-n'
ECHO_T=''
EGREP='/bin/grep -E'
EXEEXT=''
FGREP='/bin/grep -F'
GREP='/bin/grep'
HAVE_DOXYGEN='false'
HAVE_DOXYGEN_FALSE=''
HAVE_DOXYGEN_TRUE='#'
HTLATEX=''
INSTALL_DATA='${INSTALL} -m 644'
INSTALL_PROGRAM='${INSTALL}'
INSTALL_SCRIPT='${INSTALL}'
INSTALL_STRIP_PROGRAM='$(install_sh) -c -s'
LD='/opt/buildroot-gcc463/usr/mipsel-buildroot-linux-uclibc/bin/ld'
LDFLAGS=''
LIBOBJS=' ${LIBOBJDIR}memcmp$U.o'
LIBS=''
LIBTOOL='$(SHELL) $(top_builddir)/libtool'
LIBTOOL_DEPS='./ltmain.sh'
LIPO=''
LN_S='ln -s'
LTLIBOBJS=' ${LIBOBJDIR}memcmp$U.lo'
MAINT='#'
MAINTAINER_MODE_FALSE=''
MAINTAINER_MODE_TRUE='#'
MAKEINFO='${SHELL} /home/fuyang/work/MTK7621A_DLINK/trunk/source/lib/libvorbis/missing --run makeinfo'
NM='link -dump -symbols'
NMEDIT=''
OBJDUMP='objdump'
OBJEXT='o'
OGG_CFLAGS=' '
OGG_LIBS='-logg  '
OTOOL64=''
OTOOL=''
PACKAGE='libvorbis'
PACKAGE_BUGREPORT='vorbis-dev@xiph.org'
PACKAGE_NAME='libvorbis'
PACKAGE_STRING='libvorbis 1.3.2'
PACKAGE_TARNAME='libvorbis'
PACKAGE_VERSION='1.3.2'
PATH_SEPARATOR=':'
PDFLATEX=''
PKG_CONFIG='/usr/bin/pkg-config'
PROFILE='-pg -g -O20 -ffast-math -D_REENTRANT -fsigned-char'
RANLIB='ranlib'
SED='/bin/sed'
SET_MAKE=''
SHELL='/bin/sh'
STRIP='strip'
VERSION='1.3.2'
VE_LIB_AGE='0'
VE_LIB_CURRENT='2'
VE_LIB_REVISION='8'
VF_LIB_AGE='3'
VF_LIB_CURRENT='6'
VF_LIB_REVISION='4'
VORBIS_LIBS='-lm'
V_LIB_AGE='4'
V_LIB_CURRENT='4'
V_LIB_REVISION='5'
ac_ct_CC=''
ac_ct_DUMPBIN='link -dump -symbols'
am__fastdepCC_FALSE='#'
am__fastdepCC_TRUE=''
am__include='include'
am__isrc=''
am__leading_dot='.'
am__quote=''
am__tar='${AMTAR} chof - "$$tardir"'
am__untar='${AMTAR} xf -'
bindir='${exec_prefix}/bin'
build='i686-pc-linux-gnu'
build_alias=''
build_cpu='i686'
build_os='linux-gnu'
build_vendor='pc'
datadir='${datarootdir}'
datarootdir='${prefix}/share'
docdir='${datarootdir}/doc/${PACKAGE_TARNAME}'
dvidir='${docdir}'
exec_prefix='${prefix}'
host='mipsel-buildroot-linux-uclibc'
host_alias='mipsel-buildroot-linux-uclibc'
host_cpu='mipsel'
host_os='linux-uclibc'
host_vendor='buildroot'
htmldir='${docdir}'
includedir='${prefix}/include'
infodir='${datarootdir}/info'
install_sh='$(SHELL) /home/fuyang/work/MTK7621A_DLINK/trunk/source/lib/libvorbis/install-sh'
libdir='${exec_prefix}/lib'
libexecdir='${exec_prefix}/libexec'
localedir='${datarootdir}/locale'
localstatedir='${prefix}/var'
lt_ECHO='echo'
mandir='${datarootdir}/man'
mkdir_p='/bin/mkdir -p'
oldincludedir='/usr/include'
pdfdir='${docdir}'
prefix='/usr/local'
program_transform_name='s,x,x,'
psdir='${docdir}'
pthread_lib='-lpthread'
sbindir='${exec_prefix}/sbin'
sharedstatedir='${prefix}/com'
sysconfdir='${prefix}/etc'
target='mipsel-buildroot-linux-uclibc'
target_alias=''
target_cpu='mipsel'
target_os='linux-uclibc'
target_vendor='buildroot'

## ----------- ##
## confdefs.h. ##
## ----------- ##

#define PACKAGE_NAME "libvorbis"
#define PACKAGE_TARNAME "libvorbis"
#define PACKAGE_VERSION "1.3.2"
#define PACKAGE_STRING "libvorbis 1.3.2"
#define PACKAGE_BUGREPORT "vorbis-dev@xiph.org"
#define PACKAGE "libvorbis"
#define VERSION "1.3.2"
#define STDC_HEADERS 1
#define HAVE_SYS_TYPES_H 1
#define HAVE_SYS_STAT_H 1
#define HAVE_STDLIB_H 1
#define HAVE_STRING_H 1
#define HAVE_MEMORY_H 1
#define HAVE_STRINGS_H 1
#define HAVE_INTTYPES_H 1
#define HAVE_STDINT_H 1
#define HAVE_UNISTD_H 1
#define HAVE_DLFCN_H 1
#define LT_OBJDIR ".libs/"
#define HAVE_ALLOCA_H 1
#define HAVE_ALLOCA 1

configure: exit 0
