This file contains any messages produced by compilers while
running configure, to aid debugging if configure makes a mistake.

It was created by iptables configure 1.4.20, which was
generated by GNU Autoconf 2.65.  Invocation command line was

  $ ./configure --host=mipsel-linux --enable-static --disable-shared

## --------- ##
## Platform. ##
## --------- ##

hostname = wireless
uname -m = i686
uname -r = 2.6.32-642.3.1.el6.i686
uname -s = Linux
uname -v = #1 SMP Tue Jul 12 17:53:37 UTC 2016

/usr/bin/uname -p = unknown
/bin/uname -X     = unknown

/bin/arch              = i686
/usr/bin/arch -k       = unknown
/usr/convex/getsysinfo = unknown
/usr/bin/hostinfo      = unknown
/bin/machine           = unknown
/usr/bin/oslevel       = unknown
/bin/universe          = unknown

PATH: /usr/local/bin
PATH: /bin
PATH: /usr/bin
PATH: /usr/local/sbin
PATH: /usr/sbin
PATH: /sbin
PATH: /home/baifan/bin
PATH: /home/baifan/dlink_882/trunk/GPL_Code/source/tools


## ----------- ##
## Core tests. ##
## ----------- ##

configure:2462: checking for a BSD-compatible install
configure:2530: result: /usr/bin/install -c
configure:2543: checking whether build environment is sane
configure:2593: result: yes
configure:2642: checking for mipsel-linux-strip
configure:2672: result: no
configure:2682: checking for strip
configure:2698: found /usr/bin/strip
configure:2709: result: strip
configure:2734: checking for a thread-safe mkdir -p
configure:2773: result: /bin/mkdir -p
configure:2786: checking for gawk
configure:2802: found /bin/gawk
configure:2813: result: gawk
configure:2824: checking whether make sets $(MAKE)
configure:2846: result: yes
configure:2934: checking for mipsel-linux-gcc
configure:2961: result: /opt/buildroot-gcc463/usr/bin/mipsel-linux-gcc
configure:3230: checking for C compiler version
configure:3239: /opt/buildroot-gcc463/usr/bin/mipsel-linux-gcc --version >&5
mipsel-linux-gcc (Buildroot 2012.11.1) 4.6.3
Copyright (C) 2011 Free Software Foundation, Inc.
This is free software; see the source for copying conditions.  There is NO
warranty; not even for MERCHANTABILITY or FITNESS FOR A PARTICULAR PURPOSE.

configure:3250: $? = 0
configure:3239: /opt/buildroot-gcc463/usr/bin/mipsel-linux-gcc -v >&5
Using built-in specs.
COLLECT_GCC=/opt/buildroot-gcc463/usr/bin/mipsel-linux-gcc
COLLECT_LTO_WRAPPER=/opt/buildroot-gcc463/usr/libexec/gcc/mipsel-buildroot-linux-uclibc/4.6.3/lto-wrapper
Target: mipsel-buildroot-linux-uclibc
Configured with: /home/ralink/buildroot-2012.11.1/output/toolchain/gcc-4.6.3/configure --prefix=/opt/buildroot-gcc463/usr --build=i686-pc-linux-gnu --host=i686-pc-linux-gnu --target=mipsel-buildroot-linux-uclibc --enable-languages=c,c++ --with-sysroot=/opt/buildroot-gcc463/usr/mipsel-buildroot-linux-uclibc/sysroot --with-build-time-tools=/opt/buildroot-gcc463/usr/mipsel-buildroot-linux-uclibc/bin --disable-__cxa_atexit --enable-target-optspace --disable-libgomp --with-gnu-ld --disable-libssp --disable-multilib --disable-tls --disable-shared --with-gmp=/opt/buildroot-gcc463/usr --with-mpfr=/opt/buildroot-gcc463/usr --with-mpc=/opt/buildroot-gcc463/usr --disable-nls --enable-threads --disable-decimal-float --with-float=soft --with-abi=32 --with-tune=mips32r2 --with-pkgversion='Buildroot 2012.11.1' --with-bugurl=http://bugs.buildroot.net/
Thread model: posix
gcc version 4.6.3 (Buildroot 2012.11.1) 
configure:3250: $? = 0
configure:3239: /opt/buildroot-gcc463/usr/bin/mipsel-linux-gcc -V >&5
mipsel-linux-gcc: error: unrecognized option '-V'
mipsel-linux-gcc: fatal error: no input files
compilation terminated.
configure:3250: $? = 1
configure:3239: /opt/buildroot-gcc463/usr/bin/mipsel-linux-gcc -qversion >&5
mipsel-linux-gcc: error: unrecognized option '-qversion'
mipsel-linux-gcc: fatal error: no input files
compilation terminated.
configure:3250: $? = 1
configure:3270: checking whether the C compiler works
configure:3292: /opt/buildroot-gcc463/usr/bin/mipsel-linux-gcc   -L/home/baifan/dlink_882/trunk/GPL_Code/source/uClibc-0.9.33.2/lib -L/home/baifan/dlink_882/trunk/GPL_Code/source/lib/lib -L/home/baifan/dlink_882/trunk/GPL_Code/source/uClibc-0.9.33.2/lib -L/home/baifan/dlink_882/trunk/GPL_Code/source/lib/lib conftest.c  >&5
configure:3296: $? = 0
configure:3345: result: yes
configure:3348: checking for C compiler default output file name
configure:3350: result: a.out
configure:3356: checking for suffix of executables
configure:3363: /opt/buildroot-gcc463/usr/bin/mipsel-linux-gcc -o conftest   -L/home/baifan/dlink_882/trunk/GPL_Code/source/uClibc-0.9.33.2/lib -L/home/baifan/dlink_882/trunk/GPL_Code/source/lib/lib -L/home/baifan/dlink_882/trunk/GPL_Code/source/uClibc-0.9.33.2/lib -L/home/baifan/dlink_882/trunk/GPL_Code/source/lib/lib conftest.c  >&5
configure:3367: $? = 0
configure:3389: result: 
configure:3411: checking whether we are cross compiling
configure:3419: /opt/buildroot-gcc463/usr/bin/mipsel-linux-gcc -o conftest   -L/home/baifan/dlink_882/trunk/GPL_Code/source/uClibc-0.9.33.2/lib -L/home/baifan/dlink_882/trunk/GPL_Code/source/lib/lib -L/home/baifan/dlink_882/trunk/GPL_Code/source/uClibc-0.9.33.2/lib -L/home/baifan/dlink_882/trunk/GPL_Code/source/lib/lib conftest.c  >&5
configure:3423: $? = 0
configure:3430: ./conftest
./configure: line 3432: ./conftest: cannot execute binary file
configure:3434: $? = 126
configure:3449: result: yes
configure:3454: checking for suffix of object files
configure:3476: /opt/buildroot-gcc463/usr/bin/mipsel-linux-gcc -c   conftest.c >&5
configure:3480: $? = 0
configure:3501: result: o
configure:3505: checking whether we are using the GNU C compiler
configure:3524: /opt/buildroot-gcc463/usr/bin/mipsel-linux-gcc -c   conftest.c >&5
configure:3524: $? = 0
configure:3533: result: yes
configure:3542: checking whether /opt/buildroot-gcc463/usr/bin/mipsel-linux-gcc accepts -g
configure:3562: /opt/buildroot-gcc463/usr/bin/mipsel-linux-gcc -c -g  conftest.c >&5
configure:3562: $? = 0
configure:3603: result: yes
configure:3620: checking for /opt/buildroot-gcc463/usr/bin/mipsel-linux-gcc option to accept ISO C89
configure:3684: /opt/buildroot-gcc463/usr/bin/mipsel-linux-gcc  -c   conftest.c >&5
configure:3684: $? = 0
configure:3697: result: none needed
configure:3728: checking for style of include used by make
configure:3756: result: GNU
configure:3781: checking dependency style of /opt/buildroot-gcc463/usr/bin/mipsel-linux-gcc
configure:3891: result: gcc3
configure:3907: checking whether /opt/buildroot-gcc463/usr/bin/mipsel-linux-gcc and cc understand -c and -o together
configure:3938: /opt/buildroot-gcc463/usr/bin/mipsel-linux-gcc -c conftest.c -o conftest2.o >&5
configure:3942: $? = 0
configure:3948: /opt/buildroot-gcc463/usr/bin/mipsel-linux-gcc -c conftest.c -o conftest2.o >&5
configure:3952: $? = 0
configure:3963: cc -c conftest.c >&5
configure:3967: $? = 0
configure:3975: cc -c conftest.c -o conftest2.o >&5
configure:3979: $? = 0
configure:3985: cc -c conftest.c -o conftest2.o >&5
configure:3989: $? = 0
configure:4007: result: yes
configure:4093: checking build system type
configure:4107: result: i686-pc-linux-gnu
configure:4127: checking host system type
configure:4140: result: mipsel-unknown-linux-gnu
configure:4181: checking how to print strings
configure:4208: result: printf
configure:4229: checking for a sed that does not truncate output
configure:4293: result: /bin/sed
configure:4311: checking for grep that handles long lines and -e
configure:4369: result: /bin/grep
configure:4374: checking for egrep
configure:4436: result: /bin/grep -E
configure:4441: checking for fgrep
configure:4503: result: /bin/grep -F
configure:4538: checking for ld used by /opt/buildroot-gcc463/usr/bin/mipsel-linux-gcc
configure:4605: result: /opt/buildroot-gcc463/usr/bin/mipsel-linux-ld
configure:4612: checking if the linker (/opt/buildroot-gcc463/usr/bin/mipsel-linux-ld) is GNU ld
configure:4627: result: yes
configure:4639: checking for BSD- or MS-compatible name lister (nm)
configure:4688: result: no
configure:4702: checking for mipsel-linux-dumpbin
configure:4732: result: no
configure:4702: checking for mipsel-linux-link
configure:4732: result: no
configure:4746: checking for dumpbin
configure:4776: result: no
configure:4746: checking for link
configure:4762: found /bin/link
configure:4773: result: link -dump
configure:4789: WARNING: using cross tools not prefixed with host triplet
configure:4818: checking the name lister (nm) interface
configure:4825: /opt/buildroot-gcc463/usr/bin/mipsel-linux-gcc -c   conftest.c >&5
configure:4828: nm "conftest.o"
configure:4831: output
00000000 B some_variable
configure:4838: result: BSD nm
configure:4841: checking whether ln -s works
configure:4845: result: yes
configure:4853: checking the maximum length of command line arguments
configure:4984: result: 1966080
configure:5001: checking whether the shell understands some XSI constructs
configure:5011: result: yes
configure:5015: checking whether the shell understands "+="
configure:5021: result: yes
configure:5056: checking how to convert i686-pc-linux-gnu file names to mipsel-unknown-linux-gnu format
configure:5096: result: func_convert_file_noop
configure:5103: checking how to convert i686-pc-linux-gnu file names to toolchain format
configure:5123: result: func_convert_file_noop
configure:5130: checking for /opt/buildroot-gcc463/usr/bin/mipsel-linux-ld option to reload object files
configure:5137: result: -r
configure:5171: checking for mipsel-linux-objdump
configure:5201: result: no
configure:5211: checking for objdump
configure:5227: found /usr/bin/objdump
configure:5238: result: objdump
configure:5270: checking how to recognize dependent libraries
configure:5468: result: pass_all
configure:5513: checking for mipsel-linux-dlltool
configure:5543: result: no
configure:5553: checking for dlltool
configure:5583: result: no
configure:5613: checking how to associate runtime and link libraries
configure:5640: result: printf %s\n
configure:5657: checking for mipsel-linux-ar
configure:5687: result: no
configure:5701: checking for ar
configure:5717: found /usr/bin/ar
configure:5728: result: ar
configure:5765: checking for archiver @FILE support
configure:5782: /opt/buildroot-gcc463/usr/bin/mipsel-linux-gcc -c   conftest.c >&5
configure:5782: $? = 0
configure:5785: ar cru libconftest.a @conftest.lst >&5
configure:5788: $? = 0
configure:5793: ar cru libconftest.a @conftest.lst >&5
ar: conftest.o: No such file or directory
configure:5796: $? = 1
configure:5808: result: @
configure:5826: checking for mipsel-linux-strip
configure:5853: result: strip
configure:5925: checking for mipsel-linux-ranlib
configure:5955: result: no
configure:5965: checking for ranlib
configure:5981: found /usr/bin/ranlib
configure:5992: result: ranlib
configure:6094: checking command to parse nm output from /opt/buildroot-gcc463/usr/bin/mipsel-linux-gcc object
configure:6214: /opt/buildroot-gcc463/usr/bin/mipsel-linux-gcc -c   conftest.c >&5
configure:6217: $? = 0
configure:6221: nm conftest.o \| sed -n -e 's/^.*[ ]\([ABCDGIRSTW][ABCDGIRSTW]*\)[ ][ ]*\([_A-Za-z][_A-Za-z0-9]*\)$/\1 \2 \2/p' | sed '/ __gnu_lto/d' \> conftest.nm
configure:6224: $? = 0
configure:6290: /opt/buildroot-gcc463/usr/bin/mipsel-linux-gcc -o conftest   -L/home/baifan/dlink_882/trunk/GPL_Code/source/uClibc-0.9.33.2/lib -L/home/baifan/dlink_882/trunk/GPL_Code/source/lib/lib -L/home/baifan/dlink_882/trunk/GPL_Code/source/uClibc-0.9.33.2/lib -L/home/baifan/dlink_882/trunk/GPL_Code/source/lib/lib conftest.c conftstm.o >&5
configure:6293: $? = 0
configure:6331: result: ok
configure:6368: checking for sysroot
configure:6398: result: no
configure:6621: checking for mipsel-linux-mt
configure:6651: result: no
configure:6661: checking for mt
configure:6691: result: no
configure:6711: checking if : is a manifest tool
configure:6717: : '-?'
configure:6725: result: no
configure:7367: checking how to run the C preprocessor
configure:7398: /opt/buildroot-gcc463/usr/bin/mipsel-linux-gcc -E  conftest.c
configure:7398: $? = 0
configure:7412: /opt/buildroot-gcc463/usr/bin/mipsel-linux-gcc -E  conftest.c
conftest.c:11:28: fatal error: ac_nonexistent.h: No such file or directory
compilation terminated.
configure:7412: $? = 1
configure: failed program was:
| /* confdefs.h */
| #define PACKAGE_NAME "iptables"
| #define PACKAGE_TARNAME "iptables"
| #define PACKAGE_VERSION "1.4.20"
| #define PACKAGE_STRING "iptables 1.4.20"
| #define PACKAGE_BUGREPORT ""
| #define PACKAGE_URL ""
| #define PACKAGE "iptables"
| #define VERSION "1.4.20"
| /* end confdefs.h.  */
| #include <ac_nonexistent.h>
configure:7437: result: /opt/buildroot-gcc463/usr/bin/mipsel-linux-gcc -E
configure:7457: /opt/buildroot-gcc463/usr/bin/mipsel-linux-gcc -E  conftest.c
configure:7457: $? = 0
configure:7471: /opt/buildroot-gcc463/usr/bin/mipsel-linux-gcc -E  conftest.c
conftest.c:11:28: fatal error: ac_nonexistent.h: No such file or directory
compilation terminated.
configure:7471: $? = 1
configure: failed program was:
| /* confdefs.h */
| #define PACKAGE_NAME "iptables"
| #define PACKAGE_TARNAME "iptables"
| #define PACKAGE_VERSION "1.4.20"
| #define PACKAGE_STRING "iptables 1.4.20"
| #define PACKAGE_BUGREPORT ""
| #define PACKAGE_URL ""
| #define PACKAGE "iptables"
| #define VERSION "1.4.20"
| /* end confdefs.h.  */
| #include <ac_nonexistent.h>
configure:7500: checking for ANSI C header files
configure:7520: /opt/buildroot-gcc463/usr/bin/mipsel-linux-gcc -c   conftest.c >&5
configure:7520: $? = 0
configure:7604: result: yes
configure:7617: checking for sys/types.h
configure:7617: /opt/buildroot-gcc463/usr/bin/mipsel-linux-gcc -c   conftest.c >&5
configure:7617: $? = 0
configure:7617: result: yes
configure:7617: checking for sys/stat.h
configure:7617: /opt/buildroot-gcc463/usr/bin/mipsel-linux-gcc -c   conftest.c >&5
configure:7617: $? = 0
configure:7617: result: yes
configure:7617: checking for stdlib.h
configure:7617: /opt/buildroot-gcc463/usr/bin/mipsel-linux-gcc -c   conftest.c >&5
configure:7617: $? = 0
configure:7617: result: yes
configure:7617: checking for string.h
configure:7617: /opt/buildroot-gcc463/usr/bin/mipsel-linux-gcc -c   conftest.c >&5
configure:7617: $? = 0
configure:7617: result: yes
configure:7617: checking for memory.h
configure:7617: /opt/buildroot-gcc463/usr/bin/mipsel-linux-gcc -c   conftest.c >&5
configure:7617: $? = 0
configure:7617: result: yes
configure:7617: checking for strings.h
configure:7617: /opt/buildroot-gcc463/usr/bin/mipsel-linux-gcc -c   conftest.c >&5
configure:7617: $? = 0
configure:7617: result: yes
configure:7617: checking for inttypes.h
configure:7617: /opt/buildroot-gcc463/usr/bin/mipsel-linux-gcc -c   conftest.c >&5
configure:7617: $? = 0
configure:7617: result: yes
configure:7617: checking for stdint.h
configure:7617: /opt/buildroot-gcc463/usr/bin/mipsel-linux-gcc -c   conftest.c >&5
configure:7617: $? = 0
configure:7617: result: yes
configure:7617: checking for unistd.h
configure:7617: /opt/buildroot-gcc463/usr/bin/mipsel-linux-gcc -c   conftest.c >&5
configure:7617: $? = 0
configure:7617: result: yes
configure:7632: checking for dlfcn.h
configure:7632: /opt/buildroot-gcc463/usr/bin/mipsel-linux-gcc -c   conftest.c >&5
configure:7632: $? = 0
configure:7632: result: yes
configure:7808: checking for objdir
configure:7823: result: .libs
configure:8094: checking if /opt/buildroot-gcc463/usr/bin/mipsel-linux-gcc supports -fno-rtti -fno-exceptions
configure:8112: /opt/buildroot-gcc463/usr/bin/mipsel-linux-gcc -c   -fno-rtti -fno-exceptions conftest.c >&5
cc1: warning: command line option '-fno-rtti' is valid for C++/ObjC++ but not for C [enabled by default]
configure:8116: $? = 0
configure:8129: result: no
configure:8456: checking for /opt/buildroot-gcc463/usr/bin/mipsel-linux-gcc option to produce PIC
configure:8463: result: -fPIC -DPIC
configure:8471: checking if /opt/buildroot-gcc463/usr/bin/mipsel-linux-gcc PIC flag -fPIC -DPIC works
configure:8489: /opt/buildroot-gcc463/usr/bin/mipsel-linux-gcc -c   -fPIC -DPIC -DPIC conftest.c >&5
configure:8493: $? = 0
configure:8506: result: yes
configure:8535: checking if /opt/buildroot-gcc463/usr/bin/mipsel-linux-gcc static flag -static works
configure:8563: result: yes
configure:8578: checking if /opt/buildroot-gcc463/usr/bin/mipsel-linux-gcc supports -c -o file.o
configure:8599: /opt/buildroot-gcc463/usr/bin/mipsel-linux-gcc -c   -o out/conftest2.o conftest.c >&5
configure:8603: $? = 0
configure:8625: result: yes
configure:8633: checking if /opt/buildroot-gcc463/usr/bin/mipsel-linux-gcc supports -c -o file.o
configure:8680: result: yes
configure:8713: checking whether the /opt/buildroot-gcc463/usr/bin/mipsel-linux-gcc linker (/opt/buildroot-gcc463/usr/bin/mipsel-linux-ld) supports shared libraries
configure:9870: result: yes
configure:10110: checking dynamic linker characteristics
configure:10610: /opt/buildroot-gcc463/usr/bin/mipsel-linux-gcc -o conftest   -L/home/baifan/dlink_882/trunk/GPL_Code/source/uClibc-0.9.33.2/lib -L/home/baifan/dlink_882/trunk/GPL_Code/source/lib/lib -L/home/baifan/dlink_882/trunk/GPL_Code/source/uClibc-0.9.33.2/lib -L/home/baifan/dlink_882/trunk/GPL_Code/source/lib/lib -Wl,-rpath -Wl,/foo conftest.c  >&5
configure:10610: $? = 0
configure:10844: result: GNU/Linux ld.so
configure:10951: checking how to hardcode library paths into programs
configure:10976: result: immediate
configure:11516: checking whether stripping libraries is possible
configure:11521: result: yes
configure:11556: checking if libtool supports shared libraries
configure:11558: result: yes
configure:11561: checking whether to build shared libraries
configure:11582: result: no
configure:11585: checking whether to build static libraries
configure:11589: result: yes
configure:11706: checking whether the linker accepts -Wl,--no-as-needed
configure:11725: /opt/buildroot-gcc463/usr/bin/mipsel-linux-gcc -o conftest   -Wl,--no-as-needed conftest.c  >&5
configure:11725: $? = 0
configure:11736: result: yes
configure:11746: checking whether /opt/buildroot-gcc463/usr/bin/mipsel-linux-ld knows -Wl,--no-undefined
configure:11754: /opt/buildroot-gcc463/usr/bin/mipsel-linux-gcc -o conftest   -Wl,--no-undefined conftest.c  >&5
configure:11754: $? = 0
configure:11755: result: yes
configure:11771: checking linux/dccp.h usability
configure:11771: /opt/buildroot-gcc463/usr/bin/mipsel-linux-gcc -c   conftest.c >&5
configure:11771: $? = 0
configure:11771: result: yes
configure:11771: checking linux/dccp.h presence
configure:11771: /opt/buildroot-gcc463/usr/bin/mipsel-linux-gcc -E  conftest.c
configure:11771: $? = 0
configure:11771: result: yes
configure:11771: checking for linux/dccp.h
configure:11771: result: yes
configure:11771: checking linux/ip_vs.h usability
configure:11771: /opt/buildroot-gcc463/usr/bin/mipsel-linux-gcc -c   conftest.c >&5
configure:11771: $? = 0
configure:11771: result: yes
configure:11771: checking linux/ip_vs.h presence
configure:11771: /opt/buildroot-gcc463/usr/bin/mipsel-linux-gcc -E  conftest.c
configure:11771: $? = 0
configure:11771: result: yes
configure:11771: checking for linux/ip_vs.h
configure:11771: result: yes
configure:11771: checking linux/magic.h usability
configure:11771: /opt/buildroot-gcc463/usr/bin/mipsel-linux-gcc -c   conftest.c >&5
configure:11771: $? = 0
configure:11771: result: yes
configure:11771: checking linux/magic.h presence
configure:11771: /opt/buildroot-gcc463/usr/bin/mipsel-linux-gcc -E  conftest.c
configure:11771: $? = 0
configure:11771: result: yes
configure:11771: checking for linux/magic.h
configure:11771: result: yes
configure:11771: checking linux/proc_fs.h usability
configure:11771: /opt/buildroot-gcc463/usr/bin/mipsel-linux-gcc -c   conftest.c >&5
conftest.c:59:27: fatal error: linux/proc_fs.h: No such file or directory
compilation terminated.
configure:11771: $? = 1
configure: failed program was:
| /* confdefs.h */
| #define PACKAGE_NAME "iptables"
| #define PACKAGE_TARNAME "iptables"
| #define PACKAGE_VERSION "1.4.20"
| #define PACKAGE_STRING "iptables 1.4.20"
| #define PACKAGE_BUGREPORT ""
| #define PACKAGE_URL ""
| #define PACKAGE "iptables"
| #define VERSION "1.4.20"
| #define STDC_HEADERS 1
| #define HAVE_SYS_TYPES_H 1
| #define HAVE_SYS_STAT_H 1
| #define HAVE_STDLIB_H 1
| #define HAVE_STRING_H 1
| #define HAVE_MEMORY_H 1
| #define HAVE_STRINGS_H 1
| #define HAVE_INTTYPES_H 1
| #define HAVE_STDINT_H 1
| #define HAVE_UNISTD_H 1
| #define HAVE_DLFCN_H 1
| #define LT_OBJDIR ".libs/"
| #define HAVE_LINUX_DCCP_H 1
| #define HAVE_LINUX_IP_VS_H 1
| #define HAVE_LINUX_MAGIC_H 1
| /* end confdefs.h.  */
| #include <stdio.h>
| #ifdef HAVE_SYS_TYPES_H
| # include <sys/types.h>
| #endif
| #ifdef HAVE_SYS_STAT_H
| # include <sys/stat.h>
| #endif
| #ifdef STDC_HEADERS
| # include <stdlib.h>
| # include <stddef.h>
| #else
| # ifdef HAVE_STDLIB_H
| #  include <stdlib.h>
| # endif
| #endif
| #ifdef HAVE_STRING_H
| # if !defined STDC_HEADERS && defined HAVE_MEMORY_H
| #  include <memory.h>
| # endif
| # include <string.h>
| #endif
| #ifdef HAVE_STRINGS_H
| # include <strings.h>
| #endif
| #ifdef HAVE_INTTYPES_H
| # include <inttypes.h>
| #endif
| #ifdef HAVE_STDINT_H
| # include <stdint.h>
| #endif
| #ifdef HAVE_UNISTD_H
| # include <unistd.h>
| #endif
| #include <linux/proc_fs.h>
configure:11771: result: no
configure:11771: checking linux/proc_fs.h presence
configure:11771: /opt/buildroot-gcc463/usr/bin/mipsel-linux-gcc -E  conftest.c
conftest.c:26:27: fatal error: linux/proc_fs.h: No such file or directory
compilation terminated.
configure:11771: $? = 1
configure: failed program was:
| /* confdefs.h */
| #define PACKAGE_NAME "iptables"
| #define PACKAGE_TARNAME "iptables"
| #define PACKAGE_VERSION "1.4.20"
| #define PACKAGE_STRING "iptables 1.4.20"
| #define PACKAGE_BUGREPORT ""
| #define PACKAGE_URL ""
| #define PACKAGE "iptables"
| #define VERSION "1.4.20"
| #define STDC_HEADERS 1
| #define HAVE_SYS_TYPES_H 1
| #define HAVE_SYS_STAT_H 1
| #define HAVE_STDLIB_H 1
| #define HAVE_STRING_H 1
| #define HAVE_MEMORY_H 1
| #define HAVE_STRINGS_H 1
| #define HAVE_INTTYPES_H 1
| #define HAVE_STDINT_H 1
| #define HAVE_UNISTD_H 1
| #define HAVE_DLFCN_H 1
| #define LT_OBJDIR ".libs/"
| #define HAVE_LINUX_DCCP_H 1
| #define HAVE_LINUX_IP_VS_H 1
| #define HAVE_LINUX_MAGIC_H 1
| /* end confdefs.h.  */
| #include <linux/proc_fs.h>
configure:11771: result: no
configure:11771: checking for linux/proc_fs.h
configure:11771: result: no
configure:11795: checking for mipsel-linux-pkg-config
configure:11828: result: no
configure:11838: checking for pkg-config
configure:11856: found /usr/bin/pkg-config
configure:11868: result: /usr/bin/pkg-config
configure:11893: checking pkg-config is at least version 0.9.0
configure:11896: result: yes
configure:11907: checking for libnetfilter_conntrack
configure:11914: $PKG_CONFIG --exists --print-errors "libnetfilter_conntrack >= 1.0.4"
Package libnetfilter_conntrack was not found in the pkg-config search path.
Perhaps you should add the directory containing `libnetfilter_conntrack.pc'
to the PKG_CONFIG_PATH environment variable
No package 'libnetfilter_conntrack' found
configure:11917: $? = 1
configure:11930: $PKG_CONFIG --exists --print-errors "libnetfilter_conntrack >= 1.0.4"
Package libnetfilter_conntrack was not found in the pkg-config search path.
Perhaps you should add the directory containing `libnetfilter_conntrack.pc'
to the PKG_CONFIG_PATH environment variable
No package 'libnetfilter_conntrack' found
configure:11933: $? = 1
No package 'libnetfilter_conntrack' found
configure:11960: result: no
configure:11991: checking size of struct ip6_hdr
configure:11996: /opt/buildroot-gcc463/usr/bin/mipsel-linux-gcc -c   conftest.c >&5
configure:11996: $? = 0
configure:11996: /opt/buildroot-gcc463/usr/bin/mipsel-linux-gcc -c   conftest.c >&5
conftest.c: In function 'main':
conftest.c:31:12: error: size of array 'test_array' is negative
configure:11996: $? = 1
configure: failed program was:
| /* confdefs.h */
| #define PACKAGE_NAME "iptables"
| #define PACKAGE_TARNAME "iptables"
| #define PACKAGE_VERSION "1.4.20"
| #define PACKAGE_STRING "iptables 1.4.20"
| #define PACKAGE_BUGREPORT ""
| #define PACKAGE_URL ""
| #define PACKAGE "iptables"
| #define VERSION "1.4.20"
| #define STDC_HEADERS 1
| #define HAVE_SYS_TYPES_H 1
| #define HAVE_SYS_STAT_H 1
| #define HAVE_STDLIB_H 1
| #define HAVE_STRING_H 1
| #define HAVE_MEMORY_H 1
| #define HAVE_STRINGS_H 1
| #define HAVE_INTTYPES_H 1
| #define HAVE_STDINT_H 1
| #define HAVE_UNISTD_H 1
| #define HAVE_DLFCN_H 1
| #define LT_OBJDIR ".libs/"
| #define HAVE_LINUX_DCCP_H 1
| #define HAVE_LINUX_IP_VS_H 1
| #define HAVE_LINUX_MAGIC_H 1
| /* end confdefs.h.  */
| #include <netinet/ip6.h>
| 
| int
| main ()
| {
| static int test_array [1 - 2 * !(((long int) (sizeof (struct ip6_hdr))) <= 0)];
| test_array [0] = 0
| 
|   ;
|   return 0;
| }
configure:11996: /opt/buildroot-gcc463/usr/bin/mipsel-linux-gcc -c   conftest.c >&5
conftest.c: In function 'main':
conftest.c:31:12: error: size of array 'test_array' is negative
configure:11996: $? = 1
configure: failed program was:
| /* confdefs.h */
| #define PACKAGE_NAME "iptables"
| #define PACKAGE_TARNAME "iptables"
| #define PACKAGE_VERSION "1.4.20"
| #define PACKAGE_STRING "iptables 1.4.20"
| #define PACKAGE_BUGREPORT ""
| #define PACKAGE_URL ""
| #define PACKAGE "iptables"
| #define VERSION "1.4.20"
| #define STDC_HEADERS 1
| #define HAVE_SYS_TYPES_H 1
| #define HAVE_SYS_STAT_H 1
| #define HAVE_STDLIB_H 1
| #define HAVE_STRING_H 1
| #define HAVE_MEMORY_H 1
| #define HAVE_STRINGS_H 1
| #define HAVE_INTTYPES_H 1
| #define HAVE_STDINT_H 1
| #define HAVE_UNISTD_H 1
| #define HAVE_DLFCN_H 1
| #define LT_OBJDIR ".libs/"
| #define HAVE_LINUX_DCCP_H 1
| #define HAVE_LINUX_IP_VS_H 1
| #define HAVE_LINUX_MAGIC_H 1
| /* end confdefs.h.  */
| #include <netinet/ip6.h>
| 
| int
| main ()
| {
| static int test_array [1 - 2 * !(((long int) (sizeof (struct ip6_hdr))) <= 1)];
| test_array [0] = 0
| 
|   ;
|   return 0;
| }
configure:11996: /opt/buildroot-gcc463/usr/bin/mipsel-linux-gcc -c   conftest.c >&5
conftest.c: In function 'main':
conftest.c:31:12: error: size of array 'test_array' is negative
configure:11996: $? = 1
configure: failed program was:
| /* confdefs.h */
| #define PACKAGE_NAME "iptables"
| #define PACKAGE_TARNAME "iptables"
| #define PACKAGE_VERSION "1.4.20"
| #define PACKAGE_STRING "iptables 1.4.20"
| #define PACKAGE_BUGREPORT ""
| #define PACKAGE_URL ""
| #define PACKAGE "iptables"
| #define VERSION "1.4.20"
| #define STDC_HEADERS 1
| #define HAVE_SYS_TYPES_H 1
| #define HAVE_SYS_STAT_H 1
| #define HAVE_STDLIB_H 1
| #define HAVE_STRING_H 1
| #define HAVE_MEMORY_H 1
| #define HAVE_STRINGS_H 1
| #define HAVE_INTTYPES_H 1
| #define HAVE_STDINT_H 1
| #define HAVE_UNISTD_H 1
| #define HAVE_DLFCN_H 1
| #define LT_OBJDIR ".libs/"
| #define HAVE_LINUX_DCCP_H 1
| #define HAVE_LINUX_IP_VS_H 1
| #define HAVE_LINUX_MAGIC_H 1
| /* end confdefs.h.  */
| #include <netinet/ip6.h>
| 
| int
| main ()
| {
| static int test_array [1 - 2 * !(((long int) (sizeof (struct ip6_hdr))) <= 3)];
| test_array [0] = 0
| 
|   ;
|   return 0;
| }
configure:11996: /opt/buildroot-gcc463/usr/bin/mipsel-linux-gcc -c   conftest.c >&5
conftest.c: In function 'main':
conftest.c:31:12: error: size of array 'test_array' is negative
configure:11996: $? = 1
configure: failed program was:
| /* confdefs.h */
| #define PACKAGE_NAME "iptables"
| #define PACKAGE_TARNAME "iptables"
| #define PACKAGE_VERSION "1.4.20"
| #define PACKAGE_STRING "iptables 1.4.20"
| #define PACKAGE_BUGREPORT ""
| #define PACKAGE_URL ""
| #define PACKAGE "iptables"
| #define VERSION "1.4.20"
| #define STDC_HEADERS 1
| #define HAVE_SYS_TYPES_H 1
| #define HAVE_SYS_STAT_H 1
| #define HAVE_STDLIB_H 1
| #define HAVE_STRING_H 1
| #define HAVE_MEMORY_H 1
| #define HAVE_STRINGS_H 1
| #define HAVE_INTTYPES_H 1
| #define HAVE_STDINT_H 1
| #define HAVE_UNISTD_H 1
| #define HAVE_DLFCN_H 1
| #define LT_OBJDIR ".libs/"
| #define HAVE_LINUX_DCCP_H 1
| #define HAVE_LINUX_IP_VS_H 1
| #define HAVE_LINUX_MAGIC_H 1
| /* end confdefs.h.  */
| #include <netinet/ip6.h>
| 
| int
| main ()
| {
| static int test_array [1 - 2 * !(((long int) (sizeof (struct ip6_hdr))) <= 7)];
| test_array [0] = 0
| 
|   ;
|   return 0;
| }
configure:11996: /opt/buildroot-gcc463/usr/bin/mipsel-linux-gcc -c   conftest.c >&5
conftest.c: In function 'main':
conftest.c:31:12: error: size of array 'test_array' is negative
configure:11996: $? = 1
configure: failed program was:
| /* confdefs.h */
| #define PACKAGE_NAME "iptables"
| #define PACKAGE_TARNAME "iptables"
| #define PACKAGE_VERSION "1.4.20"
| #define PACKAGE_STRING "iptables 1.4.20"
| #define PACKAGE_BUGREPORT ""
| #define PACKAGE_URL ""
| #define PACKAGE "iptables"
| #define VERSION "1.4.20"
| #define STDC_HEADERS 1
| #define HAVE_SYS_TYPES_H 1
| #define HAVE_SYS_STAT_H 1
| #define HAVE_STDLIB_H 1
| #define HAVE_STRING_H 1
| #define HAVE_MEMORY_H 1
| #define HAVE_STRINGS_H 1
| #define HAVE_INTTYPES_H 1
| #define HAVE_STDINT_H 1
| #define HAVE_UNISTD_H 1
| #define HAVE_DLFCN_H 1
| #define LT_OBJDIR ".libs/"
| #define HAVE_LINUX_DCCP_H 1
| #define HAVE_LINUX_IP_VS_H 1
| #define HAVE_LINUX_MAGIC_H 1
| /* end confdefs.h.  */
| #include <netinet/ip6.h>
| 
| int
| main ()
| {
| static int test_array [1 - 2 * !(((long int) (sizeof (struct ip6_hdr))) <= 15)];
| test_array [0] = 0
| 
|   ;
|   return 0;
| }
configure:11996: /opt/buildroot-gcc463/usr/bin/mipsel-linux-gcc -c   conftest.c >&5
conftest.c: In function 'main':
conftest.c:31:12: error: size of array 'test_array' is negative
configure:11996: $? = 1
configure: failed program was:
| /* confdefs.h */
| #define PACKAGE_NAME "iptables"
| #define PACKAGE_TARNAME "iptables"
| #define PACKAGE_VERSION "1.4.20"
| #define PACKAGE_STRING "iptables 1.4.20"
| #define PACKAGE_BUGREPORT ""
| #define PACKAGE_URL ""
| #define PACKAGE "iptables"
| #define VERSION "1.4.20"
| #define STDC_HEADERS 1
| #define HAVE_SYS_TYPES_H 1
| #define HAVE_SYS_STAT_H 1
| #define HAVE_STDLIB_H 1
| #define HAVE_STRING_H 1
| #define HAVE_MEMORY_H 1
| #define HAVE_STRINGS_H 1
| #define HAVE_INTTYPES_H 1
| #define HAVE_STDINT_H 1
| #define HAVE_UNISTD_H 1
| #define HAVE_DLFCN_H 1
| #define LT_OBJDIR ".libs/"
| #define HAVE_LINUX_DCCP_H 1
| #define HAVE_LINUX_IP_VS_H 1
| #define HAVE_LINUX_MAGIC_H 1
| /* end confdefs.h.  */
| #include <netinet/ip6.h>
| 
| int
| main ()
| {
| static int test_array [1 - 2 * !(((long int) (sizeof (struct ip6_hdr))) <= 31)];
| test_array [0] = 0
| 
|   ;
|   return 0;
| }
configure:11996: /opt/buildroot-gcc463/usr/bin/mipsel-linux-gcc -c   conftest.c >&5
configure:11996: $? = 0
configure:11996: /opt/buildroot-gcc463/usr/bin/mipsel-linux-gcc -c   conftest.c >&5
configure:11996: $? = 0
configure:11996: /opt/buildroot-gcc463/usr/bin/mipsel-linux-gcc -c   conftest.c >&5
conftest.c: In function 'main':
conftest.c:31:12: error: size of array 'test_array' is negative
configure:11996: $? = 1
configure: failed program was:
| /* confdefs.h */
| #define PACKAGE_NAME "iptables"
| #define PACKAGE_TARNAME "iptables"
| #define PACKAGE_VERSION "1.4.20"
| #define PACKAGE_STRING "iptables 1.4.20"
| #define PACKAGE_BUGREPORT ""
| #define PACKAGE_URL ""
| #define PACKAGE "iptables"
| #define VERSION "1.4.20"
| #define STDC_HEADERS 1
| #define HAVE_SYS_TYPES_H 1
| #define HAVE_SYS_STAT_H 1
| #define HAVE_STDLIB_H 1
| #define HAVE_STRING_H 1
| #define HAVE_MEMORY_H 1
| #define HAVE_STRINGS_H 1
| #define HAVE_INTTYPES_H 1
| #define HAVE_STDINT_H 1
| #define HAVE_UNISTD_H 1
| #define HAVE_DLFCN_H 1
| #define LT_OBJDIR ".libs/"
| #define HAVE_LINUX_DCCP_H 1
| #define HAVE_LINUX_IP_VS_H 1
| #define HAVE_LINUX_MAGIC_H 1
| /* end confdefs.h.  */
| #include <netinet/ip6.h>
| 
| int
| main ()
| {
| static int test_array [1 - 2 * !(((long int) (sizeof (struct ip6_hdr))) <= 39)];
| test_array [0] = 0
| 
|   ;
|   return 0;
| }
configure:11996: /opt/buildroot-gcc463/usr/bin/mipsel-linux-gcc -c   conftest.c >&5
configure:11996: $? = 0
configure:11996: /opt/buildroot-gcc463/usr/bin/mipsel-linux-gcc -c   conftest.c >&5
configure:11996: $? = 0
configure:11996: /opt/buildroot-gcc463/usr/bin/mipsel-linux-gcc -c   conftest.c >&5
configure:11996: $? = 0
configure:12012: result: 40
configure:12140: checking for libnfnetlink
configure:12147: $PKG_CONFIG --exists --print-errors "libnfnetlink >= 1.0"
Package libnfnetlink was not found in the pkg-config search path.
Perhaps you should add the directory containing `libnfnetlink.pc'
to the PKG_CONFIG_PATH environment variable
No package 'libnfnetlink' found
configure:12150: $? = 1
configure:12163: $PKG_CONFIG --exists --print-errors "libnfnetlink >= 1.0"
Package libnfnetlink was not found in the pkg-config search path.
Perhaps you should add the directory containing `libnfnetlink.pc'
to the PKG_CONFIG_PATH environment variable
No package 'libnfnetlink' found
configure:12166: $? = 1
No package 'libnfnetlink' found
configure:12193: result: no
configure:12403: creating ./config.status

## ---------------------- ##
## Running config.status. ##
## ---------------------- ##

This file was extended by iptables config.status 1.4.20, which was
generated by GNU Autoconf 2.65.  Invocation command line was

  CONFIG_FILES    = 
  CONFIG_HEADERS  = 
  CONFIG_LINKS    = 
  CONFIG_COMMANDS = 
  $ ./config.status 

on wireless

config.status:1139: creating Makefile
config.status:1139: creating extensions/GNUmakefile
config.status:1139: creating include/Makefile
config.status:1139: creating iptables/Makefile
config.status:1139: creating iptables/xtables.pc
config.status:1139: creating iptables/iptables.8
config.status:1139: creating iptables/ip6tables.8
config.status:1139: creating iptables/iptables-extensions.8.tmpl
config.status:1139: creating libipq/Makefile
config.status:1139: creating libipq/libipq.pc
config.status:1139: creating libiptc/Makefile
config.status:1139: creating libiptc/libiptc.pc
config.status:1139: creating libiptc/libip4tc.pc
config.status:1139: creating libiptc/libip6tc.pc
config.status:1139: creating libxtables/Makefile
config.status:1139: creating utils/Makefile
config.status:1139: creating include/xtables-version.h
config.status:1139: creating include/iptables/internal.h
config.status:1139: creating config.h
config.status:1311: config.h is unchanged
config.status:1359: executing depfiles commands
config.status:1359: executing libtool commands

## ---------------- ##
## Cache variables. ##
## ---------------- ##

ac_cv_build=i686-pc-linux-gnu
ac_cv_c_compiler_gnu=yes
ac_cv_env_CC_set=set
ac_cv_env_CC_value=/opt/buildroot-gcc463/usr/bin/mipsel-linux-gcc
ac_cv_env_CFLAGS_set=set
ac_cv_env_CFLAGS_value=
ac_cv_env_CPPFLAGS_set=
ac_cv_env_CPPFLAGS_value=
ac_cv_env_CPP_set=
ac_cv_env_CPP_value=
ac_cv_env_LDFLAGS_set=set
ac_cv_env_LDFLAGS_value='-L/home/baifan/dlink_882/trunk/GPL_Code/source/uClibc-0.9.33.2/lib -L/home/baifan/dlink_882/trunk/GPL_Code/source/lib/lib -L/home/baifan/dlink_882/trunk/GPL_Code/source/uClibc-0.9.33.2/lib -L/home/baifan/dlink_882/trunk/GPL_Code/source/lib/lib'
ac_cv_env_LIBS_set=
ac_cv_env_LIBS_value=
ac_cv_env_PKG_CONFIG_set=
ac_cv_env_PKG_CONFIG_value=
ac_cv_env_build_alias_set=
ac_cv_env_build_alias_value=
ac_cv_env_host_alias_set=set
ac_cv_env_host_alias_value=mipsel-linux
ac_cv_env_libnetfilter_conntrack_CFLAGS_set=
ac_cv_env_libnetfilter_conntrack_CFLAGS_value=
ac_cv_env_libnetfilter_conntrack_LIBS_set=
ac_cv_env_libnetfilter_conntrack_LIBS_value=
ac_cv_env_libnfnetlink_CFLAGS_set=
ac_cv_env_libnfnetlink_CFLAGS_value=
ac_cv_env_libnfnetlink_LIBS_set=
ac_cv_env_libnfnetlink_LIBS_value=
ac_cv_env_target_alias_set=
ac_cv_env_target_alias_value=
ac_cv_header_dlfcn_h=yes
ac_cv_header_inttypes_h=yes
ac_cv_header_linux_dccp_h=yes
ac_cv_header_linux_ip_vs_h=yes
ac_cv_header_linux_magic_h=yes
ac_cv_header_linux_proc_fs_h=no
ac_cv_header_memory_h=yes
ac_cv_header_stdc=yes
ac_cv_header_stdint_h=yes
ac_cv_header_stdlib_h=yes
ac_cv_header_string_h=yes
ac_cv_header_strings_h=yes
ac_cv_header_sys_stat_h=yes
ac_cv_header_sys_types_h=yes
ac_cv_header_unistd_h=yes
ac_cv_host=mipsel-unknown-linux-gnu
ac_cv_objext=o
ac_cv_path_EGREP='/bin/grep -E'
ac_cv_path_FGREP='/bin/grep -F'
ac_cv_path_GREP=/bin/grep
ac_cv_path_SED=/bin/sed
ac_cv_path_ac_pt_PKG_CONFIG=/usr/bin/pkg-config
ac_cv_path_install='/usr/bin/install -c'
ac_cv_path_mkdir=/bin/mkdir
ac_cv_prog_AWK=gawk
ac_cv_prog_CC=/opt/buildroot-gcc463/usr/bin/mipsel-linux-gcc
ac_cv_prog_CPP='/opt/buildroot-gcc463/usr/bin/mipsel-linux-gcc -E'
ac_cv_prog_STRIP=strip
ac_cv_prog_ac_ct_AR=ar
ac_cv_prog_ac_ct_DUMPBIN='link -dump'
ac_cv_prog_ac_ct_OBJDUMP=objdump
ac_cv_prog_ac_ct_RANLIB=ranlib
ac_cv_prog_ac_ct_STRIP=strip
ac_cv_prog_cc__opt_buildroot_gcc463_usr_bin_mipsel_linux_gcc_c_o=yes
ac_cv_prog_cc_c89=
ac_cv_prog_cc_g=yes
ac_cv_prog_make_make_set=yes
ac_cv_sizeof_struct_ip6_hdr=40
am_cv_CC_dependencies_compiler_type=gcc3
ax_cv_linker_flags__Wl___no_as_needed=yes
lt_cv_ar_at_file=@
lt_cv_deplibs_check_method=pass_all
lt_cv_file_magic_cmd='$MAGIC_CMD'
lt_cv_file_magic_test_file=
lt_cv_ld_reload_flag=-r
lt_cv_nm_interface='BSD nm'
lt_cv_objdir=.libs
lt_cv_path_LD=/opt/buildroot-gcc463/usr/bin/mipsel-linux-ld
lt_cv_path_NM=no
lt_cv_path_mainfest_tool=no
lt_cv_prog_compiler_c_o=yes
lt_cv_prog_compiler_pic='-fPIC -DPIC'
lt_cv_prog_compiler_pic_works=yes
lt_cv_prog_compiler_rtti_exceptions=no
lt_cv_prog_compiler_static_works=yes
lt_cv_prog_gnu_ld=yes
lt_cv_sharedlib_from_linklib_cmd='printf %s\n'
lt_cv_shlibpath_overrides_runpath=no
lt_cv_sys_global_symbol_pipe='sed -n -e '\''s/^.*[	 ]\([ABCDGIRSTW][ABCDGIRSTW]*\)[	 ][	 ]*\([_A-Za-z][_A-Za-z0-9]*\)$/\1 \2 \2/p'\'' | sed '\''/ __gnu_lto/d'\'''
lt_cv_sys_global_symbol_to_c_name_address='sed -n -e '\''s/^: \([^ ]*\)[ ]*$/  {\"\1\", (void *) 0},/p'\'' -e '\''s/^[ABCDGIRSTW]* \([^ ]*\) \([^ ]*\)$/  {"\2", (void *) \&\2},/p'\'''
lt_cv_sys_global_symbol_to_c_name_address_lib_prefix='sed -n -e '\''s/^: \([^ ]*\)[ ]*$/  {\"\1\", (void *) 0},/p'\'' -e '\''s/^[ABCDGIRSTW]* \([^ ]*\) \(lib[^ ]*\)$/  {"\2", (void *) \&\2},/p'\'' -e '\''s/^[ABCDGIRSTW]* \([^ ]*\) \([^ ]*\)$/  {"lib\2", (void *) \&\2},/p'\'''
lt_cv_sys_global_symbol_to_cdecl='sed -n -e '\''s/^T .* \(.*\)$/extern int \1();/p'\'' -e '\''s/^[ABCDGIRSTW]* .* \(.*\)$/extern char \1;/p'\'''
lt_cv_sys_max_cmd_len=1966080
lt_cv_to_host_file_cmd=func_convert_file_noop
lt_cv_to_tool_file_cmd=func_convert_file_noop

## ----------------- ##
## Output variables. ##
## ----------------- ##

ACLOCAL='${SHELL} /home/baifan/dlink_882/trunk/GPL_Code/source/user/iptables-1.4.20_ext/build-aux/missing --run aclocal-1.11'
AMDEPBACKSLASH='\'
AMDEP_FALSE='#'
AMDEP_TRUE=''
AMTAR='${SHELL} /home/baifan/dlink_882/trunk/GPL_Code/source/user/iptables-1.4.20_ext/build-aux/missing --run tar'
AR='ar'
AUTOCONF='${SHELL} /home/baifan/dlink_882/trunk/GPL_Code/source/user/iptables-1.4.20_ext/build-aux/missing --run autoconf'
AUTOHEADER='${SHELL} /home/baifan/dlink_882/trunk/GPL_Code/source/user/iptables-1.4.20_ext/build-aux/missing --run autoheader'
AUTOMAKE='${SHELL} /home/baifan/dlink_882/trunk/GPL_Code/source/user/iptables-1.4.20_ext/build-aux/missing --run automake-1.11'
AWK='gawk'
CC='/opt/buildroot-gcc463/usr/bin/mipsel-linux-gcc'
CCDEPMODE='depmode=gcc3'
CFLAGS=''
CPP='/opt/buildroot-gcc463/usr/bin/mipsel-linux-gcc -E'
CPPFLAGS=''
CYGPATH_W='echo'
DEFS='-DHAVE_CONFIG_H'
DEPDIR='.deps'
DLLTOOL='false'
DSYMUTIL=''
DUMPBIN=':'
ECHO_C=''
ECHO_N='-n'
ECHO_T=''
EGREP='/bin/grep -E'
ENABLE_BPFC_FALSE=''
ENABLE_BPFC_TRUE='#'
ENABLE_DEVEL_FALSE='#'
ENABLE_DEVEL_TRUE=''
ENABLE_IPV4_FALSE='#'
ENABLE_IPV4_TRUE=''
ENABLE_IPV6_FALSE='#'
ENABLE_IPV6_TRUE=''
ENABLE_LARGEFILE_FALSE='#'
ENABLE_LARGEFILE_TRUE=''
ENABLE_LIBIPQ_FALSE=''
ENABLE_LIBIPQ_TRUE='#'
ENABLE_SHARED_FALSE=''
ENABLE_SHARED_TRUE='#'
ENABLE_STATIC_FALSE='#'
ENABLE_STATIC_TRUE=''
EXEEXT=''
FGREP='/bin/grep -F'
GREP='/bin/grep'
HAVE_LIBNETFILTER_CONNTRACK_FALSE=''
HAVE_LIBNETFILTER_CONNTRACK_TRUE='#'
HAVE_LIBNFNETLINK_FALSE=''
HAVE_LIBNFNETLINK_TRUE='#'
INSTALL_DATA='${INSTALL} -m 644'
INSTALL_PROGRAM='${INSTALL}'
INSTALL_SCRIPT='${INSTALL}'
INSTALL_STRIP_PROGRAM='$(install_sh) -c -s'
LD='/opt/buildroot-gcc463/usr/bin/mipsel-linux-ld'
LDFLAGS='-L/home/baifan/dlink_882/trunk/GPL_Code/source/uClibc-0.9.33.2/lib -L/home/baifan/dlink_882/trunk/GPL_Code/source/lib/lib -L/home/baifan/dlink_882/trunk/GPL_Code/source/uClibc-0.9.33.2/lib -L/home/baifan/dlink_882/trunk/GPL_Code/source/lib/lib'
LIBOBJS=''
LIBS=''
LIBTOOL='$(SHELL) $(top_builddir)/libtool'
LIPO=''
LN_S='ln -s'
LTLIBOBJS=''
MAKEINFO='${SHELL} /home/baifan/dlink_882/trunk/GPL_Code/source/user/iptables-1.4.20_ext/build-aux/missing --run makeinfo'
MANIFEST_TOOL=':'
MKDIR_P='/bin/mkdir -p'
NM='nm'
NMEDIT=''
OBJDUMP='objdump'
OBJEXT='o'
OTOOL64=''
OTOOL=''
PACKAGE='iptables'
PACKAGE_BUGREPORT=''
PACKAGE_NAME='iptables'
PACKAGE_STRING='iptables 1.4.20'
PACKAGE_TARNAME='iptables'
PACKAGE_URL=''
PACKAGE_VERSION='1.4.20'
PATH_SEPARATOR=':'
PKG_CONFIG='/usr/bin/pkg-config'
RANLIB='ranlib'
SED='/bin/sed'
SET_MAKE=''
SHELL='/bin/sh'
STRIP='strip'
VERSION='1.4.20'
ac_ct_AR='ar'
ac_ct_CC=''
ac_ct_DUMPBIN='link -dump'
am__EXEEXT_FALSE=''
am__EXEEXT_TRUE='#'
am__fastdepCC_FALSE='#'
am__fastdepCC_TRUE=''
am__include='include'
am__isrc=''
am__leading_dot='.'
am__quote=''
am__tar='${AMTAR} chof - "$$tardir"'
am__untar='${AMTAR} xf -'
bindir='${exec_prefix}/bin'
blacklist_modules=' connlabel'
build='i686-pc-linux-gnu'
build_alias=''
build_cpu='i686'
build_os='linux-gnu'
build_vendor='pc'
datadir='${datarootdir}'
datarootdir='${prefix}/share'
docdir='${datarootdir}/doc/${PACKAGE_TARNAME}'
dvidir='${docdir}'
exec_prefix='${prefix}'
host='mipsel-unknown-linux-gnu'
host_alias='mipsel-linux'
host_cpu='mipsel'
host_os='linux-gnu'
host_vendor='unknown'
htmldir='${docdir}'
includedir='${prefix}/include'
infodir='${datarootdir}/info'
install_sh='${SHELL} /home/baifan/dlink_882/trunk/GPL_Code/source/user/iptables-1.4.20_ext/build-aux/install-sh'
kbuilddir=''
kinclude_CPPFLAGS=''
ksourcedir=''
libdir='${exec_prefix}/lib'
libexecdir='${exec_prefix}/libexec'
libiptc_LDFLAGS2='-Wl,--no-as-needed'
libnetfilter_conntrack_CFLAGS=''
libnetfilter_conntrack_LIBS=''
libnfnetlink_CFLAGS=''
libnfnetlink_LIBS=''
libxtables_vage='0'
libxtables_vcurrent='10'
libxtables_vmajor='10'
localedir='${datarootdir}/locale'
localstatedir='${prefix}/var'
mandir='${datarootdir}/man'
mkdir_p='/bin/mkdir -p'
noundef_LDFLAGS='-Wl,--no-undefined'
oldincludedir='/usr/include'
pdfdir='${docdir}'
pkgconfigdir='${libdir}/pkgconfig'
pkgdatadir='${datadir}/xtables'
prefix='/usr/local'
program_transform_name='s,x,x,'
psdir='${docdir}'
regular_CFLAGS='-Wall -Waggregate-return -Wmissing-declarations 	-Wmissing-prototypes -Wredundant-decls -Wshadow -Wstrict-prototypes 	-Winline -pipe'
regular_CPPFLAGS='-D_LARGEFILE_SOURCE=1 -D_LARGE_FILES -D_FILE_OFFSET_BITS=64 -D_REENTRANT 	-DXTABLES_LIBDIR=\"${xtlibdir}\" -DXTABLES_INTERNAL'
sbindir='${exec_prefix}/sbin'
sharedstatedir='${prefix}/com'
sysconfdir='${prefix}/etc'
target_alias=''
xtlibdir='${exec_prefix}/lib/xtables'

## ----------- ##
## confdefs.h. ##
## ----------- ##

/* confdefs.h */
#define PACKAGE_NAME "iptables"
#define PACKAGE_TARNAME "iptables"
#define PACKAGE_VERSION "1.4.20"
#define PACKAGE_STRING "iptables 1.4.20"
#define PACKAGE_BUGREPORT ""
#define PACKAGE_URL ""
#define PACKAGE "iptables"
#define VERSION "1.4.20"
#define STDC_HEADERS 1
#define HAVE_SYS_TYPES_H 1
#define HAVE_SYS_STAT_H 1
#define HAVE_STDLIB_H 1
#define HAVE_STRING_H 1
#define HAVE_MEMORY_H 1
#define HAVE_STRINGS_H 1
#define HAVE_INTTYPES_H 1
#define HAVE_STDINT_H 1
#define HAVE_UNISTD_H 1
#define HAVE_DLFCN_H 1
#define LT_OBJDIR ".libs/"
#define HAVE_LINUX_DCCP_H 1
#define HAVE_LINUX_IP_VS_H 1
#define HAVE_LINUX_MAGIC_H 1
#define SIZEOF_STRUCT_IP6_HDR 40

configure: exit 0
