This file contains any messages produced by compilers while
running configure, to aid debugging if configure makes a mistake.

It was created by MPEG Audio Decoder configure 0.15.1b, which was
generated by GNU Autoconf 2.59.  Invocation command line was

  $ ./configure --host=mipsel-linux --prefix=/opt/buildroot-gdb/bin --enable-static --disable-shared --enable-speed --disable-debugging --enable-sso

## --------- ##
## Platform. ##
## --------- ##

hostname = compiler
uname -m = x86_64
uname -r = 2.6.18-1.2798.fc6
uname -s = Linux
uname -v = #1 SMP Mon Oct 16 14:39:22 EDT 2006

/usr/bin/uname -p = unknown
/bin/uname -X     = unknown

/bin/arch              = x86_64
/usr/bin/arch -k       = unknown
/usr/convex/getsysinfo = unknown
hostinfo               = unknown
/bin/machine           = unknown
/usr/bin/oslevel       = unknown
/bin/universe          = unknown

PATH: /opt/buildroot-gdb/bin
PATH: /sbin
PATH: /usr/sbin
PATH: /usr/kerberos/bin
PATH: /usr/local/bin
PATH: /bin
PATH: /usr/bin
PATH: /opt/surfmilo/cross-dev/usr/bin
PATH: /opt/sde6/bin
PATH: /home/qwert/cvs/projects/RT2883/RT288x_SDK/source/tools


## ----------- ##
## Core tests. ##
## ----------- ##

configure:1577: checking for a BSD-compatible install
configure:1632: result: /usr/bin/install -c
configure:1643: checking whether build environment is sane
configure:1686: result: yes
configure:1743: checking for gawk
configure:1759: found /bin/gawk
configure:1769: result: gawk
configure:1779: checking whether make sets $(MAKE)
configure:1799: result: yes
configure:1878: checking for mipsel-linux-strip
configure:1904: result: /opt/buildroot-gdb/bin/mipsel-linux-uclibc-strip
configure:1974: checking build system type
configure:1992: result: x86_64-unknown-linux-gnu
configure:2000: checking host system type
configure:2014: result: mipsel-unknown-linux-gnu
configure:2032: checking for mipsel-linux-gcc
configure:2058: result: mipsel-linux-gcc
configure:2340: checking for C compiler version
configure:2343: mipsel-linux-gcc --version </dev/null >&5
mipsel-linux-gcc (GCC) 3.3.6
Copyright (C) 2003 Free Software Foundation, Inc.
This is free software; see the source for copying conditions.  There is NO
warranty; not even for MERCHANTABILITY or FITNESS FOR A PARTICULAR PURPOSE.

configure:2346: $? = 0
configure:2348: mipsel-linux-gcc -v </dev/null >&5
Reading specs from /opt/buildroot-gdb/lib/gcc-lib/mipsel-linux-uclibc/3.3.6/specs
Configured with: /home/steven/ic+/RT288x_SDK/toolchain/buildroot/toolchain_build_mipsel/gcc-3.3.6/configure --prefix=/opt/buildroot-gdb --build=x86_64-pc-linux-gnu --host=x86_64-pc-linux-gnu --target=mipsel-linux-uclibc --enable-languages=c,c++ --disable-__cxa_atexit --enable-target-optspace --with-gnu-ld --disable-shared --disable-nls --enable-threads --enable-multilib --enable-sjlj-exceptions
Thread model: posix
gcc version 3.3.6
configure:2351: $? = 0
configure:2353: mipsel-linux-gcc -V </dev/null >&5
mipsel-linux-gcc: `-V' option must have argument
configure:2356: $? = 1
configure:2379: checking for C compiler default output file name
configure:2382: mipsel-linux-gcc -O2 -fomit-frame-pointer -pipe  -Dlinux -D__linux__ -Dunix -DEMBED -I/home/qwert/cvs/projects/RT2883/RT288x_SDK/source/lib/include -I/home/qwert/cvs/projects/RT2883/RT288x_SDK/source  -I./libavcodec -I./libavformat -Wdisabled-optimization -I. -I. -I./libavutil -Wall -Wno-switch -Wpointer-arith -Wredundant-decls -O4 -march=r4kc -mtune=r4kc -pipe -ffast-math -fomit-frame-pointer -D_REENTRANT -I/usr/include/SDL  -D_REENTRANT    -Wl,--fatal-warnings -L/home/qwert/cvs/projects/RT2883/RT288x_SDK/source/lib/lib -Wl,--fatal-warnings -L/home/qwert/cvs/projects/RT2883/RT288x_SDK/source/lib/lib conftest.c  >&5
configure:2385: $? = 0
configure:2431: result: a.out
configure:2436: checking whether the C compiler works
configure:2442: ./a.out
./configure: line 2443: ./a.out: cannot execute binary file
configure:2445: $? = 126
configure:2462: result: yes
configure:2469: checking whether we are cross compiling
configure:2471: result: yes
configure:2474: checking for suffix of executables
configure:2476: mipsel-linux-gcc -o conftest -O2 -fomit-frame-pointer -pipe  -Dlinux -D__linux__ -Dunix -DEMBED -I/home/qwert/cvs/projects/RT2883/RT288x_SDK/source/lib/include -I/home/qwert/cvs/projects/RT2883/RT288x_SDK/source  -I./libavcodec -I./libavformat -Wdisabled-optimization -I. -I. -I./libavutil -Wall -Wno-switch -Wpointer-arith -Wredundant-decls -O4 -march=r4kc -mtune=r4kc -pipe -ffast-math -fomit-frame-pointer -D_REENTRANT -I/usr/include/SDL  -D_REENTRANT    -Wl,--fatal-warnings -L/home/qwert/cvs/projects/RT2883/RT288x_SDK/source/lib/lib -Wl,--fatal-warnings -L/home/qwert/cvs/projects/RT2883/RT288x_SDK/source/lib/lib conftest.c  >&5
configure:2479: $? = 0
configure:2504: result: 
configure:2510: checking for suffix of object files
configure:2531: mipsel-linux-gcc -c -O2 -fomit-frame-pointer -pipe  -Dlinux -D__linux__ -Dunix -DEMBED -I/home/qwert/cvs/projects/RT2883/RT288x_SDK/source/lib/include -I/home/qwert/cvs/projects/RT2883/RT288x_SDK/source  -I./libavcodec -I./libavformat -Wdisabled-optimization -I. -I. -I./libavutil -Wall -Wno-switch -Wpointer-arith -Wredundant-decls -O4 -march=r4kc -mtune=r4kc -pipe -ffast-math -fomit-frame-pointer -D_REENTRANT -I/usr/include/SDL  -D_REENTRANT    conftest.c >&5
configure:2534: $? = 0
configure:2556: result: o
configure:2560: checking whether we are using the GNU C compiler
configure:2584: mipsel-linux-gcc -c -O2 -fomit-frame-pointer -pipe  -Dlinux -D__linux__ -Dunix -DEMBED -I/home/qwert/cvs/projects/RT2883/RT288x_SDK/source/lib/include -I/home/qwert/cvs/projects/RT2883/RT288x_SDK/source  -I./libavcodec -I./libavformat -Wdisabled-optimization -I. -I. -I./libavutil -Wall -Wno-switch -Wpointer-arith -Wredundant-decls -O4 -march=r4kc -mtune=r4kc -pipe -ffast-math -fomit-frame-pointer -D_REENTRANT -I/usr/include/SDL  -D_REENTRANT    conftest.c >&5
configure:2590: $? = 0
configure:2593: test -z 			 || test ! -s conftest.err
configure:2596: $? = 0
configure:2599: test -s conftest.o
configure:2602: $? = 0
configure:2615: result: yes
configure:2621: checking whether mipsel-linux-gcc accepts -g
configure:2642: mipsel-linux-gcc -c -g  conftest.c >&5
configure:2648: $? = 0
configure:2651: test -z 			 || test ! -s conftest.err
configure:2654: $? = 0
configure:2657: test -s conftest.o
configure:2660: $? = 0
configure:2671: result: yes
configure:2688: checking for mipsel-linux-gcc option to accept ANSI C
configure:2758: mipsel-linux-gcc  -c -O2 -fomit-frame-pointer -pipe  -Dlinux -D__linux__ -Dunix -DEMBED -I/home/qwert/cvs/projects/RT2883/RT288x_SDK/source/lib/include -I/home/qwert/cvs/projects/RT2883/RT288x_SDK/source  -I./libavcodec -I./libavformat -Wdisabled-optimization -I. -I. -I./libavutil -Wall -Wno-switch -Wpointer-arith -Wredundant-decls -O4 -march=r4kc -mtune=r4kc -pipe -ffast-math -fomit-frame-pointer -D_REENTRANT -I/usr/include/SDL  -D_REENTRANT    conftest.c >&5
configure:2764: $? = 0
configure:2767: test -z 			 || test ! -s conftest.err
configure:2770: $? = 0
configure:2773: test -s conftest.o
configure:2776: $? = 0
configure:2794: result: none needed
configure:2812: mipsel-linux-gcc -c -O2 -fomit-frame-pointer -pipe  -Dlinux -D__linux__ -Dunix -DEMBED -I/home/qwert/cvs/projects/RT2883/RT288x_SDK/source/lib/include -I/home/qwert/cvs/projects/RT2883/RT288x_SDK/source  -I./libavcodec -I./libavformat -Wdisabled-optimization -I. -I. -I./libavutil -Wall -Wno-switch -Wpointer-arith -Wredundant-decls -O4 -march=r4kc -mtune=r4kc -pipe -ffast-math -fomit-frame-pointer -D_REENTRANT -I/usr/include/SDL  -D_REENTRANT    conftest.c >&5
conftest.c:2: error: syntax error before "me"
configure:2818: $? = 1
configure: failed program was:
| #ifndef __cplusplus
|   choke me
| #endif
configure:2959: checking for style of include used by make
configure:2987: result: GNU
configure:3015: checking dependency style of mipsel-linux-gcc
configure:3098: result: gcc3
configure:3210: checking for a sed that does not truncate output
configure:3264: result: /bin/sed
configure:3267: checking for egrep
configure:3277: result: grep -E
configure:3293: checking for ld used by mipsel-linux-gcc
configure:3360: result: /opt/buildroot-gdb/bin/mipsel-linux-uclibc-ld
configure:3369: checking if the linker (/opt/buildroot-gdb/bin/mipsel-linux-uclibc-ld) is GNU ld
configure:3384: result: yes
configure:3389: checking for /opt/buildroot-gdb/bin/mipsel-linux-uclibc-ld option to reload object files
configure:3396: result: -r
configure:3405: checking for BSD-compatible nm
configure:3447: result: /opt/buildroot-gdb/bin/mipsel-linux-nm -B
configure:3451: checking whether ln -s works
configure:3455: result: yes
configure:3462: checking how to recognise dependent libraries
configure:3636: result: pass_all
configure:3849: checking how to run the C preprocessor
configure:3884: mipsel-linux-gcc -E  conftest.c
configure:3890: $? = 0
configure:3922: mipsel-linux-gcc -E  conftest.c
conftest.c:11:28: ac_nonexistent.h: No such file or directory
configure:3928: $? = 1
configure: failed program was:
| /* confdefs.h.  */
| 
| #define PACKAGE_NAME "MPEG Audio Decoder"
| #define PACKAGE_TARNAME "libmad"
| #define PACKAGE_VERSION "0.15.1b"
| #define PACKAGE_STRING "MPEG Audio Decoder 0.15.1b"
| #define PACKAGE_BUGREPORT "support@underbit.com"
| #define PACKAGE "libmad"
| #define VERSION "0.15.1b"
| /* end confdefs.h.  */
| #include <ac_nonexistent.h>
configure:3967: result: mipsel-linux-gcc -E
configure:3991: mipsel-linux-gcc -E  conftest.c
configure:3997: $? = 0
configure:4029: mipsel-linux-gcc -E  conftest.c
conftest.c:11:28: ac_nonexistent.h: No such file or directory
configure:4035: $? = 1
configure: failed program was:
| /* confdefs.h.  */
| 
| #define PACKAGE_NAME "MPEG Audio Decoder"
| #define PACKAGE_TARNAME "libmad"
| #define PACKAGE_VERSION "0.15.1b"
| #define PACKAGE_STRING "MPEG Audio Decoder 0.15.1b"
| #define PACKAGE_BUGREPORT "support@underbit.com"
| #define PACKAGE "libmad"
| #define VERSION "0.15.1b"
| /* end confdefs.h.  */
| #include <ac_nonexistent.h>
configure:4079: checking for ANSI C header files
configure:4104: mipsel-linux-gcc -c -O2 -fomit-frame-pointer -pipe  -Dlinux -D__linux__ -Dunix -DEMBED -I/home/qwert/cvs/projects/RT2883/RT288x_SDK/source/lib/include -I/home/qwert/cvs/projects/RT2883/RT288x_SDK/source  -I./libavcodec -I./libavformat -Wdisabled-optimization -I. -I. -I./libavutil -Wall -Wno-switch -Wpointer-arith -Wredundant-decls -O4 -march=r4kc -mtune=r4kc -pipe -ffast-math -fomit-frame-pointer -D_REENTRANT -I/usr/include/SDL  -D_REENTRANT    conftest.c >&5
configure:4110: $? = 0
configure:4113: test -z 			 || test ! -s conftest.err
configure:4116: $? = 0
configure:4119: test -s conftest.o
configure:4122: $? = 0
configure:4234: result: yes
configure:4258: checking for sys/types.h
configure:4274: mipsel-linux-gcc -c -O2 -fomit-frame-pointer -pipe  -Dlinux -D__linux__ -Dunix -DEMBED -I/home/qwert/cvs/projects/RT2883/RT288x_SDK/source/lib/include -I/home/qwert/cvs/projects/RT2883/RT288x_SDK/source  -I./libavcodec -I./libavformat -Wdisabled-optimization -I. -I. -I./libavutil -Wall -Wno-switch -Wpointer-arith -Wredundant-decls -O4 -march=r4kc -mtune=r4kc -pipe -ffast-math -fomit-frame-pointer -D_REENTRANT -I/usr/include/SDL  -D_REENTRANT    conftest.c >&5
configure:4280: $? = 0
configure:4283: test -z 			 || test ! -s conftest.err
configure:4286: $? = 0
configure:4289: test -s conftest.o
configure:4292: $? = 0
configure:4303: result: yes
configure:4258: checking for sys/stat.h
configure:4274: mipsel-linux-gcc -c -O2 -fomit-frame-pointer -pipe  -Dlinux -D__linux__ -Dunix -DEMBED -I/home/qwert/cvs/projects/RT2883/RT288x_SDK/source/lib/include -I/home/qwert/cvs/projects/RT2883/RT288x_SDK/source  -I./libavcodec -I./libavformat -Wdisabled-optimization -I. -I. -I./libavutil -Wall -Wno-switch -Wpointer-arith -Wredundant-decls -O4 -march=r4kc -mtune=r4kc -pipe -ffast-math -fomit-frame-pointer -D_REENTRANT -I/usr/include/SDL  -D_REENTRANT    conftest.c >&5
configure:4280: $? = 0
configure:4283: test -z 			 || test ! -s conftest.err
configure:4286: $? = 0
configure:4289: test -s conftest.o
configure:4292: $? = 0
configure:4303: result: yes
configure:4258: checking for stdlib.h
configure:4274: mipsel-linux-gcc -c -O2 -fomit-frame-pointer -pipe  -Dlinux -D__linux__ -Dunix -DEMBED -I/home/qwert/cvs/projects/RT2883/RT288x_SDK/source/lib/include -I/home/qwert/cvs/projects/RT2883/RT288x_SDK/source  -I./libavcodec -I./libavformat -Wdisabled-optimization -I. -I. -I./libavutil -Wall -Wno-switch -Wpointer-arith -Wredundant-decls -O4 -march=r4kc -mtune=r4kc -pipe -ffast-math -fomit-frame-pointer -D_REENTRANT -I/usr/include/SDL  -D_REENTRANT    conftest.c >&5
configure:4280: $? = 0
configure:4283: test -z 			 || test ! -s conftest.err
configure:4286: $? = 0
configure:4289: test -s conftest.o
configure:4292: $? = 0
configure:4303: result: yes
configure:4258: checking for string.h
configure:4274: mipsel-linux-gcc -c -O2 -fomit-frame-pointer -pipe  -Dlinux -D__linux__ -Dunix -DEMBED -I/home/qwert/cvs/projects/RT2883/RT288x_SDK/source/lib/include -I/home/qwert/cvs/projects/RT2883/RT288x_SDK/source  -I./libavcodec -I./libavformat -Wdisabled-optimization -I. -I. -I./libavutil -Wall -Wno-switch -Wpointer-arith -Wredundant-decls -O4 -march=r4kc -mtune=r4kc -pipe -ffast-math -fomit-frame-pointer -D_REENTRANT -I/usr/include/SDL  -D_REENTRANT    conftest.c >&5
configure:4280: $? = 0
configure:4283: test -z 			 || test ! -s conftest.err
configure:4286: $? = 0
configure:4289: test -s conftest.o
configure:4292: $? = 0
configure:4303: result: yes
configure:4258: checking for memory.h
configure:4274: mipsel-linux-gcc -c -O2 -fomit-frame-pointer -pipe  -Dlinux -D__linux__ -Dunix -DEMBED -I/home/qwert/cvs/projects/RT2883/RT288x_SDK/source/lib/include -I/home/qwert/cvs/projects/RT2883/RT288x_SDK/source  -I./libavcodec -I./libavformat -Wdisabled-optimization -I. -I. -I./libavutil -Wall -Wno-switch -Wpointer-arith -Wredundant-decls -O4 -march=r4kc -mtune=r4kc -pipe -ffast-math -fomit-frame-pointer -D_REENTRANT -I/usr/include/SDL  -D_REENTRANT    conftest.c >&5
configure:4280: $? = 0
configure:4283: test -z 			 || test ! -s conftest.err
configure:4286: $? = 0
configure:4289: test -s conftest.o
configure:4292: $? = 0
configure:4303: result: yes
configure:4258: checking for strings.h
configure:4274: mipsel-linux-gcc -c -O2 -fomit-frame-pointer -pipe  -Dlinux -D__linux__ -Dunix -DEMBED -I/home/qwert/cvs/projects/RT2883/RT288x_SDK/source/lib/include -I/home/qwert/cvs/projects/RT2883/RT288x_SDK/source  -I./libavcodec -I./libavformat -Wdisabled-optimization -I. -I. -I./libavutil -Wall -Wno-switch -Wpointer-arith -Wredundant-decls -O4 -march=r4kc -mtune=r4kc -pipe -ffast-math -fomit-frame-pointer -D_REENTRANT -I/usr/include/SDL  -D_REENTRANT    conftest.c >&5
configure:4280: $? = 0
configure:4283: test -z 			 || test ! -s conftest.err
configure:4286: $? = 0
configure:4289: test -s conftest.o
configure:4292: $? = 0
configure:4303: result: yes
configure:4258: checking for inttypes.h
configure:4274: mipsel-linux-gcc -c -O2 -fomit-frame-pointer -pipe  -Dlinux -D__linux__ -Dunix -DEMBED -I/home/qwert/cvs/projects/RT2883/RT288x_SDK/source/lib/include -I/home/qwert/cvs/projects/RT2883/RT288x_SDK/source  -I./libavcodec -I./libavformat -Wdisabled-optimization -I. -I. -I./libavutil -Wall -Wno-switch -Wpointer-arith -Wredundant-decls -O4 -march=r4kc -mtune=r4kc -pipe -ffast-math -fomit-frame-pointer -D_REENTRANT -I/usr/include/SDL  -D_REENTRANT    conftest.c >&5
configure:4280: $? = 0
configure:4283: test -z 			 || test ! -s conftest.err
configure:4286: $? = 0
configure:4289: test -s conftest.o
configure:4292: $? = 0
configure:4303: result: yes
configure:4258: checking for stdint.h
configure:4274: mipsel-linux-gcc -c -O2 -fomit-frame-pointer -pipe  -Dlinux -D__linux__ -Dunix -DEMBED -I/home/qwert/cvs/projects/RT2883/RT288x_SDK/source/lib/include -I/home/qwert/cvs/projects/RT2883/RT288x_SDK/source  -I./libavcodec -I./libavformat -Wdisabled-optimization -I. -I. -I./libavutil -Wall -Wno-switch -Wpointer-arith -Wredundant-decls -O4 -march=r4kc -mtune=r4kc -pipe -ffast-math -fomit-frame-pointer -D_REENTRANT -I/usr/include/SDL  -D_REENTRANT    conftest.c >&5
configure:4280: $? = 0
configure:4283: test -z 			 || test ! -s conftest.err
configure:4286: $? = 0
configure:4289: test -s conftest.o
configure:4292: $? = 0
configure:4303: result: yes
configure:4258: checking for unistd.h
configure:4274: mipsel-linux-gcc -c -O2 -fomit-frame-pointer -pipe  -Dlinux -D__linux__ -Dunix -DEMBED -I/home/qwert/cvs/projects/RT2883/RT288x_SDK/source/lib/include -I/home/qwert/cvs/projects/RT2883/RT288x_SDK/source  -I./libavcodec -I./libavformat -Wdisabled-optimization -I. -I. -I./libavutil -Wall -Wno-switch -Wpointer-arith -Wredundant-decls -O4 -march=r4kc -mtune=r4kc -pipe -ffast-math -fomit-frame-pointer -D_REENTRANT -I/usr/include/SDL  -D_REENTRANT    conftest.c >&5
configure:4280: $? = 0
configure:4283: test -z 			 || test ! -s conftest.err
configure:4286: $? = 0
configure:4289: test -s conftest.o
configure:4292: $? = 0
configure:4303: result: yes
configure:4329: checking dlfcn.h usability
configure:4341: mipsel-linux-gcc -c -O2 -fomit-frame-pointer -pipe  -Dlinux -D__linux__ -Dunix -DEMBED -I/home/qwert/cvs/projects/RT2883/RT288x_SDK/source/lib/include -I/home/qwert/cvs/projects/RT2883/RT288x_SDK/source  -I./libavcodec -I./libavformat -Wdisabled-optimization -I. -I. -I./libavutil -Wall -Wno-switch -Wpointer-arith -Wredundant-decls -O4 -march=r4kc -mtune=r4kc -pipe -ffast-math -fomit-frame-pointer -D_REENTRANT -I/usr/include/SDL  -D_REENTRANT    conftest.c >&5
configure:4347: $? = 0
configure:4350: test -z 			 || test ! -s conftest.err
configure:4353: $? = 0
configure:4356: test -s conftest.o
configure:4359: $? = 0
configure:4369: result: yes
configure:4373: checking dlfcn.h presence
configure:4383: mipsel-linux-gcc -E  conftest.c
configure:4389: $? = 0
configure:4409: result: yes
configure:4444: checking for dlfcn.h
configure:4451: result: yes
configure:4474: checking for mipsel-linux-g++
configure:4500: result: mipsel-linux-gcc
configure:4558: checking for C++ compiler version
configure:4561: mipsel-linux-gcc --version </dev/null >&5
mipsel-linux-gcc (GCC) 3.3.6
Copyright (C) 2003 Free Software Foundation, Inc.
This is free software; see the source for copying conditions.  There is NO
warranty; not even for MERCHANTABILITY or FITNESS FOR A PARTICULAR PURPOSE.

configure:4564: $? = 0
configure:4566: mipsel-linux-gcc -v </dev/null >&5
Reading specs from /opt/buildroot-gdb/lib/gcc-lib/mipsel-linux-uclibc/3.3.6/specs
Configured with: /home/steven/ic+/RT288x_SDK/toolchain/buildroot/toolchain_build_mipsel/gcc-3.3.6/configure --prefix=/opt/buildroot-gdb --build=x86_64-pc-linux-gnu --host=x86_64-pc-linux-gnu --target=mipsel-linux-uclibc --enable-languages=c,c++ --disable-__cxa_atexit --enable-target-optspace --with-gnu-ld --disable-shared --disable-nls --enable-threads --enable-multilib --enable-sjlj-exceptions
Thread model: posix
gcc version 3.3.6
configure:4569: $? = 0
configure:4571: mipsel-linux-gcc -V </dev/null >&5
mipsel-linux-gcc: `-V' option must have argument
configure:4574: $? = 1
configure:4577: checking whether we are using the GNU C++ compiler
configure:4601: mipsel-linux-gcc -c -I. -I.. -I../libavutil -Wall -Wno-switch -Wpointer-arith -Wredundant-decls -O4 -march=nocona -mtune=nocona -pipe -ffast-math -fomit-frame-pointer -D_REENTRANT -D__STDC_LIMIT_MACROS -I/usr/include/SDL  -D_REENTRANT     conftest.cc >&5
cc1plus: error: bad value (nocona) for -march
cc1plus: error: bad value (nocona) for -mtune
Assembler messages:
Error: Bad value (nocona) for -march
Error: Bad value (nocona) for -mtune
configure:4607: $? = 1
configure: failed program was:
| /* confdefs.h.  */
| 
| #define PACKAGE_NAME "MPEG Audio Decoder"
| #define PACKAGE_TARNAME "libmad"
| #define PACKAGE_VERSION "0.15.1b"
| #define PACKAGE_STRING "MPEG Audio Decoder 0.15.1b"
| #define PACKAGE_BUGREPORT "support@underbit.com"
| #define PACKAGE "libmad"
| #define VERSION "0.15.1b"
| #define STDC_HEADERS 1
| #define HAVE_SYS_TYPES_H 1
| #define HAVE_SYS_STAT_H 1
| #define HAVE_STDLIB_H 1
| #define HAVE_STRING_H 1
| #define HAVE_MEMORY_H 1
| #define HAVE_STRINGS_H 1
| #define HAVE_INTTYPES_H 1
| #define HAVE_STDINT_H 1
| #define HAVE_UNISTD_H 1
| #define HAVE_DLFCN_H 1
| /* end confdefs.h.  */
| 
| int
| main ()
| {
| #ifndef __GNUC__
|        choke me
| #endif
| 
|   ;
|   return 0;
| }
configure:4632: result: no
configure:4638: checking whether mipsel-linux-gcc accepts -g
configure:4659: mipsel-linux-gcc -c -g  conftest.cc >&5
configure:4665: $? = 0
configure:4668: test -z 			 || test ! -s conftest.err
configure:4671: $? = 0
configure:4674: test -s conftest.o
configure:4677: $? = 0
configure:4688: result: yes
configure:4730: mipsel-linux-gcc -c -I. -I.. -I../libavutil -Wall -Wno-switch -Wpointer-arith -Wredundant-decls -O4 -march=nocona -mtune=nocona -pipe -ffast-math -fomit-frame-pointer -D_REENTRANT -D__STDC_LIMIT_MACROS -I/usr/include/SDL  -D_REENTRANT     conftest.cc >&5
cc1plus: error: bad value (nocona) for -march
cc1plus: error: bad value (nocona) for -mtune
Assembler messages:
Error: Bad value (nocona) for -march
Error: Bad value (nocona) for -mtune
configure:4736: $? = 1
configure: failed program was:
| /* confdefs.h.  */
| 
| #define PACKAGE_NAME "MPEG Audio Decoder"
| #define PACKAGE_TARNAME "libmad"
| #define PACKAGE_VERSION "0.15.1b"
| #define PACKAGE_STRING "MPEG Audio Decoder 0.15.1b"
| #define PACKAGE_BUGREPORT "support@underbit.com"
| #define PACKAGE "libmad"
| #define VERSION "0.15.1b"
| #define STDC_HEADERS 1
| #define HAVE_SYS_TYPES_H 1
| #define HAVE_SYS_STAT_H 1
| #define HAVE_STDLIB_H 1
| #define HAVE_STRING_H 1
| #define HAVE_MEMORY_H 1
| #define HAVE_STRINGS_H 1
| #define HAVE_INTTYPES_H 1
| #define HAVE_STDINT_H 1
| #define HAVE_UNISTD_H 1
| #define HAVE_DLFCN_H 1
| /* end confdefs.h.  */
| 
| #include <stdlib.h>
| int
| main ()
| {
| exit (42);
|   ;
|   return 0;
| }
configure:4730: mipsel-linux-gcc -c -I. -I.. -I../libavutil -Wall -Wno-switch -Wpointer-arith -Wredundant-decls -O4 -march=nocona -mtune=nocona -pipe -ffast-math -fomit-frame-pointer -D_REENTRANT -D__STDC_LIMIT_MACROS -I/usr/include/SDL  -D_REENTRANT     conftest.cc >&5
cc1plus: error: bad value (nocona) for -march
cc1plus: error: bad value (nocona) for -mtune
Assembler messages:
Error: Bad value (nocona) for -march
Error: Bad value (nocona) for -mtune
configure:4736: $? = 1
configure: failed program was:
| /* confdefs.h.  */
| 
| #define PACKAGE_NAME "MPEG Audio Decoder"
| #define PACKAGE_TARNAME "libmad"
| #define PACKAGE_VERSION "0.15.1b"
| #define PACKAGE_STRING "MPEG Audio Decoder 0.15.1b"
| #define PACKAGE_BUGREPORT "support@underbit.com"
| #define PACKAGE "libmad"
| #define VERSION "0.15.1b"
| #define STDC_HEADERS 1
| #define HAVE_SYS_TYPES_H 1
| #define HAVE_SYS_STAT_H 1
| #define HAVE_STDLIB_H 1
| #define HAVE_STRING_H 1
| #define HAVE_MEMORY_H 1
| #define HAVE_STRINGS_H 1
| #define HAVE_INTTYPES_H 1
| #define HAVE_STDINT_H 1
| #define HAVE_UNISTD_H 1
| #define HAVE_DLFCN_H 1
| /* end confdefs.h.  */
| extern "C" void std::exit (int) throw (); using std::exit;
| #include <stdlib.h>
| int
| main ()
| {
| exit (42);
|   ;
|   return 0;
| }
configure:4730: mipsel-linux-gcc -c -I. -I.. -I../libavutil -Wall -Wno-switch -Wpointer-arith -Wredundant-decls -O4 -march=nocona -mtune=nocona -pipe -ffast-math -fomit-frame-pointer -D_REENTRANT -D__STDC_LIMIT_MACROS -I/usr/include/SDL  -D_REENTRANT     conftest.cc >&5
cc1plus: error: bad value (nocona) for -march
cc1plus: error: bad value (nocona) for -mtune
Assembler messages:
Error: Bad value (nocona) for -march
Error: Bad value (nocona) for -mtune
configure:4736: $? = 1
configure: failed program was:
| /* confdefs.h.  */
| 
| #define PACKAGE_NAME "MPEG Audio Decoder"
| #define PACKAGE_TARNAME "libmad"
| #define PACKAGE_VERSION "0.15.1b"
| #define PACKAGE_STRING "MPEG Audio Decoder 0.15.1b"
| #define PACKAGE_BUGREPORT "support@underbit.com"
| #define PACKAGE "libmad"
| #define VERSION "0.15.1b"
| #define STDC_HEADERS 1
| #define HAVE_SYS_TYPES_H 1
| #define HAVE_SYS_STAT_H 1
| #define HAVE_STDLIB_H 1
| #define HAVE_STRING_H 1
| #define HAVE_MEMORY_H 1
| #define HAVE_STRINGS_H 1
| #define HAVE_INTTYPES_H 1
| #define HAVE_STDINT_H 1
| #define HAVE_UNISTD_H 1
| #define HAVE_DLFCN_H 1
| /* end confdefs.h.  */
| extern "C" void std::exit (int); using std::exit;
| #include <stdlib.h>
| int
| main ()
| {
| exit (42);
|   ;
|   return 0;
| }
configure:4730: mipsel-linux-gcc -c -I. -I.. -I../libavutil -Wall -Wno-switch -Wpointer-arith -Wredundant-decls -O4 -march=nocona -mtune=nocona -pipe -ffast-math -fomit-frame-pointer -D_REENTRANT -D__STDC_LIMIT_MACROS -I/usr/include/SDL  -D_REENTRANT     conftest.cc >&5
cc1plus: error: bad value (nocona) for -march
cc1plus: error: bad value (nocona) for -mtune
Assembler messages:
Error: Bad value (nocona) for -march
Error: Bad value (nocona) for -mtune
configure:4736: $? = 1
configure: failed program was:
| /* confdefs.h.  */
| 
| #define PACKAGE_NAME "MPEG Audio Decoder"
| #define PACKAGE_TARNAME "libmad"
| #define PACKAGE_VERSION "0.15.1b"
| #define PACKAGE_STRING "MPEG Audio Decoder 0.15.1b"
| #define PACKAGE_BUGREPORT "support@underbit.com"
| #define PACKAGE "libmad"
| #define VERSION "0.15.1b"
| #define STDC_HEADERS 1
| #define HAVE_SYS_TYPES_H 1
| #define HAVE_SYS_STAT_H 1
| #define HAVE_STDLIB_H 1
| #define HAVE_STRING_H 1
| #define HAVE_MEMORY_H 1
| #define HAVE_STRINGS_H 1
| #define HAVE_INTTYPES_H 1
| #define HAVE_STDINT_H 1
| #define HAVE_UNISTD_H 1
| #define HAVE_DLFCN_H 1
| /* end confdefs.h.  */
| extern "C" void exit (int) throw ();
| #include <stdlib.h>
| int
| main ()
| {
| exit (42);
|   ;
|   return 0;
| }
configure:4730: mipsel-linux-gcc -c -I. -I.. -I../libavutil -Wall -Wno-switch -Wpointer-arith -Wredundant-decls -O4 -march=nocona -mtune=nocona -pipe -ffast-math -fomit-frame-pointer -D_REENTRANT -D__STDC_LIMIT_MACROS -I/usr/include/SDL  -D_REENTRANT     conftest.cc >&5
cc1plus: error: bad value (nocona) for -march
cc1plus: error: bad value (nocona) for -mtune
Assembler messages:
Error: Bad value (nocona) for -march
Error: Bad value (nocona) for -mtune
configure:4736: $? = 1
configure: failed program was:
| /* confdefs.h.  */
| 
| #define PACKAGE_NAME "MPEG Audio Decoder"
| #define PACKAGE_TARNAME "libmad"
| #define PACKAGE_VERSION "0.15.1b"
| #define PACKAGE_STRING "MPEG Audio Decoder 0.15.1b"
| #define PACKAGE_BUGREPORT "support@underbit.com"
| #define PACKAGE "libmad"
| #define VERSION "0.15.1b"
| #define STDC_HEADERS 1
| #define HAVE_SYS_TYPES_H 1
| #define HAVE_SYS_STAT_H 1
| #define HAVE_STDLIB_H 1
| #define HAVE_STRING_H 1
| #define HAVE_MEMORY_H 1
| #define HAVE_STRINGS_H 1
| #define HAVE_INTTYPES_H 1
| #define HAVE_STDINT_H 1
| #define HAVE_UNISTD_H 1
| #define HAVE_DLFCN_H 1
| /* end confdefs.h.  */
| extern "C" void exit (int);
| #include <stdlib.h>
| int
| main ()
| {
| exit (42);
|   ;
|   return 0;
| }
configure:4730: mipsel-linux-gcc -c -I. -I.. -I../libavutil -Wall -Wno-switch -Wpointer-arith -Wredundant-decls -O4 -march=nocona -mtune=nocona -pipe -ffast-math -fomit-frame-pointer -D_REENTRANT -D__STDC_LIMIT_MACROS -I/usr/include/SDL  -D_REENTRANT     conftest.cc >&5
cc1plus: error: bad value (nocona) for -march
cc1plus: error: bad value (nocona) for -mtune
Assembler messages:
Error: Bad value (nocona) for -march
Error: Bad value (nocona) for -mtune
configure:4736: $? = 1
configure: failed program was:
| /* confdefs.h.  */
| 
| #define PACKAGE_NAME "MPEG Audio Decoder"
| #define PACKAGE_TARNAME "libmad"
| #define PACKAGE_VERSION "0.15.1b"
| #define PACKAGE_STRING "MPEG Audio Decoder 0.15.1b"
| #define PACKAGE_BUGREPORT "support@underbit.com"
| #define PACKAGE "libmad"
| #define VERSION "0.15.1b"
| #define STDC_HEADERS 1
| #define HAVE_SYS_TYPES_H 1
| #define HAVE_SYS_STAT_H 1
| #define HAVE_STDLIB_H 1
| #define HAVE_STRING_H 1
| #define HAVE_MEMORY_H 1
| #define HAVE_STRINGS_H 1
| #define HAVE_INTTYPES_H 1
| #define HAVE_STDINT_H 1
| #define HAVE_UNISTD_H 1
| #define HAVE_DLFCN_H 1
| /* end confdefs.h.  */
| void exit (int);
| #include <stdlib.h>
| int
| main ()
| {
| exit (42);
|   ;
|   return 0;
| }
configure:4817: checking dependency style of mipsel-linux-gcc
configure:4900: result: gcc3
configure:4922: checking how to run the C++ preprocessor
configure:4953: mipsel-linux-gcc -E  conftest.cc
configure:4959: $? = 0
configure:4991: mipsel-linux-gcc -E  conftest.cc
conftest.cc:25:28: ac_nonexistent.h: No such file or directory
configure:4997: $? = 1
configure: failed program was:
| /* confdefs.h.  */
| 
| #define PACKAGE_NAME "MPEG Audio Decoder"
| #define PACKAGE_TARNAME "libmad"
| #define PACKAGE_VERSION "0.15.1b"
| #define PACKAGE_STRING "MPEG Audio Decoder 0.15.1b"
| #define PACKAGE_BUGREPORT "support@underbit.com"
| #define PACKAGE "libmad"
| #define VERSION "0.15.1b"
| #define STDC_HEADERS 1
| #define HAVE_SYS_TYPES_H 1
| #define HAVE_SYS_STAT_H 1
| #define HAVE_STDLIB_H 1
| #define HAVE_STRING_H 1
| #define HAVE_MEMORY_H 1
| #define HAVE_STRINGS_H 1
| #define HAVE_INTTYPES_H 1
| #define HAVE_STDINT_H 1
| #define HAVE_UNISTD_H 1
| #define HAVE_DLFCN_H 1
| #ifdef __cplusplus
| void exit (int);
| #endif
| /* end confdefs.h.  */
| #include <ac_nonexistent.h>
configure:5036: result: mipsel-linux-gcc -E
configure:5060: mipsel-linux-gcc -E  conftest.cc
configure:5066: $? = 0
configure:5098: mipsel-linux-gcc -E  conftest.cc
conftest.cc:25:28: ac_nonexistent.h: No such file or directory
configure:5104: $? = 1
configure: failed program was:
| /* confdefs.h.  */
| 
| #define PACKAGE_NAME "MPEG Audio Decoder"
| #define PACKAGE_TARNAME "libmad"
| #define PACKAGE_VERSION "0.15.1b"
| #define PACKAGE_STRING "MPEG Audio Decoder 0.15.1b"
| #define PACKAGE_BUGREPORT "support@underbit.com"
| #define PACKAGE "libmad"
| #define VERSION "0.15.1b"
| #define STDC_HEADERS 1
| #define HAVE_SYS_TYPES_H 1
| #define HAVE_SYS_STAT_H 1
| #define HAVE_STDLIB_H 1
| #define HAVE_STRING_H 1
| #define HAVE_MEMORY_H 1
| #define HAVE_STRINGS_H 1
| #define HAVE_INTTYPES_H 1
| #define HAVE_STDINT_H 1
| #define HAVE_UNISTD_H 1
| #define HAVE_DLFCN_H 1
| #ifdef __cplusplus
| void exit (int);
| #endif
| /* end confdefs.h.  */
| #include <ac_nonexistent.h>
configure:5157: checking for mipsel-linux-g77
configure:5186: result: no
configure:5157: checking for mipsel-linux-f77
configure:5186: result: no
configure:5157: checking for mipsel-linux-xlf
configure:5186: result: no
configure:5157: checking for mipsel-linux-frt
configure:5186: result: no
configure:5157: checking for mipsel-linux-pgf77
configure:5186: result: no
configure:5157: checking for mipsel-linux-fort77
configure:5186: result: no
configure:5157: checking for mipsel-linux-fl32
configure:5186: result: no
configure:5157: checking for mipsel-linux-af77
configure:5186: result: no
configure:5157: checking for mipsel-linux-f90
configure:5186: result: no
configure:5157: checking for mipsel-linux-xlf90
configure:5186: result: no
configure:5157: checking for mipsel-linux-pgf90
configure:5186: result: no
configure:5157: checking for mipsel-linux-epcf90
configure:5186: result: no
configure:5157: checking for mipsel-linux-f95
configure:5186: result: no
configure:5157: checking for mipsel-linux-fort
configure:5186: result: no
configure:5157: checking for mipsel-linux-xlf95
configure:5186: result: no
configure:5157: checking for mipsel-linux-ifc
configure:5186: result: no
configure:5157: checking for mipsel-linux-efc
configure:5186: result: no
configure:5157: checking for mipsel-linux-pgf95
configure:5186: result: no
configure:5157: checking for mipsel-linux-lf95
configure:5186: result: no
configure:5157: checking for mipsel-linux-gfortran
configure:5186: result: no
configure:5199: checking for g77
configure:5228: result: no
configure:5199: checking for f77
configure:5228: result: no
configure:5199: checking for xlf
configure:5228: result: no
configure:5199: checking for frt
configure:5228: result: no
configure:5199: checking for pgf77
configure:5228: result: no
configure:5199: checking for fort77
configure:5228: result: no
configure:5199: checking for fl32
configure:5228: result: no
configure:5199: checking for af77
configure:5228: result: no
configure:5199: checking for f90
configure:5228: result: no
configure:5199: checking for xlf90
configure:5228: result: no
configure:5199: checking for pgf90
configure:5228: result: no
configure:5199: checking for epcf90
configure:5228: result: no
configure:5199: checking for f95
configure:5215: found /usr/bin/f95
configure:5225: result: f95
configure:5240: checking for Fortran 77 compiler version
configure:5243: f95 --version </dev/null >&5
GNU Fortran 95 (GCC) 4.1.1 20061011 (Red Hat 4.1.1-30)
Copyright (C) 2006 Free Software Foundation, Inc.

GNU Fortran comes with NO WARRANTY, to the extent permitted by law.
You may redistribute copies of GNU Fortran
under the terms of the GNU General Public License.
For more information about these matters, see the file named COPYING

configure:5246: $? = 0
configure:5248: f95 -v </dev/null >&5
Using built-in specs.
Target: x86_64-redhat-linux
Configured with: ../configure --prefix=/usr --mandir=/usr/share/man --infodir=/usr/share/info --enable-shared --enable-threads=posix --enable-checking=release --with-system-zlib --enable-__cxa_atexit --disable-libunwind-exceptions --enable-libgcj-multifile --enable-languages=c,c++,objc,obj-c++,java,fortran,ada --enable-java-awt=gtk --disable-dssi --enable-plugin --with-java-home=/usr/lib/jvm/java-1.4.2-gcj-1.4.2.0/jre --with-cpu=generic --host=x86_64-redhat-linux
Thread model: posix
gcc version 4.1.1 20061011 (Red Hat 4.1.1-30)
configure:5251: $? = 0
configure:5253: f95 -V </dev/null >&5
f95: '-V' option must have argument
configure:5256: $? = 1
configure:5264: checking whether we are using the GNU Fortran 77 compiler
configure:5278: f95 -c  conftest.F >&5
configure:5284: $? = 0
configure:5287: test -z 			 || test ! -s conftest.err
configure:5290: $? = 0
configure:5293: test -s conftest.o
configure:5296: $? = 0
configure:5309: result: yes
configure:5315: checking whether f95 accepts -g
configure:5327: f95 -c -g conftest.f >&5
configure:5333: $? = 0
configure:5336: test -z 			 || test ! -s conftest.err
configure:5339: $? = 0
configure:5342: test -s conftest.o
configure:5345: $? = 0
configure:5357: result: yes
configure:5387: checking the maximum length of command line arguments
configure:5452: result: 32768
configure:5463: checking command to parse /opt/buildroot-gdb/bin/mipsel-linux-nm -B output from mipsel-linux-gcc object
configure:5552: mipsel-linux-gcc -c -O2 -fomit-frame-pointer -pipe  -Dlinux -D__linux__ -Dunix -DEMBED -I/home/qwert/cvs/projects/RT2883/RT288x_SDK/source/lib/include -I/home/qwert/cvs/projects/RT2883/RT288x_SDK/source  -I./libavcodec -I./libavformat -Wdisabled-optimization -I. -I. -I./libavutil -Wall -Wno-switch -Wpointer-arith -Wredundant-decls -O4 -march=r4kc -mtune=r4kc -pipe -ffast-math -fomit-frame-pointer -D_REENTRANT -I/usr/include/SDL  -D_REENTRANT    conftest.c >&5
configure:5555: $? = 0
configure:5559: /opt/buildroot-gdb/bin/mipsel-linux-nm -B conftest.o \| sed -n -e 's/^.*[ 	]\([ABCDGIRSTW][ABCDGIRSTW]*\)[ 	][ 	]*\(\)\([_A-Za-z][_A-Za-z0-9]*\)$/\1 \2\3 \3/p' \> conftest.nm
configure:5562: $? = 0
configure:5614: mipsel-linux-gcc -o conftest -O2 -fomit-frame-pointer -pipe  -Dlinux -D__linux__ -Dunix -DEMBED -I/home/qwert/cvs/projects/RT2883/RT288x_SDK/source/lib/include -I/home/qwert/cvs/projects/RT2883/RT288x_SDK/source  -I./libavcodec -I./libavformat -Wdisabled-optimization -I. -I. -I./libavutil -Wall -Wno-switch -Wpointer-arith -Wredundant-decls -O4 -march=r4kc -mtune=r4kc -pipe -ffast-math -fomit-frame-pointer -D_REENTRANT -I/usr/include/SDL  -D_REENTRANT    -Wl,--fatal-warnings -L/home/qwert/cvs/projects/RT2883/RT288x_SDK/source/lib/lib -Wl,--fatal-warnings -L/home/qwert/cvs/projects/RT2883/RT288x_SDK/source/lib/lib conftest.c conftstm.o >&5
configure:5617: $? = 0
configure:5655: result: ok
configure:5659: checking for objdir
configure:5674: result: .libs
configure:5726: checking for mipsel-linux-ar
configure:5752: result: mipsel-linux-ar
configure:5806: checking for mipsel-linux-ranlib
configure:5832: result: true
configure:5886: checking for mipsel-linux-strip
configure:5912: result: /opt/buildroot-gdb/bin/mipsel-linux-uclibc-strip
configure:6213: checking if mipsel-linux-gcc static flag  works
configure:6236: result: yes
configure:6254: checking if mipsel-linux-gcc supports -fno-rtti -fno-exceptions
configure:6272: mipsel-linux-gcc -c -O2 -fomit-frame-pointer -pipe  -Dlinux -D__linux__ -Dunix -DEMBED -I/home/qwert/cvs/projects/RT2883/RT288x_SDK/source/lib/include -I/home/qwert/cvs/projects/RT2883/RT288x_SDK/source  -I./libavcodec -I./libavformat -Wdisabled-optimization -I. -I. -I./libavutil -Wall -Wno-switch -Wpointer-arith -Wredundant-decls -O4 -march=r4kc -mtune=r4kc -pipe -ffast-math -fomit-frame-pointer -D_REENTRANT -I/usr/include/SDL  -D_REENTRANT    -fno-rtti -fno-exceptions conftest.c >&5
cc1: warning: "-fno-rtti" is valid for C++ but not for C/ObjC
configure:6276: $? = 0
configure:6287: result: no
configure:6302: checking for mipsel-linux-gcc option to produce PIC
configure:6479: result: -fPIC
configure:6487: checking if mipsel-linux-gcc PIC flag -fPIC works
configure:6505: mipsel-linux-gcc -c -O2 -fomit-frame-pointer -pipe  -Dlinux -D__linux__ -Dunix -DEMBED -I/home/qwert/cvs/projects/RT2883/RT288x_SDK/source/lib/include -I/home/qwert/cvs/projects/RT2883/RT288x_SDK/source  -I./libavcodec -I./libavformat -Wdisabled-optimization -I. -I. -I./libavutil -Wall -Wno-switch -Wpointer-arith -Wredundant-decls -O4 -march=r4kc -mtune=r4kc -pipe -ffast-math -fomit-frame-pointer -D_REENTRANT -I/usr/include/SDL  -D_REENTRANT    -fPIC -DPIC conftest.c >&5
configure:6509: $? = 0
configure:6520: result: yes
configure:6544: checking if mipsel-linux-gcc supports -c -o file.o
configure:6565: mipsel-linux-gcc -c -O2 -fomit-frame-pointer -pipe  -Dlinux -D__linux__ -Dunix -DEMBED -I/home/qwert/cvs/projects/RT2883/RT288x_SDK/source/lib/include -I/home/qwert/cvs/projects/RT2883/RT288x_SDK/source  -I./libavcodec -I./libavformat -Wdisabled-optimization -I. -I. -I./libavutil -Wall -Wno-switch -Wpointer-arith -Wredundant-decls -O4 -march=r4kc -mtune=r4kc -pipe -ffast-math -fomit-frame-pointer -D_REENTRANT -I/usr/include/SDL  -D_REENTRANT    -o out/conftest2.o conftest.c >&5
configure:6569: $? = 0
configure:6589: result: yes
configure:6615: checking whether the mipsel-linux-gcc linker (/opt/buildroot-gdb/bin/mipsel-linux-uclibc-ld) supports shared libraries
configure:7461: result: yes
configure:7532: checking dynamic linker characteristics
configure:8072: result: GNU/Linux ld.so
configure:8076: checking how to hardcode library paths into programs
configure:8101: result: immediate
configure:8115: checking whether stripping libraries is possible
configure:8120: result: yes
configure:8943: checking if libtool supports shared libraries
configure:8945: result: yes
configure:8948: checking whether to build shared libraries
configure:9006: result: no
configure:9009: checking whether to build static libraries
configure:9013: result: yes
configure:9105: creating libtool
configure:9794: checking whether the mipsel-linux-gcc linker (/opt/buildroot-gdb/bin/mipsel-linux-uclibc-ld) supports shared libraries
configure:10620: result: yes
configure:10638: mipsel-linux-gcc -c -I. -I.. -I../libavutil -Wall -Wno-switch -Wpointer-arith -Wredundant-decls -O4 -march=nocona -mtune=nocona -pipe -ffast-math -fomit-frame-pointer -D_REENTRANT -D__STDC_LIMIT_MACROS -I/usr/include/SDL  -D_REENTRANT     conftest.cc >&5
cc1plus: error: bad value (nocona) for -march
cc1plus: error: bad value (nocona) for -mtune
Assembler messages:
Error: Bad value (nocona) for -march
Error: Bad value (nocona) for -mtune
configure:10641: $? = 1
configure:10737: checking for mipsel-linux-gcc option to produce PIC
configure:10989: result: 
configure:11054: checking if mipsel-linux-gcc supports -c -o file.o
configure:11075: mipsel-linux-gcc -c -I. -I.. -I../libavutil -Wall -Wno-switch -Wpointer-arith -Wredundant-decls -O4 -march=nocona -mtune=nocona -pipe -ffast-math -fomit-frame-pointer -D_REENTRANT -D__STDC_LIMIT_MACROS -I/usr/include/SDL  -D_REENTRANT     -o out/conftest2.o conftest.cc >&5
cc1plus: error: bad value (nocona) for -march
cc1plus: error: bad value (nocona) for -mtune
Assembler messages:
Error: Bad value (nocona) for -march
Error: Bad value (nocona) for -mtune
configure:11079: $? = 1
configure:11099: result: no
configure:11125: checking whether the mipsel-linux-gcc linker (/opt/buildroot-gdb/bin/mipsel-linux-uclibc-ld) supports shared libraries
configure:11150: result: yes
configure:11221: checking dynamic linker characteristics
configure:11761: result: GNU/Linux ld.so
configure:11765: checking how to hardcode library paths into programs
configure:11790: result: immediate
configure:11804: checking whether stripping libraries is possible
configure:11809: result: yes
configure:13109: checking if libtool supports shared libraries
configure:13111: result: yes
configure:13114: checking whether to build shared libraries
configure:13132: result: no
configure:13135: checking whether to build static libraries
configure:13139: result: yes
configure:13151: checking for f95 option to produce PIC
configure:13328: result: -fPIC
configure:13336: checking if f95 PIC flag -fPIC works
configure:13354: f95 -c -g -O2 -fPIC conftest.f >&5
configure:13358: $? = 0
configure:13369: result: yes
configure:13393: checking if f95 supports -c -o file.o
configure:13414: f95 -c -g -O2 -o out/conftest2.o conftest.f >&5
configure:13418: $? = 0
configure:13438: result: yes
configure:13464: checking whether the f95 linker (/opt/buildroot-gdb/bin/mipsel-linux-uclibc-ld) supports shared libraries
configure:14290: result: yes
configure:14361: checking dynamic linker characteristics
configure:14901: result: GNU/Linux ld.so
configure:14905: checking how to hardcode library paths into programs
configure:14930: result: immediate
configure:14944: checking whether stripping libraries is possible
configure:14949: result: yes
configure:19171: checking for ANSI C header files
configure:19326: result: yes
configure:19336: checking for sys/wait.h that is POSIX.1 compatible
configure:19367: mipsel-linux-gcc -c -Wall -pipe -Dlinux -D__linux__ -Dunix -DEMBED -I/home/qwert/cvs/projects/RT2883/RT288x_SDK/source/lib/include -I/home/qwert/cvs/projects/RT2883/RT288x_SDK/source -I./libavcodec -I./libavformat -Wdisabled-optimization -I. -I. -I./libavutil -Wno-switch -Wpointer-arith -Wredundant-decls -pipe -D_REENTRANT -I/usr/include/SDL -D_REENTRANT  conftest.c >&5
configure:19373: $? = 0
configure:19376: test -z 			 || test ! -s conftest.err
configure:19379: $? = 0
configure:19382: test -s conftest.o
configure:19385: $? = 0
configure:19396: result: yes
configure:19425: checking assert.h usability
configure:19437: mipsel-linux-gcc -c -Wall -pipe -Dlinux -D__linux__ -Dunix -DEMBED -I/home/qwert/cvs/projects/RT2883/RT288x_SDK/source/lib/include -I/home/qwert/cvs/projects/RT2883/RT288x_SDK/source -I./libavcodec -I./libavformat -Wdisabled-optimization -I. -I. -I./libavutil -Wno-switch -Wpointer-arith -Wredundant-decls -pipe -D_REENTRANT -I/usr/include/SDL -D_REENTRANT  conftest.c >&5
configure:19443: $? = 0
configure:19446: test -z 			 || test ! -s conftest.err
configure:19449: $? = 0
configure:19452: test -s conftest.o
configure:19455: $? = 0
configure:19465: result: yes
configure:19469: checking assert.h presence
configure:19479: mipsel-linux-gcc -E  conftest.c
configure:19485: $? = 0
configure:19505: result: yes
configure:19540: checking for assert.h
configure:19547: result: yes
configure:19425: checking limits.h usability
configure:19437: mipsel-linux-gcc -c -Wall -pipe -Dlinux -D__linux__ -Dunix -DEMBED -I/home/qwert/cvs/projects/RT2883/RT288x_SDK/source/lib/include -I/home/qwert/cvs/projects/RT2883/RT288x_SDK/source -I./libavcodec -I./libavformat -Wdisabled-optimization -I. -I. -I./libavutil -Wno-switch -Wpointer-arith -Wredundant-decls -pipe -D_REENTRANT -I/usr/include/SDL -D_REENTRANT  conftest.c >&5
configure:19443: $? = 0
configure:19446: test -z 			 || test ! -s conftest.err
configure:19449: $? = 0
configure:19452: test -s conftest.o
configure:19455: $? = 0
configure:19465: result: yes
configure:19469: checking limits.h presence
configure:19479: mipsel-linux-gcc -E  conftest.c
configure:19485: $? = 0
configure:19505: result: yes
configure:19540: checking for limits.h
configure:19547: result: yes
configure:19416: checking for unistd.h
configure:19421: result: yes
configure:19416: checking for sys/types.h
configure:19421: result: yes
configure:19425: checking fcntl.h usability
configure:19437: mipsel-linux-gcc -c -Wall -pipe -Dlinux -D__linux__ -Dunix -DEMBED -I/home/qwert/cvs/projects/RT2883/RT288x_SDK/source/lib/include -I/home/qwert/cvs/projects/RT2883/RT288x_SDK/source -I./libavcodec -I./libavformat -Wdisabled-optimization -I. -I. -I./libavutil -Wno-switch -Wpointer-arith -Wredundant-decls -pipe -D_REENTRANT -I/usr/include/SDL -D_REENTRANT  conftest.c >&5
configure:19443: $? = 0
configure:19446: test -z 			 || test ! -s conftest.err
configure:19449: $? = 0
configure:19452: test -s conftest.o
configure:19455: $? = 0
configure:19465: result: yes
configure:19469: checking fcntl.h presence
configure:19479: mipsel-linux-gcc -E  conftest.c
configure:19485: $? = 0
configure:19505: result: yes
configure:19540: checking for fcntl.h
configure:19547: result: yes
configure:19425: checking errno.h usability
configure:19437: mipsel-linux-gcc -c -Wall -pipe -Dlinux -D__linux__ -Dunix -DEMBED -I/home/qwert/cvs/projects/RT2883/RT288x_SDK/source/lib/include -I/home/qwert/cvs/projects/RT2883/RT288x_SDK/source -I./libavcodec -I./libavformat -Wdisabled-optimization -I. -I. -I./libavutil -Wno-switch -Wpointer-arith -Wredundant-decls -pipe -D_REENTRANT -I/usr/include/SDL -D_REENTRANT  conftest.c >&5
configure:19443: $? = 0
configure:19446: test -z 			 || test ! -s conftest.err
configure:19449: $? = 0
configure:19452: test -s conftest.o
configure:19455: $? = 0
configure:19465: result: yes
configure:19469: checking errno.h presence
configure:19479: mipsel-linux-gcc -E  conftest.c
configure:19485: $? = 0
configure:19505: result: yes
configure:19540: checking for errno.h
configure:19547: result: yes
configure:19562: checking for an ANSI C-conforming const
configure:19629: mipsel-linux-gcc -c -Wall -pipe -Dlinux -D__linux__ -Dunix -DEMBED -I/home/qwert/cvs/projects/RT2883/RT288x_SDK/source/lib/include -I/home/qwert/cvs/projects/RT2883/RT288x_SDK/source -I./libavcodec -I./libavformat -Wdisabled-optimization -I. -I. -I./libavutil -Wno-switch -Wpointer-arith -Wredundant-decls -pipe -D_REENTRANT -I/usr/include/SDL -D_REENTRANT  conftest.c >&5
conftest.c: In function `main':
conftest.c:60: warning: unused variable `s'
conftest.c:80: warning: unused variable `foo'
conftest.c:41: warning: unused variable `x'
conftest.c:47: warning: unused variable `zero'
configure:19635: $? = 0
configure:19638: test -z 			 || test ! -s conftest.err
configure:19641: $? = 0
configure:19644: test -s conftest.o
configure:19647: $? = 0
configure:19658: result: yes
configure:19668: checking for inline
configure:19689: mipsel-linux-gcc -c -Wall -pipe -Dlinux -D__linux__ -Dunix -DEMBED -I/home/qwert/cvs/projects/RT2883/RT288x_SDK/source/lib/include -I/home/qwert/cvs/projects/RT2883/RT288x_SDK/source -I./libavcodec -I./libavformat -Wdisabled-optimization -I. -I. -I./libavutil -Wno-switch -Wpointer-arith -Wredundant-decls -pipe -D_REENTRANT -I/usr/include/SDL -D_REENTRANT  conftest.c >&5
configure:19695: $? = 0
configure:19698: test -z 			 || test ! -s conftest.err
configure:19701: $? = 0
configure:19704: test -s conftest.o
configure:19707: $? = 0
configure:19719: result: inline
configure:19738: checking whether byte ordering is bigendian
configure:19765: mipsel-linux-gcc -c -Wall -pipe -Dlinux -D__linux__ -Dunix -DEMBED -I/home/qwert/cvs/projects/RT2883/RT288x_SDK/source/lib/include -I/home/qwert/cvs/projects/RT2883/RT288x_SDK/source -I./libavcodec -I./libavformat -Wdisabled-optimization -I. -I. -I./libavutil -Wno-switch -Wpointer-arith -Wredundant-decls -pipe -D_REENTRANT -I/usr/include/SDL -D_REENTRANT  conftest.c >&5
configure:19771: $? = 0
configure:19774: test -z 			 || test ! -s conftest.err
configure:19777: $? = 0
configure:19780: test -s conftest.o
configure:19783: $? = 0
configure:19807: mipsel-linux-gcc -c -Wall -pipe -Dlinux -D__linux__ -Dunix -DEMBED -I/home/qwert/cvs/projects/RT2883/RT288x_SDK/source/lib/include -I/home/qwert/cvs/projects/RT2883/RT288x_SDK/source -I./libavcodec -I./libavformat -Wdisabled-optimization -I. -I. -I./libavutil -Wno-switch -Wpointer-arith -Wredundant-decls -pipe -D_REENTRANT -I/usr/include/SDL -D_REENTRANT  conftest.c >&5
conftest.c: In function `main':
conftest.c:40: error: `not' undeclared (first use in this function)
conftest.c:40: error: (Each undeclared identifier is reported only once
conftest.c:40: error: for each function it appears in.)
conftest.c:40: error: syntax error before "big"
configure:19813: $? = 1
configure: failed program was:
| /* confdefs.h.  */
| 
| #define PACKAGE_NAME "MPEG Audio Decoder"
| #define PACKAGE_TARNAME "libmad"
| #define PACKAGE_VERSION "0.15.1b"
| #define PACKAGE_STRING "MPEG Audio Decoder 0.15.1b"
| #define PACKAGE_BUGREPORT "support@underbit.com"
| #define PACKAGE "libmad"
| #define VERSION "0.15.1b"
| #define STDC_HEADERS 1
| #define HAVE_SYS_TYPES_H 1
| #define HAVE_SYS_STAT_H 1
| #define HAVE_STDLIB_H 1
| #define HAVE_STRING_H 1
| #define HAVE_MEMORY_H 1
| #define HAVE_STRINGS_H 1
| #define HAVE_INTTYPES_H 1
| #define HAVE_STDINT_H 1
| #define HAVE_UNISTD_H 1
| #define HAVE_DLFCN_H 1
| #ifdef __cplusplus
| void exit (int);
| #endif
| #define STDC_HEADERS 1
| #define HAVE_SYS_WAIT_H 1
| #define HAVE_ASSERT_H 1
| #define HAVE_LIMITS_H 1
| #define HAVE_UNISTD_H 1
| #define HAVE_SYS_TYPES_H 1
| #define HAVE_FCNTL_H 1
| #define HAVE_ERRNO_H 1
| /* end confdefs.h.  */
| #include <sys/types.h>
| #include <sys/param.h>
| 
| int
| main ()
| {
| #if BYTE_ORDER != BIG_ENDIAN
|  not big endian
| #endif
| 
|   ;
|   return 0;
| }
configure:19946: result: no
configure:19965: checking for pid_t
configure:19989: mipsel-linux-gcc -c -Wall -pipe -Dlinux -D__linux__ -Dunix -DEMBED -I/home/qwert/cvs/projects/RT2883/RT288x_SDK/source/lib/include -I/home/qwert/cvs/projects/RT2883/RT288x_SDK/source -I./libavcodec -I./libavformat -Wdisabled-optimization -I. -I. -I./libavutil -Wno-switch -Wpointer-arith -Wredundant-decls -pipe -D_REENTRANT -I/usr/include/SDL -D_REENTRANT  conftest.c >&5
configure:19995: $? = 0
configure:19998: test -z 			 || test ! -s conftest.err
configure:20001: $? = 0
configure:20004: test -s conftest.o
configure:20007: $? = 0
configure:20018: result: yes
configure:20031: checking for int
configure:20055: mipsel-linux-gcc -c -Wall -pipe -Dlinux -D__linux__ -Dunix -DEMBED -I/home/qwert/cvs/projects/RT2883/RT288x_SDK/source/lib/include -I/home/qwert/cvs/projects/RT2883/RT288x_SDK/source -I./libavcodec -I./libavformat -Wdisabled-optimization -I. -I. -I./libavutil -Wno-switch -Wpointer-arith -Wredundant-decls -pipe -D_REENTRANT -I/usr/include/SDL -D_REENTRANT  conftest.c >&5
configure:20061: $? = 0
configure:20064: test -z 			 || test ! -s conftest.err
configure:20067: $? = 0
configure:20070: test -s conftest.o
configure:20073: $? = 0
configure:20084: result: yes
configure:20087: checking size of int
configure:20117: mipsel-linux-gcc -c -Wall -pipe -Dlinux -D__linux__ -Dunix -DEMBED -I/home/qwert/cvs/projects/RT2883/RT288x_SDK/source/lib/include -I/home/qwert/cvs/projects/RT2883/RT288x_SDK/source -I./libavcodec -I./libavformat -Wdisabled-optimization -I. -I. -I./libavutil -Wno-switch -Wpointer-arith -Wredundant-decls -pipe -D_REENTRANT -I/usr/include/SDL -D_REENTRANT  conftest.c >&5
configure:20123: $? = 0
configure:20126: test -z 			 || test ! -s conftest.err
configure:20129: $? = 0
configure:20132: test -s conftest.o
configure:20135: $? = 0
configure:20157: mipsel-linux-gcc -c -Wall -pipe -Dlinux -D__linux__ -Dunix -DEMBED -I/home/qwert/cvs/projects/RT2883/RT288x_SDK/source/lib/include -I/home/qwert/cvs/projects/RT2883/RT288x_SDK/source -I./libavcodec -I./libavformat -Wdisabled-optimization -I. -I. -I./libavutil -Wno-switch -Wpointer-arith -Wredundant-decls -pipe -D_REENTRANT -I/usr/include/SDL -D_REENTRANT  conftest.c >&5
conftest.c: In function `main':
conftest.c:70: error: size of array `test_array' is negative
configure:20163: $? = 1
configure: failed program was:
| /* confdefs.h.  */
| 
| #define PACKAGE_NAME "MPEG Audio Decoder"
| #define PACKAGE_TARNAME "libmad"
| #define PACKAGE_VERSION "0.15.1b"
| #define PACKAGE_STRING "MPEG Audio Decoder 0.15.1b"
| #define PACKAGE_BUGREPORT "support@underbit.com"
| #define PACKAGE "libmad"
| #define VERSION "0.15.1b"
| #define STDC_HEADERS 1
| #define HAVE_SYS_TYPES_H 1
| #define HAVE_SYS_STAT_H 1
| #define HAVE_STDLIB_H 1
| #define HAVE_STRING_H 1
| #define HAVE_MEMORY_H 1
| #define HAVE_STRINGS_H 1
| #define HAVE_INTTYPES_H 1
| #define HAVE_STDINT_H 1
| #define HAVE_UNISTD_H 1
| #define HAVE_DLFCN_H 1
| #ifdef __cplusplus
| void exit (int);
| #endif
| #define STDC_HEADERS 1
| #define HAVE_SYS_WAIT_H 1
| #define HAVE_ASSERT_H 1
| #define HAVE_LIMITS_H 1
| #define HAVE_UNISTD_H 1
| #define HAVE_SYS_TYPES_H 1
| #define HAVE_FCNTL_H 1
| #define HAVE_ERRNO_H 1
| /* end confdefs.h.  */
| #include <stdio.h>
| #if HAVE_SYS_TYPES_H
| # include <sys/types.h>
| #endif
| #if HAVE_SYS_STAT_H
| # include <sys/stat.h>
| #endif
| #if STDC_HEADERS
| # include <stdlib.h>
| # include <stddef.h>
| #else
| # if HAVE_STDLIB_H
| #  include <stdlib.h>
| # endif
| #endif
| #if HAVE_STRING_H
| # if !STDC_HEADERS && HAVE_MEMORY_H
| #  include <memory.h>
| # endif
| # include <string.h>
| #endif
| #if HAVE_STRINGS_H
| # include <strings.h>
| #endif
| #if HAVE_INTTYPES_H
| # include <inttypes.h>
| #else
| # if HAVE_STDINT_H
| #  include <stdint.h>
| # endif
| #endif
| #if HAVE_UNISTD_H
| # include <unistd.h>
| #endif
| int
| main ()
| {
| static int test_array [1 - 2 * !(((long) (sizeof (int))) <= 0)];
| test_array [0] = 0
| 
|   ;
|   return 0;
| }
configure:20157: mipsel-linux-gcc -c -Wall -pipe -Dlinux -D__linux__ -Dunix -DEMBED -I/home/qwert/cvs/projects/RT2883/RT288x_SDK/source/lib/include -I/home/qwert/cvs/projects/RT2883/RT288x_SDK/source -I./libavcodec -I./libavformat -Wdisabled-optimization -I. -I. -I./libavutil -Wno-switch -Wpointer-arith -Wredundant-decls -pipe -D_REENTRANT -I/usr/include/SDL -D_REENTRANT  conftest.c >&5
conftest.c: In function `main':
conftest.c:70: error: size of array `test_array' is negative
configure:20163: $? = 1
configure: failed program was:
| /* confdefs.h.  */
| 
| #define PACKAGE_NAME "MPEG Audio Decoder"
| #define PACKAGE_TARNAME "libmad"
| #define PACKAGE_VERSION "0.15.1b"
| #define PACKAGE_STRING "MPEG Audio Decoder 0.15.1b"
| #define PACKAGE_BUGREPORT "support@underbit.com"
| #define PACKAGE "libmad"
| #define VERSION "0.15.1b"
| #define STDC_HEADERS 1
| #define HAVE_SYS_TYPES_H 1
| #define HAVE_SYS_STAT_H 1
| #define HAVE_STDLIB_H 1
| #define HAVE_STRING_H 1
| #define HAVE_MEMORY_H 1
| #define HAVE_STRINGS_H 1
| #define HAVE_INTTYPES_H 1
| #define HAVE_STDINT_H 1
| #define HAVE_UNISTD_H 1
| #define HAVE_DLFCN_H 1
| #ifdef __cplusplus
| void exit (int);
| #endif
| #define STDC_HEADERS 1
| #define HAVE_SYS_WAIT_H 1
| #define HAVE_ASSERT_H 1
| #define HAVE_LIMITS_H 1
| #define HAVE_UNISTD_H 1
| #define HAVE_SYS_TYPES_H 1
| #define HAVE_FCNTL_H 1
| #define HAVE_ERRNO_H 1
| /* end confdefs.h.  */
| #include <stdio.h>
| #if HAVE_SYS_TYPES_H
| # include <sys/types.h>
| #endif
| #if HAVE_SYS_STAT_H
| # include <sys/stat.h>
| #endif
| #if STDC_HEADERS
| # include <stdlib.h>
| # include <stddef.h>
| #else
| # if HAVE_STDLIB_H
| #  include <stdlib.h>
| # endif
| #endif
| #if HAVE_STRING_H
| # if !STDC_HEADERS && HAVE_MEMORY_H
| #  include <memory.h>
| # endif
| # include <string.h>
| #endif
| #if HAVE_STRINGS_H
| # include <strings.h>
| #endif
| #if HAVE_INTTYPES_H
| # include <inttypes.h>
| #else
| # if HAVE_STDINT_H
| #  include <stdint.h>
| # endif
| #endif
| #if HAVE_UNISTD_H
| # include <unistd.h>
| #endif
| int
| main ()
| {
| static int test_array [1 - 2 * !(((long) (sizeof (int))) <= 1)];
| test_array [0] = 0
| 
|   ;
|   return 0;
| }
configure:20157: mipsel-linux-gcc -c -Wall -pipe -Dlinux -D__linux__ -Dunix -DEMBED -I/home/qwert/cvs/projects/RT2883/RT288x_SDK/source/lib/include -I/home/qwert/cvs/projects/RT2883/RT288x_SDK/source -I./libavcodec -I./libavformat -Wdisabled-optimization -I. -I. -I./libavutil -Wno-switch -Wpointer-arith -Wredundant-decls -pipe -D_REENTRANT -I/usr/include/SDL -D_REENTRANT  conftest.c >&5
conftest.c: In function `main':
conftest.c:70: error: size of array `test_array' is negative
configure:20163: $? = 1
configure: failed program was:
| /* confdefs.h.  */
| 
| #define PACKAGE_NAME "MPEG Audio Decoder"
| #define PACKAGE_TARNAME "libmad"
| #define PACKAGE_VERSION "0.15.1b"
| #define PACKAGE_STRING "MPEG Audio Decoder 0.15.1b"
| #define PACKAGE_BUGREPORT "support@underbit.com"
| #define PACKAGE "libmad"
| #define VERSION "0.15.1b"
| #define STDC_HEADERS 1
| #define HAVE_SYS_TYPES_H 1
| #define HAVE_SYS_STAT_H 1
| #define HAVE_STDLIB_H 1
| #define HAVE_STRING_H 1
| #define HAVE_MEMORY_H 1
| #define HAVE_STRINGS_H 1
| #define HAVE_INTTYPES_H 1
| #define HAVE_STDINT_H 1
| #define HAVE_UNISTD_H 1
| #define HAVE_DLFCN_H 1
| #ifdef __cplusplus
| void exit (int);
| #endif
| #define STDC_HEADERS 1
| #define HAVE_SYS_WAIT_H 1
| #define HAVE_ASSERT_H 1
| #define HAVE_LIMITS_H 1
| #define HAVE_UNISTD_H 1
| #define HAVE_SYS_TYPES_H 1
| #define HAVE_FCNTL_H 1
| #define HAVE_ERRNO_H 1
| /* end confdefs.h.  */
| #include <stdio.h>
| #if HAVE_SYS_TYPES_H
| # include <sys/types.h>
| #endif
| #if HAVE_SYS_STAT_H
| # include <sys/stat.h>
| #endif
| #if STDC_HEADERS
| # include <stdlib.h>
| # include <stddef.h>
| #else
| # if HAVE_STDLIB_H
| #  include <stdlib.h>
| # endif
| #endif
| #if HAVE_STRING_H
| # if !STDC_HEADERS && HAVE_MEMORY_H
| #  include <memory.h>
| # endif
| # include <string.h>
| #endif
| #if HAVE_STRINGS_H
| # include <strings.h>
| #endif
| #if HAVE_INTTYPES_H
| # include <inttypes.h>
| #else
| # if HAVE_STDINT_H
| #  include <stdint.h>
| # endif
| #endif
| #if HAVE_UNISTD_H
| # include <unistd.h>
| #endif
| int
| main ()
| {
| static int test_array [1 - 2 * !(((long) (sizeof (int))) <= 3)];
| test_array [0] = 0
| 
|   ;
|   return 0;
| }
configure:20157: mipsel-linux-gcc -c -Wall -pipe -Dlinux -D__linux__ -Dunix -DEMBED -I/home/qwert/cvs/projects/RT2883/RT288x_SDK/source/lib/include -I/home/qwert/cvs/projects/RT2883/RT288x_SDK/source -I./libavcodec -I./libavformat -Wdisabled-optimization -I. -I. -I./libavutil -Wno-switch -Wpointer-arith -Wredundant-decls -pipe -D_REENTRANT -I/usr/include/SDL -D_REENTRANT  conftest.c >&5
configure:20163: $? = 0
configure:20166: test -z 			 || test ! -s conftest.err
configure:20169: $? = 0
configure:20172: test -s conftest.o
configure:20175: $? = 0
configure:20317: mipsel-linux-gcc -c -Wall -pipe -Dlinux -D__linux__ -Dunix -DEMBED -I/home/qwert/cvs/projects/RT2883/RT288x_SDK/source/lib/include -I/home/qwert/cvs/projects/RT2883/RT288x_SDK/source -I./libavcodec -I./libavformat -Wdisabled-optimization -I. -I. -I./libavutil -Wno-switch -Wpointer-arith -Wredundant-decls -pipe -D_REENTRANT -I/usr/include/SDL -D_REENTRANT  conftest.c >&5
configure:20323: $? = 0
configure:20326: test -z 			 || test ! -s conftest.err
configure:20329: $? = 0
configure:20332: test -s conftest.o
configure:20335: $? = 0
configure:20317: mipsel-linux-gcc -c -Wall -pipe -Dlinux -D__linux__ -Dunix -DEMBED -I/home/qwert/cvs/projects/RT2883/RT288x_SDK/source/lib/include -I/home/qwert/cvs/projects/RT2883/RT288x_SDK/source -I./libavcodec -I./libavformat -Wdisabled-optimization -I. -I. -I./libavutil -Wno-switch -Wpointer-arith -Wredundant-decls -pipe -D_REENTRANT -I/usr/include/SDL -D_REENTRANT  conftest.c >&5
configure:20323: $? = 0
configure:20326: test -z 			 || test ! -s conftest.err
configure:20329: $? = 0
configure:20332: test -s conftest.o
configure:20335: $? = 0
configure:20430: result: 4
configure:20437: checking for long
configure:20461: mipsel-linux-gcc -c -Wall -pipe -Dlinux -D__linux__ -Dunix -DEMBED -I/home/qwert/cvs/projects/RT2883/RT288x_SDK/source/lib/include -I/home/qwert/cvs/projects/RT2883/RT288x_SDK/source -I./libavcodec -I./libavformat -Wdisabled-optimization -I. -I. -I./libavutil -Wno-switch -Wpointer-arith -Wredundant-decls -pipe -D_REENTRANT -I/usr/include/SDL -D_REENTRANT  conftest.c >&5
configure:20467: $? = 0
configure:20470: test -z 			 || test ! -s conftest.err
configure:20473: $? = 0
configure:20476: test -s conftest.o
configure:20479: $? = 0
configure:20490: result: yes
configure:20493: checking size of long
configure:20523: mipsel-linux-gcc -c -Wall -pipe -Dlinux -D__linux__ -Dunix -DEMBED -I/home/qwert/cvs/projects/RT2883/RT288x_SDK/source/lib/include -I/home/qwert/cvs/projects/RT2883/RT288x_SDK/source -I./libavcodec -I./libavformat -Wdisabled-optimization -I. -I. -I./libavutil -Wno-switch -Wpointer-arith -Wredundant-decls -pipe -D_REENTRANT -I/usr/include/SDL -D_REENTRANT  conftest.c >&5
configure:20529: $? = 0
configure:20532: test -z 			 || test ! -s conftest.err
configure:20535: $? = 0
configure:20538: test -s conftest.o
configure:20541: $? = 0
configure:20563: mipsel-linux-gcc -c -Wall -pipe -Dlinux -D__linux__ -Dunix -DEMBED -I/home/qwert/cvs/projects/RT2883/RT288x_SDK/source/lib/include -I/home/qwert/cvs/projects/RT2883/RT288x_SDK/source -I./libavcodec -I./libavformat -Wdisabled-optimization -I. -I. -I./libavutil -Wno-switch -Wpointer-arith -Wredundant-decls -pipe -D_REENTRANT -I/usr/include/SDL -D_REENTRANT  conftest.c >&5
conftest.c: In function `main':
conftest.c:71: error: size of array `test_array' is negative
configure:20569: $? = 1
configure: failed program was:
| /* confdefs.h.  */
| 
| #define PACKAGE_NAME "MPEG Audio Decoder"
| #define PACKAGE_TARNAME "libmad"
| #define PACKAGE_VERSION "0.15.1b"
| #define PACKAGE_STRING "MPEG Audio Decoder 0.15.1b"
| #define PACKAGE_BUGREPORT "support@underbit.com"
| #define PACKAGE "libmad"
| #define VERSION "0.15.1b"
| #define STDC_HEADERS 1
| #define HAVE_SYS_TYPES_H 1
| #define HAVE_SYS_STAT_H 1
| #define HAVE_STDLIB_H 1
| #define HAVE_STRING_H 1
| #define HAVE_MEMORY_H 1
| #define HAVE_STRINGS_H 1
| #define HAVE_INTTYPES_H 1
| #define HAVE_STDINT_H 1
| #define HAVE_UNISTD_H 1
| #define HAVE_DLFCN_H 1
| #ifdef __cplusplus
| void exit (int);
| #endif
| #define STDC_HEADERS 1
| #define HAVE_SYS_WAIT_H 1
| #define HAVE_ASSERT_H 1
| #define HAVE_LIMITS_H 1
| #define HAVE_UNISTD_H 1
| #define HAVE_SYS_TYPES_H 1
| #define HAVE_FCNTL_H 1
| #define HAVE_ERRNO_H 1
| #define SIZEOF_INT 4
| /* end confdefs.h.  */
| #include <stdio.h>
| #if HAVE_SYS_TYPES_H
| # include <sys/types.h>
| #endif
| #if HAVE_SYS_STAT_H
| # include <sys/stat.h>
| #endif
| #if STDC_HEADERS
| # include <stdlib.h>
| # include <stddef.h>
| #else
| # if HAVE_STDLIB_H
| #  include <stdlib.h>
| # endif
| #endif
| #if HAVE_STRING_H
| # if !STDC_HEADERS && HAVE_MEMORY_H
| #  include <memory.h>
| # endif
| # include <string.h>
| #endif
| #if HAVE_STRINGS_H
| # include <strings.h>
| #endif
| #if HAVE_INTTYPES_H
| # include <inttypes.h>
| #else
| # if HAVE_STDINT_H
| #  include <stdint.h>
| # endif
| #endif
| #if HAVE_UNISTD_H
| # include <unistd.h>
| #endif
| int
| main ()
| {
| static int test_array [1 - 2 * !(((long) (sizeof (long))) <= 0)];
| test_array [0] = 0
| 
|   ;
|   return 0;
| }
configure:20563: mipsel-linux-gcc -c -Wall -pipe -Dlinux -D__linux__ -Dunix -DEMBED -I/home/qwert/cvs/projects/RT2883/RT288x_SDK/source/lib/include -I/home/qwert/cvs/projects/RT2883/RT288x_SDK/source -I./libavcodec -I./libavformat -Wdisabled-optimization -I. -I. -I./libavutil -Wno-switch -Wpointer-arith -Wredundant-decls -pipe -D_REENTRANT -I/usr/include/SDL -D_REENTRANT  conftest.c >&5
conftest.c: In function `main':
conftest.c:71: error: size of array `test_array' is negative
configure:20569: $? = 1
configure: failed program was:
| /* confdefs.h.  */
| 
| #define PACKAGE_NAME "MPEG Audio Decoder"
| #define PACKAGE_TARNAME "libmad"
| #define PACKAGE_VERSION "0.15.1b"
| #define PACKAGE_STRING "MPEG Audio Decoder 0.15.1b"
| #define PACKAGE_BUGREPORT "support@underbit.com"
| #define PACKAGE "libmad"
| #define VERSION "0.15.1b"
| #define STDC_HEADERS 1
| #define HAVE_SYS_TYPES_H 1
| #define HAVE_SYS_STAT_H 1
| #define HAVE_STDLIB_H 1
| #define HAVE_STRING_H 1
| #define HAVE_MEMORY_H 1
| #define HAVE_STRINGS_H 1
| #define HAVE_INTTYPES_H 1
| #define HAVE_STDINT_H 1
| #define HAVE_UNISTD_H 1
| #define HAVE_DLFCN_H 1
| #ifdef __cplusplus
| void exit (int);
| #endif
| #define STDC_HEADERS 1
| #define HAVE_SYS_WAIT_H 1
| #define HAVE_ASSERT_H 1
| #define HAVE_LIMITS_H 1
| #define HAVE_UNISTD_H 1
| #define HAVE_SYS_TYPES_H 1
| #define HAVE_FCNTL_H 1
| #define HAVE_ERRNO_H 1
| #define SIZEOF_INT 4
| /* end confdefs.h.  */
| #include <stdio.h>
| #if HAVE_SYS_TYPES_H
| # include <sys/types.h>
| #endif
| #if HAVE_SYS_STAT_H
| # include <sys/stat.h>
| #endif
| #if STDC_HEADERS
| # include <stdlib.h>
| # include <stddef.h>
| #else
| # if HAVE_STDLIB_H
| #  include <stdlib.h>
| # endif
| #endif
| #if HAVE_STRING_H
| # if !STDC_HEADERS && HAVE_MEMORY_H
| #  include <memory.h>
| # endif
| # include <string.h>
| #endif
| #if HAVE_STRINGS_H
| # include <strings.h>
| #endif
| #if HAVE_INTTYPES_H
| # include <inttypes.h>
| #else
| # if HAVE_STDINT_H
| #  include <stdint.h>
| # endif
| #endif
| #if HAVE_UNISTD_H
| # include <unistd.h>
| #endif
| int
| main ()
| {
| static int test_array [1 - 2 * !(((long) (sizeof (long))) <= 1)];
| test_array [0] = 0
| 
|   ;
|   return 0;
| }
configure:20563: mipsel-linux-gcc -c -Wall -pipe -Dlinux -D__linux__ -Dunix -DEMBED -I/home/qwert/cvs/projects/RT2883/RT288x_SDK/source/lib/include -I/home/qwert/cvs/projects/RT2883/RT288x_SDK/source -I./libavcodec -I./libavformat -Wdisabled-optimization -I. -I. -I./libavutil -Wno-switch -Wpointer-arith -Wredundant-decls -pipe -D_REENTRANT -I/usr/include/SDL -D_REENTRANT  conftest.c >&5
conftest.c: In function `main':
conftest.c:71: error: size of array `test_array' is negative
configure:20569: $? = 1
configure: failed program was:
| /* confdefs.h.  */
| 
| #define PACKAGE_NAME "MPEG Audio Decoder"
| #define PACKAGE_TARNAME "libmad"
| #define PACKAGE_VERSION "0.15.1b"
| #define PACKAGE_STRING "MPEG Audio Decoder 0.15.1b"
| #define PACKAGE_BUGREPORT "support@underbit.com"
| #define PACKAGE "libmad"
| #define VERSION "0.15.1b"
| #define STDC_HEADERS 1
| #define HAVE_SYS_TYPES_H 1
| #define HAVE_SYS_STAT_H 1
| #define HAVE_STDLIB_H 1
| #define HAVE_STRING_H 1
| #define HAVE_MEMORY_H 1
| #define HAVE_STRINGS_H 1
| #define HAVE_INTTYPES_H 1
| #define HAVE_STDINT_H 1
| #define HAVE_UNISTD_H 1
| #define HAVE_DLFCN_H 1
| #ifdef __cplusplus
| void exit (int);
| #endif
| #define STDC_HEADERS 1
| #define HAVE_SYS_WAIT_H 1
| #define HAVE_ASSERT_H 1
| #define HAVE_LIMITS_H 1
| #define HAVE_UNISTD_H 1
| #define HAVE_SYS_TYPES_H 1
| #define HAVE_FCNTL_H 1
| #define HAVE_ERRNO_H 1
| #define SIZEOF_INT 4
| /* end confdefs.h.  */
| #include <stdio.h>
| #if HAVE_SYS_TYPES_H
| # include <sys/types.h>
| #endif
| #if HAVE_SYS_STAT_H
| # include <sys/stat.h>
| #endif
| #if STDC_HEADERS
| # include <stdlib.h>
| # include <stddef.h>
| #else
| # if HAVE_STDLIB_H
| #  include <stdlib.h>
| # endif
| #endif
| #if HAVE_STRING_H
| # if !STDC_HEADERS && HAVE_MEMORY_H
| #  include <memory.h>
| # endif
| # include <string.h>
| #endif
| #if HAVE_STRINGS_H
| # include <strings.h>
| #endif
| #if HAVE_INTTYPES_H
| # include <inttypes.h>
| #else
| # if HAVE_STDINT_H
| #  include <stdint.h>
| # endif
| #endif
| #if HAVE_UNISTD_H
| # include <unistd.h>
| #endif
| int
| main ()
| {
| static int test_array [1 - 2 * !(((long) (sizeof (long))) <= 3)];
| test_array [0] = 0
| 
|   ;
|   return 0;
| }
configure:20563: mipsel-linux-gcc -c -Wall -pipe -Dlinux -D__linux__ -Dunix -DEMBED -I/home/qwert/cvs/projects/RT2883/RT288x_SDK/source/lib/include -I/home/qwert/cvs/projects/RT2883/RT288x_SDK/source -I./libavcodec -I./libavformat -Wdisabled-optimization -I. -I. -I./libavutil -Wno-switch -Wpointer-arith -Wredundant-decls -pipe -D_REENTRANT -I/usr/include/SDL -D_REENTRANT  conftest.c >&5
configure:20569: $? = 0
configure:20572: test -z 			 || test ! -s conftest.err
configure:20575: $? = 0
configure:20578: test -s conftest.o
configure:20581: $? = 0
configure:20723: mipsel-linux-gcc -c -Wall -pipe -Dlinux -D__linux__ -Dunix -DEMBED -I/home/qwert/cvs/projects/RT2883/RT288x_SDK/source/lib/include -I/home/qwert/cvs/projects/RT2883/RT288x_SDK/source -I./libavcodec -I./libavformat -Wdisabled-optimization -I. -I. -I./libavutil -Wno-switch -Wpointer-arith -Wredundant-decls -pipe -D_REENTRANT -I/usr/include/SDL -D_REENTRANT  conftest.c >&5
configure:20729: $? = 0
configure:20732: test -z 			 || test ! -s conftest.err
configure:20735: $? = 0
configure:20738: test -s conftest.o
configure:20741: $? = 0
configure:20723: mipsel-linux-gcc -c -Wall -pipe -Dlinux -D__linux__ -Dunix -DEMBED -I/home/qwert/cvs/projects/RT2883/RT288x_SDK/source/lib/include -I/home/qwert/cvs/projects/RT2883/RT288x_SDK/source -I./libavcodec -I./libavformat -Wdisabled-optimization -I. -I. -I./libavutil -Wno-switch -Wpointer-arith -Wredundant-decls -pipe -D_REENTRANT -I/usr/include/SDL -D_REENTRANT  conftest.c >&5
configure:20729: $? = 0
configure:20732: test -z 			 || test ! -s conftest.err
configure:20735: $? = 0
configure:20738: test -s conftest.o
configure:20741: $? = 0
configure:20836: result: 4
configure:20843: checking for long long
configure:20867: mipsel-linux-gcc -c -Wall -pipe -Dlinux -D__linux__ -Dunix -DEMBED -I/home/qwert/cvs/projects/RT2883/RT288x_SDK/source/lib/include -I/home/qwert/cvs/projects/RT2883/RT288x_SDK/source -I./libavcodec -I./libavformat -Wdisabled-optimization -I. -I. -I./libavutil -Wno-switch -Wpointer-arith -Wredundant-decls -pipe -D_REENTRANT -I/usr/include/SDL -D_REENTRANT  conftest.c >&5
configure:20873: $? = 0
configure:20876: test -z 			 || test ! -s conftest.err
configure:20879: $? = 0
configure:20882: test -s conftest.o
configure:20885: $? = 0
configure:20896: result: yes
configure:20899: checking size of long long
configure:20929: mipsel-linux-gcc -c -Wall -pipe -Dlinux -D__linux__ -Dunix -DEMBED -I/home/qwert/cvs/projects/RT2883/RT288x_SDK/source/lib/include -I/home/qwert/cvs/projects/RT2883/RT288x_SDK/source -I./libavcodec -I./libavformat -Wdisabled-optimization -I. -I. -I./libavutil -Wno-switch -Wpointer-arith -Wredundant-decls -pipe -D_REENTRANT -I/usr/include/SDL -D_REENTRANT  conftest.c >&5
configure:20935: $? = 0
configure:20938: test -z 			 || test ! -s conftest.err
configure:20941: $? = 0
configure:20944: test -s conftest.o
configure:20947: $? = 0
configure:20969: mipsel-linux-gcc -c -Wall -pipe -Dlinux -D__linux__ -Dunix -DEMBED -I/home/qwert/cvs/projects/RT2883/RT288x_SDK/source/lib/include -I/home/qwert/cvs/projects/RT2883/RT288x_SDK/source -I./libavcodec -I./libavformat -Wdisabled-optimization -I. -I. -I./libavutil -Wno-switch -Wpointer-arith -Wredundant-decls -pipe -D_REENTRANT -I/usr/include/SDL -D_REENTRANT  conftest.c >&5
conftest.c: In function `main':
conftest.c:72: error: size of array `test_array' is negative
configure:20975: $? = 1
configure: failed program was:
| /* confdefs.h.  */
| 
| #define PACKAGE_NAME "MPEG Audio Decoder"
| #define PACKAGE_TARNAME "libmad"
| #define PACKAGE_VERSION "0.15.1b"
| #define PACKAGE_STRING "MPEG Audio Decoder 0.15.1b"
| #define PACKAGE_BUGREPORT "support@underbit.com"
| #define PACKAGE "libmad"
| #define VERSION "0.15.1b"
| #define STDC_HEADERS 1
| #define HAVE_SYS_TYPES_H 1
| #define HAVE_SYS_STAT_H 1
| #define HAVE_STDLIB_H 1
| #define HAVE_STRING_H 1
| #define HAVE_MEMORY_H 1
| #define HAVE_STRINGS_H 1
| #define HAVE_INTTYPES_H 1
| #define HAVE_STDINT_H 1
| #define HAVE_UNISTD_H 1
| #define HAVE_DLFCN_H 1
| #ifdef __cplusplus
| void exit (int);
| #endif
| #define STDC_HEADERS 1
| #define HAVE_SYS_WAIT_H 1
| #define HAVE_ASSERT_H 1
| #define HAVE_LIMITS_H 1
| #define HAVE_UNISTD_H 1
| #define HAVE_SYS_TYPES_H 1
| #define HAVE_FCNTL_H 1
| #define HAVE_ERRNO_H 1
| #define SIZEOF_INT 4
| #define SIZEOF_LONG 4
| /* end confdefs.h.  */
| #include <stdio.h>
| #if HAVE_SYS_TYPES_H
| # include <sys/types.h>
| #endif
| #if HAVE_SYS_STAT_H
| # include <sys/stat.h>
| #endif
| #if STDC_HEADERS
| # include <stdlib.h>
| # include <stddef.h>
| #else
| # if HAVE_STDLIB_H
| #  include <stdlib.h>
| # endif
| #endif
| #if HAVE_STRING_H
| # if !STDC_HEADERS && HAVE_MEMORY_H
| #  include <memory.h>
| # endif
| # include <string.h>
| #endif
| #if HAVE_STRINGS_H
| # include <strings.h>
| #endif
| #if HAVE_INTTYPES_H
| # include <inttypes.h>
| #else
| # if HAVE_STDINT_H
| #  include <stdint.h>
| # endif
| #endif
| #if HAVE_UNISTD_H
| # include <unistd.h>
| #endif
| int
| main ()
| {
| static int test_array [1 - 2 * !(((long) (sizeof (long long))) <= 0)];
| test_array [0] = 0
| 
|   ;
|   return 0;
| }
configure:20969: mipsel-linux-gcc -c -Wall -pipe -Dlinux -D__linux__ -Dunix -DEMBED -I/home/qwert/cvs/projects/RT2883/RT288x_SDK/source/lib/include -I/home/qwert/cvs/projects/RT2883/RT288x_SDK/source -I./libavcodec -I./libavformat -Wdisabled-optimization -I. -I. -I./libavutil -Wno-switch -Wpointer-arith -Wredundant-decls -pipe -D_REENTRANT -I/usr/include/SDL -D_REENTRANT  conftest.c >&5
conftest.c: In function `main':
conftest.c:72: error: size of array `test_array' is negative
configure:20975: $? = 1
configure: failed program was:
| /* confdefs.h.  */
| 
| #define PACKAGE_NAME "MPEG Audio Decoder"
| #define PACKAGE_TARNAME "libmad"
| #define PACKAGE_VERSION "0.15.1b"
| #define PACKAGE_STRING "MPEG Audio Decoder 0.15.1b"
| #define PACKAGE_BUGREPORT "support@underbit.com"
| #define PACKAGE "libmad"
| #define VERSION "0.15.1b"
| #define STDC_HEADERS 1
| #define HAVE_SYS_TYPES_H 1
| #define HAVE_SYS_STAT_H 1
| #define HAVE_STDLIB_H 1
| #define HAVE_STRING_H 1
| #define HAVE_MEMORY_H 1
| #define HAVE_STRINGS_H 1
| #define HAVE_INTTYPES_H 1
| #define HAVE_STDINT_H 1
| #define HAVE_UNISTD_H 1
| #define HAVE_DLFCN_H 1
| #ifdef __cplusplus
| void exit (int);
| #endif
| #define STDC_HEADERS 1
| #define HAVE_SYS_WAIT_H 1
| #define HAVE_ASSERT_H 1
| #define HAVE_LIMITS_H 1
| #define HAVE_UNISTD_H 1
| #define HAVE_SYS_TYPES_H 1
| #define HAVE_FCNTL_H 1
| #define HAVE_ERRNO_H 1
| #define SIZEOF_INT 4
| #define SIZEOF_LONG 4
| /* end confdefs.h.  */
| #include <stdio.h>
| #if HAVE_SYS_TYPES_H
| # include <sys/types.h>
| #endif
| #if HAVE_SYS_STAT_H
| # include <sys/stat.h>
| #endif
| #if STDC_HEADERS
| # include <stdlib.h>
| # include <stddef.h>
| #else
| # if HAVE_STDLIB_H
| #  include <stdlib.h>
| # endif
| #endif
| #if HAVE_STRING_H
| # if !STDC_HEADERS && HAVE_MEMORY_H
| #  include <memory.h>
| # endif
| # include <string.h>
| #endif
| #if HAVE_STRINGS_H
| # include <strings.h>
| #endif
| #if HAVE_INTTYPES_H
| # include <inttypes.h>
| #else
| # if HAVE_STDINT_H
| #  include <stdint.h>
| # endif
| #endif
| #if HAVE_UNISTD_H
| # include <unistd.h>
| #endif
| int
| main ()
| {
| static int test_array [1 - 2 * !(((long) (sizeof (long long))) <= 1)];
| test_array [0] = 0
| 
|   ;
|   return 0;
| }
configure:20969: mipsel-linux-gcc -c -Wall -pipe -Dlinux -D__linux__ -Dunix -DEMBED -I/home/qwert/cvs/projects/RT2883/RT288x_SDK/source/lib/include -I/home/qwert/cvs/projects/RT2883/RT288x_SDK/source -I./libavcodec -I./libavformat -Wdisabled-optimization -I. -I. -I./libavutil -Wno-switch -Wpointer-arith -Wredundant-decls -pipe -D_REENTRANT -I/usr/include/SDL -D_REENTRANT  conftest.c >&5
conftest.c: In function `main':
conftest.c:72: error: size of array `test_array' is negative
configure:20975: $? = 1
configure: failed program was:
| /* confdefs.h.  */
| 
| #define PACKAGE_NAME "MPEG Audio Decoder"
| #define PACKAGE_TARNAME "libmad"
| #define PACKAGE_VERSION "0.15.1b"
| #define PACKAGE_STRING "MPEG Audio Decoder 0.15.1b"
| #define PACKAGE_BUGREPORT "support@underbit.com"
| #define PACKAGE "libmad"
| #define VERSION "0.15.1b"
| #define STDC_HEADERS 1
| #define HAVE_SYS_TYPES_H 1
| #define HAVE_SYS_STAT_H 1
| #define HAVE_STDLIB_H 1
| #define HAVE_STRING_H 1
| #define HAVE_MEMORY_H 1
| #define HAVE_STRINGS_H 1
| #define HAVE_INTTYPES_H 1
| #define HAVE_STDINT_H 1
| #define HAVE_UNISTD_H 1
| #define HAVE_DLFCN_H 1
| #ifdef __cplusplus
| void exit (int);
| #endif
| #define STDC_HEADERS 1
| #define HAVE_SYS_WAIT_H 1
| #define HAVE_ASSERT_H 1
| #define HAVE_LIMITS_H 1
| #define HAVE_UNISTD_H 1
| #define HAVE_SYS_TYPES_H 1
| #define HAVE_FCNTL_H 1
| #define HAVE_ERRNO_H 1
| #define SIZEOF_INT 4
| #define SIZEOF_LONG 4
| /* end confdefs.h.  */
| #include <stdio.h>
| #if HAVE_SYS_TYPES_H
| # include <sys/types.h>
| #endif
| #if HAVE_SYS_STAT_H
| # include <sys/stat.h>
| #endif
| #if STDC_HEADERS
| # include <stdlib.h>
| # include <stddef.h>
| #else
| # if HAVE_STDLIB_H
| #  include <stdlib.h>
| # endif
| #endif
| #if HAVE_STRING_H
| # if !STDC_HEADERS && HAVE_MEMORY_H
| #  include <memory.h>
| # endif
| # include <string.h>
| #endif
| #if HAVE_STRINGS_H
| # include <strings.h>
| #endif
| #if HAVE_INTTYPES_H
| # include <inttypes.h>
| #else
| # if HAVE_STDINT_H
| #  include <stdint.h>
| # endif
| #endif
| #if HAVE_UNISTD_H
| # include <unistd.h>
| #endif
| int
| main ()
| {
| static int test_array [1 - 2 * !(((long) (sizeof (long long))) <= 3)];
| test_array [0] = 0
| 
|   ;
|   return 0;
| }
configure:20969: mipsel-linux-gcc -c -Wall -pipe -Dlinux -D__linux__ -Dunix -DEMBED -I/home/qwert/cvs/projects/RT2883/RT288x_SDK/source/lib/include -I/home/qwert/cvs/projects/RT2883/RT288x_SDK/source -I./libavcodec -I./libavformat -Wdisabled-optimization -I. -I. -I./libavutil -Wno-switch -Wpointer-arith -Wredundant-decls -pipe -D_REENTRANT -I/usr/include/SDL -D_REENTRANT  conftest.c >&5
conftest.c: In function `main':
conftest.c:72: error: size of array `test_array' is negative
configure:20975: $? = 1
configure: failed program was:
| /* confdefs.h.  */
| 
| #define PACKAGE_NAME "MPEG Audio Decoder"
| #define PACKAGE_TARNAME "libmad"
| #define PACKAGE_VERSION "0.15.1b"
| #define PACKAGE_STRING "MPEG Audio Decoder 0.15.1b"
| #define PACKAGE_BUGREPORT "support@underbit.com"
| #define PACKAGE "libmad"
| #define VERSION "0.15.1b"
| #define STDC_HEADERS 1
| #define HAVE_SYS_TYPES_H 1
| #define HAVE_SYS_STAT_H 1
| #define HAVE_STDLIB_H 1
| #define HAVE_STRING_H 1
| #define HAVE_MEMORY_H 1
| #define HAVE_STRINGS_H 1
| #define HAVE_INTTYPES_H 1
| #define HAVE_STDINT_H 1
| #define HAVE_UNISTD_H 1
| #define HAVE_DLFCN_H 1
| #ifdef __cplusplus
| void exit (int);
| #endif
| #define STDC_HEADERS 1
| #define HAVE_SYS_WAIT_H 1
| #define HAVE_ASSERT_H 1
| #define HAVE_LIMITS_H 1
| #define HAVE_UNISTD_H 1
| #define HAVE_SYS_TYPES_H 1
| #define HAVE_FCNTL_H 1
| #define HAVE_ERRNO_H 1
| #define SIZEOF_INT 4
| #define SIZEOF_LONG 4
| /* end confdefs.h.  */
| #include <stdio.h>
| #if HAVE_SYS_TYPES_H
| # include <sys/types.h>
| #endif
| #if HAVE_SYS_STAT_H
| # include <sys/stat.h>
| #endif
| #if STDC_HEADERS
| # include <stdlib.h>
| # include <stddef.h>
| #else
| # if HAVE_STDLIB_H
| #  include <stdlib.h>
| # endif
| #endif
| #if HAVE_STRING_H
| # if !STDC_HEADERS && HAVE_MEMORY_H
| #  include <memory.h>
| # endif
| # include <string.h>
| #endif
| #if HAVE_STRINGS_H
| # include <strings.h>
| #endif
| #if HAVE_INTTYPES_H
| # include <inttypes.h>
| #else
| # if HAVE_STDINT_H
| #  include <stdint.h>
| # endif
| #endif
| #if HAVE_UNISTD_H
| # include <unistd.h>
| #endif
| int
| main ()
| {
| static int test_array [1 - 2 * !(((long) (sizeof (long long))) <= 7)];
| test_array [0] = 0
| 
|   ;
|   return 0;
| }
configure:20969: mipsel-linux-gcc -c -Wall -pipe -Dlinux -D__linux__ -Dunix -DEMBED -I/home/qwert/cvs/projects/RT2883/RT288x_SDK/source/lib/include -I/home/qwert/cvs/projects/RT2883/RT288x_SDK/source -I./libavcodec -I./libavformat -Wdisabled-optimization -I. -I. -I./libavutil -Wno-switch -Wpointer-arith -Wredundant-decls -pipe -D_REENTRANT -I/usr/include/SDL -D_REENTRANT  conftest.c >&5
configure:20975: $? = 0
configure:20978: test -z 			 || test ! -s conftest.err
configure:20981: $? = 0
configure:20984: test -s conftest.o
configure:20987: $? = 0
configure:21129: mipsel-linux-gcc -c -Wall -pipe -Dlinux -D__linux__ -Dunix -DEMBED -I/home/qwert/cvs/projects/RT2883/RT288x_SDK/source/lib/include -I/home/qwert/cvs/projects/RT2883/RT288x_SDK/source -I./libavcodec -I./libavformat -Wdisabled-optimization -I. -I. -I./libavutil -Wno-switch -Wpointer-arith -Wredundant-decls -pipe -D_REENTRANT -I/usr/include/SDL -D_REENTRANT  conftest.c >&5
configure:21135: $? = 0
configure:21138: test -z 			 || test ! -s conftest.err
configure:21141: $? = 0
configure:21144: test -s conftest.o
configure:21147: $? = 0
configure:21129: mipsel-linux-gcc -c -Wall -pipe -Dlinux -D__linux__ -Dunix -DEMBED -I/home/qwert/cvs/projects/RT2883/RT288x_SDK/source/lib/include -I/home/qwert/cvs/projects/RT2883/RT288x_SDK/source -I./libavcodec -I./libavformat -Wdisabled-optimization -I. -I. -I./libavutil -Wno-switch -Wpointer-arith -Wredundant-decls -pipe -D_REENTRANT -I/usr/include/SDL -D_REENTRANT  conftest.c >&5
configure:21135: $? = 0
configure:21138: test -z 			 || test ! -s conftest.err
configure:21141: $? = 0
configure:21144: test -s conftest.o
configure:21147: $? = 0
configure:21129: mipsel-linux-gcc -c -Wall -pipe -Dlinux -D__linux__ -Dunix -DEMBED -I/home/qwert/cvs/projects/RT2883/RT288x_SDK/source/lib/include -I/home/qwert/cvs/projects/RT2883/RT288x_SDK/source -I./libavcodec -I./libavformat -Wdisabled-optimization -I. -I. -I./libavutil -Wno-switch -Wpointer-arith -Wredundant-decls -pipe -D_REENTRANT -I/usr/include/SDL -D_REENTRANT  conftest.c >&5
configure:21135: $? = 0
configure:21138: test -z 			 || test ! -s conftest.err
configure:21141: $? = 0
configure:21144: test -s conftest.o
configure:21147: $? = 0
configure:21242: result: 8
configure:21258: checking for waitpid
configure:21315: mipsel-linux-gcc -o conftest -Wall -pipe -Dlinux -D__linux__ -Dunix -DEMBED -I/home/qwert/cvs/projects/RT2883/RT288x_SDK/source/lib/include -I/home/qwert/cvs/projects/RT2883/RT288x_SDK/source -I./libavcodec -I./libavformat -Wdisabled-optimization -I. -I. -I./libavutil -Wno-switch -Wpointer-arith -Wredundant-decls -pipe -D_REENTRANT -I/usr/include/SDL -D_REENTRANT  -Wl,--fatal-warnings -L/home/qwert/cvs/projects/RT2883/RT288x_SDK/source/lib/lib -Wl,--fatal-warnings -L/home/qwert/cvs/projects/RT2883/RT288x_SDK/source/lib/lib conftest.c  >&5
configure:21321: $? = 0
configure:21324: test -z 			 || test ! -s conftest.err
configure:21327: $? = 0
configure:21330: test -s conftest
configure:21333: $? = 0
configure:21345: result: yes
configure:21258: checking for fcntl
configure:21315: mipsel-linux-gcc -o conftest -Wall -pipe -Dlinux -D__linux__ -Dunix -DEMBED -I/home/qwert/cvs/projects/RT2883/RT288x_SDK/source/lib/include -I/home/qwert/cvs/projects/RT2883/RT288x_SDK/source -I./libavcodec -I./libavformat -Wdisabled-optimization -I. -I. -I./libavutil -Wno-switch -Wpointer-arith -Wredundant-decls -pipe -D_REENTRANT -I/usr/include/SDL -D_REENTRANT  -Wl,--fatal-warnings -L/home/qwert/cvs/projects/RT2883/RT288x_SDK/source/lib/lib -Wl,--fatal-warnings -L/home/qwert/cvs/projects/RT2883/RT288x_SDK/source/lib/lib conftest.c  >&5
configure:21321: $? = 0
configure:21324: test -z 			 || test ! -s conftest.err
configure:21327: $? = 0
configure:21330: test -s conftest
configure:21333: $? = 0
configure:21345: result: yes
configure:21258: checking for pipe
configure:21315: mipsel-linux-gcc -o conftest -Wall -pipe -Dlinux -D__linux__ -Dunix -DEMBED -I/home/qwert/cvs/projects/RT2883/RT288x_SDK/source/lib/include -I/home/qwert/cvs/projects/RT2883/RT288x_SDK/source -I./libavcodec -I./libavformat -Wdisabled-optimization -I. -I. -I./libavutil -Wno-switch -Wpointer-arith -Wredundant-decls -pipe -D_REENTRANT -I/usr/include/SDL -D_REENTRANT  -Wl,--fatal-warnings -L/home/qwert/cvs/projects/RT2883/RT288x_SDK/source/lib/lib -Wl,--fatal-warnings -L/home/qwert/cvs/projects/RT2883/RT288x_SDK/source/lib/lib conftest.c  >&5
configure:21321: $? = 0
configure:21324: test -z 			 || test ! -s conftest.err
configure:21327: $? = 0
configure:21330: test -s conftest
configure:21333: $? = 0
configure:21345: result: yes
configure:21258: checking for fork
configure:21315: mipsel-linux-gcc -o conftest -Wall -pipe -Dlinux -D__linux__ -Dunix -DEMBED -I/home/qwert/cvs/projects/RT2883/RT288x_SDK/source/lib/include -I/home/qwert/cvs/projects/RT2883/RT288x_SDK/source -I./libavcodec -I./libavformat -Wdisabled-optimization -I. -I. -I./libavutil -Wno-switch -Wpointer-arith -Wredundant-decls -pipe -D_REENTRANT -I/usr/include/SDL -D_REENTRANT  -Wl,--fatal-warnings -L/home/qwert/cvs/projects/RT2883/RT288x_SDK/source/lib/lib -Wl,--fatal-warnings -L/home/qwert/cvs/projects/RT2883/RT288x_SDK/source/lib/lib conftest.c  >&5
configure:21321: $? = 0
configure:21324: test -z 			 || test ! -s conftest.err
configure:21327: $? = 0
configure:21330: test -s conftest
configure:21333: $? = 0
configure:21345: result: yes
configure:21417: checking whether to optimize for speed or for accuracy
configure:21459: result: speed
configure:21469: checking for architecture-specific fixed-point math routines
configure:21508: result: MIPS
configure:21564: checking for ISO/IEC interpretation
configure:21582: result: best accepted practices
configure:21585: checking whether to enable profiling
configure:21596: result: no
configure:21599: checking whether to enable debugging
configure:21636: result: no
configure:21639: checking whether to enable experimental code
configure:21656: result: no
configure:21784: creating ./config.status

## ---------------------- ##
## Running config.status. ##
## ---------------------- ##

This file was extended by MPEG Audio Decoder config.status 0.15.1b, which was
generated by GNU Autoconf 2.59.  Invocation command line was

  CONFIG_FILES    = 
  CONFIG_HEADERS  = 
  CONFIG_LINKS    = 
  CONFIG_COMMANDS = 
  $ ./config.status 

on compiler

config.status:759: creating Makefile
config.status:759: creating msvc++/Makefile
config.status:759: creating libmad.list
config.status:825: creating config.h
config.status:1149: executing depfiles commands

## ---------------- ##
## Cache variables. ##
## ---------------- ##

ac_cv_build=x86_64-unknown-linux-gnu
ac_cv_build_alias=x86_64-unknown-linux-gnu
ac_cv_c_bigendian=no
ac_cv_c_compiler_gnu=yes
ac_cv_c_const=yes
ac_cv_c_inline=inline
ac_cv_cxx_compiler_gnu=no
ac_cv_env_CCASFLAGS_set=
ac_cv_env_CCASFLAGS_value=
ac_cv_env_CCAS_set=
ac_cv_env_CCAS_value=
ac_cv_env_CC_set=set
ac_cv_env_CC_value=mipsel-linux-gcc
ac_cv_env_CFLAGS_set=set
ac_cv_env_CFLAGS_value='-O2 -fomit-frame-pointer -pipe  -Dlinux -D__linux__ -Dunix -DEMBED -I/home/qwert/cvs/projects/RT2883/RT288x_SDK/source/lib/include -I/home/qwert/cvs/projects/RT2883/RT288x_SDK/source  -I./libavcodec -I./libavformat -Wdisabled-optimization -I. -I. -I./libavutil -Wall -Wno-switch -Wpointer-arith -Wredundant-decls -O4 -march=r4kc -mtune=r4kc -pipe -ffast-math -fomit-frame-pointer -D_REENTRANT -I/usr/include/SDL  -D_REENTRANT  '
ac_cv_env_CPPFLAGS_set=
ac_cv_env_CPPFLAGS_value=
ac_cv_env_CPP_set=
ac_cv_env_CPP_value=
ac_cv_env_CXXCPP_set=
ac_cv_env_CXXCPP_value=
ac_cv_env_CXXFLAGS_set=set
ac_cv_env_CXXFLAGS_value='-I. -I.. -I../libavutil -Wall -Wno-switch -Wpointer-arith -Wredundant-decls -O4 -march=nocona -mtune=nocona -pipe -ffast-math -fomit-frame-pointer -D_REENTRANT -D__STDC_LIMIT_MACROS -I/usr/include/SDL  -D_REENTRANT   '
ac_cv_env_CXX_set=set
ac_cv_env_CXX_value=mipsel-linux-gcc
ac_cv_env_F77_set=
ac_cv_env_F77_value=
ac_cv_env_FFLAGS_set=
ac_cv_env_FFLAGS_value=
ac_cv_env_LDFLAGS_set=set
ac_cv_env_LDFLAGS_value='-Wl,--fatal-warnings -L/home/qwert/cvs/projects/RT2883/RT288x_SDK/source/lib/lib -Wl,--fatal-warnings -L/home/qwert/cvs/projects/RT2883/RT288x_SDK/source/lib/lib'
ac_cv_env_build_alias_set=
ac_cv_env_build_alias_value=
ac_cv_env_host_alias_set=set
ac_cv_env_host_alias_value=mipsel-linux
ac_cv_env_target_alias_set=
ac_cv_env_target_alias_value=
ac_cv_exeext=
ac_cv_f77_compiler_gnu=yes
ac_cv_func_fcntl=yes
ac_cv_func_fork=yes
ac_cv_func_pipe=yes
ac_cv_func_waitpid=yes
ac_cv_header_assert_h=yes
ac_cv_header_dlfcn_h=yes
ac_cv_header_errno_h=yes
ac_cv_header_fcntl_h=yes
ac_cv_header_inttypes_h=yes
ac_cv_header_limits_h=yes
ac_cv_header_memory_h=yes
ac_cv_header_stdc=yes
ac_cv_header_stdint_h=yes
ac_cv_header_stdlib_h=yes
ac_cv_header_string_h=yes
ac_cv_header_strings_h=yes
ac_cv_header_sys_stat_h=yes
ac_cv_header_sys_types_h=yes
ac_cv_header_sys_wait_h=yes
ac_cv_header_unistd_h=yes
ac_cv_host=mipsel-unknown-linux-gnu
ac_cv_host_alias=mipsel-linux
ac_cv_objext=o
ac_cv_path_install='/usr/bin/install -c'
ac_cv_prog_AR=mipsel-linux-ar
ac_cv_prog_AWK=gawk
ac_cv_prog_CC=mipsel-linux-gcc
ac_cv_prog_CPP='mipsel-linux-gcc -E'
ac_cv_prog_CXX=mipsel-linux-gcc
ac_cv_prog_CXXCPP='mipsel-linux-gcc -E'
ac_cv_prog_RANLIB=true
ac_cv_prog_STRIP=/opt/buildroot-gdb/bin/mipsel-linux-uclibc-strip
ac_cv_prog_ac_ct_F77=f95
ac_cv_prog_cc_g=yes
ac_cv_prog_cc_stdc=
ac_cv_prog_cxx_g=yes
ac_cv_prog_egrep='grep -E'
ac_cv_prog_f77_g=yes
ac_cv_prog_make_make_set=yes
ac_cv_sizeof_int=4
ac_cv_sizeof_long=4
ac_cv_sizeof_long_long=8
ac_cv_type_int=yes
ac_cv_type_long=yes
ac_cv_type_long_long=yes
ac_cv_type_pid_t=yes
am_cv_CC_dependencies_compiler_type=gcc3
am_cv_CXX_dependencies_compiler_type=gcc3
lt_cv_deplibs_check_method=pass_all
lt_cv_file_magic_cmd='$MAGIC_CMD'
lt_cv_file_magic_test_file=
lt_cv_ld_reload_flag=-r
lt_cv_objdir=.libs
lt_cv_path_LD=/opt/buildroot-gdb/bin/mipsel-linux-uclibc-ld
lt_cv_path_LDCXX=
lt_cv_path_NM='/opt/buildroot-gdb/bin/mipsel-linux-nm -B'
lt_cv_path_SED=/bin/sed
lt_cv_prog_compiler_c_o=yes
lt_cv_prog_compiler_c_o_CXX=no
lt_cv_prog_compiler_c_o_F77=yes
lt_cv_prog_compiler_rtti_exceptions=no
lt_cv_prog_gnu_ld=yes
lt_cv_prog_gnu_ldcxx=
lt_cv_sys_global_symbol_pipe='sed -n -e '\''s/^.*[ 	]\([ABCDGIRSTW][ABCDGIRSTW]*\)[ 	][ 	]*\(\)\([_A-Za-z][_A-Za-z0-9]*\)$/\1 \2\3 \3/p'\'''
lt_cv_sys_global_symbol_to_c_name_address='sed -n -e '\''s/^: \([^ ]*\) $/  {\"\1\", (lt_ptr) 0},/p'\'' -e '\''s/^[BCDEGRST] \([^ ]*\) \([^ ]*\)$/  {"\2", (lt_ptr) \&\2},/p'\'''
lt_cv_sys_global_symbol_to_cdecl='sed -n -e '\''s/^. .* \(.*\)$/extern int \1;/p'\'''
lt_cv_sys_max_cmd_len=32768
lt_lt_cv_prog_compiler_c_o='"yes"'
lt_lt_cv_prog_compiler_c_o_CXX='"no"'
lt_lt_cv_prog_compiler_c_o_F77='"yes"'
lt_lt_cv_sys_global_symbol_pipe='"sed -n -e '\''s/^.*[ 	]\\([ABCDGIRSTW][ABCDGIRSTW]*\\)[ 	][ 	]*\\(\\)\\([_A-Za-z][_A-Za-z0-9]*\\)\$/\\1 \\2\\3 \\3/p'\''"'
lt_lt_cv_sys_global_symbol_to_c_name_address='"sed -n -e '\''s/^: \\([^ ]*\\) \$/  {\\\"\\1\\\", (lt_ptr) 0},/p'\'' -e '\''s/^[BCDEGRST] \\([^ ]*\\) \\([^ ]*\\)\$/  {\"\\2\", (lt_ptr) \\&\\2},/p'\''"'
lt_lt_cv_sys_global_symbol_to_cdecl='"sed -n -e '\''s/^. .* \\(.*\\)\$/extern int \\1;/p'\''"'

## ----------------- ##
## Output variables. ##
## ----------------- ##

ACLOCAL='${SHELL} /home/qwert/cvs/projects/RT2883/RT288x_SDK/source/user/rt2880_app/mplayer/libmad/missing --run aclocal-1.8'
AMDEPBACKSLASH='\'
AMDEP_FALSE='#'
AMDEP_TRUE=''
AMTAR='${SHELL} /home/qwert/cvs/projects/RT2883/RT288x_SDK/source/user/rt2880_app/mplayer/libmad/missing --run tar'
AR='mipsel-linux-ar'
ASO=' -DASO_INTERLEAVE2 -DASO_ZEROCHECK'
ASO_OBJS=''
AUTOCONF='${SHELL} /home/qwert/cvs/projects/RT2883/RT288x_SDK/source/user/rt2880_app/mplayer/libmad/missing --run autoconf'
AUTOHEADER='${SHELL} /home/qwert/cvs/projects/RT2883/RT288x_SDK/source/user/rt2880_app/mplayer/libmad/missing --run autoheader'
AUTOMAKE='${SHELL} /home/qwert/cvs/projects/RT2883/RT288x_SDK/source/user/rt2880_app/mplayer/libmad/missing --run automake-1.8'
AWK='gawk'
CC='mipsel-linux-gcc'
CCAS='mipsel-linux-gcc'
CCASFLAGS='-O2 -fomit-frame-pointer -pipe  -Dlinux -D__linux__ -Dunix -DEMBED -I/home/qwert/cvs/projects/RT2883/RT288x_SDK/source/lib/include -I/home/qwert/cvs/projects/RT2883/RT288x_SDK/source  -I./libavcodec -I./libavformat -Wdisabled-optimization -I. -I. -I./libavutil -Wall -Wno-switch -Wpointer-arith -Wredundant-decls -O4 -march=r4kc -mtune=r4kc -pipe -ffast-math -fomit-frame-pointer -D_REENTRANT -I/usr/include/SDL  -D_REENTRANT  '
CCDEPMODE='depmode=gcc3'
CFLAGS='-Wall -pipe -Dlinux -D__linux__ -Dunix -DEMBED -I/home/qwert/cvs/projects/RT2883/RT288x_SDK/source/lib/include -I/home/qwert/cvs/projects/RT2883/RT288x_SDK/source -I./libavcodec -I./libavformat -Wdisabled-optimization -I. -I. -I./libavutil -Wno-switch -Wpointer-arith -Wredundant-decls -pipe -D_REENTRANT -I/usr/include/SDL -D_REENTRANT  -march=r4kc -mtune=r4kc -O -fforce-mem -fforce-addr -fthread-jumps -fcse-follow-jumps -fcse-skip-blocks -fexpensive-optimizations -fregmove -fschedule-insns2 -fstrength-reduce -finline-functions -fomit-frame-pointer'
CPP='mipsel-linux-gcc -E'
CPPFLAGS=''
CXX='mipsel-linux-gcc'
CXXCPP='mipsel-linux-gcc -E'
CXXDEPMODE='depmode=gcc3'
CXXFLAGS='-I. -I.. -I../libavutil -Wall -Wno-switch -Wpointer-arith -Wredundant-decls -O4 -march=nocona -mtune=nocona -pipe -ffast-math -fomit-frame-pointer -D_REENTRANT -D__STDC_LIMIT_MACROS -I/usr/include/SDL  -D_REENTRANT   '
CYGPATH_W='echo'
DEFS='-DHAVE_CONFIG_H'
DEPDIR='.deps'
ECHO='echo'
ECHO_C=''
ECHO_N='-n'
ECHO_T=''
EGREP='grep -E'
EXEEXT=''
F77='f95'
FFLAGS='-g -O2'
FPM='-DFPM_MIPS'
INSTALL_DATA='${INSTALL} -m 644'
INSTALL_PROGRAM='${INSTALL}'
INSTALL_SCRIPT='${INSTALL}'
INSTALL_STRIP_PROGRAM='${SHELL} $(install_sh) -c -s'
LDFLAGS='-Wl,--fatal-warnings -L/home/qwert/cvs/projects/RT2883/RT288x_SDK/source/lib/lib -Wl,--fatal-warnings -L/home/qwert/cvs/projects/RT2883/RT288x_SDK/source/lib/lib'
LIBOBJS=''
LIBS=''
LIBTOOL='$(SHELL) $(top_builddir)/libtool'
LIBTOOL_DEPS='./ltmain.sh'
LN_S='ln -s'
LTLIBOBJS=''
MAKEINFO='${SHELL} /home/qwert/cvs/projects/RT2883/RT288x_SDK/source/user/rt2880_app/mplayer/libmad/missing --run makeinfo'
OBJEXT='o'
PACKAGE='libmad'
PACKAGE_BUGREPORT='support@underbit.com'
PACKAGE_NAME='MPEG Audio Decoder'
PACKAGE_STRING='MPEG Audio Decoder 0.15.1b'
PACKAGE_TARNAME='libmad'
PACKAGE_VERSION='0.15.1b'
PATH_SEPARATOR=':'
RANLIB='true'
SET_MAKE=''
SHELL='/bin/sh'
STRIP='/opt/buildroot-gdb/bin/mipsel-linux-uclibc-strip'
VERSION='0.15.1b'
ac_ct_AR=''
ac_ct_CC=''
ac_ct_CXX=''
ac_ct_F77='f95'
ac_ct_RANLIB=''
ac_ct_STRIP=''
am__fastdepCC_FALSE='#'
am__fastdepCC_TRUE=''
am__fastdepCXX_FALSE='#'
am__fastdepCXX_TRUE=''
am__include='include'
am__leading_dot='.'
am__quote=''
bindir='${exec_prefix}/bin'
build='x86_64-unknown-linux-gnu'
build_alias=''
build_cpu='x86_64'
build_os='linux-gnu'
build_vendor='unknown'
datadir='${prefix}/share'
exec_prefix='${prefix}'
host='mipsel-unknown-linux-gnu'
host_alias='mipsel-linux'
host_cpu='mipsel'
host_os='linux-gnu'
host_vendor='unknown'
includedir='${prefix}/include'
infodir='${prefix}/info'
install_sh='/home/qwert/cvs/projects/RT2883/RT288x_SDK/source/user/rt2880_app/mplayer/libmad/install-sh'
libdir='${exec_prefix}/lib'
libexecdir='${exec_prefix}/libexec'
localstatedir='${prefix}/var'
mandir='${prefix}/man'
mkdir_p='mkdir -p -- .'
oldincludedir='/usr/include'
prefix='/opt/buildroot-gdb/bin'
program_transform_name='s,x,x,'
sbindir='${exec_prefix}/sbin'
sharedstatedir='${prefix}/com'
sysconfdir='${prefix}/etc'
target_alias=''

## ----------- ##
## confdefs.h. ##
## ----------- ##

#define HAVE_ASSERT_H 1
#define HAVE_DLFCN_H 1
#define HAVE_ERRNO_H 1
#define HAVE_FCNTL 1
#define HAVE_FCNTL_H 1
#define HAVE_FORK 1
#define HAVE_INTTYPES_H 1
#define HAVE_LIMITS_H 1
#define HAVE_MEMORY_H 1
#define HAVE_PIPE 1
#define HAVE_STDINT_H 1
#define HAVE_STDLIB_H 1
#define HAVE_STRINGS_H 1
#define HAVE_STRING_H 1
#define HAVE_SYS_STAT_H 1
#define HAVE_SYS_TYPES_H 1
#define HAVE_SYS_TYPES_H 1
#define HAVE_SYS_WAIT_H 1
#define HAVE_UNISTD_H 1
#define HAVE_UNISTD_H 1
#define HAVE_WAITPID 1
#define NDEBUG 1
#define OPT_SPEED 1
#define OPT_SSO 1
#define PACKAGE "libmad"
#define PACKAGE_BUGREPORT "support@underbit.com"
#define PACKAGE_NAME "MPEG Audio Decoder"
#define PACKAGE_STRING "MPEG Audio Decoder 0.15.1b"
#define PACKAGE_TARNAME "libmad"
#define PACKAGE_VERSION "0.15.1b"
#define SIZEOF_INT 4
#define SIZEOF_LONG 4
#define SIZEOF_LONG_LONG 8
#define STDC_HEADERS 1
#define STDC_HEADERS 1
#define VERSION "0.15.1b"
#endif
#ifdef __cplusplus
void exit (int);

configure: exit 0
