This file contains any messages produced by compilers while
running configure, to aid debugging if configure makes a mistake.

It was created by sqlite configure 3.21.0, which was
generated by GNU Autoconf 2.65.  Invocation command line was

  $ ./configure --host=mipsel-linux

## --------- ##
## Platform. ##
## --------- ##

hostname = wireless
uname -m = i686
uname -r = 2.6.32-642.3.1.el6.i686
uname -s = Linux
uname -v = #1 SMP Tue Jul 12 17:53:37 UTC 2016

/usr/bin/uname -p = unknown
/bin/uname -X     = unknown

/bin/arch              = i686
/usr/bin/arch -k       = unknown
/usr/convex/getsysinfo = unknown
/usr/bin/hostinfo      = unknown
/bin/machine           = unknown
/usr/bin/oslevel       = unknown
/bin/universe          = unknown

PATH: /usr/local/bin
PATH: /bin
PATH: /usr/bin
PATH: /usr/local/sbin
PATH: /usr/sbin
PATH: /sbin
PATH: /home/liuhaonan/bin
PATH: /home/liuhaonan/2600/mhd/trunk/source/tools


## ----------- ##
## Core tests. ##
## ----------- ##

configure:2296: checking for a BSD-compatible install
configure:2364: result: /usr/bin/install -c
configure:2375: checking whether build environment is sane
configure:2430: result: yes
configure:2489: checking for mipsel-linux-strip
configure:2519: result: no
configure:2529: checking for strip
configure:2545: found /usr/bin/strip
configure:2556: result: strip
configure:2581: checking for a thread-safe mkdir -p
configure:2620: result: /bin/mkdir -p
configure:2627: checking for gawk
configure:2643: found /bin/gawk
configure:2654: result: gawk
configure:2665: checking whether make sets $(MAKE)
configure:2687: result: yes
configure:2716: checking whether make supports nested variables
configure:2733: result: yes
configure:2872: checking for style of include used by make
configure:2900: result: GNU
configure:2931: checking for mipsel-linux-gcc
configure:2958: result: /opt/buildroot-gcc463/usr/bin/mipsel-linux-gcc
configure:3227: checking for C compiler version
configure:3236: /opt/buildroot-gcc463/usr/bin/mipsel-linux-gcc --version >&5
mipsel-linux-gcc (Buildroot 2012.11.1) 4.6.3
Copyright (C) 2011 Free Software Foundation, Inc.
This is free software; see the source for copying conditions.  There is NO
warranty; not even for MERCHANTABILITY or FITNESS FOR A PARTICULAR PURPOSE.

configure:3247: $? = 0
configure:3236: /opt/buildroot-gcc463/usr/bin/mipsel-linux-gcc -v >&5
Using built-in specs.
COLLECT_GCC=/opt/buildroot-gcc463/usr/bin/mipsel-linux-gcc
COLLECT_LTO_WRAPPER=/opt/buildroot-gcc463/usr/libexec/gcc/mipsel-buildroot-linux-uclibc/4.6.3/lto-wrapper
Target: mipsel-buildroot-linux-uclibc
Configured with: /home/ralink/buildroot-2012.11.1/output/toolchain/gcc-4.6.3/configure --prefix=/opt/buildroot-gcc463/usr --build=i686-pc-linux-gnu --host=i686-pc-linux-gnu --target=mipsel-buildroot-linux-uclibc --enable-languages=c,c++ --with-sysroot=/opt/buildroot-gcc463/usr/mipsel-buildroot-linux-uclibc/sysroot --with-build-time-tools=/opt/buildroot-gcc463/usr/mipsel-buildroot-linux-uclibc/bin --disable-__cxa_atexit --enable-target-optspace --disable-libgomp --with-gnu-ld --disable-libssp --disable-multilib --disable-tls --disable-shared --with-gmp=/opt/buildroot-gcc463/usr --with-mpfr=/opt/buildroot-gcc463/usr --with-mpc=/opt/buildroot-gcc463/usr --disable-nls --enable-threads --disable-decimal-float --with-float=soft --with-abi=32 --with-tune=mips32r2 --with-pkgversion='Buildroot 2012.11.1' --with-bugurl=http://bugs.buildroot.net/
Thread model: posix
gcc version 4.6.3 (Buildroot 2012.11.1) 
configure:3247: $? = 0
configure:3236: /opt/buildroot-gcc463/usr/bin/mipsel-linux-gcc -V >&5
mipsel-linux-gcc: error: unrecognized option '-V'
mipsel-linux-gcc: fatal error: no input files
compilation terminated.
configure:3247: $? = 1
configure:3236: /opt/buildroot-gcc463/usr/bin/mipsel-linux-gcc -qversion >&5
mipsel-linux-gcc: error: unrecognized option '-qversion'
mipsel-linux-gcc: fatal error: no input files
compilation terminated.
configure:3247: $? = 1
configure:3267: checking whether the C compiler works
configure:3289: /opt/buildroot-gcc463/usr/bin/mipsel-linux-gcc    conftest.c  >&5
configure:3293: $? = 0
configure:3342: result: yes
configure:3345: checking for C compiler default output file name
configure:3347: result: a.out
configure:3353: checking for suffix of executables
configure:3360: /opt/buildroot-gcc463/usr/bin/mipsel-linux-gcc -o conftest    conftest.c  >&5
configure:3364: $? = 0
configure:3386: result: 
configure:3408: checking whether we are cross compiling
configure:3416: /opt/buildroot-gcc463/usr/bin/mipsel-linux-gcc -o conftest    conftest.c  >&5
configure:3420: $? = 0
configure:3427: ./conftest
./configure: line 3429: ./conftest: cannot execute binary file
configure:3431: $? = 126
configure:3446: result: yes
configure:3451: checking for suffix of object files
configure:3473: /opt/buildroot-gcc463/usr/bin/mipsel-linux-gcc -c   conftest.c >&5
configure:3477: $? = 0
configure:3498: result: o
configure:3502: checking whether we are using the GNU C compiler
configure:3521: /opt/buildroot-gcc463/usr/bin/mipsel-linux-gcc -c   conftest.c >&5
configure:3521: $? = 0
configure:3530: result: yes
configure:3539: checking whether /opt/buildroot-gcc463/usr/bin/mipsel-linux-gcc accepts -g
configure:3559: /opt/buildroot-gcc463/usr/bin/mipsel-linux-gcc -c -g  conftest.c >&5
configure:3559: $? = 0
configure:3600: result: yes
configure:3617: checking for /opt/buildroot-gcc463/usr/bin/mipsel-linux-gcc option to accept ISO C89
configure:3681: /opt/buildroot-gcc463/usr/bin/mipsel-linux-gcc  -c   conftest.c >&5
configure:3681: $? = 0
configure:3694: result: none needed
configure:3719: checking whether /opt/buildroot-gcc463/usr/bin/mipsel-linux-gcc understands -c and -o together
configure:3741: /opt/buildroot-gcc463/usr/bin/mipsel-linux-gcc -c conftest.c -o conftest2.o
configure:3744: $? = 0
configure:3741: /opt/buildroot-gcc463/usr/bin/mipsel-linux-gcc -c conftest.c -o conftest2.o
configure:3744: $? = 0
configure:3756: result: yes
configure:3775: checking dependency style of /opt/buildroot-gcc463/usr/bin/mipsel-linux-gcc
configure:3886: result: gcc3
configure:3909: checking for special C compiler options needed for large files
configure:3954: result: no
configure:3960: checking for _FILE_OFFSET_BITS value needed for large files
configure:3985: /opt/buildroot-gcc463/usr/bin/mipsel-linux-gcc -c   conftest.c >&5
conftest.c:17:3: warning: left shift count >= width of type [enabled by default]
conftest.c:17:3: warning: left shift count >= width of type [enabled by default]
conftest.c:18:10: warning: left shift count >= width of type [enabled by default]
conftest.c:18:10: warning: left shift count >= width of type [enabled by default]
conftest.c:17:7: error: size of array 'off_t_is_large' is negative
conftest.c:19:9: warning: variably modified 'off_t_is_large' at file scope [enabled by default]
configure:3985: $? = 1
configure: failed program was:
| /* confdefs.h */
| #define PACKAGE_NAME "sqlite"
| #define PACKAGE_TARNAME "sqlite"
| #define PACKAGE_VERSION "3.21.0"
| #define PACKAGE_STRING "sqlite 3.21.0"
| #define PACKAGE_BUGREPORT "http://www.sqlite.org"
| #define PACKAGE_URL ""
| #define PACKAGE "sqlite"
| #define VERSION "3.21.0"
| /* end confdefs.h.  */
| #include <sys/types.h>
|  /* Check that off_t can represent 2**63 - 1 correctly.
|     We can't simply define LARGE_OFF_T to be 9223372036854775807,
|     since some C++ compilers masquerading as C compilers
|     incorrectly reject 9223372036854775807.  */
| #define LARGE_OFF_T (((off_t) 1 << 62) - 1 + ((off_t) 1 << 62))
|   int off_t_is_large[(LARGE_OFF_T % 2147483629 == 721
| 		       && LARGE_OFF_T % 2147483647 == 1)
| 		      ? 1 : -1];
| int
| main ()
| {
| 
|   ;
|   return 0;
| }
configure:4009: /opt/buildroot-gcc463/usr/bin/mipsel-linux-gcc -c   conftest.c >&5
configure:4009: $? = 0
configure:4017: result: 64
configure:4110: checking for mipsel-linux-gcc
configure:4137: result: /opt/buildroot-gcc463/usr/bin/mipsel-linux-gcc
configure:4406: checking for C compiler version
configure:4415: /opt/buildroot-gcc463/usr/bin/mipsel-linux-gcc --version >&5
mipsel-linux-gcc (Buildroot 2012.11.1) 4.6.3
Copyright (C) 2011 Free Software Foundation, Inc.
This is free software; see the source for copying conditions.  There is NO
warranty; not even for MERCHANTABILITY or FITNESS FOR A PARTICULAR PURPOSE.

configure:4426: $? = 0
configure:4415: /opt/buildroot-gcc463/usr/bin/mipsel-linux-gcc -v >&5
Using built-in specs.
COLLECT_GCC=/opt/buildroot-gcc463/usr/bin/mipsel-linux-gcc
COLLECT_LTO_WRAPPER=/opt/buildroot-gcc463/usr/libexec/gcc/mipsel-buildroot-linux-uclibc/4.6.3/lto-wrapper
Target: mipsel-buildroot-linux-uclibc
Configured with: /home/ralink/buildroot-2012.11.1/output/toolchain/gcc-4.6.3/configure --prefix=/opt/buildroot-gcc463/usr --build=i686-pc-linux-gnu --host=i686-pc-linux-gnu --target=mipsel-buildroot-linux-uclibc --enable-languages=c,c++ --with-sysroot=/opt/buildroot-gcc463/usr/mipsel-buildroot-linux-uclibc/sysroot --with-build-time-tools=/opt/buildroot-gcc463/usr/mipsel-buildroot-linux-uclibc/bin --disable-__cxa_atexit --enable-target-optspace --disable-libgomp --with-gnu-ld --disable-libssp --disable-multilib --disable-tls --disable-shared --with-gmp=/opt/buildroot-gcc463/usr --with-mpfr=/opt/buildroot-gcc463/usr --with-mpc=/opt/buildroot-gcc463/usr --disable-nls --enable-threads --disable-decimal-float --with-float=soft --with-abi=32 --with-tune=mips32r2 --with-pkgversion='Buildroot 2012.11.1' --with-bugurl=http://bugs.buildroot.net/
Thread model: posix
gcc version 4.6.3 (Buildroot 2012.11.1) 
configure:4426: $? = 0
configure:4415: /opt/buildroot-gcc463/usr/bin/mipsel-linux-gcc -V >&5
mipsel-linux-gcc: error: unrecognized option '-V'
mipsel-linux-gcc: fatal error: no input files
compilation terminated.
configure:4426: $? = 1
configure:4415: /opt/buildroot-gcc463/usr/bin/mipsel-linux-gcc -qversion >&5
mipsel-linux-gcc: error: unrecognized option '-qversion'
mipsel-linux-gcc: fatal error: no input files
compilation terminated.
configure:4426: $? = 1
configure:4430: checking whether we are using the GNU C compiler
configure:4458: result: yes
configure:4467: checking whether /opt/buildroot-gcc463/usr/bin/mipsel-linux-gcc accepts -g
configure:4528: result: yes
configure:4545: checking for /opt/buildroot-gcc463/usr/bin/mipsel-linux-gcc option to accept ISO C89
configure:4622: result: none needed
configure:4647: checking whether /opt/buildroot-gcc463/usr/bin/mipsel-linux-gcc understands -c and -o together
configure:4684: result: yes
configure:4703: checking dependency style of /opt/buildroot-gcc463/usr/bin/mipsel-linux-gcc
configure:4814: result: gcc3
configure:4858: checking build system type
configure:4872: result: i686-pc-linux-uclibc
configure:4892: checking host system type
configure:4905: result: mipsel-unknown-linux-gnu
configure:4946: checking how to print strings
configure:4973: result: printf
configure:4994: checking for a sed that does not truncate output
configure:5058: result: /bin/sed
configure:5076: checking for grep that handles long lines and -e
configure:5134: result: /bin/grep
configure:5139: checking for egrep
configure:5201: result: /bin/grep -E
configure:5206: checking for fgrep
configure:5268: result: /bin/grep -F
configure:5303: checking for ld used by /opt/buildroot-gcc463/usr/bin/mipsel-linux-gcc
configure:5370: result: /opt/buildroot-gcc463/usr/bin/mipsel-linux-ld
configure:5377: checking if the linker (/opt/buildroot-gcc463/usr/bin/mipsel-linux-ld) is GNU ld
configure:5392: result: yes
configure:5404: checking for BSD- or MS-compatible name lister (nm)
configure:5458: result: no
configure:5472: checking for mipsel-linux-dumpbin
configure:5502: result: no
configure:5472: checking for mipsel-linux-link
configure:5502: result: no
configure:5516: checking for dumpbin
configure:5546: result: no
configure:5516: checking for link
configure:5532: found /bin/link
configure:5543: result: link -dump
configure:5559: WARNING: using cross tools not prefixed with host triplet
configure:5588: checking the name lister (nm) interface
configure:5595: /opt/buildroot-gcc463/usr/bin/mipsel-linux-gcc -c   conftest.c >&5
configure:5598: nm "conftest.o"
configure:5601: output
00000000 B some_variable
configure:5608: result: BSD nm
configure:5611: checking whether ln -s works
configure:5615: result: yes
configure:5623: checking the maximum length of command line arguments
configure:5754: result: 1966080
configure:5802: checking how to convert i686-pc-linux-uclibc file names to mipsel-unknown-linux-gnu format
configure:5842: result: func_convert_file_noop
configure:5849: checking how to convert i686-pc-linux-uclibc file names to toolchain format
configure:5869: result: func_convert_file_noop
configure:5876: checking for /opt/buildroot-gcc463/usr/bin/mipsel-linux-ld option to reload object files
configure:5883: result: -r
configure:5917: checking for mipsel-linux-objdump
configure:5947: result: no
configure:5957: checking for objdump
configure:5973: found /usr/bin/objdump
configure:5984: result: objdump
configure:6016: checking how to recognize dependent libraries
configure:6216: result: pass_all
configure:6261: checking for mipsel-linux-dlltool
configure:6291: result: no
configure:6301: checking for dlltool
configure:6331: result: no
configure:6361: checking how to associate runtime and link libraries
configure:6388: result: printf %s\n
configure:6404: checking for mipsel-linux-ar
configure:6434: result: no
configure:6448: checking for ar
configure:6464: found /usr/bin/ar
configure:6475: result: ar
configure:6512: checking for archiver @FILE support
configure:6529: /opt/buildroot-gcc463/usr/bin/mipsel-linux-gcc -c   conftest.c >&5
configure:6529: $? = 0
configure:6532: ar cru libconftest.a @conftest.lst >&5
configure:6535: $? = 0
configure:6540: ar cru libconftest.a @conftest.lst >&5
ar: conftest.o: No such file or directory
configure:6543: $? = 1
configure:6555: result: @
configure:6573: checking for mipsel-linux-strip
configure:6600: result: strip
configure:6672: checking for mipsel-linux-ranlib
configure:6702: result: no
configure:6712: checking for ranlib
configure:6728: found /usr/bin/ranlib
configure:6739: result: ranlib
configure:6841: checking command to parse nm output from /opt/buildroot-gcc463/usr/bin/mipsel-linux-gcc object
configure:6994: /opt/buildroot-gcc463/usr/bin/mipsel-linux-gcc -c   conftest.c >&5
configure:6997: $? = 0
configure:7001: nm conftest.o \| sed -n -e 's/^.*[ ]\([ABCDGIRSTW][ABCDGIRSTW]*\)[ ][ ]*\([_A-Za-z][_A-Za-z0-9]*\)$/\1 \2 \2/p' | sed '/ __gnu_lto/d' \> conftest.nm
configure:7004: $? = 0
configure:7070: /opt/buildroot-gcc463/usr/bin/mipsel-linux-gcc -o conftest    conftest.c conftstm.o >&5
configure:7073: $? = 0
configure:7111: result: ok
configure:7158: checking for sysroot
configure:7188: result: no
configure:7195: checking for a working dd
configure:7233: result: /bin/dd
configure:7237: checking how to truncate binary pipes
configure:7252: result: /bin/dd bs=4096 count=1
configure:7541: checking for mipsel-linux-mt
configure:7571: result: no
configure:7581: checking for mt
configure:7611: result: no
configure:7631: checking if : is a manifest tool
configure:7637: : '-?'
configure:7645: result: no
configure:8322: checking how to run the C preprocessor
configure:8353: /opt/buildroot-gcc463/usr/bin/mipsel-linux-gcc -E  conftest.c
configure:8353: $? = 0
configure:8367: /opt/buildroot-gcc463/usr/bin/mipsel-linux-gcc -E  conftest.c
conftest.c:12:28: fatal error: ac_nonexistent.h: No such file or directory
compilation terminated.
configure:8367: $? = 1
configure: failed program was:
| /* confdefs.h */
| #define PACKAGE_NAME "sqlite"
| #define PACKAGE_TARNAME "sqlite"
| #define PACKAGE_VERSION "3.21.0"
| #define PACKAGE_STRING "sqlite 3.21.0"
| #define PACKAGE_BUGREPORT "http://www.sqlite.org"
| #define PACKAGE_URL ""
| #define PACKAGE "sqlite"
| #define VERSION "3.21.0"
| #define _FILE_OFFSET_BITS 64
| /* end confdefs.h.  */
| #include <ac_nonexistent.h>
configure:8392: result: /opt/buildroot-gcc463/usr/bin/mipsel-linux-gcc -E
configure:8412: /opt/buildroot-gcc463/usr/bin/mipsel-linux-gcc -E  conftest.c
configure:8412: $? = 0
configure:8426: /opt/buildroot-gcc463/usr/bin/mipsel-linux-gcc -E  conftest.c
conftest.c:12:28: fatal error: ac_nonexistent.h: No such file or directory
compilation terminated.
configure:8426: $? = 1
configure: failed program was:
| /* confdefs.h */
| #define PACKAGE_NAME "sqlite"
| #define PACKAGE_TARNAME "sqlite"
| #define PACKAGE_VERSION "3.21.0"
| #define PACKAGE_STRING "sqlite 3.21.0"
| #define PACKAGE_BUGREPORT "http://www.sqlite.org"
| #define PACKAGE_URL ""
| #define PACKAGE "sqlite"
| #define VERSION "3.21.0"
| #define _FILE_OFFSET_BITS 64
| /* end confdefs.h.  */
| #include <ac_nonexistent.h>
configure:8455: checking for ANSI C header files
configure:8475: /opt/buildroot-gcc463/usr/bin/mipsel-linux-gcc -c   conftest.c >&5
configure:8475: $? = 0
configure:8559: result: yes
configure:8572: checking for sys/types.h
configure:8572: /opt/buildroot-gcc463/usr/bin/mipsel-linux-gcc -c   conftest.c >&5
configure:8572: $? = 0
configure:8572: result: yes
configure:8572: checking for sys/stat.h
configure:8572: /opt/buildroot-gcc463/usr/bin/mipsel-linux-gcc -c   conftest.c >&5
configure:8572: $? = 0
configure:8572: result: yes
configure:8572: checking for stdlib.h
configure:8572: /opt/buildroot-gcc463/usr/bin/mipsel-linux-gcc -c   conftest.c >&5
configure:8572: $? = 0
configure:8572: result: yes
configure:8572: checking for string.h
configure:8572: /opt/buildroot-gcc463/usr/bin/mipsel-linux-gcc -c   conftest.c >&5
configure:8572: $? = 0
configure:8572: result: yes
configure:8572: checking for memory.h
configure:8572: /opt/buildroot-gcc463/usr/bin/mipsel-linux-gcc -c   conftest.c >&5
configure:8572: $? = 0
configure:8572: result: yes
configure:8572: checking for strings.h
configure:8572: /opt/buildroot-gcc463/usr/bin/mipsel-linux-gcc -c   conftest.c >&5
configure:8572: $? = 0
configure:8572: result: yes
configure:8572: checking for inttypes.h
configure:8572: /opt/buildroot-gcc463/usr/bin/mipsel-linux-gcc -c   conftest.c >&5
configure:8572: $? = 0
configure:8572: result: yes
configure:8572: checking for stdint.h
configure:8572: /opt/buildroot-gcc463/usr/bin/mipsel-linux-gcc -c   conftest.c >&5
configure:8572: $? = 0
configure:8572: result: yes
configure:8572: checking for unistd.h
configure:8572: /opt/buildroot-gcc463/usr/bin/mipsel-linux-gcc -c   conftest.c >&5
configure:8572: $? = 0
configure:8572: result: yes
configure:8587: checking for dlfcn.h
configure:8587: /opt/buildroot-gcc463/usr/bin/mipsel-linux-gcc -c   conftest.c >&5
configure:8587: $? = 0
configure:8587: result: yes
configure:8843: checking for objdir
configure:8858: result: .libs
configure:9118: checking if /opt/buildroot-gcc463/usr/bin/mipsel-linux-gcc supports -fno-rtti -fno-exceptions
configure:9136: /opt/buildroot-gcc463/usr/bin/mipsel-linux-gcc -c   -fno-rtti -fno-exceptions conftest.c >&5
cc1: warning: command line option '-fno-rtti' is valid for C++/ObjC++ but not for C [enabled by default]
configure:9140: $? = 0
configure:9153: result: no
configure:9511: checking for /opt/buildroot-gcc463/usr/bin/mipsel-linux-gcc option to produce PIC
configure:9518: result: -fPIC -DPIC
configure:9526: checking if /opt/buildroot-gcc463/usr/bin/mipsel-linux-gcc PIC flag -fPIC -DPIC works
configure:9544: /opt/buildroot-gcc463/usr/bin/mipsel-linux-gcc -c   -fPIC -DPIC -DPIC conftest.c >&5
configure:9548: $? = 0
configure:9561: result: yes
configure:9590: checking if /opt/buildroot-gcc463/usr/bin/mipsel-linux-gcc static flag -static works
configure:9618: result: yes
configure:9633: checking if /opt/buildroot-gcc463/usr/bin/mipsel-linux-gcc supports -c -o file.o
configure:9654: /opt/buildroot-gcc463/usr/bin/mipsel-linux-gcc -c   -o out/conftest2.o conftest.c >&5
configure:9658: $? = 0
configure:9680: result: yes
configure:9688: checking if /opt/buildroot-gcc463/usr/bin/mipsel-linux-gcc supports -c -o file.o
configure:9735: result: yes
configure:9768: checking whether the /opt/buildroot-gcc463/usr/bin/mipsel-linux-gcc linker (/opt/buildroot-gcc463/usr/bin/mipsel-linux-ld) supports shared libraries
configure:11027: result: yes
configure:11064: checking whether -lc should be explicitly linked in
configure:11072: /opt/buildroot-gcc463/usr/bin/mipsel-linux-gcc -c   conftest.c >&5
configure:11075: $? = 0
configure:11090: /opt/buildroot-gcc463/usr/bin/mipsel-linux-gcc -shared  -fPIC -DPIC conftest.o  -v -Wl,-soname -Wl,conftest -o conftest 2\>\&1 \| /bin/grep  -lc  \>/dev/null 2\>\&1
configure:11093: $? = 0
configure:11107: result: no
configure:11267: checking dynamic linker characteristics
configure:11848: /opt/buildroot-gcc463/usr/bin/mipsel-linux-gcc -o conftest    -Wl,-rpath -Wl,/foo conftest.c  >&5
configure:11848: $? = 0
configure:12085: result: GNU/Linux ld.so
configure:12207: checking how to hardcode library paths into programs
configure:12232: result: immediate
configure:12780: checking whether stripping libraries is possible
configure:12785: result: yes
configure:12820: checking if libtool supports shared libraries
configure:12822: result: yes
configure:12825: checking whether to build shared libraries
configure:12850: result: yes
configure:12853: checking whether to build static libraries
configure:12857: result: yes
configure:12900: checking for fdatasync
configure:12900: /opt/buildroot-gcc463/usr/bin/mipsel-linux-gcc -o conftest    conftest.c  >&5
configure:12900: $? = 0
configure:12900: result: yes
configure:12900: checking for usleep
configure:12900: /opt/buildroot-gcc463/usr/bin/mipsel-linux-gcc -o conftest    conftest.c  >&5
configure:12900: $? = 0
configure:12900: result: yes
configure:12900: checking for fullfsync
configure:12900: /opt/buildroot-gcc463/usr/bin/mipsel-linux-gcc -o conftest    conftest.c  >&5
/tmp/ccG6dyQz.o: In function `main':
conftest.c:(.text+0x1c): undefined reference to `fullfsync'
conftest.c:(.text+0x28): undefined reference to `fullfsync'
collect2: ld returned 1 exit status
configure:12900: $? = 1
configure: failed program was:
| /* confdefs.h */
| #define PACKAGE_NAME "sqlite"
| #define PACKAGE_TARNAME "sqlite"
| #define PACKAGE_VERSION "3.21.0"
| #define PACKAGE_STRING "sqlite 3.21.0"
| #define PACKAGE_BUGREPORT "http://www.sqlite.org"
| #define PACKAGE_URL ""
| #define PACKAGE "sqlite"
| #define VERSION "3.21.0"
| #define _FILE_OFFSET_BITS 64
| #define STDC_HEADERS 1
| #define HAVE_SYS_TYPES_H 1
| #define HAVE_SYS_STAT_H 1
| #define HAVE_STDLIB_H 1
| #define HAVE_STRING_H 1
| #define HAVE_MEMORY_H 1
| #define HAVE_STRINGS_H 1
| #define HAVE_INTTYPES_H 1
| #define HAVE_STDINT_H 1
| #define HAVE_UNISTD_H 1
| #define HAVE_DLFCN_H 1
| #define LT_OBJDIR ".libs/"
| #define HAVE_FDATASYNC 1
| #define HAVE_USLEEP 1
| /* end confdefs.h.  */
| /* Define fullfsync to an innocuous variant, in case <limits.h> declares fullfsync.
|    For example, HP-UX 11i <limits.h> declares gettimeofday.  */
| #define fullfsync innocuous_fullfsync
| 
| /* System header to define __stub macros and hopefully few prototypes,
|     which can conflict with char fullfsync (); below.
|     Prefer <limits.h> to <assert.h> if __STDC__ is defined, since
|     <limits.h> exists even on freestanding compilers.  */
| 
| #ifdef __STDC__
| # include <limits.h>
| #else
| # include <assert.h>
| #endif
| 
| #undef fullfsync
| 
| /* Override any GCC internal prototype to avoid an error.
|    Use char because int might match the return type of a GCC
|    builtin and then its argument prototype would still apply.  */
| #ifdef __cplusplus
| extern "C"
| #endif
| char fullfsync ();
| /* The GNU C library defines this for functions which it implements
|     to always fail with ENOSYS.  Some functions are actually named
|     something starting with __ and the normal name is an alias.  */
| #if defined __stub_fullfsync || defined __stub___fullfsync
| choke me
| #endif
| 
| int
| main ()
| {
| return fullfsync ();
|   ;
|   return 0;
| }
configure:12900: result: no
configure:12900: checking for localtime_r
configure:12900: /opt/buildroot-gcc463/usr/bin/mipsel-linux-gcc -o conftest    conftest.c  >&5
configure:12900: $? = 0
configure:12900: result: yes
configure:12900: checking for gmtime_r
configure:12900: /opt/buildroot-gcc463/usr/bin/mipsel-linux-gcc -o conftest    conftest.c  >&5
configure:12900: $? = 0
configure:12900: result: yes
configure:12910: checking whether strerror_r is declared
configure:12910: /opt/buildroot-gcc463/usr/bin/mipsel-linux-gcc -c   conftest.c >&5
configure:12910: $? = 0
configure:12910: result: yes
configure:12923: checking for strerror_r
configure:12923: /opt/buildroot-gcc463/usr/bin/mipsel-linux-gcc -o conftest    conftest.c  >&5
configure:12923: $? = 0
configure:12923: result: yes
configure:12932: checking whether strerror_r returns char *
configure:12956: /opt/buildroot-gcc463/usr/bin/mipsel-linux-gcc -c   conftest.c >&5
conftest.c: In function 'main':
conftest.c:68:13: error: invalid type argument of unary '*' (have 'int')
conftest.c:69:14: warning: initialization makes pointer from integer without a cast [enabled by default]
configure:12956: $? = 1
configure: failed program was:
| /* confdefs.h */
| #define PACKAGE_NAME "sqlite"
| #define PACKAGE_TARNAME "sqlite"
| #define PACKAGE_VERSION "3.21.0"
| #define PACKAGE_STRING "sqlite 3.21.0"
| #define PACKAGE_BUGREPORT "http://www.sqlite.org"
| #define PACKAGE_URL ""
| #define PACKAGE "sqlite"
| #define VERSION "3.21.0"
| #define _FILE_OFFSET_BITS 64
| #define STDC_HEADERS 1
| #define HAVE_SYS_TYPES_H 1
| #define HAVE_SYS_STAT_H 1
| #define HAVE_STDLIB_H 1
| #define HAVE_STRING_H 1
| #define HAVE_MEMORY_H 1
| #define HAVE_STRINGS_H 1
| #define HAVE_INTTYPES_H 1
| #define HAVE_STDINT_H 1
| #define HAVE_UNISTD_H 1
| #define HAVE_DLFCN_H 1
| #define LT_OBJDIR ".libs/"
| #define HAVE_FDATASYNC 1
| #define HAVE_USLEEP 1
| #define HAVE_LOCALTIME_R 1
| #define HAVE_GMTIME_R 1
| #define HAVE_DECL_STRERROR_R 1
| #define HAVE_STRERROR_R 1
| /* end confdefs.h.  */
| #include <stdio.h>
| #ifdef HAVE_SYS_TYPES_H
| # include <sys/types.h>
| #endif
| #ifdef HAVE_SYS_STAT_H
| # include <sys/stat.h>
| #endif
| #ifdef STDC_HEADERS
| # include <stdlib.h>
| # include <stddef.h>
| #else
| # ifdef HAVE_STDLIB_H
| #  include <stdlib.h>
| # endif
| #endif
| #ifdef HAVE_STRING_H
| # if !defined STDC_HEADERS && defined HAVE_MEMORY_H
| #  include <memory.h>
| # endif
| # include <string.h>
| #endif
| #ifdef HAVE_STRINGS_H
| # include <strings.h>
| #endif
| #ifdef HAVE_INTTYPES_H
| # include <inttypes.h>
| #endif
| #ifdef HAVE_STDINT_H
| # include <stdint.h>
| #endif
| #ifdef HAVE_UNISTD_H
| # include <unistd.h>
| #endif
| int
| main ()
| {
| 
| 	  char buf[100];
| 	  char x = *strerror_r (0, buf, sizeof buf);
| 	  char *p = strerror_r (0, buf, sizeof buf);
| 	  return !p || x;
| 
|   ;
|   return 0;
| }
configure:12994: result: no
configure:13038: checking editline/readline.h usability
configure:13038: /opt/buildroot-gcc463/usr/bin/mipsel-linux-gcc -c   conftest.c >&5
conftest.c:63:31: fatal error: editline/readline.h: No such file or directory
compilation terminated.
configure:13038: $? = 1
configure: failed program was:
| /* confdefs.h */
| #define PACKAGE_NAME "sqlite"
| #define PACKAGE_TARNAME "sqlite"
| #define PACKAGE_VERSION "3.21.0"
| #define PACKAGE_STRING "sqlite 3.21.0"
| #define PACKAGE_BUGREPORT "http://www.sqlite.org"
| #define PACKAGE_URL ""
| #define PACKAGE "sqlite"
| #define VERSION "3.21.0"
| #define _FILE_OFFSET_BITS 64
| #define STDC_HEADERS 1
| #define HAVE_SYS_TYPES_H 1
| #define HAVE_SYS_STAT_H 1
| #define HAVE_STDLIB_H 1
| #define HAVE_STRING_H 1
| #define HAVE_MEMORY_H 1
| #define HAVE_STRINGS_H 1
| #define HAVE_INTTYPES_H 1
| #define HAVE_STDINT_H 1
| #define HAVE_UNISTD_H 1
| #define HAVE_DLFCN_H 1
| #define LT_OBJDIR ".libs/"
| #define HAVE_FDATASYNC 1
| #define HAVE_USLEEP 1
| #define HAVE_LOCALTIME_R 1
| #define HAVE_GMTIME_R 1
| #define HAVE_DECL_STRERROR_R 1
| #define HAVE_STRERROR_R 1
| /* end confdefs.h.  */
| #include <stdio.h>
| #ifdef HAVE_SYS_TYPES_H
| # include <sys/types.h>
| #endif
| #ifdef HAVE_SYS_STAT_H
| # include <sys/stat.h>
| #endif
| #ifdef STDC_HEADERS
| # include <stdlib.h>
| # include <stddef.h>
| #else
| # ifdef HAVE_STDLIB_H
| #  include <stdlib.h>
| # endif
| #endif
| #ifdef HAVE_STRING_H
| # if !defined STDC_HEADERS && defined HAVE_MEMORY_H
| #  include <memory.h>
| # endif
| # include <string.h>
| #endif
| #ifdef HAVE_STRINGS_H
| # include <strings.h>
| #endif
| #ifdef HAVE_INTTYPES_H
| # include <inttypes.h>
| #endif
| #ifdef HAVE_STDINT_H
| # include <stdint.h>
| #endif
| #ifdef HAVE_UNISTD_H
| # include <unistd.h>
| #endif
| #include <editline/readline.h>
configure:13038: result: no
configure:13038: checking editline/readline.h presence
configure:13038: /opt/buildroot-gcc463/usr/bin/mipsel-linux-gcc -E  conftest.c
conftest.c:30:31: fatal error: editline/readline.h: No such file or directory
compilation terminated.
configure:13038: $? = 1
configure: failed program was:
| /* confdefs.h */
| #define PACKAGE_NAME "sqlite"
| #define PACKAGE_TARNAME "sqlite"
| #define PACKAGE_VERSION "3.21.0"
| #define PACKAGE_STRING "sqlite 3.21.0"
| #define PACKAGE_BUGREPORT "http://www.sqlite.org"
| #define PACKAGE_URL ""
| #define PACKAGE "sqlite"
| #define VERSION "3.21.0"
| #define _FILE_OFFSET_BITS 64
| #define STDC_HEADERS 1
| #define HAVE_SYS_TYPES_H 1
| #define HAVE_SYS_STAT_H 1
| #define HAVE_STDLIB_H 1
| #define HAVE_STRING_H 1
| #define HAVE_MEMORY_H 1
| #define HAVE_STRINGS_H 1
| #define HAVE_INTTYPES_H 1
| #define HAVE_STDINT_H 1
| #define HAVE_UNISTD_H 1
| #define HAVE_DLFCN_H 1
| #define LT_OBJDIR ".libs/"
| #define HAVE_FDATASYNC 1
| #define HAVE_USLEEP 1
| #define HAVE_LOCALTIME_R 1
| #define HAVE_GMTIME_R 1
| #define HAVE_DECL_STRERROR_R 1
| #define HAVE_STRERROR_R 1
| /* end confdefs.h.  */
| #include <editline/readline.h>
configure:13038: result: no
configure:13038: checking for editline/readline.h
configure:13038: result: no
configure:13122: checking readline/readline.h usability
configure:13122: /opt/buildroot-gcc463/usr/bin/mipsel-linux-gcc -c   conftest.c >&5
conftest.c:63:31: fatal error: readline/readline.h: No such file or directory
compilation terminated.
configure:13122: $? = 1
configure: failed program was:
| /* confdefs.h */
| #define PACKAGE_NAME "sqlite"
| #define PACKAGE_TARNAME "sqlite"
| #define PACKAGE_VERSION "3.21.0"
| #define PACKAGE_STRING "sqlite 3.21.0"
| #define PACKAGE_BUGREPORT "http://www.sqlite.org"
| #define PACKAGE_URL ""
| #define PACKAGE "sqlite"
| #define VERSION "3.21.0"
| #define _FILE_OFFSET_BITS 64
| #define STDC_HEADERS 1
| #define HAVE_SYS_TYPES_H 1
| #define HAVE_SYS_STAT_H 1
| #define HAVE_STDLIB_H 1
| #define HAVE_STRING_H 1
| #define HAVE_MEMORY_H 1
| #define HAVE_STRINGS_H 1
| #define HAVE_INTTYPES_H 1
| #define HAVE_STDINT_H 1
| #define HAVE_UNISTD_H 1
| #define HAVE_DLFCN_H 1
| #define LT_OBJDIR ".libs/"
| #define HAVE_FDATASYNC 1
| #define HAVE_USLEEP 1
| #define HAVE_LOCALTIME_R 1
| #define HAVE_GMTIME_R 1
| #define HAVE_DECL_STRERROR_R 1
| #define HAVE_STRERROR_R 1
| /* end confdefs.h.  */
| #include <stdio.h>
| #ifdef HAVE_SYS_TYPES_H
| # include <sys/types.h>
| #endif
| #ifdef HAVE_SYS_STAT_H
| # include <sys/stat.h>
| #endif
| #ifdef STDC_HEADERS
| # include <stdlib.h>
| # include <stddef.h>
| #else
| # ifdef HAVE_STDLIB_H
| #  include <stdlib.h>
| # endif
| #endif
| #ifdef HAVE_STRING_H
| # if !defined STDC_HEADERS && defined HAVE_MEMORY_H
| #  include <memory.h>
| # endif
| # include <string.h>
| #endif
| #ifdef HAVE_STRINGS_H
| # include <strings.h>
| #endif
| #ifdef HAVE_INTTYPES_H
| # include <inttypes.h>
| #endif
| #ifdef HAVE_STDINT_H
| # include <stdint.h>
| #endif
| #ifdef HAVE_UNISTD_H
| # include <unistd.h>
| #endif
| #include <readline/readline.h>
configure:13122: result: no
configure:13122: checking readline/readline.h presence
configure:13122: /opt/buildroot-gcc463/usr/bin/mipsel-linux-gcc -E  conftest.c
conftest.c:30:31: fatal error: readline/readline.h: No such file or directory
compilation terminated.
configure:13122: $? = 1
configure: failed program was:
| /* confdefs.h */
| #define PACKAGE_NAME "sqlite"
| #define PACKAGE_TARNAME "sqlite"
| #define PACKAGE_VERSION "3.21.0"
| #define PACKAGE_STRING "sqlite 3.21.0"
| #define PACKAGE_BUGREPORT "http://www.sqlite.org"
| #define PACKAGE_URL ""
| #define PACKAGE "sqlite"
| #define VERSION "3.21.0"
| #define _FILE_OFFSET_BITS 64
| #define STDC_HEADERS 1
| #define HAVE_SYS_TYPES_H 1
| #define HAVE_SYS_STAT_H 1
| #define HAVE_STDLIB_H 1
| #define HAVE_STRING_H 1
| #define HAVE_MEMORY_H 1
| #define HAVE_STRINGS_H 1
| #define HAVE_INTTYPES_H 1
| #define HAVE_STDINT_H 1
| #define HAVE_UNISTD_H 1
| #define HAVE_DLFCN_H 1
| #define LT_OBJDIR ".libs/"
| #define HAVE_FDATASYNC 1
| #define HAVE_USLEEP 1
| #define HAVE_LOCALTIME_R 1
| #define HAVE_GMTIME_R 1
| #define HAVE_DECL_STRERROR_R 1
| #define HAVE_STRERROR_R 1
| /* end confdefs.h.  */
| #include <readline/readline.h>
configure:13122: result: no
configure:13122: checking for readline/readline.h
configure:13122: result: no
configure:13272: checking for library containing pthread_create
configure:13303: /opt/buildroot-gcc463/usr/bin/mipsel-linux-gcc -o conftest    conftest.c  >&5
/tmp/ccBM56dT.o: In function `main':
conftest.c:(.text+0x1c): undefined reference to `pthread_create'
conftest.c:(.text+0x28): undefined reference to `pthread_create'
collect2: ld returned 1 exit status
configure:13303: $? = 1
configure: failed program was:
| /* confdefs.h */
| #define PACKAGE_NAME "sqlite"
| #define PACKAGE_TARNAME "sqlite"
| #define PACKAGE_VERSION "3.21.0"
| #define PACKAGE_STRING "sqlite 3.21.0"
| #define PACKAGE_BUGREPORT "http://www.sqlite.org"
| #define PACKAGE_URL ""
| #define PACKAGE "sqlite"
| #define VERSION "3.21.0"
| #define _FILE_OFFSET_BITS 64
| #define STDC_HEADERS 1
| #define HAVE_SYS_TYPES_H 1
| #define HAVE_SYS_STAT_H 1
| #define HAVE_STDLIB_H 1
| #define HAVE_STRING_H 1
| #define HAVE_MEMORY_H 1
| #define HAVE_STRINGS_H 1
| #define HAVE_INTTYPES_H 1
| #define HAVE_STDINT_H 1
| #define HAVE_UNISTD_H 1
| #define HAVE_DLFCN_H 1
| #define LT_OBJDIR ".libs/"
| #define HAVE_FDATASYNC 1
| #define HAVE_USLEEP 1
| #define HAVE_LOCALTIME_R 1
| #define HAVE_GMTIME_R 1
| #define HAVE_DECL_STRERROR_R 1
| #define HAVE_STRERROR_R 1
| /* end confdefs.h.  */
| 
| /* Override any GCC internal prototype to avoid an error.
|    Use char because int might match the return type of a GCC
|    builtin and then its argument prototype would still apply.  */
| #ifdef __cplusplus
| extern "C"
| #endif
| char pthread_create ();
| int
| main ()
| {
| return pthread_create ();
|   ;
|   return 0;
| }
configure:13303: /opt/buildroot-gcc463/usr/bin/mipsel-linux-gcc -o conftest    conftest.c -lpthread   >&5
configure:13303: $? = 0
configure:13320: result: -lpthread
configure:13328: checking for library containing pthread_mutexattr_init
configure:13359: /opt/buildroot-gcc463/usr/bin/mipsel-linux-gcc -o conftest    conftest.c -lpthread  >&5
configure:13359: $? = 0
configure:13376: result: none required
configure:13399: checking for library containing dlopen
configure:13430: /opt/buildroot-gcc463/usr/bin/mipsel-linux-gcc -o conftest    conftest.c -lpthread  >&5
/tmp/ccJ31JUY.o: In function `main':
conftest.c:(.text+0x1c): undefined reference to `dlopen'
conftest.c:(.text+0x28): undefined reference to `dlopen'
collect2: ld returned 1 exit status
configure:13430: $? = 1
configure: failed program was:
| /* confdefs.h */
| #define PACKAGE_NAME "sqlite"
| #define PACKAGE_TARNAME "sqlite"
| #define PACKAGE_VERSION "3.21.0"
| #define PACKAGE_STRING "sqlite 3.21.0"
| #define PACKAGE_BUGREPORT "http://www.sqlite.org"
| #define PACKAGE_URL ""
| #define PACKAGE "sqlite"
| #define VERSION "3.21.0"
| #define _FILE_OFFSET_BITS 64
| #define STDC_HEADERS 1
| #define HAVE_SYS_TYPES_H 1
| #define HAVE_SYS_STAT_H 1
| #define HAVE_STDLIB_H 1
| #define HAVE_STRING_H 1
| #define HAVE_MEMORY_H 1
| #define HAVE_STRINGS_H 1
| #define HAVE_INTTYPES_H 1
| #define HAVE_STDINT_H 1
| #define HAVE_UNISTD_H 1
| #define HAVE_DLFCN_H 1
| #define LT_OBJDIR ".libs/"
| #define HAVE_FDATASYNC 1
| #define HAVE_USLEEP 1
| #define HAVE_LOCALTIME_R 1
| #define HAVE_GMTIME_R 1
| #define HAVE_DECL_STRERROR_R 1
| #define HAVE_STRERROR_R 1
| /* end confdefs.h.  */
| 
| /* Override any GCC internal prototype to avoid an error.
|    Use char because int might match the return type of a GCC
|    builtin and then its argument prototype would still apply.  */
| #ifdef __cplusplus
| extern "C"
| #endif
| char dlopen ();
| int
| main ()
| {
| return dlopen ();
|   ;
|   return 0;
| }
configure:13430: /opt/buildroot-gcc463/usr/bin/mipsel-linux-gcc -o conftest    conftest.c -ldl  -lpthread  >&5
configure:13430: $? = 0
configure:13447: result: -ldl
configure:13458: checking for whether to support dynamic extensions
configure:13460: result: yes
configure:13589: checking for posix_fallocate
configure:13589: /opt/buildroot-gcc463/usr/bin/mipsel-linux-gcc -o conftest    conftest.c -ldl -lpthread  >&5
/tmp/ccNrSpS9.o: In function `main':
conftest.c:(.text+0x1c): undefined reference to `posix_fallocate'
conftest.c:(.text+0x28): undefined reference to `posix_fallocate'
collect2: ld returned 1 exit status
configure:13589: $? = 1
configure: failed program was:
| /* confdefs.h */
| #define PACKAGE_NAME "sqlite"
| #define PACKAGE_TARNAME "sqlite"
| #define PACKAGE_VERSION "3.21.0"
| #define PACKAGE_STRING "sqlite 3.21.0"
| #define PACKAGE_BUGREPORT "http://www.sqlite.org"
| #define PACKAGE_URL ""
| #define PACKAGE "sqlite"
| #define VERSION "3.21.0"
| #define _FILE_OFFSET_BITS 64
| #define STDC_HEADERS 1
| #define HAVE_SYS_TYPES_H 1
| #define HAVE_SYS_STAT_H 1
| #define HAVE_STDLIB_H 1
| #define HAVE_STRING_H 1
| #define HAVE_MEMORY_H 1
| #define HAVE_STRINGS_H 1
| #define HAVE_INTTYPES_H 1
| #define HAVE_STDINT_H 1
| #define HAVE_UNISTD_H 1
| #define HAVE_DLFCN_H 1
| #define LT_OBJDIR ".libs/"
| #define HAVE_FDATASYNC 1
| #define HAVE_USLEEP 1
| #define HAVE_LOCALTIME_R 1
| #define HAVE_GMTIME_R 1
| #define HAVE_DECL_STRERROR_R 1
| #define HAVE_STRERROR_R 1
| /* end confdefs.h.  */
| /* Define posix_fallocate to an innocuous variant, in case <limits.h> declares posix_fallocate.
|    For example, HP-UX 11i <limits.h> declares gettimeofday.  */
| #define posix_fallocate innocuous_posix_fallocate
| 
| /* System header to define __stub macros and hopefully few prototypes,
|     which can conflict with char posix_fallocate (); below.
|     Prefer <limits.h> to <assert.h> if __STDC__ is defined, since
|     <limits.h> exists even on freestanding compilers.  */
| 
| #ifdef __STDC__
| # include <limits.h>
| #else
| # include <assert.h>
| #endif
| 
| #undef posix_fallocate
| 
| /* Override any GCC internal prototype to avoid an error.
|    Use char because int might match the return type of a GCC
|    builtin and then its argument prototype would still apply.  */
| #ifdef __cplusplus
| extern "C"
| #endif
| char posix_fallocate ();
| /* The GNU C library defines this for functions which it implements
|     to always fail with ENOSYS.  Some functions are actually named
|     something starting with __ and the normal name is an alias.  */
| #if defined __stub_posix_fallocate || defined __stub___posix_fallocate
| choke me
| #endif
| 
| int
| main ()
| {
| return posix_fallocate ();
|   ;
|   return 0;
| }
configure:13589: result: no
configure:13757: checking that generated files are newer than configure
configure:13763: result: done
configure:13790: creating ./config.status

## ---------------------- ##
## Running config.status. ##
## ---------------------- ##

This file was extended by sqlite config.status 3.21.0, which was
generated by GNU Autoconf 2.65.  Invocation command line was

  CONFIG_FILES    = 
  CONFIG_HEADERS  = 
  CONFIG_LINKS    = 
  CONFIG_COMMANDS = 
  $ ./config.status 

on wireless

config.status:1019: creating Makefile
config.status:1019: creating sqlite3.pc
config.status:1182: executing depfiles commands
config.status:1182: executing libtool commands

## ---------------- ##
## Cache variables. ##
## ---------------- ##

ac_cv_build=i686-pc-linux-uclibc
ac_cv_c_compiler_gnu=yes
ac_cv_env_CC_set=set
ac_cv_env_CC_value=/opt/buildroot-gcc463/usr/bin/mipsel-linux-gcc
ac_cv_env_CFLAGS_set=set
ac_cv_env_CFLAGS_value=
ac_cv_env_CPPFLAGS_set=
ac_cv_env_CPPFLAGS_value=
ac_cv_env_CPP_set=
ac_cv_env_CPP_value=
ac_cv_env_LDFLAGS_set=
ac_cv_env_LDFLAGS_value=
ac_cv_env_LIBS_set=
ac_cv_env_LIBS_value=
ac_cv_env_LT_SYS_LIBRARY_PATH_set=
ac_cv_env_LT_SYS_LIBRARY_PATH_value=
ac_cv_env_build_alias_set=
ac_cv_env_build_alias_value=
ac_cv_env_host_alias_set=set
ac_cv_env_host_alias_value=mipsel-linux
ac_cv_env_target_alias_set=
ac_cv_env_target_alias_value=
ac_cv_func_fdatasync=yes
ac_cv_func_fullfsync=no
ac_cv_func_gmtime_r=yes
ac_cv_func_localtime_r=yes
ac_cv_func_posix_fallocate=no
ac_cv_func_strerror_r=yes
ac_cv_func_strerror_r_char_p=no
ac_cv_func_usleep=yes
ac_cv_have_decl_strerror_r=yes
ac_cv_header_dlfcn_h=yes
ac_cv_header_editline_readline_h=no
ac_cv_header_inttypes_h=yes
ac_cv_header_memory_h=yes
ac_cv_header_readline_readline_h=no
ac_cv_header_stdc=yes
ac_cv_header_stdint_h=yes
ac_cv_header_stdlib_h=yes
ac_cv_header_string_h=yes
ac_cv_header_strings_h=yes
ac_cv_header_sys_stat_h=yes
ac_cv_header_sys_types_h=yes
ac_cv_header_unistd_h=yes
ac_cv_host=mipsel-unknown-linux-gnu
ac_cv_objext=o
ac_cv_path_EGREP='/bin/grep -E'
ac_cv_path_FGREP='/bin/grep -F'
ac_cv_path_GREP=/bin/grep
ac_cv_path_SED=/bin/sed
ac_cv_path_install='/usr/bin/install -c'
ac_cv_path_lt_DD=/bin/dd
ac_cv_path_mkdir=/bin/mkdir
ac_cv_prog_AWK=gawk
ac_cv_prog_CC=/opt/buildroot-gcc463/usr/bin/mipsel-linux-gcc
ac_cv_prog_CPP='/opt/buildroot-gcc463/usr/bin/mipsel-linux-gcc -E'
ac_cv_prog_STRIP=strip
ac_cv_prog_ac_ct_AR=ar
ac_cv_prog_ac_ct_DUMPBIN='link -dump'
ac_cv_prog_ac_ct_OBJDUMP=objdump
ac_cv_prog_ac_ct_RANLIB=ranlib
ac_cv_prog_ac_ct_STRIP=strip
ac_cv_prog_cc_c89=
ac_cv_prog_cc_g=yes
ac_cv_prog_make_make_set=yes
ac_cv_search_dlopen=-ldl
ac_cv_search_pthread_create=-lpthread
ac_cv_search_pthread_mutexattr_init='none required'
ac_cv_sys_file_offset_bits=64
ac_cv_sys_largefile_CC=no
am_cv_CC_dependencies_compiler_type=gcc3
am_cv_make_support_nested_variables=yes
am_cv_prog_cc_c_o=yes
lt_cv_ar_at_file=@
lt_cv_archive_cmds_need_lc=no
lt_cv_deplibs_check_method=pass_all
lt_cv_file_magic_cmd='$MAGIC_CMD'
lt_cv_file_magic_test_file=
lt_cv_ld_reload_flag=-r
lt_cv_nm_interface='BSD nm'
lt_cv_objdir=.libs
lt_cv_path_LD=/opt/buildroot-gcc463/usr/bin/mipsel-linux-ld
lt_cv_path_NM=no
lt_cv_path_mainfest_tool=no
lt_cv_prog_compiler_c_o=yes
lt_cv_prog_compiler_pic='-fPIC -DPIC'
lt_cv_prog_compiler_pic_works=yes
lt_cv_prog_compiler_rtti_exceptions=no
lt_cv_prog_compiler_static_works=yes
lt_cv_prog_gnu_ld=yes
lt_cv_sharedlib_from_linklib_cmd='printf %s\n'
lt_cv_shlibpath_overrides_runpath=no
lt_cv_sys_global_symbol_pipe='sed -n -e '\''s/^.*[	 ]\([ABCDGIRSTW][ABCDGIRSTW]*\)[	 ][	 ]*\([_A-Za-z][_A-Za-z0-9]*\)$/\1 \2 \2/p'\'' | sed '\''/ __gnu_lto/d'\'''
lt_cv_sys_global_symbol_to_c_name_address='sed -n -e '\''s/^: \(.*\) .*$/  {"\1", (void *) 0},/p'\'' -e '\''s/^[ABCDGIRSTW][ABCDGIRSTW]* .* \(.*\)$/  {"\1", (void *) \&\1},/p'\'''
lt_cv_sys_global_symbol_to_c_name_address_lib_prefix='sed -n -e '\''s/^: \(.*\) .*$/  {"\1", (void *) 0},/p'\'' -e '\''s/^[ABCDGIRSTW][ABCDGIRSTW]* .* \(lib.*\)$/  {"\1", (void *) \&\1},/p'\'' -e '\''s/^[ABCDGIRSTW][ABCDGIRSTW]* .* \(.*\)$/  {"lib\1", (void *) \&\1},/p'\'''
lt_cv_sys_global_symbol_to_cdecl='sed -n -e '\''s/^T .* \(.*\)$/extern int \1();/p'\'' -e '\''s/^[ABCDGIRSTW][ABCDGIRSTW]* .* \(.*\)$/extern char \1;/p'\'''
lt_cv_sys_global_symbol_to_import=
lt_cv_sys_max_cmd_len=1966080
lt_cv_to_host_file_cmd=func_convert_file_noop
lt_cv_to_tool_file_cmd=func_convert_file_noop
lt_cv_truncate_bin='/bin/dd bs=4096 count=1'

## ----------------- ##
## Output variables. ##
## ----------------- ##

ACLOCAL='${SHELL} /home/liuhaonan/2600/mhd/trunk/source/lib/sqlite-3.21.0/missing aclocal-1.15'
AMDEPBACKSLASH='\'
AMDEP_FALSE='#'
AMDEP_TRUE=''
AMTAR='$${TAR-tar}'
AM_BACKSLASH='\'
AM_DEFAULT_V='$(AM_DEFAULT_VERBOSITY)'
AM_DEFAULT_VERBOSITY='1'
AM_V='$(V)'
AR='ar'
AUTOCONF='${SHELL} /home/liuhaonan/2600/mhd/trunk/source/lib/sqlite-3.21.0/missing autoconf'
AUTOHEADER='${SHELL} /home/liuhaonan/2600/mhd/trunk/source/lib/sqlite-3.21.0/missing autoheader'
AUTOMAKE='${SHELL} /home/liuhaonan/2600/mhd/trunk/source/lib/sqlite-3.21.0/missing automake-1.15'
AWK='gawk'
BUILD_CFLAGS=''
CC='/opt/buildroot-gcc463/usr/bin/mipsel-linux-gcc'
CCDEPMODE='depmode=gcc3'
CFLAGS=''
CPP='/opt/buildroot-gcc463/usr/bin/mipsel-linux-gcc -E'
CPPFLAGS=''
CYGPATH_W='echo'
DEFS='-DPACKAGE_NAME=\"sqlite\" -DPACKAGE_TARNAME=\"sqlite\" -DPACKAGE_VERSION=\"3.21.0\" -DPACKAGE_STRING=\"sqlite\ 3.21.0\" -DPACKAGE_BUGREPORT=\"http://www.sqlite.org\" -DPACKAGE_URL=\"\" -DPACKAGE=\"sqlite\" -DVERSION=\"3.21.0\" -D_FILE_OFFSET_BITS=64 -DSTDC_HEADERS=1 -DHAVE_SYS_TYPES_H=1 -DHAVE_SYS_STAT_H=1 -DHAVE_STDLIB_H=1 -DHAVE_STRING_H=1 -DHAVE_MEMORY_H=1 -DHAVE_STRINGS_H=1 -DHAVE_INTTYPES_H=1 -DHAVE_STDINT_H=1 -DHAVE_UNISTD_H=1 -DHAVE_DLFCN_H=1 -DLT_OBJDIR=\".libs/\" -DHAVE_FDATASYNC=1 -DHAVE_USLEEP=1 -DHAVE_LOCALTIME_R=1 -DHAVE_GMTIME_R=1 -DHAVE_DECL_STRERROR_R=1 -DHAVE_STRERROR_R=1'
DEPDIR='.deps'
DLLTOOL='false'
DSYMUTIL=''
DUMPBIN=':'
DYNAMIC_EXTENSION_FLAGS=''
ECHO_C=''
ECHO_N='-n'
ECHO_T=''
EGREP='/bin/grep -E'
EXEEXT=''
EXTRA_SHELL_OBJ='sqlite3-sqlite3.o'
FGREP='/bin/grep -F'
FTS5_FLAGS=''
GREP='/bin/grep'
INSTALL_DATA='${INSTALL} -m 644'
INSTALL_PROGRAM='${INSTALL}'
INSTALL_SCRIPT='${INSTALL}'
INSTALL_STRIP_PROGRAM='$(install_sh) -c -s'
JSON1_FLAGS=''
LD='/opt/buildroot-gcc463/usr/bin/mipsel-linux-ld'
LDFLAGS=''
LIBOBJS=''
LIBS='-ldl -lpthread '
LIBTOOL='$(SHELL) $(top_builddir)/libtool'
LIPO=''
LN_S='ln -s'
LTLIBOBJS=''
LT_SYS_LIBRARY_PATH=''
MAKEINFO='${SHELL} /home/liuhaonan/2600/mhd/trunk/source/lib/sqlite-3.21.0/missing makeinfo'
MANIFEST_TOOL=':'
MKDIR_P='/bin/mkdir -p'
NM='nm'
NMEDIT=''
OBJDUMP='objdump'
OBJEXT='o'
OTOOL64=''
OTOOL=''
PACKAGE='sqlite'
PACKAGE_BUGREPORT='http://www.sqlite.org'
PACKAGE_NAME='sqlite'
PACKAGE_STRING='sqlite 3.21.0'
PACKAGE_TARNAME='sqlite'
PACKAGE_URL=''
PACKAGE_VERSION='3.21.0'
PATH_SEPARATOR=':'
RANLIB='ranlib'
READLINE_LIBS=''
SED='/bin/sed'
SESSION_FLAGS=''
SET_MAKE=''
SHELL='/bin/sh'
STRIP='strip'
THREADSAFE_FLAGS='-D_REENTRANT=1 -DSQLITE_THREADSAFE=1'
VERSION='3.21.0'
ac_ct_AR='ar'
ac_ct_CC=''
ac_ct_DUMPBIN='link -dump'
am__EXEEXT_FALSE=''
am__EXEEXT_TRUE='#'
am__fastdepCC_FALSE='#'
am__fastdepCC_TRUE=''
am__include='include'
am__isrc=''
am__leading_dot='.'
am__nodep='_no'
am__quote=''
am__tar='$${TAR-tar} chof - "$$tardir"'
am__untar='$${TAR-tar} xf -'
bindir='${exec_prefix}/bin'
build='i686-pc-linux-uclibc'
build_alias=''
build_cpu='i686'
build_os='linux-uclibc'
build_vendor='pc'
datadir='${datarootdir}'
datarootdir='${prefix}/share'
docdir='${datarootdir}/doc/${PACKAGE_TARNAME}'
dvidir='${docdir}'
exec_prefix='${prefix}'
host='mipsel-unknown-linux-gnu'
host_alias='mipsel-linux'
host_cpu='mipsel'
host_os='linux-gnu'
host_vendor='unknown'
htmldir='${docdir}'
includedir='${prefix}/include'
infodir='${datarootdir}/info'
install_sh='${SHELL} /home/liuhaonan/2600/mhd/trunk/source/lib/sqlite-3.21.0/install-sh'
libdir='${exec_prefix}/lib'
libexecdir='${exec_prefix}/libexec'
localedir='${datarootdir}/locale'
localstatedir='${prefix}/var'
mandir='${datarootdir}/man'
mkdir_p='$(MKDIR_P)'
oldincludedir='/usr/include'
pdfdir='${docdir}'
prefix='/usr/local'
program_transform_name='s,x,x,'
psdir='${docdir}'
sbindir='${exec_prefix}/sbin'
sharedstatedir='${prefix}/com'
sysconfdir='${prefix}/etc'
target_alias=''

## ----------- ##
## confdefs.h. ##
## ----------- ##

/* confdefs.h */
#define PACKAGE_NAME "sqlite"
#define PACKAGE_TARNAME "sqlite"
#define PACKAGE_VERSION "3.21.0"
#define PACKAGE_STRING "sqlite 3.21.0"
#define PACKAGE_BUGREPORT "http://www.sqlite.org"
#define PACKAGE_URL ""
#define PACKAGE "sqlite"
#define VERSION "3.21.0"
#define _FILE_OFFSET_BITS 64
#define STDC_HEADERS 1
#define HAVE_SYS_TYPES_H 1
#define HAVE_SYS_STAT_H 1
#define HAVE_STDLIB_H 1
#define HAVE_STRING_H 1
#define HAVE_MEMORY_H 1
#define HAVE_STRINGS_H 1
#define HAVE_INTTYPES_H 1
#define HAVE_STDINT_H 1
#define HAVE_UNISTD_H 1
#define HAVE_DLFCN_H 1
#define LT_OBJDIR ".libs/"
#define HAVE_FDATASYNC 1
#define HAVE_USLEEP 1
#define HAVE_LOCALTIME_R 1
#define HAVE_GMTIME_R 1
#define HAVE_DECL_STRERROR_R 1
#define HAVE_STRERROR_R 1

configure: exit 0
