This file contains any messages produced by compilers while
running configure, to aid debugging if configure makes a mistake.

It was created by libgpg-error configure 1.10, which was
generated by GNU Autoconf 2.64.  Invocation command line was

  $ ./configure mipsel-linux LD=/opt/buildroot-gcc463/usr/bin/mipsel-linux-ld --build=i686-redhat-linux --host=mipsel-linux

## --------- ##
## Platform. ##
## --------- ##

hostname = wireless
uname -m = i686
uname -r = 2.6.32-642.3.1.el6.i686
uname -s = Linux
uname -v = #1 SMP Tue Jul 12 17:53:37 UTC 2016

/usr/bin/uname -p = unknown
/bin/uname -X     = unknown

/bin/arch              = i686
/usr/bin/arch -k       = unknown
/usr/convex/getsysinfo = unknown
/usr/bin/hostinfo      = unknown
/bin/machine           = unknown
/usr/bin/oslevel       = unknown
/bin/universe          = unknown

PATH: /usr/local/bin
PATH: /bin
PATH: /usr/bin
PATH: /usr/local/sbin
PATH: /usr/sbin
PATH: /sbin
PATH: /home/baifan/bin
PATH: /home/baifan/dlink_882/trunk/GPL_Code/source/tools


## ----------- ##
## Core tests. ##
## ----------- ##

configure:2448: checking for a BSD-compatible install
configure:2516: result: /usr/bin/install -c
configure:2527: checking whether build environment is sane
configure:2564: result: yes
configure:2589: checking for a thread-safe mkdir -p
configure:2628: result: /bin/mkdir -p
configure:2641: checking for gawk
configure:2657: found /bin/gawk
configure:2668: result: gawk
configure:2679: checking whether make sets $(MAKE)
configure:2701: result: yes
configure:2779: checking for mipsel-linux-strip
configure:2806: result: "/opt/buildroot-gcc463/usr/bin"/mipsel-linux-strip
configure:2883: checking whether to enable maintainer-specific portions of Makefiles
configure:2892: result: no
configure:2916: checking build system type
configure:2930: result: i686-redhat-linux-gnu
configure:2950: checking host system type
configure:2963: result: mipsel-unknown-linux-gnu
configure:2987: autobuild project... libgpg-error
configure:2989: autobuild revision... 1.10
configure:2993: autobuild hostname... wireless
configure:3002: autobuild timestamp... 20200626-135112
configure:3016: checking for mipsel-linux-gcc
configure:3043: result: /opt/buildroot-gcc463/usr/bin/mipsel-linux-gcc
configure:3312: checking for C compiler version
configure:3321: /opt/buildroot-gcc463/usr/bin/mipsel-linux-gcc --version >&5
mipsel-linux-gcc (Buildroot 2012.11.1) 4.6.3
Copyright (C) 2011 Free Software Foundation, Inc.
This is free software; see the source for copying conditions.  There is NO
warranty; not even for MERCHANTABILITY or FITNESS FOR A PARTICULAR PURPOSE.

configure:3332: $? = 0
configure:3321: /opt/buildroot-gcc463/usr/bin/mipsel-linux-gcc -v >&5
Using built-in specs.
COLLECT_GCC=/opt/buildroot-gcc463/usr/bin/mipsel-linux-gcc
COLLECT_LTO_WRAPPER=/opt/buildroot-gcc463/usr/libexec/gcc/mipsel-buildroot-linux-uclibc/4.6.3/lto-wrapper
Target: mipsel-buildroot-linux-uclibc
Configured with: /home/ralink/buildroot-2012.11.1/output/toolchain/gcc-4.6.3/configure --prefix=/opt/buildroot-gcc463/usr --build=i686-pc-linux-gnu --host=i686-pc-linux-gnu --target=mipsel-buildroot-linux-uclibc --enable-languages=c,c++ --with-sysroot=/opt/buildroot-gcc463/usr/mipsel-buildroot-linux-uclibc/sysroot --with-build-time-tools=/opt/buildroot-gcc463/usr/mipsel-buildroot-linux-uclibc/bin --disable-__cxa_atexit --enable-target-optspace --disable-libgomp --with-gnu-ld --disable-libssp --disable-multilib --disable-tls --disable-shared --with-gmp=/opt/buildroot-gcc463/usr --with-mpfr=/opt/buildroot-gcc463/usr --with-mpc=/opt/buildroot-gcc463/usr --disable-nls --enable-threads --disable-decimal-float --with-float=soft --with-abi=32 --with-tune=mips32r2 --with-pkgversion='Buildroot 2012.11.1' --with-bugurl=http://bugs.buildroot.net/
Thread model: posix
gcc version 4.6.3 (Buildroot 2012.11.1) 
configure:3332: $? = 0
configure:3321: /opt/buildroot-gcc463/usr/bin/mipsel-linux-gcc -V >&5
mipsel-linux-gcc: error: unrecognized option '-V'
mipsel-linux-gcc: fatal error: no input files
compilation terminated.
configure:3332: $? = 1
configure:3321: /opt/buildroot-gcc463/usr/bin/mipsel-linux-gcc -qversion >&5
mipsel-linux-gcc: error: unrecognized option '-qversion'
mipsel-linux-gcc: fatal error: no input files
compilation terminated.
configure:3332: $? = 1
configure:3354: checking for C compiler default output file name
configure:3376: /opt/buildroot-gcc463/usr/bin/mipsel-linux-gcc  -Wall -Wstrict-prototypes -Wno-trigraphs -fno-strict-aliasing  -mips1 -fno-stack-protector -fno-builtin -D_LIBC -I.  -Os -funit-at-a-time  -mno-split-addresses -isystem /opt/buildroot-gcc463/usr/lib/gcc/mipsel-buildroot-linux-uclibc/4.6.3/include -DNDEBUG -fPIC -D_DL_FINI_CRT_COMPAT   conftest.c  >&5
conftest.c:13:1: warning: function declaration isn't a prototype [-Wstrict-prototypes]
configure:3380: $? = 0
configure:3417: result: a.out
configure:3433: checking whether the C compiler works
configure:3461: result: yes
configure:3468: checking whether we are cross compiling
configure:3470: result: yes
configure:3473: checking for suffix of executables
configure:3480: /opt/buildroot-gcc463/usr/bin/mipsel-linux-gcc -o conftest  -Wall -Wstrict-prototypes -Wno-trigraphs -fno-strict-aliasing  -mips1 -fno-stack-protector -fno-builtin -D_LIBC -I.  -Os -funit-at-a-time  -mno-split-addresses -isystem /opt/buildroot-gcc463/usr/lib/gcc/mipsel-buildroot-linux-uclibc/4.6.3/include -DNDEBUG -fPIC -D_DL_FINI_CRT_COMPAT   conftest.c  >&5
conftest.c:13:1: warning: function declaration isn't a prototype [-Wstrict-prototypes]
configure:3484: $? = 0
configure:3506: result: 
configure:3512: checking for suffix of object files
configure:3534: /opt/buildroot-gcc463/usr/bin/mipsel-linux-gcc -c  -Wall -Wstrict-prototypes -Wno-trigraphs -fno-strict-aliasing  -mips1 -fno-stack-protector -fno-builtin -D_LIBC -I.  -Os -funit-at-a-time  -mno-split-addresses -isystem /opt/buildroot-gcc463/usr/lib/gcc/mipsel-buildroot-linux-uclibc/4.6.3/include -DNDEBUG -fPIC -D_DL_FINI_CRT_COMPAT  conftest.c >&5
conftest.c:13:1: warning: function declaration isn't a prototype [-Wstrict-prototypes]
configure:3538: $? = 0
configure:3559: result: o
configure:3563: checking whether we are using the GNU C compiler
configure:3582: /opt/buildroot-gcc463/usr/bin/mipsel-linux-gcc -c  -Wall -Wstrict-prototypes -Wno-trigraphs -fno-strict-aliasing  -mips1 -fno-stack-protector -fno-builtin -D_LIBC -I.  -Os -funit-at-a-time  -mno-split-addresses -isystem /opt/buildroot-gcc463/usr/lib/gcc/mipsel-buildroot-linux-uclibc/4.6.3/include -DNDEBUG -fPIC -D_DL_FINI_CRT_COMPAT  conftest.c >&5
conftest.c:13:1: warning: function declaration isn't a prototype [-Wstrict-prototypes]
configure:3582: $? = 0
configure:3591: result: yes
configure:3600: checking whether /opt/buildroot-gcc463/usr/bin/mipsel-linux-gcc accepts -g
configure:3620: /opt/buildroot-gcc463/usr/bin/mipsel-linux-gcc -c -g  conftest.c >&5
configure:3620: $? = 0
configure:3661: result: yes
configure:3678: checking for /opt/buildroot-gcc463/usr/bin/mipsel-linux-gcc option to accept ISO C89
configure:3742: /opt/buildroot-gcc463/usr/bin/mipsel-linux-gcc  -c  -Wall -Wstrict-prototypes -Wno-trigraphs -fno-strict-aliasing  -mips1 -fno-stack-protector -fno-builtin -D_LIBC -I.  -Os -funit-at-a-time  -mno-split-addresses -isystem /opt/buildroot-gcc463/usr/lib/gcc/mipsel-buildroot-linux-uclibc/4.6.3/include -DNDEBUG -fPIC -D_DL_FINI_CRT_COMPAT  conftest.c >&5
conftest.c:18:14: warning: function declaration isn't a prototype [-Wstrict-prototypes]
conftest.c:55:1: warning: function declaration isn't a prototype [-Wstrict-prototypes]
configure:3742: $? = 0
configure:3755: result: none needed
configure:3786: checking for style of include used by make
configure:3814: result: GNU
configure:3839: checking dependency style of /opt/buildroot-gcc463/usr/bin/mipsel-linux-gcc
configure:3930: result: gcc3
configure:3946: checking whether /opt/buildroot-gcc463/usr/bin/mipsel-linux-gcc and cc understand -c and -o together
configure:3977: /opt/buildroot-gcc463/usr/bin/mipsel-linux-gcc -c conftest.c -o conftest2.o >&5
configure:3981: $? = 0
configure:3987: /opt/buildroot-gcc463/usr/bin/mipsel-linux-gcc -c conftest.c -o conftest2.o >&5
configure:3991: $? = 0
configure:4002: cc -c conftest.c >&5
configure:4006: $? = 0
configure:4014: cc -c conftest.c -o conftest2.o >&5
configure:4018: $? = 0
configure:4024: cc -c conftest.c -o conftest2.o >&5
configure:4028: $? = 0
configure:4046: result: yes
configure:4076: checking how to run the C preprocessor
configure:4107: /opt/buildroot-gcc463/usr/bin/mipsel-linux-gcc -E  conftest.c
configure:4107: $? = 0
configure:4121: /opt/buildroot-gcc463/usr/bin/mipsel-linux-gcc -E  conftest.c
conftest.c:11:28: fatal error: ac_nonexistent.h: No such file or directory
compilation terminated.
configure:4121: $? = 1
configure: failed program was:
| /* confdefs.h */
| #define PACKAGE_NAME "libgpg-error"
| #define PACKAGE_TARNAME "libgpg-error"
| #define PACKAGE_VERSION "1.10"
| #define PACKAGE_STRING "libgpg-error 1.10"
| #define PACKAGE_BUGREPORT "bug-gnupg@gnupg.org"
| #define PACKAGE_URL ""
| #define PACKAGE "libgpg-error"
| #define VERSION "1.10"
| /* end confdefs.h.  */
| #include <ac_nonexistent.h>
configure:4146: result: /opt/buildroot-gcc463/usr/bin/mipsel-linux-gcc -E
configure:4166: /opt/buildroot-gcc463/usr/bin/mipsel-linux-gcc -E  conftest.c
configure:4166: $? = 0
configure:4180: /opt/buildroot-gcc463/usr/bin/mipsel-linux-gcc -E  conftest.c
conftest.c:11:28: fatal error: ac_nonexistent.h: No such file or directory
compilation terminated.
configure:4180: $? = 1
configure: failed program was:
| /* confdefs.h */
| #define PACKAGE_NAME "libgpg-error"
| #define PACKAGE_TARNAME "libgpg-error"
| #define PACKAGE_VERSION "1.10"
| #define PACKAGE_STRING "libgpg-error 1.10"
| #define PACKAGE_BUGREPORT "bug-gnupg@gnupg.org"
| #define PACKAGE_URL ""
| #define PACKAGE "libgpg-error"
| #define VERSION "1.10"
| /* end confdefs.h.  */
| #include <ac_nonexistent.h>
configure:4212: checking for gawk
configure:4239: result: gawk
configure:4253: checking for mipsel-linux-ar
configure:4280: result: "/opt/buildroot-gcc463/usr/bin"/mipsel-linux-ar
configure:4344: checking for grep that handles long lines and -e
configure:4402: result: /bin/grep
configure:4407: checking for egrep
configure:4469: result: /bin/grep -E
configure:4474: checking for ANSI C header files
configure:4494: /opt/buildroot-gcc463/usr/bin/mipsel-linux-gcc -c  -Wall -Wstrict-prototypes -Wno-trigraphs -fno-strict-aliasing  -mips1 -fno-stack-protector -fno-builtin -D_LIBC -I.  -Os -funit-at-a-time  -mno-split-addresses -isystem /opt/buildroot-gcc463/usr/lib/gcc/mipsel-buildroot-linux-uclibc/4.6.3/include -DNDEBUG -fPIC -D_DL_FINI_CRT_COMPAT  conftest.c >&5
conftest.c:17:1: warning: function declaration isn't a prototype [-Wstrict-prototypes]
configure:4494: $? = 0
configure:4578: result: yes
configure:4591: checking for sys/types.h
configure:4591: /opt/buildroot-gcc463/usr/bin/mipsel-linux-gcc -c  -Wall -Wstrict-prototypes -Wno-trigraphs -fno-strict-aliasing  -mips1 -fno-stack-protector -fno-builtin -D_LIBC -I.  -Os -funit-at-a-time  -mno-split-addresses -isystem /opt/buildroot-gcc463/usr/lib/gcc/mipsel-buildroot-linux-uclibc/4.6.3/include -DNDEBUG -fPIC -D_DL_FINI_CRT_COMPAT  conftest.c >&5
configure:4591: $? = 0
configure:4591: result: yes
configure:4591: checking for sys/stat.h
configure:4591: /opt/buildroot-gcc463/usr/bin/mipsel-linux-gcc -c  -Wall -Wstrict-prototypes -Wno-trigraphs -fno-strict-aliasing  -mips1 -fno-stack-protector -fno-builtin -D_LIBC -I.  -Os -funit-at-a-time  -mno-split-addresses -isystem /opt/buildroot-gcc463/usr/lib/gcc/mipsel-buildroot-linux-uclibc/4.6.3/include -DNDEBUG -fPIC -D_DL_FINI_CRT_COMPAT  conftest.c >&5
configure:4591: $? = 0
configure:4591: result: yes
configure:4591: checking for stdlib.h
configure:4591: /opt/buildroot-gcc463/usr/bin/mipsel-linux-gcc -c  -Wall -Wstrict-prototypes -Wno-trigraphs -fno-strict-aliasing  -mips1 -fno-stack-protector -fno-builtin -D_LIBC -I.  -Os -funit-at-a-time  -mno-split-addresses -isystem /opt/buildroot-gcc463/usr/lib/gcc/mipsel-buildroot-linux-uclibc/4.6.3/include -DNDEBUG -fPIC -D_DL_FINI_CRT_COMPAT  conftest.c >&5
configure:4591: $? = 0
configure:4591: result: yes
configure:4591: checking for string.h
configure:4591: /opt/buildroot-gcc463/usr/bin/mipsel-linux-gcc -c  -Wall -Wstrict-prototypes -Wno-trigraphs -fno-strict-aliasing  -mips1 -fno-stack-protector -fno-builtin -D_LIBC -I.  -Os -funit-at-a-time  -mno-split-addresses -isystem /opt/buildroot-gcc463/usr/lib/gcc/mipsel-buildroot-linux-uclibc/4.6.3/include -DNDEBUG -fPIC -D_DL_FINI_CRT_COMPAT  conftest.c >&5
configure:4591: $? = 0
configure:4591: result: yes
configure:4591: checking for memory.h
configure:4591: /opt/buildroot-gcc463/usr/bin/mipsel-linux-gcc -c  -Wall -Wstrict-prototypes -Wno-trigraphs -fno-strict-aliasing  -mips1 -fno-stack-protector -fno-builtin -D_LIBC -I.  -Os -funit-at-a-time  -mno-split-addresses -isystem /opt/buildroot-gcc463/usr/lib/gcc/mipsel-buildroot-linux-uclibc/4.6.3/include -DNDEBUG -fPIC -D_DL_FINI_CRT_COMPAT  conftest.c >&5
configure:4591: $? = 0
configure:4591: result: yes
configure:4591: checking for strings.h
configure:4591: /opt/buildroot-gcc463/usr/bin/mipsel-linux-gcc -c  -Wall -Wstrict-prototypes -Wno-trigraphs -fno-strict-aliasing  -mips1 -fno-stack-protector -fno-builtin -D_LIBC -I.  -Os -funit-at-a-time  -mno-split-addresses -isystem /opt/buildroot-gcc463/usr/lib/gcc/mipsel-buildroot-linux-uclibc/4.6.3/include -DNDEBUG -fPIC -D_DL_FINI_CRT_COMPAT  conftest.c >&5
configure:4591: $? = 0
configure:4591: result: yes
configure:4591: checking for inttypes.h
configure:4591: /opt/buildroot-gcc463/usr/bin/mipsel-linux-gcc -c  -Wall -Wstrict-prototypes -Wno-trigraphs -fno-strict-aliasing  -mips1 -fno-stack-protector -fno-builtin -D_LIBC -I.  -Os -funit-at-a-time  -mno-split-addresses -isystem /opt/buildroot-gcc463/usr/lib/gcc/mipsel-buildroot-linux-uclibc/4.6.3/include -DNDEBUG -fPIC -D_DL_FINI_CRT_COMPAT  conftest.c >&5
configure:4591: $? = 0
configure:4591: result: yes
configure:4591: checking for stdint.h
configure:4591: /opt/buildroot-gcc463/usr/bin/mipsel-linux-gcc -c  -Wall -Wstrict-prototypes -Wno-trigraphs -fno-strict-aliasing  -mips1 -fno-stack-protector -fno-builtin -D_LIBC -I.  -Os -funit-at-a-time  -mno-split-addresses -isystem /opt/buildroot-gcc463/usr/lib/gcc/mipsel-buildroot-linux-uclibc/4.6.3/include -DNDEBUG -fPIC -D_DL_FINI_CRT_COMPAT  conftest.c >&5
configure:4591: $? = 0
configure:4591: result: yes
configure:4591: checking for unistd.h
configure:4591: /opt/buildroot-gcc463/usr/bin/mipsel-linux-gcc -c  -Wall -Wstrict-prototypes -Wno-trigraphs -fno-strict-aliasing  -mips1 -fno-stack-protector -fno-builtin -D_LIBC -I.  -Os -funit-at-a-time  -mno-split-addresses -isystem /opt/buildroot-gcc463/usr/lib/gcc/mipsel-buildroot-linux-uclibc/4.6.3/include -DNDEBUG -fPIC -D_DL_FINI_CRT_COMPAT  conftest.c >&5
configure:4591: $? = 0
configure:4591: result: yes
configure:4605: checking minix/config.h usability
configure:4605: /opt/buildroot-gcc463/usr/bin/mipsel-linux-gcc -c  -Wall -Wstrict-prototypes -Wno-trigraphs -fno-strict-aliasing  -mips1 -fno-stack-protector -fno-builtin -D_LIBC -I.  -Os -funit-at-a-time  -mno-split-addresses -isystem /opt/buildroot-gcc463/usr/lib/gcc/mipsel-buildroot-linux-uclibc/4.6.3/include -DNDEBUG -fPIC -D_DL_FINI_CRT_COMPAT  conftest.c >&5
conftest.c:54:26: fatal error: minix/config.h: No such file or directory
compilation terminated.
configure:4605: $? = 1
configure: failed program was:
| /* confdefs.h */
| #define PACKAGE_NAME "libgpg-error"
| #define PACKAGE_TARNAME "libgpg-error"
| #define PACKAGE_VERSION "1.10"
| #define PACKAGE_STRING "libgpg-error 1.10"
| #define PACKAGE_BUGREPORT "bug-gnupg@gnupg.org"
| #define PACKAGE_URL ""
| #define PACKAGE "libgpg-error"
| #define VERSION "1.10"
| #define STDC_HEADERS 1
| #define HAVE_SYS_TYPES_H 1
| #define HAVE_SYS_STAT_H 1
| #define HAVE_STDLIB_H 1
| #define HAVE_STRING_H 1
| #define HAVE_MEMORY_H 1
| #define HAVE_STRINGS_H 1
| #define HAVE_INTTYPES_H 1
| #define HAVE_STDINT_H 1
| #define HAVE_UNISTD_H 1
| /* end confdefs.h.  */
| #include <stdio.h>
| #ifdef HAVE_SYS_TYPES_H
| # include <sys/types.h>
| #endif
| #ifdef HAVE_SYS_STAT_H
| # include <sys/stat.h>
| #endif
| #ifdef STDC_HEADERS
| # include <stdlib.h>
| # include <stddef.h>
| #else
| # ifdef HAVE_STDLIB_H
| #  include <stdlib.h>
| # endif
| #endif
| #ifdef HAVE_STRING_H
| # if !defined STDC_HEADERS && defined HAVE_MEMORY_H
| #  include <memory.h>
| # endif
| # include <string.h>
| #endif
| #ifdef HAVE_STRINGS_H
| # include <strings.h>
| #endif
| #ifdef HAVE_INTTYPES_H
| # include <inttypes.h>
| #endif
| #ifdef HAVE_STDINT_H
| # include <stdint.h>
| #endif
| #ifdef HAVE_UNISTD_H
| # include <unistd.h>
| #endif
| #include <minix/config.h>
configure:4605: result: no
configure:4605: checking minix/config.h presence
configure:4605: /opt/buildroot-gcc463/usr/bin/mipsel-linux-gcc -E  conftest.c
conftest.c:21:26: fatal error: minix/config.h: No such file or directory
compilation terminated.
configure:4605: $? = 1
configure: failed program was:
| /* confdefs.h */
| #define PACKAGE_NAME "libgpg-error"
| #define PACKAGE_TARNAME "libgpg-error"
| #define PACKAGE_VERSION "1.10"
| #define PACKAGE_STRING "libgpg-error 1.10"
| #define PACKAGE_BUGREPORT "bug-gnupg@gnupg.org"
| #define PACKAGE_URL ""
| #define PACKAGE "libgpg-error"
| #define VERSION "1.10"
| #define STDC_HEADERS 1
| #define HAVE_SYS_TYPES_H 1
| #define HAVE_SYS_STAT_H 1
| #define HAVE_STDLIB_H 1
| #define HAVE_STRING_H 1
| #define HAVE_MEMORY_H 1
| #define HAVE_STRINGS_H 1
| #define HAVE_INTTYPES_H 1
| #define HAVE_STDINT_H 1
| #define HAVE_UNISTD_H 1
| /* end confdefs.h.  */
| #include <minix/config.h>
configure:4605: result: no
configure:4605: checking for minix/config.h
configure:4605: result: no
configure:4626: checking whether it is safe to define __EXTENSIONS__
configure:4644: /opt/buildroot-gcc463/usr/bin/mipsel-linux-gcc -c  -Wall -Wstrict-prototypes -Wno-trigraphs -fno-strict-aliasing  -mips1 -fno-stack-protector -fno-builtin -D_LIBC -I.  -Os -funit-at-a-time  -mno-split-addresses -isystem /opt/buildroot-gcc463/usr/lib/gcc/mipsel-buildroot-linux-uclibc/4.6.3/include -DNDEBUG -fPIC -D_DL_FINI_CRT_COMPAT  conftest.c >&5
conftest.c:57:1: warning: function declaration isn't a prototype [-Wstrict-prototypes]
configure:4644: $? = 0
configure:4651: result: yes
configure:4693: checking for a sed that does not truncate output
configure:4757: result: /bin/sed
configure:4775: checking for fgrep
configure:4837: result: /bin/grep -F
configure:4872: checking for ld used by /opt/buildroot-gcc463/usr/bin/mipsel-linux-gcc
configure:4939: result: /opt/buildroot-gcc463/usr/bin/mipsel-linux-ld
configure:4946: checking if the linker (/opt/buildroot-gcc463/usr/bin/mipsel-linux-ld) is GNU ld
configure:4961: result: yes
configure:4973: checking for BSD- or MS-compatible name lister (nm)
configure:5022: result: no
configure:5033: checking for mipsel-linux-dumpbin
configure:5063: result: no
configure:5033: checking for mipsel-linux-link
configure:5063: result: no
configure:5077: checking for dumpbin
configure:5107: result: no
configure:5077: checking for link
configure:5093: found /bin/link
configure:5104: result: link -dump -symbols
configure:5120: WARNING: using cross tools not prefixed with host triplet
configure:5140: checking the name lister (link -dump -symbols) interface
configure:5147: /opt/buildroot-gcc463/usr/bin/mipsel-linux-gcc -c  -Wall -Wstrict-prototypes -Wno-trigraphs -fno-strict-aliasing  -mips1 -fno-stack-protector -fno-builtin -D_LIBC -I.  -Os -funit-at-a-time  -mno-split-addresses -isystem /opt/buildroot-gcc463/usr/lib/gcc/mipsel-buildroot-linux-uclibc/4.6.3/include -DNDEBUG -fPIC -D_DL_FINI_CRT_COMPAT  conftest.c >&5
configure:5150: link -dump -symbols "conftest.o"
link: invalid option -- 'd'
Try `link --help' for more information.
configure:5153: output
configure:5160: result: BSD nm
configure:5163: checking whether ln -s works
configure:5167: result: yes
configure:5175: checking the maximum length of command line arguments
configure:5295: result: 1966080
configure:5312: checking whether the shell understands some XSI constructs
configure:5322: result: yes
configure:5326: checking whether the shell understands "+="
configure:5332: result: yes
configure:5367: checking for /opt/buildroot-gcc463/usr/bin/mipsel-linux-ld option to reload object files
configure:5374: result: -r
configure:5403: checking for mipsel-linux-objdump
configure:5433: result: no
configure:5443: checking for objdump
configure:5459: found /usr/bin/objdump
configure:5470: result: objdump
configure:5499: checking how to recognize dependent libraries
configure:5695: result: pass_all
configure:5715: checking for mipsel-linux-ar
configure:5742: result: "/opt/buildroot-gcc463/usr/bin"/mipsel-linux-ar
configure:5820: checking for mipsel-linux-strip
configure:5847: result: "/opt/buildroot-gcc463/usr/bin"/mipsel-linux-strip
configure:5919: checking for mipsel-linux-ranlib
configure:5946: result: "/opt/buildroot-gcc463/usr/bin"/mipsel-linux-ranlib
configure:6076: checking command to parse link -dump -symbols output from /opt/buildroot-gcc463/usr/bin/mipsel-linux-gcc object
configure:6194: /opt/buildroot-gcc463/usr/bin/mipsel-linux-gcc -c  -Wall -Wstrict-prototypes -Wno-trigraphs -fno-strict-aliasing  -mips1 -fno-stack-protector -fno-builtin -D_LIBC -I.  -Os -funit-at-a-time  -mno-split-addresses -isystem /opt/buildroot-gcc463/usr/lib/gcc/mipsel-buildroot-linux-uclibc/4.6.3/include -DNDEBUG -fPIC -D_DL_FINI_CRT_COMPAT  conftest.c >&5
conftest.c:10:5: warning: function declaration isn't a prototype [-Wstrict-prototypes]
configure:6197: $? = 0
configure:6201: link -dump -symbols conftest.o \| sed -n -e 's/^.*[	 ]\([BCDEGRST][BCDEGRST]*\)[	 ][	 ]*\([_A-Za-z][_A-Za-z0-9]*\)$/\1 \2 \2/p' \> conftest.nm
link: invalid option -- 'd'
Try `link --help' for more information.
configure:6204: $? = 0
cannot run sed -n -e 's/^.*[	 ]\([BCDEGRST][BCDEGRST]*\)[	 ][	 ]*\([_A-Za-z][_A-Za-z0-9]*\)$/\1 \2 \2/p'
configure:6194: /opt/buildroot-gcc463/usr/bin/mipsel-linux-gcc -c  -Wall -Wstrict-prototypes -Wno-trigraphs -fno-strict-aliasing  -mips1 -fno-stack-protector -fno-builtin -D_LIBC -I.  -Os -funit-at-a-time  -mno-split-addresses -isystem /opt/buildroot-gcc463/usr/lib/gcc/mipsel-buildroot-linux-uclibc/4.6.3/include -DNDEBUG -fPIC -D_DL_FINI_CRT_COMPAT  conftest.c >&5
conftest.c:10:5: warning: function declaration isn't a prototype [-Wstrict-prototypes]
configure:6197: $? = 0
configure:6201: link -dump -symbols conftest.o \| sed -n -e 's/^.*[	 ]\([BCDEGRST][BCDEGRST]*\)[	 ][	 ]*_\([_A-Za-z][_A-Za-z0-9]*\)$/\1 _\2 \2/p' \> conftest.nm
link: invalid option -- 'd'
Try `link --help' for more information.
configure:6204: $? = 0
cannot run sed -n -e 's/^.*[	 ]\([BCDEGRST][BCDEGRST]*\)[	 ][	 ]*_\([_A-Za-z][_A-Za-z0-9]*\)$/\1 _\2 \2/p'
configure:6296: result: failed
configure:7104: checking for dlfcn.h
configure:7104: /opt/buildroot-gcc463/usr/bin/mipsel-linux-gcc -c  -Wall -Wstrict-prototypes -Wno-trigraphs -fno-strict-aliasing  -mips1 -fno-stack-protector -fno-builtin -D_LIBC -I.  -Os -funit-at-a-time  -mno-split-addresses -isystem /opt/buildroot-gcc463/usr/lib/gcc/mipsel-buildroot-linux-uclibc/4.6.3/include -DNDEBUG -fPIC -D_DL_FINI_CRT_COMPAT  conftest.c >&5
configure:7104: $? = 0
configure:7104: result: yes
configure:7585: checking for objdir
configure:7600: result: .libs
configure:7896: checking if /opt/buildroot-gcc463/usr/bin/mipsel-linux-gcc supports -fno-rtti -fno-exceptions
configure:7914: /opt/buildroot-gcc463/usr/bin/mipsel-linux-gcc -c  -Wall -Wstrict-prototypes -Wno-trigraphs -fno-strict-aliasing  -mips1 -fno-stack-protector -fno-builtin -D_LIBC -I.  -Os -funit-at-a-time  -mno-split-addresses -isystem /opt/buildroot-gcc463/usr/lib/gcc/mipsel-buildroot-linux-uclibc/4.6.3/include -DNDEBUG -fPIC -D_DL_FINI_CRT_COMPAT  -fno-rtti -fno-exceptions conftest.c >&5
cc1: warning: command line option '-fno-rtti' is valid for C++/ObjC++ but not for C [enabled by default]
configure:7918: $? = 0
configure:7931: result: no
configure:7951: checking for /opt/buildroot-gcc463/usr/bin/mipsel-linux-gcc option to produce PIC
configure:8223: result: -fPIC -DPIC
configure:8235: checking if /opt/buildroot-gcc463/usr/bin/mipsel-linux-gcc PIC flag -fPIC -DPIC works
configure:8253: /opt/buildroot-gcc463/usr/bin/mipsel-linux-gcc -c  -Wall -Wstrict-prototypes -Wno-trigraphs -fno-strict-aliasing  -mips1 -fno-stack-protector -fno-builtin -D_LIBC -I.  -Os -funit-at-a-time  -mno-split-addresses -isystem /opt/buildroot-gcc463/usr/lib/gcc/mipsel-buildroot-linux-uclibc/4.6.3/include -DNDEBUG -fPIC -D_DL_FINI_CRT_COMPAT  -fPIC -DPIC -DPIC conftest.c >&5
configure:8257: $? = 0
configure:8270: result: yes
configure:8294: checking if /opt/buildroot-gcc463/usr/bin/mipsel-linux-gcc static flag -static works
conftest.c:1:5: warning: function declaration isn't a prototype [-Wstrict-prototypes]
configure:8322: result: yes
configure:8337: checking if /opt/buildroot-gcc463/usr/bin/mipsel-linux-gcc supports -c -o file.o
configure:8358: /opt/buildroot-gcc463/usr/bin/mipsel-linux-gcc -c  -Wall -Wstrict-prototypes -Wno-trigraphs -fno-strict-aliasing  -mips1 -fno-stack-protector -fno-builtin -D_LIBC -I.  -Os -funit-at-a-time  -mno-split-addresses -isystem /opt/buildroot-gcc463/usr/lib/gcc/mipsel-buildroot-linux-uclibc/4.6.3/include -DNDEBUG -fPIC -D_DL_FINI_CRT_COMPAT  -o out/conftest2.o conftest.c >&5
configure:8362: $? = 0
configure:8384: result: yes
configure:8392: checking if /opt/buildroot-gcc463/usr/bin/mipsel-linux-gcc supports -c -o file.o
configure:8439: result: yes
configure:8472: checking whether the /opt/buildroot-gcc463/usr/bin/mipsel-linux-gcc linker (/opt/buildroot-gcc463/usr/bin/mipsel-linux-ld) supports shared libraries
configure:9459: result: yes
configure:9496: checking whether -lc should be explicitly linked in
configure:9501: /opt/buildroot-gcc463/usr/bin/mipsel-linux-gcc -c  -Wall -Wstrict-prototypes -Wno-trigraphs -fno-strict-aliasing  -mips1 -fno-stack-protector -fno-builtin -D_LIBC -I.  -Os -funit-at-a-time  -mno-split-addresses -isystem /opt/buildroot-gcc463/usr/lib/gcc/mipsel-buildroot-linux-uclibc/4.6.3/include -DNDEBUG -fPIC -D_DL_FINI_CRT_COMPAT  conftest.c >&5
configure:9504: $? = 0
configure:9519: /opt/buildroot-gcc463/usr/bin/mipsel-linux-gcc -shared conftest.o  -v -Wl,-soname -Wl,conftest -o conftest 2\>\&1 \| /bin/grep  -lc  \>/dev/null 2\>\&1
configure:9522: $? = 0
configure:9534: result: no
configure:9698: checking dynamic linker characteristics
configure:10131: /opt/buildroot-gcc463/usr/bin/mipsel-linux-gcc -o conftest  -Wall -Wstrict-prototypes -Wno-trigraphs -fno-strict-aliasing  -mips1 -fno-stack-protector -fno-builtin -D_LIBC -I.  -Os -funit-at-a-time  -mno-split-addresses -isystem /opt/buildroot-gcc463/usr/lib/gcc/mipsel-buildroot-linux-uclibc/4.6.3/include -DNDEBUG -fPIC -D_DL_FINI_CRT_COMPAT   -Wl,-rpath -Wl,/foo conftest.c  >&5
conftest.c:30:1: warning: function declaration isn't a prototype [-Wstrict-prototypes]
configure:10131: $? = 0
configure:10361: result: GNU/Linux ld.so
configure:10463: checking how to hardcode library paths into programs
configure:10488: result: immediate
configure:11008: checking whether stripping libraries is possible
configure:11030: result: no
configure:11048: checking if libtool supports shared libraries
configure:11050: result: yes
configure:11053: checking whether to build shared libraries
configure:11074: result: yes
configure:11077: checking whether to build static libraries
configure:11081: result: no
configure:11119: checking for mipsel-linux-windres
configure:11149: result: no
configure:11159: checking for windres
configure:11189: result: no
configure:11293: checking for cc for build
configure:11300: result: cc
configure:11327: checking whether NLS is requested
configure:11336: result: yes
configure:11377: checking for msgfmt
configure: trying /usr/local/bin/msgfmt...
0 translated messages.
configure:11409: result: /usr/local/bin/msgfmt
configure:11418: checking for gmsgfmt
configure:11449: result: /usr/local/bin/msgfmt
configure:11500: checking for xgettext
configure: trying /usr/local/bin/xgettext...
/usr/local/bin/xgettext: warning: file '/dev/null' extension '' is unknown; will try C
configure:11532: result: /usr/local/bin/xgettext
configure:11578: checking for msgmerge
configure: trying /usr/local/bin/msgmerge...
configure:11609: result: /usr/local/bin/msgmerge
configure:11666: checking for ld used by GCC
configure:11730: result: /opt/buildroot-gcc463/usr/bin/mipsel-linux-ld
configure:11737: checking if the linker (/opt/buildroot-gcc463/usr/bin/mipsel-linux-ld) is GNU ld
configure:11750: result: yes
configure:11757: checking for shared library run path origin
configure:11770: result: done
configure:12271: checking for CFPreferencesCopyAppValue
configure:12289: /opt/buildroot-gcc463/usr/bin/mipsel-linux-gcc -o conftest  -Wall -Wstrict-prototypes -Wno-trigraphs -fno-strict-aliasing  -mips1 -fno-stack-protector -fno-builtin -D_LIBC -I.  -Os -funit-at-a-time  -mno-split-addresses -isystem /opt/buildroot-gcc463/usr/lib/gcc/mipsel-buildroot-linux-uclibc/4.6.3/include -DNDEBUG -fPIC -D_DL_FINI_CRT_COMPAT   conftest.c  -Wl,-framework -Wl,CoreFoundation >&5
conftest.c:28:42: fatal error: CoreFoundation/CFPreferences.h: No such file or directory
compilation terminated.
configure:12289: $? = 1
configure: failed program was:
| /* confdefs.h */
| #define PACKAGE_NAME "libgpg-error"
| #define PACKAGE_TARNAME "libgpg-error"
| #define PACKAGE_VERSION "1.10"
| #define PACKAGE_STRING "libgpg-error 1.10"
| #define PACKAGE_BUGREPORT "bug-gnupg@gnupg.org"
| #define PACKAGE_URL ""
| #define PACKAGE "libgpg-error"
| #define VERSION "1.10"
| #define STDC_HEADERS 1
| #define HAVE_SYS_TYPES_H 1
| #define HAVE_SYS_STAT_H 1
| #define HAVE_STDLIB_H 1
| #define HAVE_STRING_H 1
| #define HAVE_MEMORY_H 1
| #define HAVE_STRINGS_H 1
| #define HAVE_INTTYPES_H 1
| #define HAVE_STDINT_H 1
| #define HAVE_UNISTD_H 1
| #define __EXTENSIONS__ 1
| #define _ALL_SOURCE 1
| #define _GNU_SOURCE 1
| #define _POSIX_PTHREAD_SEMANTICS 1
| #define _TANDEM_SOURCE 1
| #define HAVE_DLFCN_H 1
| #define LT_OBJDIR ".libs/"
| /* end confdefs.h.  */
| #include <CoreFoundation/CFPreferences.h>
| int
| main ()
| {
| CFPreferencesCopyAppValue(NULL, NULL)
|   ;
|   return 0;
| }
configure:12298: result: no
configure:12305: checking for CFLocaleCopyCurrent
configure:12323: /opt/buildroot-gcc463/usr/bin/mipsel-linux-gcc -o conftest  -Wall -Wstrict-prototypes -Wno-trigraphs -fno-strict-aliasing  -mips1 -fno-stack-protector -fno-builtin -D_LIBC -I.  -Os -funit-at-a-time  -mno-split-addresses -isystem /opt/buildroot-gcc463/usr/lib/gcc/mipsel-buildroot-linux-uclibc/4.6.3/include -DNDEBUG -fPIC -D_DL_FINI_CRT_COMPAT   conftest.c  -Wl,-framework -Wl,CoreFoundation >&5
conftest.c:28:37: fatal error: CoreFoundation/CFLocale.h: No such file or directory
compilation terminated.
configure:12323: $? = 1
configure: failed program was:
| /* confdefs.h */
| #define PACKAGE_NAME "libgpg-error"
| #define PACKAGE_TARNAME "libgpg-error"
| #define PACKAGE_VERSION "1.10"
| #define PACKAGE_STRING "libgpg-error 1.10"
| #define PACKAGE_BUGREPORT "bug-gnupg@gnupg.org"
| #define PACKAGE_URL ""
| #define PACKAGE "libgpg-error"
| #define VERSION "1.10"
| #define STDC_HEADERS 1
| #define HAVE_SYS_TYPES_H 1
| #define HAVE_SYS_STAT_H 1
| #define HAVE_STDLIB_H 1
| #define HAVE_STRING_H 1
| #define HAVE_MEMORY_H 1
| #define HAVE_STRINGS_H 1
| #define HAVE_INTTYPES_H 1
| #define HAVE_STDINT_H 1
| #define HAVE_UNISTD_H 1
| #define __EXTENSIONS__ 1
| #define _ALL_SOURCE 1
| #define _GNU_SOURCE 1
| #define _POSIX_PTHREAD_SEMANTICS 1
| #define _TANDEM_SOURCE 1
| #define HAVE_DLFCN_H 1
| #define LT_OBJDIR ".libs/"
| /* end confdefs.h.  */
| #include <CoreFoundation/CFLocale.h>
| int
| main ()
| {
| CFLocaleCopyCurrent();
|   ;
|   return 0;
| }
configure:12332: result: no
configure:12381: checking for GNU gettext in libc
configure:12401: /opt/buildroot-gcc463/usr/bin/mipsel-linux-gcc -o conftest  -Wall -Wstrict-prototypes -Wno-trigraphs -fno-strict-aliasing  -mips1 -fno-stack-protector -fno-builtin -D_LIBC -I.  -Os -funit-at-a-time  -mno-split-addresses -isystem /opt/buildroot-gcc463/usr/lib/gcc/mipsel-buildroot-linux-uclibc/4.6.3/include -DNDEBUG -fPIC -D_DL_FINI_CRT_COMPAT   conftest.c  >&5
conftest.c:28:21: fatal error: libintl.h: No such file or directory
compilation terminated.
configure:12401: $? = 1
configure: failed program was:
| /* confdefs.h */
| #define PACKAGE_NAME "libgpg-error"
| #define PACKAGE_TARNAME "libgpg-error"
| #define PACKAGE_VERSION "1.10"
| #define PACKAGE_STRING "libgpg-error 1.10"
| #define PACKAGE_BUGREPORT "bug-gnupg@gnupg.org"
| #define PACKAGE_URL ""
| #define PACKAGE "libgpg-error"
| #define VERSION "1.10"
| #define STDC_HEADERS 1
| #define HAVE_SYS_TYPES_H 1
| #define HAVE_SYS_STAT_H 1
| #define HAVE_STDLIB_H 1
| #define HAVE_STRING_H 1
| #define HAVE_MEMORY_H 1
| #define HAVE_STRINGS_H 1
| #define HAVE_INTTYPES_H 1
| #define HAVE_STDINT_H 1
| #define HAVE_UNISTD_H 1
| #define __EXTENSIONS__ 1
| #define _ALL_SOURCE 1
| #define _GNU_SOURCE 1
| #define _POSIX_PTHREAD_SEMANTICS 1
| #define _TANDEM_SOURCE 1
| #define HAVE_DLFCN_H 1
| #define LT_OBJDIR ".libs/"
| /* end confdefs.h.  */
| #include <libintl.h>
| 
| extern int _nl_msg_cat_cntr;
| extern int *_nl_domain_bindings;
| int
| main ()
| {
| bindtextdomain ("", "");
| return * gettext ("") + _nl_msg_cat_cntr + *_nl_domain_bindings
|   ;
|   return 0;
| }
configure:12410: result: no
configure:12444: checking for iconv
configure:12466: /opt/buildroot-gcc463/usr/bin/mipsel-linux-gcc -o conftest  -Wall -Wstrict-prototypes -Wno-trigraphs -fno-strict-aliasing  -mips1 -fno-stack-protector -fno-builtin -D_LIBC -I.  -Os -funit-at-a-time  -mno-split-addresses -isystem /opt/buildroot-gcc463/usr/lib/gcc/mipsel-buildroot-linux-uclibc/4.6.3/include -DNDEBUG -fPIC -D_DL_FINI_CRT_COMPAT   conftest.c  >&5
conftest.c:29:19: fatal error: iconv.h: No such file or directory
compilation terminated.
configure:12466: $? = 1
configure: failed program was:
| /* confdefs.h */
| #define PACKAGE_NAME "libgpg-error"
| #define PACKAGE_TARNAME "libgpg-error"
| #define PACKAGE_VERSION "1.10"
| #define PACKAGE_STRING "libgpg-error 1.10"
| #define PACKAGE_BUGREPORT "bug-gnupg@gnupg.org"
| #define PACKAGE_URL ""
| #define PACKAGE "libgpg-error"
| #define VERSION "1.10"
| #define STDC_HEADERS 1
| #define HAVE_SYS_TYPES_H 1
| #define HAVE_SYS_STAT_H 1
| #define HAVE_STDLIB_H 1
| #define HAVE_STRING_H 1
| #define HAVE_MEMORY_H 1
| #define HAVE_STRINGS_H 1
| #define HAVE_INTTYPES_H 1
| #define HAVE_STDINT_H 1
| #define HAVE_UNISTD_H 1
| #define __EXTENSIONS__ 1
| #define _ALL_SOURCE 1
| #define _GNU_SOURCE 1
| #define _POSIX_PTHREAD_SEMANTICS 1
| #define _TANDEM_SOURCE 1
| #define HAVE_DLFCN_H 1
| #define LT_OBJDIR ".libs/"
| /* end confdefs.h.  */
| #include <stdlib.h>
| #include <iconv.h>
| int
| main ()
| {
| iconv_t cd = iconv_open("","");
|        iconv(cd,NULL,NULL,NULL,NULL);
|        iconv_close(cd);
|   ;
|   return 0;
| }
configure:12488: /opt/buildroot-gcc463/usr/bin/mipsel-linux-gcc -o conftest  -Wall -Wstrict-prototypes -Wno-trigraphs -fno-strict-aliasing  -mips1 -fno-stack-protector -fno-builtin -D_LIBC -I.  -Os -funit-at-a-time  -mno-split-addresses -isystem /opt/buildroot-gcc463/usr/lib/gcc/mipsel-buildroot-linux-uclibc/4.6.3/include -DNDEBUG -fPIC -D_DL_FINI_CRT_COMPAT   conftest.c  -liconv >&5
conftest.c:29:19: fatal error: iconv.h: No such file or directory
compilation terminated.
configure:12488: $? = 1
configure: failed program was:
| /* confdefs.h */
| #define PACKAGE_NAME "libgpg-error"
| #define PACKAGE_TARNAME "libgpg-error"
| #define PACKAGE_VERSION "1.10"
| #define PACKAGE_STRING "libgpg-error 1.10"
| #define PACKAGE_BUGREPORT "bug-gnupg@gnupg.org"
| #define PACKAGE_URL ""
| #define PACKAGE "libgpg-error"
| #define VERSION "1.10"
| #define STDC_HEADERS 1
| #define HAVE_SYS_TYPES_H 1
| #define HAVE_SYS_STAT_H 1
| #define HAVE_STDLIB_H 1
| #define HAVE_STRING_H 1
| #define HAVE_MEMORY_H 1
| #define HAVE_STRINGS_H 1
| #define HAVE_INTTYPES_H 1
| #define HAVE_STDINT_H 1
| #define HAVE_UNISTD_H 1
| #define __EXTENSIONS__ 1
| #define _ALL_SOURCE 1
| #define _GNU_SOURCE 1
| #define _POSIX_PTHREAD_SEMANTICS 1
| #define _TANDEM_SOURCE 1
| #define HAVE_DLFCN_H 1
| #define LT_OBJDIR ".libs/"
| /* end confdefs.h.  */
| #include <stdlib.h>
| #include <iconv.h>
| int
| main ()
| {
| iconv_t cd = iconv_open("","");
|          iconv(cd,NULL,NULL,NULL,NULL);
|          iconv_close(cd);
|   ;
|   return 0;
| }
configure:12498: result: no, consider installing GNU libiconv
configure:13052: checking for GNU gettext in libintl
configure:13080: /opt/buildroot-gcc463/usr/bin/mipsel-linux-gcc -o conftest  -Wall -Wstrict-prototypes -Wno-trigraphs -fno-strict-aliasing  -mips1 -fno-stack-protector -fno-builtin -D_LIBC -I.  -Os -funit-at-a-time  -mno-split-addresses -isystem /opt/buildroot-gcc463/usr/lib/gcc/mipsel-buildroot-linux-uclibc/4.6.3/include -DNDEBUG -fPIC -D_DL_FINI_CRT_COMPAT    conftest.c  -lintl >&5
conftest.c:28:21: fatal error: libintl.h: No such file or directory
compilation terminated.
configure:13080: $? = 1
configure: failed program was:
| /* confdefs.h */
| #define PACKAGE_NAME "libgpg-error"
| #define PACKAGE_TARNAME "libgpg-error"
| #define PACKAGE_VERSION "1.10"
| #define PACKAGE_STRING "libgpg-error 1.10"
| #define PACKAGE_BUGREPORT "bug-gnupg@gnupg.org"
| #define PACKAGE_URL ""
| #define PACKAGE "libgpg-error"
| #define VERSION "1.10"
| #define STDC_HEADERS 1
| #define HAVE_SYS_TYPES_H 1
| #define HAVE_SYS_STAT_H 1
| #define HAVE_STDLIB_H 1
| #define HAVE_STRING_H 1
| #define HAVE_MEMORY_H 1
| #define HAVE_STRINGS_H 1
| #define HAVE_INTTYPES_H 1
| #define HAVE_STDINT_H 1
| #define HAVE_UNISTD_H 1
| #define __EXTENSIONS__ 1
| #define _ALL_SOURCE 1
| #define _GNU_SOURCE 1
| #define _POSIX_PTHREAD_SEMANTICS 1
| #define _TANDEM_SOURCE 1
| #define HAVE_DLFCN_H 1
| #define LT_OBJDIR ".libs/"
| /* end confdefs.h.  */
| #include <libintl.h>
| 
| extern int _nl_msg_cat_cntr;
| extern
| #ifdef __cplusplus
| "C"
| #endif
| const char *_nl_expand_alias (const char *);
| int
| main ()
| {
| bindtextdomain ("", "");
| return * gettext ("") + _nl_msg_cat_cntr + *_nl_expand_alias ("")
|   ;
|   return 0;
| }
configure:13121: result: no
configure:13156: checking whether to use NLS
configure:13158: result: no
configure:13231: checking for ANSI C header files
configure:13335: result: yes
configure:13346: checking for stdlib.h
configure:13346: result: yes
configure:13346: checking locale.h usability
configure:13346: /opt/buildroot-gcc463/usr/bin/mipsel-linux-gcc -c  -Wall -Wstrict-prototypes -Wno-trigraphs -fno-strict-aliasing  -mips1 -fno-stack-protector -fno-builtin -D_LIBC -I.  -Os -funit-at-a-time  -mno-split-addresses -isystem /opt/buildroot-gcc463/usr/lib/gcc/mipsel-buildroot-linux-uclibc/4.6.3/include -DNDEBUG -fPIC -D_DL_FINI_CRT_COMPAT  conftest.c >&5
configure:13346: $? = 0
configure:13346: result: yes
configure:13346: checking locale.h presence
configure:13346: /opt/buildroot-gcc463/usr/bin/mipsel-linux-gcc -E  conftest.c
configure:13346: $? = 0
configure:13346: result: yes
configure:13346: checking for locale.h
configure:13346: result: yes
configure:13357: checking whether strerror_r is declared
configure:13357: /opt/buildroot-gcc463/usr/bin/mipsel-linux-gcc -c  -Wall -Wstrict-prototypes -Wno-trigraphs -fno-strict-aliasing  -mips1 -fno-stack-protector -fno-builtin -D_LIBC -I.  -Os -funit-at-a-time  -mno-split-addresses -isystem /opt/buildroot-gcc463/usr/lib/gcc/mipsel-buildroot-linux-uclibc/4.6.3/include -DNDEBUG -fPIC -D_DL_FINI_CRT_COMPAT  conftest.c >&5
conftest.c:65:1: warning: function declaration isn't a prototype [-Wstrict-prototypes]
configure:13357: $? = 0
configure:13357: result: yes
configure:13370: checking for strerror_r
configure:13370: /opt/buildroot-gcc463/usr/bin/mipsel-linux-gcc -o conftest  -Wall -Wstrict-prototypes -Wno-trigraphs -fno-strict-aliasing  -mips1 -fno-stack-protector -fno-builtin -D_LIBC -I.  -Os -funit-at-a-time  -mno-split-addresses -isystem /opt/buildroot-gcc463/usr/lib/gcc/mipsel-buildroot-linux-uclibc/4.6.3/include -DNDEBUG -fPIC -D_DL_FINI_CRT_COMPAT   conftest.c  >&5
conftest.c:55:1: warning: function declaration isn't a prototype [-Wstrict-prototypes]
conftest.c:64:1: warning: function declaration isn't a prototype [-Wstrict-prototypes]
configure:13370: $? = 0
configure:13370: result: yes
configure:13379: checking whether strerror_r returns char *
configure:13403: /opt/buildroot-gcc463/usr/bin/mipsel-linux-gcc -c  -Wall -Wstrict-prototypes -Wno-trigraphs -fno-strict-aliasing  -mips1 -fno-stack-protector -fno-builtin -D_LIBC -I.  -Os -funit-at-a-time  -mno-split-addresses -isystem /opt/buildroot-gcc463/usr/lib/gcc/mipsel-buildroot-linux-uclibc/4.6.3/include -DNDEBUG -fPIC -D_DL_FINI_CRT_COMPAT  conftest.c >&5
conftest.c:67:1: warning: function declaration isn't a prototype [-Wstrict-prototypes]
configure:13403: $? = 0
configure:13441: result: yes
configure:13455: checking for strerror_r
configure:13455: result: yes
configure:13467: checking for an ANSI C-conforming const
configure:13532: /opt/buildroot-gcc463/usr/bin/mipsel-linux-gcc -c  -Wall -Wstrict-prototypes -Wno-trigraphs -fno-strict-aliasing  -mips1 -fno-stack-protector -fno-builtin -D_LIBC -I.  -Os -funit-at-a-time  -mno-split-addresses -isystem /opt/buildroot-gcc463/usr/lib/gcc/mipsel-buildroot-linux-uclibc/4.6.3/include -DNDEBUG -fPIC -D_DL_FINI_CRT_COMPAT  conftest.c >&5
conftest.c:36:1: warning: function declaration isn't a prototype [-Wstrict-prototypes]
conftest.c: In function 'main':
conftest.c:63:10: warning: 't' is used uninitialized in this function [-Wuninitialized]
configure:13532: $? = 0
configure:13539: result: yes
configure:13752: creating ./config.status

## ---------------------- ##
## Running config.status. ##
## ---------------------- ##

This file was extended by libgpg-error config.status 1.10, which was
generated by GNU Autoconf 2.64.  Invocation command line was

  CONFIG_FILES    = 
  CONFIG_HEADERS  = 
  CONFIG_LINKS    = 
  CONFIG_COMMANDS = 
  $ ./config.status 

on wireless

config.status:1168: creating src/gpg-error-config
config.status:1168: creating Makefile
config.status:1168: creating po/Makefile.in
config.status:1168: creating m4/Makefile
config.status:1168: creating src/Makefile
config.status:1168: creating tests/Makefile
config.status:1168: creating lang/Makefile
config.status:1168: creating lang/cl/Makefile
config.status:1168: creating lang/cl/gpg-error.asd
config.status:1168: creating src/versioninfo.rc
config.status:1168: creating config.h
config.status:1340: config.h is unchanged
config.status:1388: executing depfiles commands
config.status:1388: executing libtool commands
config.status:1388: executing po-directories commands

## ---------------- ##
## Cache variables. ##
## ---------------- ##

ac_cv_build=i686-redhat-linux-gnu
ac_cv_c_compiler_gnu=yes
ac_cv_c_const=yes
ac_cv_env_CC_FOR_BUILD_set=
ac_cv_env_CC_FOR_BUILD_value=
ac_cv_env_CC_set=set
ac_cv_env_CC_value=/opt/buildroot-gcc463/usr/bin/mipsel-linux-gcc
ac_cv_env_CFLAGS_set=set
ac_cv_env_CFLAGS_value=' -Wall -Wstrict-prototypes -Wno-trigraphs -fno-strict-aliasing  -mips1 -fno-stack-protector -fno-builtin -D_LIBC -I.  -Os -funit-at-a-time  -mno-split-addresses -isystem /opt/buildroot-gcc463/usr/lib/gcc/mipsel-buildroot-linux-uclibc/4.6.3/include -DNDEBUG -fPIC -D_DL_FINI_CRT_COMPAT'
ac_cv_env_CPPFLAGS_set=
ac_cv_env_CPPFLAGS_value=
ac_cv_env_CPP_set=
ac_cv_env_CPP_value=
ac_cv_env_LDFLAGS_set=
ac_cv_env_LDFLAGS_value=
ac_cv_env_LIBS_set=
ac_cv_env_LIBS_value=
ac_cv_env_build_alias_set=set
ac_cv_env_build_alias_value=i686-redhat-linux
ac_cv_env_host_alias_set=set
ac_cv_env_host_alias_value=mipsel-linux
ac_cv_env_target_alias_set=set
ac_cv_env_target_alias_value=mipsel-linux
ac_cv_func_strerror_r=yes
ac_cv_func_strerror_r_char_p=yes
ac_cv_have_decl_strerror_r=yes
ac_cv_header_dlfcn_h=yes
ac_cv_header_inttypes_h=yes
ac_cv_header_locale_h=yes
ac_cv_header_memory_h=yes
ac_cv_header_minix_config_h=no
ac_cv_header_stdc=yes
ac_cv_header_stdint_h=yes
ac_cv_header_stdlib_h=yes
ac_cv_header_string_h=yes
ac_cv_header_strings_h=yes
ac_cv_header_sys_stat_h=yes
ac_cv_header_sys_types_h=yes
ac_cv_header_unistd_h=yes
ac_cv_host=mipsel-unknown-linux-gnu
ac_cv_objext=o
ac_cv_path_EGREP='/bin/grep -E'
ac_cv_path_FGREP='/bin/grep -F'
ac_cv_path_GMSGFMT=/usr/local/bin/msgfmt
ac_cv_path_GREP=/bin/grep
ac_cv_path_MSGFMT=/usr/local/bin/msgfmt
ac_cv_path_MSGMERGE=/usr/local/bin/msgmerge
ac_cv_path_SED=/bin/sed
ac_cv_path_XGETTEXT=/usr/local/bin/xgettext
ac_cv_path_install='/usr/bin/install -c'
ac_cv_path_mkdir=/bin/mkdir
ac_cv_prog_AR='"/opt/buildroot-gcc463/usr/bin"/mipsel-linux-ar'
ac_cv_prog_AWK=gawk
ac_cv_prog_CC=/opt/buildroot-gcc463/usr/bin/mipsel-linux-gcc
ac_cv_prog_CPP='/opt/buildroot-gcc463/usr/bin/mipsel-linux-gcc -E'
ac_cv_prog_RANLIB='"/opt/buildroot-gcc463/usr/bin"/mipsel-linux-ranlib'
ac_cv_prog_STRIP='"/opt/buildroot-gcc463/usr/bin"/mipsel-linux-strip'
ac_cv_prog_ac_ct_DUMPBIN='link -dump -symbols'
ac_cv_prog_ac_ct_OBJDUMP=objdump
ac_cv_prog_cc__opt_buildroot_gcc463_usr_bin_mipsel_linux_gcc_c_o=yes
ac_cv_prog_cc_c89=
ac_cv_prog_cc_g=yes
ac_cv_prog_make_make_set=yes
ac_cv_safe_to_define___extensions__=yes
acl_cv_hardcode_direct=no
acl_cv_hardcode_libdir_flag_spec='${wl}-rpath ${wl}$libdir'
acl_cv_hardcode_libdir_separator=
acl_cv_hardcode_minus_L=no
acl_cv_libext=a
acl_cv_libname_spec='lib$name'
acl_cv_library_names_spec='$libname$shrext'
acl_cv_path_LD=/opt/buildroot-gcc463/usr/bin/mipsel-linux-ld
acl_cv_prog_gnu_ld=yes
acl_cv_rpath=done
acl_cv_shlibext=so
acl_cv_wl=-Wl,
am_cv_CC_dependencies_compiler_type=gcc3
am_cv_func_iconv='no, consider installing GNU libiconv'
am_cv_lib_iconv=no
gt_cv_func_CFLocaleCopyCurrent=no
gt_cv_func_CFPreferencesCopyAppValue=no
gt_cv_func_gnugettext1_libc=no
gt_cv_func_gnugettext1_libintl=no
lt_cv_deplibs_check_method=pass_all
lt_cv_file_magic_cmd='$MAGIC_CMD'
lt_cv_file_magic_test_file=
lt_cv_ld_reload_flag=-r
lt_cv_nm_interface='BSD nm'
lt_cv_objdir=.libs
lt_cv_path_LD=/opt/buildroot-gcc463/usr/bin/mipsel-linux-ld
lt_cv_path_NM=no
lt_cv_prog_compiler_c_o=yes
lt_cv_prog_compiler_c_o_RC=yes
lt_cv_prog_compiler_pic_works=yes
lt_cv_prog_compiler_rtti_exceptions=no
lt_cv_prog_compiler_static_works=yes
lt_cv_prog_gnu_ld=yes
lt_cv_sys_global_symbol_pipe=
lt_cv_sys_global_symbol_to_c_name_address='sed -n -e '\''s/^: \([^ ]*\) $/  {\"\1\", (void *) 0},/p'\'' -e '\''s/^[BCDEGRST]* \([^ ]*\) \([^ ]*\)$/  {"\2", (void *) \&\2},/p'\'''
lt_cv_sys_global_symbol_to_c_name_address_lib_prefix='sed -n -e '\''s/^: \([^ ]*\) $/  {\"\1\", (void *) 0},/p'\'' -e '\''s/^[BCDEGRST]* \([^ ]*\) \(lib[^ ]*\)$/  {"\2", (void *) \&\2},/p'\'' -e '\''s/^[BCDEGRST]* \([^ ]*\) \([^ ]*\)$/  {"lib\2", (void *) \&\2},/p'\'''
lt_cv_sys_global_symbol_to_cdecl=
lt_cv_sys_max_cmd_len=1966080

## ----------------- ##
## Output variables. ##
## ----------------- ##

ACLOCAL='${SHELL} /home/baifan/dlink_882/trunk/GPL_Code/source/lib/libgpg-error/libgpg-error-1.10/missing --run aclocal-1.10'
AMDEPBACKSLASH='\'
AMDEP_FALSE='#'
AMDEP_TRUE=''
AMTAR='${SHELL} /home/baifan/dlink_882/trunk/GPL_Code/source/lib/libgpg-error/libgpg-error-1.10/missing --run tar'
AR='"/opt/buildroot-gcc463/usr/bin"/mipsel-linux-ar'
AS='"/opt/buildroot-gcc463/usr/bin"/mipsel-linux-as '
AUTOCONF='${SHELL} /home/baifan/dlink_882/trunk/GPL_Code/source/lib/libgpg-error/libgpg-error-1.10/missing --run autoconf'
AUTOHEADER='${SHELL} /home/baifan/dlink_882/trunk/GPL_Code/source/lib/libgpg-error/libgpg-error-1.10/missing --run autoheader'
AUTOMAKE='${SHELL} /home/baifan/dlink_882/trunk/GPL_Code/source/lib/libgpg-error/libgpg-error-1.10/missing --run automake-1.10'
AWK='gawk'
BUILD_FILEVERSION=''
BUILD_TIMESTAMP=''
CC='/opt/buildroot-gcc463/usr/bin/mipsel-linux-gcc'
CCDEPMODE='depmode=gcc3'
CC_FOR_BUILD='cc'
CFLAGS=' -Wall -Wstrict-prototypes -Wno-trigraphs -fno-strict-aliasing  -mips1 -fno-stack-protector -fno-builtin -D_LIBC -I.  -Os -funit-at-a-time  -mno-split-addresses -isystem /opt/buildroot-gcc463/usr/lib/gcc/mipsel-buildroot-linux-uclibc/4.6.3/include -DNDEBUG -fPIC -D_DL_FINI_CRT_COMPAT'
CPP='/opt/buildroot-gcc463/usr/bin/mipsel-linux-gcc -E'
CPPFLAGS=''
CYGPATH_W='echo'
DEFS='-DHAVE_CONFIG_H'
DEPDIR='.deps'
DLLTOOL='dlltool'
DSYMUTIL=''
DUMPBIN='link -dump -symbols'
ECHO_C=''
ECHO_N='-n'
ECHO_T=''
EGREP='/bin/grep -E'
EXEEXT=''
FGREP='/bin/grep -F'
GETTEXT_MACRO_VERSION='0.17'
GMSGFMT='/usr/local/bin/msgfmt'
GMSGFMT_015='/usr/local/bin/msgfmt'
GPG_ERROR_CONFIG_CFLAGS=''
GPG_ERROR_CONFIG_ISUBDIRAFTER=''
GPG_ERROR_CONFIG_LIBS='-lgpg-error'
GREP='/bin/grep'
HAVE_W32CE_SYSTEM_FALSE=''
HAVE_W32CE_SYSTEM_TRUE='#'
HAVE_W32_SYSTEM_FALSE=''
HAVE_W32_SYSTEM_TRUE='#'
INSTALL_DATA='${INSTALL} -m 644'
INSTALL_PROGRAM='${INSTALL}'
INSTALL_SCRIPT='${INSTALL}'
INSTALL_STRIP_PROGRAM='$(install_sh) -c -s'
INTLLIBS=''
INTL_MACOSX_LIBS=''
LANGUAGES_SOME_FALSE='#'
LANGUAGES_SOME_TRUE=''
LD='/opt/buildroot-gcc463/usr/bin/mipsel-linux-ld'
LDFLAGS=''
LIBGPG_ERROR_LT_AGE='8'
LIBGPG_ERROR_LT_CURRENT='8'
LIBGPG_ERROR_LT_REVISION='0'
LIBICONV=''
LIBINTL=''
LIBOBJS=''
LIBS=''
LIBTOOL='$(SHELL) $(top_builddir)/libtool'
LIPO=''
LN_S='ln -s'
LTLIBICONV=''
LTLIBINTL=''
LTLIBOBJS=''
MAINT='#'
MAINTAINER_MODE_FALSE=''
MAINTAINER_MODE_TRUE='#'
MAKEINFO='${SHELL} /home/baifan/dlink_882/trunk/GPL_Code/source/lib/libgpg-error/libgpg-error-1.10/missing --run makeinfo'
MKDIR_P='/bin/mkdir -p'
MSGFMT='/usr/local/bin/msgfmt'
MSGFMT_015='/usr/local/bin/msgfmt'
MSGMERGE='/usr/local/bin/msgmerge'
NM='link -dump -symbols'
NMEDIT=''
OBJDUMP='objdump'
OBJEXT='o'
OTOOL64=''
OTOOL=''
PACKAGE='libgpg-error'
PACKAGE_BUGREPORT='bug-gnupg@gnupg.org'
PACKAGE_NAME='libgpg-error'
PACKAGE_STRING='libgpg-error 1.10'
PACKAGE_TARNAME='libgpg-error'
PACKAGE_URL=''
PACKAGE_VERSION='1.10'
PATH_SEPARATOR=':'
POSUB=''
RANLIB='"/opt/buildroot-gcc463/usr/bin"/mipsel-linux-ranlib'
RC=''
SED='/bin/sed'
SET_MAKE=''
SHELL='/bin/sh'
STRIP='"/opt/buildroot-gcc463/usr/bin"/mipsel-linux-strip'
USE_NLS='no'
VERSION='1.10'
XGETTEXT='/usr/local/bin/xgettext'
XGETTEXT_015='/usr/local/bin/xgettext'
XGETTEXT_EXTRA_OPTIONS=''
ac_ct_CC=''
ac_ct_DUMPBIN='link -dump -symbols'
am__fastdepCC_FALSE='#'
am__fastdepCC_TRUE=''
am__include='include'
am__isrc=''
am__leading_dot='.'
am__quote=''
am__tar='${AMTAR} chof - "$$tardir"'
am__untar='${AMTAR} xf -'
bindir='${exec_prefix}/bin'
build='i686-redhat-linux-gnu'
build_alias='i686-redhat-linux'
build_cpu='i686'
build_os='linux-gnu'
build_vendor='redhat'
datadir='${datarootdir}'
datarootdir='${prefix}/share'
docdir='${datarootdir}/doc/${PACKAGE_TARNAME}'
dvidir='${docdir}'
exec_prefix='${prefix}'
host='mipsel-unknown-linux-gnu'
host_alias='mipsel-linux'
host_cpu='mipsel'
host_os='linux-gnu'
host_vendor='unknown'
htmldir='${docdir}'
includedir='${prefix}/include'
infodir='${datarootdir}/info'
install_sh='$(SHELL) /home/baifan/dlink_882/trunk/GPL_Code/source/lib/libgpg-error/libgpg-error-1.10/install-sh'
libdir='${exec_prefix}/lib'
libexecdir='${exec_prefix}/libexec'
localedir='${datarootdir}/locale'
localstatedir='${prefix}/var'
lt_ECHO='echo'
mandir='${datarootdir}/man'
mkdir_p='/bin/mkdir -p'
oldincludedir='/usr/include'
pdfdir='${docdir}'
prefix='/usr/local'
program_transform_name='s,x,x,'
psdir='${docdir}'
sbindir='${exec_prefix}/sbin'
sharedstatedir='${prefix}/com'
sysconfdir='${prefix}/etc'
target_alias='mipsel-linux'

## ----------- ##
## confdefs.h. ##
## ----------- ##

/* confdefs.h */
#define PACKAGE_NAME "libgpg-error"
#define PACKAGE_TARNAME "libgpg-error"
#define PACKAGE_VERSION "1.10"
#define PACKAGE_STRING "libgpg-error 1.10"
#define PACKAGE_BUGREPORT "bug-gnupg@gnupg.org"
#define PACKAGE_URL ""
#define PACKAGE "libgpg-error"
#define VERSION "1.10"
#define STDC_HEADERS 1
#define HAVE_SYS_TYPES_H 1
#define HAVE_SYS_STAT_H 1
#define HAVE_STDLIB_H 1
#define HAVE_STRING_H 1
#define HAVE_MEMORY_H 1
#define HAVE_STRINGS_H 1
#define HAVE_INTTYPES_H 1
#define HAVE_STDINT_H 1
#define HAVE_UNISTD_H 1
#define __EXTENSIONS__ 1
#define _ALL_SOURCE 1
#define _GNU_SOURCE 1
#define _POSIX_PTHREAD_SEMANTICS 1
#define _TANDEM_SOURCE 1
#define HAVE_DLFCN_H 1
#define LT_OBJDIR ".libs/"
#define STDC_HEADERS 1
#define HAVE_STDLIB_H 1
#define HAVE_LOCALE_H 1
#define HAVE_DECL_STRERROR_R 1
#define HAVE_STRERROR_R 1
#define STRERROR_R_CHAR_P 1

configure: exit 0
