This file contains any messages produced by compilers while
running configure, to aid debugging if configure makes a mistake.

It was created by inadyn-mt configure 02.24.38, which was
generated by GNU Autoconf 2.65.  Invocation command line was

  $ ./configure CC=/opt/buildroot-gcc463/usr/bin/mipsel-linux-gcc --build=i686-linux --target=mipsel-buildroot-linux-uclibc --host=mipsel-buildroot-linux-uclibc -disable-sound build: build_alias=i686-linux host_alias=mipsel-buildroot-linux-uclibc target_alias=mipsel-buildroot-linux-uclibc CFLAGS=-O2 -fomit-frame-pointer -pipe  -Dlinux -D__linux__ -Dunix -DEMBED -I/home/xieshijing/trunk/source/uClibc-0.9.33.2/app_headers/include -I/home/xieshijing/trunk/source/lib/include -DCONFIG_UCLIBC_0_9_33_2  -I/home/xieshijing/trunk/source  -DPRODUCT_DIR882 LDFLAGS=-L/home/xieshijing/trunk/source/uClibc-0.9.33.2/lib -L/home/xieshijing/trunk/source/lib/lib --no-create --no-recursion

## --------- ##
## Platform. ##
## --------- ##

hostname = wireless
uname -m = i686
uname -r = 2.6.32-642.3.1.el6.i686
uname -s = Linux
uname -v = #1 SMP Tue Jul 12 17:53:37 UTC 2016

/usr/bin/uname -p = unknown
/bin/uname -X     = unknown

/bin/arch              = i686
/usr/bin/arch -k       = unknown
/usr/convex/getsysinfo = unknown
/usr/bin/hostinfo      = unknown
/bin/machine           = unknown
/usr/bin/oslevel       = unknown
/bin/universe          = unknown

PATH: /usr/local/bin
PATH: /bin
PATH: /usr/bin
PATH: /usr/local/sbin
PATH: /usr/sbin
PATH: /sbin
PATH: /home/xieshijing/bin
PATH: /home/xieshijing/trunk/source/tools


## ----------- ##
## Core tests. ##
## ----------- ##

configure:2242: checking build system type
configure:2256: result: i686-pc-linux-gnu
configure:2276: checking host system type
configure:2289: result: mipsel-buildroot-linux-uclibc
configure:2309: checking target system type
configure:2322: result: mipsel-buildroot-linux-uclibc
configure:2365: checking for a BSD-compatible install
configure:2433: result: /usr/bin/install -c
configure:2444: checking whether build environment is sane
configure:2494: result: yes
configure:2543: checking for mipsel-buildroot-linux-uclibc-strip
configure:2570: result: /opt/buildroot-gcc463/usr/bin/mipsel-linux-strip
configure:2635: checking for a thread-safe mkdir -p
configure:2674: result: /bin/mkdir -p
configure:2687: checking for gawk
configure:2703: found /bin/gawk
configure:2714: result: gawk
configure:2725: checking whether make sets $(MAKE)
configure:2747: result: yes
configure:2849: checking for mipsel-buildroot-linux-uclibc-gcc
configure:2876: result: /opt/buildroot-gcc463/usr/bin/mipsel-linux-gcc
configure:3145: checking for C compiler version
configure:3154: /opt/buildroot-gcc463/usr/bin/mipsel-linux-gcc --version >&5
mipsel-linux-gcc (Buildroot 2012.11.1) 4.6.3
Copyright (C) 2011 Free Software Foundation, Inc.
This is free software; see the source for copying conditions.  There is NO
warranty; not even for MERCHANTABILITY or FITNESS FOR A PARTICULAR PURPOSE.

configure:3165: $? = 0
configure:3154: /opt/buildroot-gcc463/usr/bin/mipsel-linux-gcc -v >&5
Using built-in specs.
COLLECT_GCC=/opt/buildroot-gcc463/usr/bin/mipsel-linux-gcc
COLLECT_LTO_WRAPPER=/opt/buildroot-gcc463/usr/libexec/gcc/mipsel-buildroot-linux-uclibc/4.6.3/lto-wrapper
Target: mipsel-buildroot-linux-uclibc
Configured with: /home/ralink/buildroot-2012.11.1/output/toolchain/gcc-4.6.3/configure --prefix=/opt/buildroot-gcc463/usr --build=i686-pc-linux-gnu --host=i686-pc-linux-gnu --target=mipsel-buildroot-linux-uclibc --enable-languages=c,c++ --with-sysroot=/opt/buildroot-gcc463/usr/mipsel-buildroot-linux-uclibc/sysroot --with-build-time-tools=/opt/buildroot-gcc463/usr/mipsel-buildroot-linux-uclibc/bin --disable-__cxa_atexit --enable-target-optspace --disable-libgomp --with-gnu-ld --disable-libssp --disable-multilib --disable-tls --disable-shared --with-gmp=/opt/buildroot-gcc463/usr --with-mpfr=/opt/buildroot-gcc463/usr --with-mpc=/opt/buildroot-gcc463/usr --disable-nls --enable-threads --disable-decimal-float --with-float=soft --with-abi=32 --with-tune=mips32r2 --with-pkgversion='Buildroot 2012.11.1' --with-bugurl=http://bugs.buildroot.net/
Thread model: posix
gcc version 4.6.3 (Buildroot 2012.11.1) 
configure:3165: $? = 0
configure:3154: /opt/buildroot-gcc463/usr/bin/mipsel-linux-gcc -V >&5
mipsel-linux-gcc: error: unrecognized option '-V'
mipsel-linux-gcc: fatal error: no input files
compilation terminated.
configure:3165: $? = 1
configure:3154: /opt/buildroot-gcc463/usr/bin/mipsel-linux-gcc -qversion >&5
mipsel-linux-gcc: error: unrecognized option '-qversion'
mipsel-linux-gcc: fatal error: no input files
compilation terminated.
configure:3165: $? = 1
configure:3185: checking whether the C compiler works
configure:3207: /opt/buildroot-gcc463/usr/bin/mipsel-linux-gcc -O2 -fomit-frame-pointer -pipe  -Dlinux -D__linux__ -Dunix -DEMBED -I/home/xieshijing/trunk/source/uClibc-0.9.33.2/app_headers/include -I/home/xieshijing/trunk/source/lib/include -DCONFIG_UCLIBC_0_9_33_2  -I/home/xieshijing/trunk/source  -DPRODUCT_DIR882  -L/home/xieshijing/trunk/source/uClibc-0.9.33.2/lib -L/home/xieshijing/trunk/source/lib/lib conftest.c  >&5
configure:3211: $? = 0
configure:3260: result: yes
configure:3263: checking for C compiler default output file name
configure:3265: result: a.out
configure:3271: checking for suffix of executables
configure:3278: /opt/buildroot-gcc463/usr/bin/mipsel-linux-gcc -o conftest -O2 -fomit-frame-pointer -pipe  -Dlinux -D__linux__ -Dunix -DEMBED -I/home/xieshijing/trunk/source/uClibc-0.9.33.2/app_headers/include -I/home/xieshijing/trunk/source/lib/include -DCONFIG_UCLIBC_0_9_33_2  -I/home/xieshijing/trunk/source  -DPRODUCT_DIR882  -L/home/xieshijing/trunk/source/uClibc-0.9.33.2/lib -L/home/xieshijing/trunk/source/lib/lib conftest.c  >&5
configure:3282: $? = 0
configure:3304: result: 
configure:3326: checking whether we are cross compiling
configure:3364: result: yes
configure:3369: checking for suffix of object files
configure:3391: /opt/buildroot-gcc463/usr/bin/mipsel-linux-gcc -c -O2 -fomit-frame-pointer -pipe  -Dlinux -D__linux__ -Dunix -DEMBED -I/home/xieshijing/trunk/source/uClibc-0.9.33.2/app_headers/include -I/home/xieshijing/trunk/source/lib/include -DCONFIG_UCLIBC_0_9_33_2  -I/home/xieshijing/trunk/source  -DPRODUCT_DIR882  conftest.c >&5
configure:3395: $? = 0
configure:3416: result: o
configure:3420: checking whether we are using the GNU C compiler
configure:3439: /opt/buildroot-gcc463/usr/bin/mipsel-linux-gcc -c -O2 -fomit-frame-pointer -pipe  -Dlinux -D__linux__ -Dunix -DEMBED -I/home/xieshijing/trunk/source/uClibc-0.9.33.2/app_headers/include -I/home/xieshijing/trunk/source/lib/include -DCONFIG_UCLIBC_0_9_33_2  -I/home/xieshijing/trunk/source  -DPRODUCT_DIR882  conftest.c >&5
configure:3439: $? = 0
configure:3448: result: yes
configure:3457: checking whether /opt/buildroot-gcc463/usr/bin/mipsel-linux-gcc accepts -g
configure:3477: /opt/buildroot-gcc463/usr/bin/mipsel-linux-gcc -c -g  conftest.c >&5
configure:3477: $? = 0
configure:3518: result: yes
configure:3535: checking for /opt/buildroot-gcc463/usr/bin/mipsel-linux-gcc option to accept ISO C89
configure:3599: /opt/buildroot-gcc463/usr/bin/mipsel-linux-gcc  -c -O2 -fomit-frame-pointer -pipe  -Dlinux -D__linux__ -Dunix -DEMBED -I/home/xieshijing/trunk/source/uClibc-0.9.33.2/app_headers/include -I/home/xieshijing/trunk/source/lib/include -DCONFIG_UCLIBC_0_9_33_2  -I/home/xieshijing/trunk/source  -DPRODUCT_DIR882  conftest.c >&5
configure:3599: $? = 0
configure:3612: result: none needed
configure:3643: checking for style of include used by make
configure:3671: result: GNU
configure:3696: checking dependency style of /opt/buildroot-gcc463/usr/bin/mipsel-linux-gcc
configure:3806: result: gcc3
configure:3829: checking how to run the C preprocessor
configure:3860: /opt/buildroot-gcc463/usr/bin/mipsel-linux-gcc -E  conftest.c
configure:3860: $? = 0
configure:3874: /opt/buildroot-gcc463/usr/bin/mipsel-linux-gcc -E  conftest.c
conftest.c:11:28: fatal error: ac_nonexistent.h: No such file or directory
compilation terminated.
configure:3874: $? = 1
configure: failed program was:
| /* confdefs.h */
| #define PACKAGE_NAME "inadyn-mt"
| #define PACKAGE_TARNAME "inadyn-mt"
| #define PACKAGE_VERSION "02.24.38"
| #define PACKAGE_STRING "inadyn-mt 02.24.38"
| #define PACKAGE_BUGREPORT "bhoover@wecs.com"
| #define PACKAGE_URL ""
| #define PACKAGE "inadyn-mt"
| #define VERSION "02.24.38"
| /* end confdefs.h.  */
| #include <ac_nonexistent.h>
configure:3899: result: /opt/buildroot-gcc463/usr/bin/mipsel-linux-gcc -E
configure:3919: /opt/buildroot-gcc463/usr/bin/mipsel-linux-gcc -E  conftest.c
configure:3919: $? = 0
configure:3933: /opt/buildroot-gcc463/usr/bin/mipsel-linux-gcc -E  conftest.c
conftest.c:11:28: fatal error: ac_nonexistent.h: No such file or directory
compilation terminated.
configure:3933: $? = 1
configure: failed program was:
| /* confdefs.h */
| #define PACKAGE_NAME "inadyn-mt"
| #define PACKAGE_TARNAME "inadyn-mt"
| #define PACKAGE_VERSION "02.24.38"
| #define PACKAGE_STRING "inadyn-mt 02.24.38"
| #define PACKAGE_BUGREPORT "bhoover@wecs.com"
| #define PACKAGE_URL ""
| #define PACKAGE "inadyn-mt"
| #define VERSION "02.24.38"
| /* end confdefs.h.  */
| #include <ac_nonexistent.h>
configure:3962: checking for grep that handles long lines and -e
configure:4020: result: /bin/grep
configure:4025: checking for egrep
configure:4087: result: /bin/grep -E
configure:4092: checking for ANSI C header files
configure:4112: /opt/buildroot-gcc463/usr/bin/mipsel-linux-gcc -c -O2 -fomit-frame-pointer -pipe  -Dlinux -D__linux__ -Dunix -DEMBED -I/home/xieshijing/trunk/source/uClibc-0.9.33.2/app_headers/include -I/home/xieshijing/trunk/source/lib/include -DCONFIG_UCLIBC_0_9_33_2  -I/home/xieshijing/trunk/source  -DPRODUCT_DIR882  conftest.c >&5
configure:4112: $? = 0
configure:4196: result: yes
configure:4209: checking for sys/types.h
configure:4209: /opt/buildroot-gcc463/usr/bin/mipsel-linux-gcc -c -O2 -fomit-frame-pointer -pipe  -Dlinux -D__linux__ -Dunix -DEMBED -I/home/xieshijing/trunk/source/uClibc-0.9.33.2/app_headers/include -I/home/xieshijing/trunk/source/lib/include -DCONFIG_UCLIBC_0_9_33_2  -I/home/xieshijing/trunk/source  -DPRODUCT_DIR882  conftest.c >&5
configure:4209: $? = 0
configure:4209: result: yes
configure:4209: checking for sys/stat.h
configure:4209: /opt/buildroot-gcc463/usr/bin/mipsel-linux-gcc -c -O2 -fomit-frame-pointer -pipe  -Dlinux -D__linux__ -Dunix -DEMBED -I/home/xieshijing/trunk/source/uClibc-0.9.33.2/app_headers/include -I/home/xieshijing/trunk/source/lib/include -DCONFIG_UCLIBC_0_9_33_2  -I/home/xieshijing/trunk/source  -DPRODUCT_DIR882  conftest.c >&5
configure:4209: $? = 0
configure:4209: result: yes
configure:4209: checking for stdlib.h
configure:4209: /opt/buildroot-gcc463/usr/bin/mipsel-linux-gcc -c -O2 -fomit-frame-pointer -pipe  -Dlinux -D__linux__ -Dunix -DEMBED -I/home/xieshijing/trunk/source/uClibc-0.9.33.2/app_headers/include -I/home/xieshijing/trunk/source/lib/include -DCONFIG_UCLIBC_0_9_33_2  -I/home/xieshijing/trunk/source  -DPRODUCT_DIR882  conftest.c >&5
configure:4209: $? = 0
configure:4209: result: yes
configure:4209: checking for string.h
configure:4209: /opt/buildroot-gcc463/usr/bin/mipsel-linux-gcc -c -O2 -fomit-frame-pointer -pipe  -Dlinux -D__linux__ -Dunix -DEMBED -I/home/xieshijing/trunk/source/uClibc-0.9.33.2/app_headers/include -I/home/xieshijing/trunk/source/lib/include -DCONFIG_UCLIBC_0_9_33_2  -I/home/xieshijing/trunk/source  -DPRODUCT_DIR882  conftest.c >&5
configure:4209: $? = 0
configure:4209: result: yes
configure:4209: checking for memory.h
configure:4209: /opt/buildroot-gcc463/usr/bin/mipsel-linux-gcc -c -O2 -fomit-frame-pointer -pipe  -Dlinux -D__linux__ -Dunix -DEMBED -I/home/xieshijing/trunk/source/uClibc-0.9.33.2/app_headers/include -I/home/xieshijing/trunk/source/lib/include -DCONFIG_UCLIBC_0_9_33_2  -I/home/xieshijing/trunk/source  -DPRODUCT_DIR882  conftest.c >&5
configure:4209: $? = 0
configure:4209: result: yes
configure:4209: checking for strings.h
configure:4209: /opt/buildroot-gcc463/usr/bin/mipsel-linux-gcc -c -O2 -fomit-frame-pointer -pipe  -Dlinux -D__linux__ -Dunix -DEMBED -I/home/xieshijing/trunk/source/uClibc-0.9.33.2/app_headers/include -I/home/xieshijing/trunk/source/lib/include -DCONFIG_UCLIBC_0_9_33_2  -I/home/xieshijing/trunk/source  -DPRODUCT_DIR882  conftest.c >&5
configure:4209: $? = 0
configure:4209: result: yes
configure:4209: checking for inttypes.h
configure:4209: /opt/buildroot-gcc463/usr/bin/mipsel-linux-gcc -c -O2 -fomit-frame-pointer -pipe  -Dlinux -D__linux__ -Dunix -DEMBED -I/home/xieshijing/trunk/source/uClibc-0.9.33.2/app_headers/include -I/home/xieshijing/trunk/source/lib/include -DCONFIG_UCLIBC_0_9_33_2  -I/home/xieshijing/trunk/source  -DPRODUCT_DIR882  conftest.c >&5
configure:4209: $? = 0
configure:4209: result: yes
configure:4209: checking for stdint.h
configure:4209: /opt/buildroot-gcc463/usr/bin/mipsel-linux-gcc -c -O2 -fomit-frame-pointer -pipe  -Dlinux -D__linux__ -Dunix -DEMBED -I/home/xieshijing/trunk/source/uClibc-0.9.33.2/app_headers/include -I/home/xieshijing/trunk/source/lib/include -DCONFIG_UCLIBC_0_9_33_2  -I/home/xieshijing/trunk/source  -DPRODUCT_DIR882  conftest.c >&5
configure:4209: $? = 0
configure:4209: result: yes
configure:4209: checking for unistd.h
configure:4209: /opt/buildroot-gcc463/usr/bin/mipsel-linux-gcc -c -O2 -fomit-frame-pointer -pipe  -Dlinux -D__linux__ -Dunix -DEMBED -I/home/xieshijing/trunk/source/uClibc-0.9.33.2/app_headers/include -I/home/xieshijing/trunk/source/lib/include -DCONFIG_UCLIBC_0_9_33_2  -I/home/xieshijing/trunk/source  -DPRODUCT_DIR882  conftest.c >&5
configure:4209: $? = 0
configure:4209: result: yes
configure:4226: checking ao/ao.h usability
configure:4226: /opt/buildroot-gcc463/usr/bin/mipsel-linux-gcc -c -O2 -fomit-frame-pointer -pipe  -Dlinux -D__linux__ -Dunix -DEMBED -I/home/xieshijing/trunk/source/uClibc-0.9.33.2/app_headers/include -I/home/xieshijing/trunk/source/lib/include -DCONFIG_UCLIBC_0_9_33_2  -I/home/xieshijing/trunk/source  -DPRODUCT_DIR882  conftest.c >&5
conftest.c:54:19: fatal error: ao/ao.h: No such file or directory
compilation terminated.
configure:4226: $? = 1
configure: failed program was:
| /* confdefs.h */
| #define PACKAGE_NAME "inadyn-mt"
| #define PACKAGE_TARNAME "inadyn-mt"
| #define PACKAGE_VERSION "02.24.38"
| #define PACKAGE_STRING "inadyn-mt 02.24.38"
| #define PACKAGE_BUGREPORT "bhoover@wecs.com"
| #define PACKAGE_URL ""
| #define PACKAGE "inadyn-mt"
| #define VERSION "02.24.38"
| #define STDC_HEADERS 1
| #define HAVE_SYS_TYPES_H 1
| #define HAVE_SYS_STAT_H 1
| #define HAVE_STDLIB_H 1
| #define HAVE_STRING_H 1
| #define HAVE_MEMORY_H 1
| #define HAVE_STRINGS_H 1
| #define HAVE_INTTYPES_H 1
| #define HAVE_STDINT_H 1
| #define HAVE_UNISTD_H 1
| /* end confdefs.h.  */
| #include <stdio.h>
| #ifdef HAVE_SYS_TYPES_H
| # include <sys/types.h>
| #endif
| #ifdef HAVE_SYS_STAT_H
| # include <sys/stat.h>
| #endif
| #ifdef STDC_HEADERS
| # include <stdlib.h>
| # include <stddef.h>
| #else
| # ifdef HAVE_STDLIB_H
| #  include <stdlib.h>
| # endif
| #endif
| #ifdef HAVE_STRING_H
| # if !defined STDC_HEADERS && defined HAVE_MEMORY_H
| #  include <memory.h>
| # endif
| # include <string.h>
| #endif
| #ifdef HAVE_STRINGS_H
| # include <strings.h>
| #endif
| #ifdef HAVE_INTTYPES_H
| # include <inttypes.h>
| #endif
| #ifdef HAVE_STDINT_H
| # include <stdint.h>
| #endif
| #ifdef HAVE_UNISTD_H
| # include <unistd.h>
| #endif
| #include <ao/ao.h>
configure:4226: result: no
configure:4226: checking ao/ao.h presence
configure:4226: /opt/buildroot-gcc463/usr/bin/mipsel-linux-gcc -E  conftest.c
conftest.c:21:19: fatal error: ao/ao.h: No such file or directory
compilation terminated.
configure:4226: $? = 1
configure: failed program was:
| /* confdefs.h */
| #define PACKAGE_NAME "inadyn-mt"
| #define PACKAGE_TARNAME "inadyn-mt"
| #define PACKAGE_VERSION "02.24.38"
| #define PACKAGE_STRING "inadyn-mt 02.24.38"
| #define PACKAGE_BUGREPORT "bhoover@wecs.com"
| #define PACKAGE_URL ""
| #define PACKAGE "inadyn-mt"
| #define VERSION "02.24.38"
| #define STDC_HEADERS 1
| #define HAVE_SYS_TYPES_H 1
| #define HAVE_SYS_STAT_H 1
| #define HAVE_STDLIB_H 1
| #define HAVE_STRING_H 1
| #define HAVE_MEMORY_H 1
| #define HAVE_STRINGS_H 1
| #define HAVE_INTTYPES_H 1
| #define HAVE_STDINT_H 1
| #define HAVE_UNISTD_H 1
| /* end confdefs.h.  */
| #include <ao/ao.h>
configure:4226: result: no
configure:4226: checking for ao/ao.h
configure:4226: result: no
configure:4226: checking arpa/inet.h usability
configure:4226: /opt/buildroot-gcc463/usr/bin/mipsel-linux-gcc -c -O2 -fomit-frame-pointer -pipe  -Dlinux -D__linux__ -Dunix -DEMBED -I/home/xieshijing/trunk/source/uClibc-0.9.33.2/app_headers/include -I/home/xieshijing/trunk/source/lib/include -DCONFIG_UCLIBC_0_9_33_2  -I/home/xieshijing/trunk/source  -DPRODUCT_DIR882  conftest.c >&5
configure:4226: $? = 0
configure:4226: result: yes
configure:4226: checking arpa/inet.h presence
configure:4226: /opt/buildroot-gcc463/usr/bin/mipsel-linux-gcc -E  conftest.c
configure:4226: $? = 0
configure:4226: result: yes
configure:4226: checking for arpa/inet.h
configure:4226: result: yes
configure:4226: checking fcntl.h usability
configure:4226: /opt/buildroot-gcc463/usr/bin/mipsel-linux-gcc -c -O2 -fomit-frame-pointer -pipe  -Dlinux -D__linux__ -Dunix -DEMBED -I/home/xieshijing/trunk/source/uClibc-0.9.33.2/app_headers/include -I/home/xieshijing/trunk/source/lib/include -DCONFIG_UCLIBC_0_9_33_2  -I/home/xieshijing/trunk/source  -DPRODUCT_DIR882  conftest.c >&5
configure:4226: $? = 0
configure:4226: result: yes
configure:4226: checking fcntl.h presence
configure:4226: /opt/buildroot-gcc463/usr/bin/mipsel-linux-gcc -E  conftest.c
configure:4226: $? = 0
configure:4226: result: yes
configure:4226: checking for fcntl.h
configure:4226: result: yes
configure:4226: checking locale.h usability
configure:4226: /opt/buildroot-gcc463/usr/bin/mipsel-linux-gcc -c -O2 -fomit-frame-pointer -pipe  -Dlinux -D__linux__ -Dunix -DEMBED -I/home/xieshijing/trunk/source/uClibc-0.9.33.2/app_headers/include -I/home/xieshijing/trunk/source/lib/include -DCONFIG_UCLIBC_0_9_33_2  -I/home/xieshijing/trunk/source  -DPRODUCT_DIR882  conftest.c >&5
configure:4226: $? = 0
configure:4226: result: yes
configure:4226: checking locale.h presence
configure:4226: /opt/buildroot-gcc463/usr/bin/mipsel-linux-gcc -E  conftest.c
configure:4226: $? = 0
configure:4226: result: yes
configure:4226: checking for locale.h
configure:4226: result: yes
configure:4226: checking for memory.h
configure:4226: result: yes
configure:4226: checking netdb.h usability
configure:4226: /opt/buildroot-gcc463/usr/bin/mipsel-linux-gcc -c -O2 -fomit-frame-pointer -pipe  -Dlinux -D__linux__ -Dunix -DEMBED -I/home/xieshijing/trunk/source/uClibc-0.9.33.2/app_headers/include -I/home/xieshijing/trunk/source/lib/include -DCONFIG_UCLIBC_0_9_33_2  -I/home/xieshijing/trunk/source  -DPRODUCT_DIR882  conftest.c >&5
configure:4226: $? = 0
configure:4226: result: yes
configure:4226: checking netdb.h presence
configure:4226: /opt/buildroot-gcc463/usr/bin/mipsel-linux-gcc -E  conftest.c
configure:4226: $? = 0
configure:4226: result: yes
configure:4226: checking for netdb.h
configure:4226: result: yes
configure:4226: checking netinet/in.h usability
configure:4226: /opt/buildroot-gcc463/usr/bin/mipsel-linux-gcc -c -O2 -fomit-frame-pointer -pipe  -Dlinux -D__linux__ -Dunix -DEMBED -I/home/xieshijing/trunk/source/uClibc-0.9.33.2/app_headers/include -I/home/xieshijing/trunk/source/lib/include -DCONFIG_UCLIBC_0_9_33_2  -I/home/xieshijing/trunk/source  -DPRODUCT_DIR882  conftest.c >&5
configure:4226: $? = 0
configure:4226: result: yes
configure:4226: checking netinet/in.h presence
configure:4226: /opt/buildroot-gcc463/usr/bin/mipsel-linux-gcc -E  conftest.c
configure:4226: $? = 0
configure:4226: result: yes
configure:4226: checking for netinet/in.h
configure:4226: result: yes
configure:4226: checking for stdlib.h
configure:4226: result: yes
configure:4226: checking for string.h
configure:4226: result: yes
configure:4226: checking sys/ioctl.h usability
configure:4226: /opt/buildroot-gcc463/usr/bin/mipsel-linux-gcc -c -O2 -fomit-frame-pointer -pipe  -Dlinux -D__linux__ -Dunix -DEMBED -I/home/xieshijing/trunk/source/uClibc-0.9.33.2/app_headers/include -I/home/xieshijing/trunk/source/lib/include -DCONFIG_UCLIBC_0_9_33_2  -I/home/xieshijing/trunk/source  -DPRODUCT_DIR882  conftest.c >&5
configure:4226: $? = 0
configure:4226: result: yes
configure:4226: checking sys/ioctl.h presence
configure:4226: /opt/buildroot-gcc463/usr/bin/mipsel-linux-gcc -E  conftest.c
configure:4226: $? = 0
configure:4226: result: yes
configure:4226: checking for sys/ioctl.h
configure:4226: result: yes
configure:4226: checking sys/socket.h usability
configure:4226: /opt/buildroot-gcc463/usr/bin/mipsel-linux-gcc -c -O2 -fomit-frame-pointer -pipe  -Dlinux -D__linux__ -Dunix -DEMBED -I/home/xieshijing/trunk/source/uClibc-0.9.33.2/app_headers/include -I/home/xieshijing/trunk/source/lib/include -DCONFIG_UCLIBC_0_9_33_2  -I/home/xieshijing/trunk/source  -DPRODUCT_DIR882  conftest.c >&5
configure:4226: $? = 0
configure:4226: result: yes
configure:4226: checking sys/socket.h presence
configure:4226: /opt/buildroot-gcc463/usr/bin/mipsel-linux-gcc -E  conftest.c
configure:4226: $? = 0
configure:4226: result: yes
configure:4226: checking for sys/socket.h
configure:4226: result: yes
configure:4226: checking sys/time.h usability
configure:4226: /opt/buildroot-gcc463/usr/bin/mipsel-linux-gcc -c -O2 -fomit-frame-pointer -pipe  -Dlinux -D__linux__ -Dunix -DEMBED -I/home/xieshijing/trunk/source/uClibc-0.9.33.2/app_headers/include -I/home/xieshijing/trunk/source/lib/include -DCONFIG_UCLIBC_0_9_33_2  -I/home/xieshijing/trunk/source  -DPRODUCT_DIR882  conftest.c >&5
configure:4226: $? = 0
configure:4226: result: yes
configure:4226: checking sys/time.h presence
configure:4226: /opt/buildroot-gcc463/usr/bin/mipsel-linux-gcc -E  conftest.c
configure:4226: $? = 0
configure:4226: result: yes
configure:4226: checking for sys/time.h
configure:4226: result: yes
configure:4226: checking syslog.h usability
configure:4226: /opt/buildroot-gcc463/usr/bin/mipsel-linux-gcc -c -O2 -fomit-frame-pointer -pipe  -Dlinux -D__linux__ -Dunix -DEMBED -I/home/xieshijing/trunk/source/uClibc-0.9.33.2/app_headers/include -I/home/xieshijing/trunk/source/lib/include -DCONFIG_UCLIBC_0_9_33_2  -I/home/xieshijing/trunk/source  -DPRODUCT_DIR882  conftest.c >&5
configure:4226: $? = 0
configure:4226: result: yes
configure:4226: checking syslog.h presence
configure:4226: /opt/buildroot-gcc463/usr/bin/mipsel-linux-gcc -E  conftest.c
configure:4226: $? = 0
configure:4226: result: yes
configure:4226: checking for syslog.h
configure:4226: result: yes
configure:4226: checking for unistd.h
configure:4226: result: yes
configure:4226: checking wchar.h usability
configure:4226: /opt/buildroot-gcc463/usr/bin/mipsel-linux-gcc -c -O2 -fomit-frame-pointer -pipe  -Dlinux -D__linux__ -Dunix -DEMBED -I/home/xieshijing/trunk/source/uClibc-0.9.33.2/app_headers/include -I/home/xieshijing/trunk/source/lib/include -DCONFIG_UCLIBC_0_9_33_2  -I/home/xieshijing/trunk/source  -DPRODUCT_DIR882  conftest.c >&5
configure:4226: $? = 0
configure:4226: result: yes
configure:4226: checking wchar.h presence
configure:4226: /opt/buildroot-gcc463/usr/bin/mipsel-linux-gcc -E  conftest.c
configure:4226: $? = 0
configure:4226: result: yes
configure:4226: checking for wchar.h
configure:4226: result: yes
configure:4226: checking wctype.h usability
configure:4226: /opt/buildroot-gcc463/usr/bin/mipsel-linux-gcc -c -O2 -fomit-frame-pointer -pipe  -Dlinux -D__linux__ -Dunix -DEMBED -I/home/xieshijing/trunk/source/uClibc-0.9.33.2/app_headers/include -I/home/xieshijing/trunk/source/lib/include -DCONFIG_UCLIBC_0_9_33_2  -I/home/xieshijing/trunk/source  -DPRODUCT_DIR882  conftest.c >&5
configure:4226: $? = 0
configure:4226: result: yes
configure:4226: checking wctype.h presence
configure:4226: /opt/buildroot-gcc463/usr/bin/mipsel-linux-gcc -E  conftest.c
configure:4226: $? = 0
configure:4226: result: yes
configure:4226: checking for wctype.h
configure:4226: result: yes
configure:4239: checking for stdbool.h that conforms to C99
configure:4324: /opt/buildroot-gcc463/usr/bin/mipsel-linux-gcc -c -O2 -fomit-frame-pointer -pipe  -Dlinux -D__linux__ -Dunix -DEMBED -I/home/xieshijing/trunk/source/uClibc-0.9.33.2/app_headers/include -I/home/xieshijing/trunk/source/lib/include -DCONFIG_UCLIBC_0_9_33_2  -I/home/xieshijing/trunk/source  -DPRODUCT_DIR882  conftest.c >&5
configure:4324: $? = 0
configure:4331: result: yes
configure:4333: checking for _Bool
configure:4333: /opt/buildroot-gcc463/usr/bin/mipsel-linux-gcc -c -O2 -fomit-frame-pointer -pipe  -Dlinux -D__linux__ -Dunix -DEMBED -I/home/xieshijing/trunk/source/uClibc-0.9.33.2/app_headers/include -I/home/xieshijing/trunk/source/lib/include -DCONFIG_UCLIBC_0_9_33_2  -I/home/xieshijing/trunk/source  -DPRODUCT_DIR882  conftest.c >&5
configure:4333: $? = 0
configure:4333: /opt/buildroot-gcc463/usr/bin/mipsel-linux-gcc -c -O2 -fomit-frame-pointer -pipe  -Dlinux -D__linux__ -Dunix -DEMBED -I/home/xieshijing/trunk/source/uClibc-0.9.33.2/app_headers/include -I/home/xieshijing/trunk/source/lib/include -DCONFIG_UCLIBC_0_9_33_2  -I/home/xieshijing/trunk/source  -DPRODUCT_DIR882  conftest.c >&5
conftest.c: In function 'main':
conftest.c:72:20: error: expected expression before ')' token
configure:4333: $? = 1
configure: failed program was:
| /* confdefs.h */
| #define PACKAGE_NAME "inadyn-mt"
| #define PACKAGE_TARNAME "inadyn-mt"
| #define PACKAGE_VERSION "02.24.38"
| #define PACKAGE_STRING "inadyn-mt 02.24.38"
| #define PACKAGE_BUGREPORT "bhoover@wecs.com"
| #define PACKAGE_URL ""
| #define PACKAGE "inadyn-mt"
| #define VERSION "02.24.38"
| #define STDC_HEADERS 1
| #define HAVE_SYS_TYPES_H 1
| #define HAVE_SYS_STAT_H 1
| #define HAVE_STDLIB_H 1
| #define HAVE_STRING_H 1
| #define HAVE_MEMORY_H 1
| #define HAVE_STRINGS_H 1
| #define HAVE_INTTYPES_H 1
| #define HAVE_STDINT_H 1
| #define HAVE_UNISTD_H 1
| #define HAVE_ARPA_INET_H 1
| #define HAVE_FCNTL_H 1
| #define HAVE_LOCALE_H 1
| #define HAVE_MEMORY_H 1
| #define HAVE_NETDB_H 1
| #define HAVE_NETINET_IN_H 1
| #define HAVE_STDLIB_H 1
| #define HAVE_STRING_H 1
| #define HAVE_SYS_IOCTL_H 1
| #define HAVE_SYS_SOCKET_H 1
| #define HAVE_SYS_TIME_H 1
| #define HAVE_SYSLOG_H 1
| #define HAVE_UNISTD_H 1
| #define HAVE_WCHAR_H 1
| #define HAVE_WCTYPE_H 1
| /* end confdefs.h.  */
| #include <stdio.h>
| #ifdef HAVE_SYS_TYPES_H
| # include <sys/types.h>
| #endif
| #ifdef HAVE_SYS_STAT_H
| # include <sys/stat.h>
| #endif
| #ifdef STDC_HEADERS
| # include <stdlib.h>
| # include <stddef.h>
| #else
| # ifdef HAVE_STDLIB_H
| #  include <stdlib.h>
| # endif
| #endif
| #ifdef HAVE_STRING_H
| # if !defined STDC_HEADERS && defined HAVE_MEMORY_H
| #  include <memory.h>
| # endif
| # include <string.h>
| #endif
| #ifdef HAVE_STRINGS_H
| # include <strings.h>
| #endif
| #ifdef HAVE_INTTYPES_H
| # include <inttypes.h>
| #endif
| #ifdef HAVE_STDINT_H
| # include <stdint.h>
| #endif
| #ifdef HAVE_UNISTD_H
| # include <unistd.h>
| #endif
| int
| main ()
| {
| if (sizeof ((_Bool)))
| 	    return 0;
|   ;
|   return 0;
| }
configure:4333: result: yes
configure:4349: checking for pid_t
configure:4349: /opt/buildroot-gcc463/usr/bin/mipsel-linux-gcc -c -O2 -fomit-frame-pointer -pipe  -Dlinux -D__linux__ -Dunix -DEMBED -I/home/xieshijing/trunk/source/uClibc-0.9.33.2/app_headers/include -I/home/xieshijing/trunk/source/lib/include -DCONFIG_UCLIBC_0_9_33_2  -I/home/xieshijing/trunk/source  -DPRODUCT_DIR882  conftest.c >&5
configure:4349: $? = 0
configure:4349: /opt/buildroot-gcc463/usr/bin/mipsel-linux-gcc -c -O2 -fomit-frame-pointer -pipe  -Dlinux -D__linux__ -Dunix -DEMBED -I/home/xieshijing/trunk/source/uClibc-0.9.33.2/app_headers/include -I/home/xieshijing/trunk/source/lib/include -DCONFIG_UCLIBC_0_9_33_2  -I/home/xieshijing/trunk/source  -DPRODUCT_DIR882  conftest.c >&5
conftest.c: In function 'main':
conftest.c:74:20: error: expected expression before ')' token
configure:4349: $? = 1
configure: failed program was:
| /* confdefs.h */
| #define PACKAGE_NAME "inadyn-mt"
| #define PACKAGE_TARNAME "inadyn-mt"
| #define PACKAGE_VERSION "02.24.38"
| #define PACKAGE_STRING "inadyn-mt 02.24.38"
| #define PACKAGE_BUGREPORT "bhoover@wecs.com"
| #define PACKAGE_URL ""
| #define PACKAGE "inadyn-mt"
| #define VERSION "02.24.38"
| #define STDC_HEADERS 1
| #define HAVE_SYS_TYPES_H 1
| #define HAVE_SYS_STAT_H 1
| #define HAVE_STDLIB_H 1
| #define HAVE_STRING_H 1
| #define HAVE_MEMORY_H 1
| #define HAVE_STRINGS_H 1
| #define HAVE_INTTYPES_H 1
| #define HAVE_STDINT_H 1
| #define HAVE_UNISTD_H 1
| #define HAVE_ARPA_INET_H 1
| #define HAVE_FCNTL_H 1
| #define HAVE_LOCALE_H 1
| #define HAVE_MEMORY_H 1
| #define HAVE_NETDB_H 1
| #define HAVE_NETINET_IN_H 1
| #define HAVE_STDLIB_H 1
| #define HAVE_STRING_H 1
| #define HAVE_SYS_IOCTL_H 1
| #define HAVE_SYS_SOCKET_H 1
| #define HAVE_SYS_TIME_H 1
| #define HAVE_SYSLOG_H 1
| #define HAVE_UNISTD_H 1
| #define HAVE_WCHAR_H 1
| #define HAVE_WCTYPE_H 1
| #define HAVE__BOOL 1
| #define HAVE_STDBOOL_H 1
| /* end confdefs.h.  */
| #include <stdio.h>
| #ifdef HAVE_SYS_TYPES_H
| # include <sys/types.h>
| #endif
| #ifdef HAVE_SYS_STAT_H
| # include <sys/stat.h>
| #endif
| #ifdef STDC_HEADERS
| # include <stdlib.h>
| # include <stddef.h>
| #else
| # ifdef HAVE_STDLIB_H
| #  include <stdlib.h>
| # endif
| #endif
| #ifdef HAVE_STRING_H
| # if !defined STDC_HEADERS && defined HAVE_MEMORY_H
| #  include <memory.h>
| # endif
| # include <string.h>
| #endif
| #ifdef HAVE_STRINGS_H
| # include <strings.h>
| #endif
| #ifdef HAVE_INTTYPES_H
| # include <inttypes.h>
| #endif
| #ifdef HAVE_STDINT_H
| # include <stdint.h>
| #endif
| #ifdef HAVE_UNISTD_H
| # include <unistd.h>
| #endif
| int
| main ()
| {
| if (sizeof ((pid_t)))
| 	    return 0;
|   ;
|   return 0;
| }
configure:4349: result: yes
configure:4364: checking vfork.h usability
configure:4364: /opt/buildroot-gcc463/usr/bin/mipsel-linux-gcc -c -O2 -fomit-frame-pointer -pipe  -Dlinux -D__linux__ -Dunix -DEMBED -I/home/xieshijing/trunk/source/uClibc-0.9.33.2/app_headers/include -I/home/xieshijing/trunk/source/lib/include -DCONFIG_UCLIBC_0_9_33_2  -I/home/xieshijing/trunk/source  -DPRODUCT_DIR882  conftest.c >&5
conftest.c:71:19: fatal error: vfork.h: No such file or directory
compilation terminated.
configure:4364: $? = 1
configure: failed program was:
| /* confdefs.h */
| #define PACKAGE_NAME "inadyn-mt"
| #define PACKAGE_TARNAME "inadyn-mt"
| #define PACKAGE_VERSION "02.24.38"
| #define PACKAGE_STRING "inadyn-mt 02.24.38"
| #define PACKAGE_BUGREPORT "bhoover@wecs.com"
| #define PACKAGE_URL ""
| #define PACKAGE "inadyn-mt"
| #define VERSION "02.24.38"
| #define STDC_HEADERS 1
| #define HAVE_SYS_TYPES_H 1
| #define HAVE_SYS_STAT_H 1
| #define HAVE_STDLIB_H 1
| #define HAVE_STRING_H 1
| #define HAVE_MEMORY_H 1
| #define HAVE_STRINGS_H 1
| #define HAVE_INTTYPES_H 1
| #define HAVE_STDINT_H 1
| #define HAVE_UNISTD_H 1
| #define HAVE_ARPA_INET_H 1
| #define HAVE_FCNTL_H 1
| #define HAVE_LOCALE_H 1
| #define HAVE_MEMORY_H 1
| #define HAVE_NETDB_H 1
| #define HAVE_NETINET_IN_H 1
| #define HAVE_STDLIB_H 1
| #define HAVE_STRING_H 1
| #define HAVE_SYS_IOCTL_H 1
| #define HAVE_SYS_SOCKET_H 1
| #define HAVE_SYS_TIME_H 1
| #define HAVE_SYSLOG_H 1
| #define HAVE_UNISTD_H 1
| #define HAVE_WCHAR_H 1
| #define HAVE_WCTYPE_H 1
| #define HAVE__BOOL 1
| #define HAVE_STDBOOL_H 1
| /* end confdefs.h.  */
| #include <stdio.h>
| #ifdef HAVE_SYS_TYPES_H
| # include <sys/types.h>
| #endif
| #ifdef HAVE_SYS_STAT_H
| # include <sys/stat.h>
| #endif
| #ifdef STDC_HEADERS
| # include <stdlib.h>
| # include <stddef.h>
| #else
| # ifdef HAVE_STDLIB_H
| #  include <stdlib.h>
| # endif
| #endif
| #ifdef HAVE_STRING_H
| # if !defined STDC_HEADERS && defined HAVE_MEMORY_H
| #  include <memory.h>
| # endif
| # include <string.h>
| #endif
| #ifdef HAVE_STRINGS_H
| # include <strings.h>
| #endif
| #ifdef HAVE_INTTYPES_H
| # include <inttypes.h>
| #endif
| #ifdef HAVE_STDINT_H
| # include <stdint.h>
| #endif
| #ifdef HAVE_UNISTD_H
| # include <unistd.h>
| #endif
| #include <vfork.h>
configure:4364: result: no
configure:4364: checking vfork.h presence
configure:4364: /opt/buildroot-gcc463/usr/bin/mipsel-linux-gcc -E  conftest.c
conftest.c:38:19: fatal error: vfork.h: No such file or directory
compilation terminated.
configure:4364: $? = 1
configure: failed program was:
| /* confdefs.h */
| #define PACKAGE_NAME "inadyn-mt"
| #define PACKAGE_TARNAME "inadyn-mt"
| #define PACKAGE_VERSION "02.24.38"
| #define PACKAGE_STRING "inadyn-mt 02.24.38"
| #define PACKAGE_BUGREPORT "bhoover@wecs.com"
| #define PACKAGE_URL ""
| #define PACKAGE "inadyn-mt"
| #define VERSION "02.24.38"
| #define STDC_HEADERS 1
| #define HAVE_SYS_TYPES_H 1
| #define HAVE_SYS_STAT_H 1
| #define HAVE_STDLIB_H 1
| #define HAVE_STRING_H 1
| #define HAVE_MEMORY_H 1
| #define HAVE_STRINGS_H 1
| #define HAVE_INTTYPES_H 1
| #define HAVE_STDINT_H 1
| #define HAVE_UNISTD_H 1
| #define HAVE_ARPA_INET_H 1
| #define HAVE_FCNTL_H 1
| #define HAVE_LOCALE_H 1
| #define HAVE_MEMORY_H 1
| #define HAVE_NETDB_H 1
| #define HAVE_NETINET_IN_H 1
| #define HAVE_STDLIB_H 1
| #define HAVE_STRING_H 1
| #define HAVE_SYS_IOCTL_H 1
| #define HAVE_SYS_SOCKET_H 1
| #define HAVE_SYS_TIME_H 1
| #define HAVE_SYSLOG_H 1
| #define HAVE_UNISTD_H 1
| #define HAVE_WCHAR_H 1
| #define HAVE_WCTYPE_H 1
| #define HAVE__BOOL 1
| #define HAVE_STDBOOL_H 1
| /* end confdefs.h.  */
| #include <vfork.h>
configure:4364: result: no
configure:4364: checking for vfork.h
configure:4364: result: no
configure:4377: checking for fork
configure:4377: /opt/buildroot-gcc463/usr/bin/mipsel-linux-gcc -o conftest -O2 -fomit-frame-pointer -pipe  -Dlinux -D__linux__ -Dunix -DEMBED -I/home/xieshijing/trunk/source/uClibc-0.9.33.2/app_headers/include -I/home/xieshijing/trunk/source/lib/include -DCONFIG_UCLIBC_0_9_33_2  -I/home/xieshijing/trunk/source  -DPRODUCT_DIR882  -L/home/xieshijing/trunk/source/uClibc-0.9.33.2/lib -L/home/xieshijing/trunk/source/lib/lib conftest.c  >&5
conftest.c:61:6: warning: conflicting types for built-in function 'fork' [enabled by default]
configure:4377: $? = 0
configure:4377: result: yes
configure:4377: checking for vfork
configure:4377: /opt/buildroot-gcc463/usr/bin/mipsel-linux-gcc -o conftest -O2 -fomit-frame-pointer -pipe  -Dlinux -D__linux__ -Dunix -DEMBED -I/home/xieshijing/trunk/source/uClibc-0.9.33.2/app_headers/include -I/home/xieshijing/trunk/source/lib/include -DCONFIG_UCLIBC_0_9_33_2  -I/home/xieshijing/trunk/source  -DPRODUCT_DIR882  -L/home/xieshijing/trunk/source/uClibc-0.9.33.2/lib -L/home/xieshijing/trunk/source/lib/lib conftest.c  >&5
configure:4377: $? = 0
configure:4377: result: yes
configure:4388: checking for working fork
configure:4420: result: cross
configure:4436: WARNING: result yes guessed because of cross compilation
configure:4441: checking for working vfork
configure:4551: result: yes
configure:4858: checking for mipsel-buildroot-linux-uclibc-gcc
configure:4885: result: /opt/buildroot-gcc463/usr/bin/mipsel-linux-gcc
configure:5154: checking for C compiler version
configure:5163: /opt/buildroot-gcc463/usr/bin/mipsel-linux-gcc --version >&5
mipsel-linux-gcc (Buildroot 2012.11.1) 4.6.3
Copyright (C) 2011 Free Software Foundation, Inc.
This is free software; see the source for copying conditions.  There is NO
warranty; not even for MERCHANTABILITY or FITNESS FOR A PARTICULAR PURPOSE.

configure:5174: $? = 0
configure:5163: /opt/buildroot-gcc463/usr/bin/mipsel-linux-gcc -v >&5
Using built-in specs.
COLLECT_GCC=/opt/buildroot-gcc463/usr/bin/mipsel-linux-gcc
COLLECT_LTO_WRAPPER=/opt/buildroot-gcc463/usr/libexec/gcc/mipsel-buildroot-linux-uclibc/4.6.3/lto-wrapper
Target: mipsel-buildroot-linux-uclibc
Configured with: /home/ralink/buildroot-2012.11.1/output/toolchain/gcc-4.6.3/configure --prefix=/opt/buildroot-gcc463/usr --build=i686-pc-linux-gnu --host=i686-pc-linux-gnu --target=mipsel-buildroot-linux-uclibc --enable-languages=c,c++ --with-sysroot=/opt/buildroot-gcc463/usr/mipsel-buildroot-linux-uclibc/sysroot --with-build-time-tools=/opt/buildroot-gcc463/usr/mipsel-buildroot-linux-uclibc/bin --disable-__cxa_atexit --enable-target-optspace --disable-libgomp --with-gnu-ld --disable-libssp --disable-multilib --disable-tls --disable-shared --with-gmp=/opt/buildroot-gcc463/usr --with-mpfr=/opt/buildroot-gcc463/usr --with-mpc=/opt/buildroot-gcc463/usr --disable-nls --enable-threads --disable-decimal-float --with-float=soft --with-abi=32 --with-tune=mips32r2 --with-pkgversion='Buildroot 2012.11.1' --with-bugurl=http://bugs.buildroot.net/
Thread model: posix
gcc version 4.6.3 (Buildroot 2012.11.1) 
configure:5174: $? = 0
configure:5163: /opt/buildroot-gcc463/usr/bin/mipsel-linux-gcc -V >&5
mipsel-linux-gcc: error: unrecognized option '-V'
mipsel-linux-gcc: fatal error: no input files
compilation terminated.
configure:5174: $? = 1
configure:5163: /opt/buildroot-gcc463/usr/bin/mipsel-linux-gcc -qversion >&5
mipsel-linux-gcc: error: unrecognized option '-qversion'
mipsel-linux-gcc: fatal error: no input files
compilation terminated.
configure:5174: $? = 1
configure:5178: checking whether we are using the GNU C compiler
configure:5206: result: yes
configure:5215: checking whether /opt/buildroot-gcc463/usr/bin/mipsel-linux-gcc accepts -g
configure:5276: result: yes
configure:5293: checking for /opt/buildroot-gcc463/usr/bin/mipsel-linux-gcc option to accept ISO C89
configure:5370: result: none needed
configure:5392: checking dependency style of /opt/buildroot-gcc463/usr/bin/mipsel-linux-gcc
configure:5502: result: gcc3
configure:5519: checking whether /opt/buildroot-gcc463/usr/bin/mipsel-linux-gcc and cc understand -c and -o together
configure:5550: /opt/buildroot-gcc463/usr/bin/mipsel-linux-gcc -c conftest.c -o conftest2.o >&5
configure:5554: $? = 0
configure:5560: /opt/buildroot-gcc463/usr/bin/mipsel-linux-gcc -c conftest.c -o conftest2.o >&5
configure:5564: $? = 0
configure:5575: cc -c conftest.c >&5
configure:5579: $? = 0
configure:5587: cc -c conftest.c -o conftest2.o >&5
configure:5591: $? = 0
configure:5597: cc -c conftest.c -o conftest2.o >&5
configure:5601: $? = 0
configure:5619: result: yes
configure:5808: creating ./config.status

## ---------------- ##
## Cache variables. ##
## ---------------- ##

ac_cv_build=i686-pc-linux-gnu
ac_cv_c_compiler_gnu=yes
ac_cv_env_CC_set=set
ac_cv_env_CC_value=/opt/buildroot-gcc463/usr/bin/mipsel-linux-gcc
ac_cv_env_CFLAGS_set=set
ac_cv_env_CFLAGS_value='-O2 -fomit-frame-pointer -pipe  -Dlinux -D__linux__ -Dunix -DEMBED -I/home/xieshijing/trunk/source/uClibc-0.9.33.2/app_headers/include -I/home/xieshijing/trunk/source/lib/include -DCONFIG_UCLIBC_0_9_33_2  -I/home/xieshijing/trunk/source  -DPRODUCT_DIR882'
ac_cv_env_CPPFLAGS_set=
ac_cv_env_CPPFLAGS_value=
ac_cv_env_CPP_set=
ac_cv_env_CPP_value=
ac_cv_env_LDFLAGS_set=set
ac_cv_env_LDFLAGS_value='-L/home/xieshijing/trunk/source/uClibc-0.9.33.2/lib -L/home/xieshijing/trunk/source/lib/lib'
ac_cv_env_LIBS_set=
ac_cv_env_LIBS_value=
ac_cv_env_build_alias_set=set
ac_cv_env_build_alias_value=i686-linux
ac_cv_env_host_alias_set=set
ac_cv_env_host_alias_value=mipsel-buildroot-linux-uclibc
ac_cv_env_target_alias_set=set
ac_cv_env_target_alias_value=mipsel-buildroot-linux-uclibc
ac_cv_func_fork=yes
ac_cv_func_fork_works=yes
ac_cv_func_vfork=yes
ac_cv_func_vfork_works=yes
ac_cv_header_ao_ao_h=no
ac_cv_header_arpa_inet_h=yes
ac_cv_header_fcntl_h=yes
ac_cv_header_inttypes_h=yes
ac_cv_header_locale_h=yes
ac_cv_header_memory_h=yes
ac_cv_header_netdb_h=yes
ac_cv_header_netinet_in_h=yes
ac_cv_header_stdbool_h=yes
ac_cv_header_stdc=yes
ac_cv_header_stdint_h=yes
ac_cv_header_stdlib_h=yes
ac_cv_header_string_h=yes
ac_cv_header_strings_h=yes
ac_cv_header_sys_ioctl_h=yes
ac_cv_header_sys_socket_h=yes
ac_cv_header_sys_stat_h=yes
ac_cv_header_sys_time_h=yes
ac_cv_header_sys_types_h=yes
ac_cv_header_syslog_h=yes
ac_cv_header_unistd_h=yes
ac_cv_header_vfork_h=no
ac_cv_header_wchar_h=yes
ac_cv_header_wctype_h=yes
ac_cv_host=mipsel-buildroot-linux-uclibc
ac_cv_objext=o
ac_cv_path_EGREP='/bin/grep -E'
ac_cv_path_GREP=/bin/grep
ac_cv_path_install='/usr/bin/install -c'
ac_cv_path_mkdir=/bin/mkdir
ac_cv_prog_AWK=gawk
ac_cv_prog_CC=/opt/buildroot-gcc463/usr/bin/mipsel-linux-gcc
ac_cv_prog_CPP='/opt/buildroot-gcc463/usr/bin/mipsel-linux-gcc -E'
ac_cv_prog_STRIP=/opt/buildroot-gcc463/usr/bin/mipsel-linux-strip
ac_cv_prog_cc__opt_buildroot_gcc463_usr_bin_mipsel_linux_gcc_c_o=yes
ac_cv_prog_cc_c89=
ac_cv_prog_cc_g=yes
ac_cv_prog_make_make_set=yes
ac_cv_target=mipsel-buildroot-linux-uclibc
ac_cv_type__Bool=yes
ac_cv_type_pid_t=yes
am_cv_CC_dependencies_compiler_type=gcc3

## ----------------- ##
## Output variables. ##
## ----------------- ##

ACLOCAL='${SHELL} /home/xieshijing/trunk/source/user/inadyn-mt/inadyn-mt.v.02.28.10/Cfg/missing --run aclocal-1.11'
AMDEPBACKSLASH='\'
AMDEP_FALSE='#'
AMDEP_TRUE=''
AMTAR='${SHELL} /home/xieshijing/trunk/source/user/inadyn-mt/inadyn-mt.v.02.28.10/Cfg/missing --run tar'
ARCH_SPECIFIC_CFLAGS=''
ARCH_SPECIFIC_LDFLAGS=''
ARCH_SPECIFIC_LIBS=' -lpthread'
AUTOCONF='${SHELL} /home/xieshijing/trunk/source/user/inadyn-mt/inadyn-mt.v.02.28.10/Cfg/missing --run autoconf'
AUTOHEADER='${SHELL} /home/xieshijing/trunk/source/user/inadyn-mt/inadyn-mt.v.02.28.10/Cfg/missing --run autoheader'
AUTOMAKE='${SHELL} /home/xieshijing/trunk/source/user/inadyn-mt/inadyn-mt.v.02.28.10/Cfg/missing --run automake-1.11'
AWK='gawk'
CC='/opt/buildroot-gcc463/usr/bin/mipsel-linux-gcc'
CCDEPMODE='depmode=gcc3'
CFLAGS='-O2 -fomit-frame-pointer -pipe  -Dlinux -D__linux__ -Dunix -DEMBED -I/home/xieshijing/trunk/source/uClibc-0.9.33.2/app_headers/include -I/home/xieshijing/trunk/source/lib/include -DCONFIG_UCLIBC_0_9_33_2  -I/home/xieshijing/trunk/source  -DPRODUCT_DIR882'
CPP='/opt/buildroot-gcc463/usr/bin/mipsel-linux-gcc -E'
CPPFLAGS=''
CYGPATH_W='echo'
DEFS='-DHAVE_CONFIG_H'
DEPDIR='.deps'
ECHO_C=''
ECHO_N='-n'
ECHO_T=''
EGREP='/bin/grep -E'
EXEEXT=''
GREP='/bin/grep'
INSTALL_DATA='${INSTALL} -m 644'
INSTALL_PREFIX='/usr/share'
INSTALL_PROGRAM='${INSTALL}'
INSTALL_SCRIPT='${INSTALL}'
INSTALL_STRIP_PROGRAM='$(install_sh) -c -s'
IS_INADYN_MT_DIR=''
IS_INADYN_MT_DIR_FALSE=''
IS_INADYN_MT_DIR_TRUE='#'
IS_INADYN_MT_EXTRA_DIR=''
IS_INADYN_MT_EXTRA_DIR_FALSE='#'
IS_INADYN_MT_EXTRA_DIR_TRUE=''
IS_INADYN_MT_LANG_DIR=''
IS_INADYN_MT_LANG_DIR_FALSE=''
IS_INADYN_MT_LANG_DIR_TRUE='#'
IS_WITH_SOUND=''
IS_WITH_SOUND_FALSE=''
IS_WITH_SOUND_TRUE='#'
IS_WITH_THREADS=''
IS_WITH_THREADS_FALSE=''
IS_WITH_THREADS_TRUE='#'
LDFLAGS='-L/home/xieshijing/trunk/source/uClibc-0.9.33.2/lib -L/home/xieshijing/trunk/source/lib/lib'
LIBOBJS=''
LIBS=''
LTLIBOBJS=''
MAKEINFO='${SHELL} /home/xieshijing/trunk/source/user/inadyn-mt/inadyn-mt.v.02.28.10/Cfg/missing --run makeinfo'
MKDIR_P='/bin/mkdir -p'
OBJEXT='o'
PACKAGE='inadyn-mt'
PACKAGE_BUGREPORT='bhoover@wecs.com'
PACKAGE_NAME='inadyn-mt'
PACKAGE_STRING='inadyn-mt 02.24.38'
PACKAGE_TARNAME='inadyn-mt'
PACKAGE_URL=''
PACKAGE_VERSION='02.24.38'
PATH_SEPARATOR=':'
SET_MAKE=''
SHELL='/bin/sh'
SNDFILE_LIB=''
STRIP='/opt/buildroot-gcc463/usr/bin/mipsel-linux-strip'
TARGET_ARCH='linux'
VERSION='02.24.38'
ac_ct_CC=''
am__EXEEXT_FALSE=''
am__EXEEXT_TRUE='#'
am__fastdepCC_FALSE='#'
am__fastdepCC_TRUE=''
am__include='include'
am__isrc=''
am__leading_dot='.'
am__quote=''
am__tar='${AMTAR} chof - "$$tardir"'
am__untar='${AMTAR} xf -'
bindir='${exec_prefix}/bin'
build='i686-pc-linux-gnu'
build_alias='i686-linux'
build_cpu='i686'
build_os='linux-gnu'
build_vendor='pc'
datadir='${datarootdir}'
datarootdir='${prefix}/share'
docdir='${datarootdir}/doc/${PACKAGE_TARNAME}'
dvidir='${docdir}'
exec_prefix='${prefix}'
host='mipsel-buildroot-linux-uclibc'
host_alias='mipsel-buildroot-linux-uclibc'
host_cpu='mipsel'
host_os='linux-uclibc'
host_vendor='buildroot'
htmldir='${docdir}'
includedir='${prefix}/include'
infodir='${datarootdir}/info'
install_sh='${SHELL} /home/xieshijing/trunk/source/user/inadyn-mt/inadyn-mt.v.02.28.10/Cfg/install-sh'
libdir='${exec_prefix}/lib'
libexecdir='${exec_prefix}/libexec'
localedir='${datarootdir}/locale'
localstatedir='${prefix}/var'
mandir='${datarootdir}/man'
mkdir_p='/bin/mkdir -p'
oldincludedir='/usr/include'
pdfdir='${docdir}'
prefix='/usr/local'
program_transform_name='s&^&mipsel-buildroot-linux-uclibc-&'
psdir='${docdir}'
sbindir='${exec_prefix}/sbin'
sharedstatedir='${prefix}/com'
sysconfdir='${prefix}/etc'
target='mipsel-buildroot-linux-uclibc'
target_alias='mipsel-buildroot-linux-uclibc'
target_cpu='mipsel'
target_os='linux-uclibc'
target_vendor='buildroot'

## ----------- ##
## confdefs.h. ##
## ----------- ##

/* confdefs.h */
#define PACKAGE_NAME "inadyn-mt"
#define PACKAGE_TARNAME "inadyn-mt"
#define PACKAGE_VERSION "02.24.38"
#define PACKAGE_STRING "inadyn-mt 02.24.38"
#define PACKAGE_BUGREPORT "bhoover@wecs.com"
#define PACKAGE_URL ""
#define PACKAGE "inadyn-mt"
#define VERSION "02.24.38"
#define STDC_HEADERS 1
#define HAVE_SYS_TYPES_H 1
#define HAVE_SYS_STAT_H 1
#define HAVE_STDLIB_H 1
#define HAVE_STRING_H 1
#define HAVE_MEMORY_H 1
#define HAVE_STRINGS_H 1
#define HAVE_INTTYPES_H 1
#define HAVE_STDINT_H 1
#define HAVE_UNISTD_H 1
#define HAVE_ARPA_INET_H 1
#define HAVE_FCNTL_H 1
#define HAVE_LOCALE_H 1
#define HAVE_MEMORY_H 1
#define HAVE_NETDB_H 1
#define HAVE_NETINET_IN_H 1
#define HAVE_STDLIB_H 1
#define HAVE_STRING_H 1
#define HAVE_SYS_IOCTL_H 1
#define HAVE_SYS_SOCKET_H 1
#define HAVE_SYS_TIME_H 1
#define HAVE_SYSLOG_H 1
#define HAVE_UNISTD_H 1
#define HAVE_WCHAR_H 1
#define HAVE_WCTYPE_H 1
#define HAVE__BOOL 1
#define HAVE_STDBOOL_H 1
#define HAVE_FORK 1
#define HAVE_VFORK 1
#define HAVE_WORKING_VFORK 1
#define HAVE_WORKING_FORK 1
#define META_ROOT "/usr/share/inadyn-mt"

configure: exit 0

## ---------------------- ##
## Running config.status. ##
## ---------------------- ##

This file was extended by inadyn-mt config.status 02.24.38, which was
generated by GNU Autoconf 2.65.  Invocation command line was

  CONFIG_FILES    = 
  CONFIG_HEADERS  = 
  CONFIG_LINKS    = 
  CONFIG_COMMANDS = 
  $ ./config.status 

on wireless

config.status:908: creating man/Makefile
config.status:908: creating src/Makefile
config.status:908: creating Makefile
config.status:908: creating src/config.h
config.status:1128: executing depfiles commands

## ---------------------- ##
## Running config.status. ##
## ---------------------- ##

This file was extended by inadyn-mt config.status 02.24.38, which was
generated by GNU Autoconf 2.65.  Invocation command line was

  CONFIG_FILES    = 
  CONFIG_HEADERS  = 
  CONFIG_LINKS    = 
  CONFIG_COMMANDS = 
  $ ./config.status src/config.h

on wireless

config.status:908: creating src/config.h
