This file contains any messages produced by compilers while
running configure, to aid debugging if configure makes a mistake.

It was created by PCRE configure 8.01, which was
generated by GNU Autoconf 2.65.  Invocation command line was

  $ ./configure --host=mipsel-linux --disable-cpp

## --------- ##
## Platform. ##
## --------- ##

hostname = wireless
uname -m = i686
uname -r = 2.6.32-642.3.1.el6.i686
uname -s = Linux
uname -v = #1 SMP Tue Jul 12 17:53:37 UTC 2016

/usr/bin/uname -p = unknown
/bin/uname -X     = unknown

/bin/arch              = i686
/usr/bin/arch -k       = unknown
/usr/convex/getsysinfo = unknown
/usr/bin/hostinfo      = unknown
/bin/machine           = unknown
/usr/bin/oslevel       = unknown
/bin/universe          = unknown

PATH: /home/zhangtianchuan/trunk/klocwork/bin
PATH: /usr/local/bin
PATH: /bin
PATH: /usr/bin
PATH: /usr/local/sbin
PATH: /usr/sbin
PATH: /sbin
PATH: /home/zhangtianchuan/bin
PATH: /home/zhangtianchuan/trunk/GPL_Code/source/tools


## ----------- ##
## Core tests. ##
## ----------- ##

configure:2811: checking for a BSD-compatible install
configure:2879: result: /usr/bin/install -c
configure:2890: checking whether build environment is sane
configure:2927: result: yes
configure:2952: checking for a thread-safe mkdir -p
configure:2991: result: /bin/mkdir -p
configure:3004: checking for gawk
configure:3020: found /bin/gawk
configure:3031: result: gawk
configure:3042: checking whether make sets $(MAKE)
configure:3064: result: yes
configure:3142: checking for mipsel-linux-strip
configure:3172: result: no
configure:3182: checking for strip
configure:3198: found /usr/bin/strip
configure:3209: result: strip
configure:3273: checking for mipsel-linux-gcc
configure:3300: result: /opt/buildroot-gcc463/usr/bin/mipsel-linux-gcc
configure:3569: checking for C compiler version
configure:3578: /opt/buildroot-gcc463/usr/bin/mipsel-linux-gcc --version >&5
mipsel-linux-gcc (Buildroot 2012.11.1) 4.6.3
Copyright (C) 2011 Free Software Foundation, Inc.
This is free software; see the source for copying conditions.  There is NO
warranty; not even for MERCHANTABILITY or FITNESS FOR A PARTICULAR PURPOSE.

configure:3589: $? = 0
configure:3578: /opt/buildroot-gcc463/usr/bin/mipsel-linux-gcc -v >&5
Using built-in specs.
COLLECT_GCC=/opt/buildroot-gcc463/usr/bin/mipsel-linux-gcc
COLLECT_LTO_WRAPPER=/opt/buildroot-gcc463/usr/libexec/gcc/mipsel-buildroot-linux-uclibc/4.6.3/lto-wrapper
Target: mipsel-buildroot-linux-uclibc
Configured with: /home/ralink/buildroot-2012.11.1/output/toolchain/gcc-4.6.3/configure --prefix=/opt/buildroot-gcc463/usr --build=i686-pc-linux-gnu --host=i686-pc-linux-gnu --target=mipsel-buildroot-linux-uclibc --enable-languages=c,c++ --with-sysroot=/opt/buildroot-gcc463/usr/mipsel-buildroot-linux-uclibc/sysroot --with-build-time-tools=/opt/buildroot-gcc463/usr/mipsel-buildroot-linux-uclibc/bin --disable-__cxa_atexit --enable-target-optspace --disable-libgomp --with-gnu-ld --disable-libssp --disable-multilib --disable-tls --disable-shared --with-gmp=/opt/buildroot-gcc463/usr --with-mpfr=/opt/buildroot-gcc463/usr --with-mpc=/opt/buildroot-gcc463/usr --disable-nls --enable-threads --disable-decimal-float --with-float=soft --with-abi=32 --with-tune=mips32r2 --with-pkgversion='Buildroot 2012.11.1' --with-bugurl=http://bugs.buildroot.net/
Thread model: posix
gcc version 4.6.3 (Buildroot 2012.11.1) 
configure:3589: $? = 0
configure:3578: /opt/buildroot-gcc463/usr/bin/mipsel-linux-gcc -V >&5
mipsel-linux-gcc: error: unrecognized option '-V'
mipsel-linux-gcc: fatal error: no input files
compilation terminated.
configure:3589: $? = 1
configure:3578: /opt/buildroot-gcc463/usr/bin/mipsel-linux-gcc -qversion >&5
mipsel-linux-gcc: error: unrecognized option '-qversion'
mipsel-linux-gcc: fatal error: no input files
compilation terminated.
configure:3589: $? = 1
configure:3609: checking whether the C compiler works
configure:3631: /opt/buildroot-gcc463/usr/bin/mipsel-linux-gcc -fPIC   conftest.c  >&5
configure:3635: $? = 0
configure:3684: result: yes
configure:3687: checking for C compiler default output file name
configure:3689: result: a.out
configure:3695: checking for suffix of executables
configure:3702: /opt/buildroot-gcc463/usr/bin/mipsel-linux-gcc -o conftest -fPIC   conftest.c  >&5
configure:3706: $? = 0
configure:3728: result: 
configure:3750: checking whether we are cross compiling
configure:3758: /opt/buildroot-gcc463/usr/bin/mipsel-linux-gcc -o conftest -fPIC   conftest.c  >&5
configure:3762: $? = 0
configure:3769: ./conftest
./configure: line 3771: ./conftest: cannot execute binary file
configure:3773: $? = 126
configure:3788: result: yes
configure:3793: checking for suffix of object files
configure:3815: /opt/buildroot-gcc463/usr/bin/mipsel-linux-gcc -c -fPIC  conftest.c >&5
configure:3819: $? = 0
configure:3840: result: o
configure:3844: checking whether we are using the GNU C compiler
configure:3863: /opt/buildroot-gcc463/usr/bin/mipsel-linux-gcc -c -fPIC  conftest.c >&5
configure:3863: $? = 0
configure:3872: result: yes
configure:3881: checking whether /opt/buildroot-gcc463/usr/bin/mipsel-linux-gcc accepts -g
configure:3901: /opt/buildroot-gcc463/usr/bin/mipsel-linux-gcc -c -g  conftest.c >&5
configure:3901: $? = 0
configure:3942: result: yes
configure:3959: checking for /opt/buildroot-gcc463/usr/bin/mipsel-linux-gcc option to accept ISO C89
configure:4023: /opt/buildroot-gcc463/usr/bin/mipsel-linux-gcc  -c -fPIC  conftest.c >&5
configure:4023: $? = 0
configure:4036: result: none needed
configure:4067: checking for style of include used by make
configure:4095: result: GNU
configure:4120: checking dependency style of /opt/buildroot-gcc463/usr/bin/mipsel-linux-gcc
configure:4211: result: gcc3
configure:4240: checking for mipsel-linux-g++
configure:4270: result: no
configure:4240: checking for mipsel-linux-c++
configure:4270: result: no
configure:4240: checking for mipsel-linux-gpp
configure:4270: result: no
configure:4240: checking for mipsel-linux-aCC
configure:4270: result: no
configure:4240: checking for mipsel-linux-CC
configure:4270: result: no
configure:4240: checking for mipsel-linux-cxx
configure:4270: result: no
configure:4240: checking for mipsel-linux-cc++
configure:4270: result: no
configure:4240: checking for mipsel-linux-cl.exe
configure:4270: result: no
configure:4240: checking for mipsel-linux-FCC
configure:4270: result: no
configure:4240: checking for mipsel-linux-KCC
configure:4270: result: no
configure:4240: checking for mipsel-linux-RCC
configure:4270: result: no
configure:4240: checking for mipsel-linux-xlC_r
configure:4270: result: no
configure:4240: checking for mipsel-linux-xlC
configure:4270: result: no
configure:4284: checking for g++
configure:4300: found /usr/bin/g++
configure:4311: result: g++
configure:4327: WARNING: using cross tools not prefixed with host triplet
configure:4338: checking for C++ compiler version
configure:4347: g++ --version >&5
g++ (GCC) 4.4.7 20120313 (Red Hat 4.4.7-17)
Copyright (C) 2010 Free Software Foundation, Inc.
This is free software; see the source for copying conditions.  There is NO
warranty; not even for MERCHANTABILITY or FITNESS FOR A PARTICULAR PURPOSE.

configure:4358: $? = 0
configure:4347: g++ -v >&5
Using built-in specs.
Target: i686-redhat-linux
Configured with: ../configure --prefix=/usr --mandir=/usr/share/man --infodir=/usr/share/info --with-bugurl=http://bugzilla.redhat.com/bugzilla --enable-bootstrap --enable-shared --enable-threads=posix --enable-checking=release --with-system-zlib --enable-__cxa_atexit --disable-libunwind-exceptions --enable-gnu-unique-object --enable-languages=c,c++,objc,obj-c++,java,fortran,ada --enable-java-awt=gtk --disable-dssi --with-java-home=/usr/lib/jvm/java-1.5.0-gcj-1.5.0.0/jre --enable-libgcj-multifile --enable-java-maintainer-mode --with-ecj-jar=/usr/share/java/eclipse-ecj.jar --disable-libjava-multilib --with-ppl --with-cloog --with-tune=generic --with-arch=i686 --build=i686-redhat-linux
Thread model: posix
gcc version 4.4.7 20120313 (Red Hat 4.4.7-17) (GCC) 
configure:4358: $? = 0
configure:4347: g++ -V >&5
g++: '-V' option must have argument
configure:4358: $? = 1
configure:4347: g++ -qversion >&5
g++: unrecognized option '-qversion'
g++: no input files
configure:4358: $? = 1
configure:4362: checking whether we are using the GNU C++ compiler
configure:4381: g++ -c   conftest.cpp >&5
configure:4381: $? = 0
configure:4390: result: yes
configure:4399: checking whether g++ accepts -g
configure:4419: g++ -c -g  conftest.cpp >&5
configure:4419: $? = 0
configure:4460: result: yes
configure:4485: checking dependency style of g++
configure:4576: result: gcc3
configure:4634: g++ -c -O2  conftest.cpp >&5
configure:4634: $? = 0
configure:4654: checking how to run the C preprocessor
configure:4685: /opt/buildroot-gcc463/usr/bin/mipsel-linux-gcc -E  conftest.c
configure:4685: $? = 0
configure:4699: /opt/buildroot-gcc463/usr/bin/mipsel-linux-gcc -E  conftest.c
conftest.c:11:28: fatal error: ac_nonexistent.h: No such file or directory
compilation terminated.
configure:4699: $? = 1
configure: failed program was:
| /* confdefs.h */
| #define PACKAGE_NAME "PCRE"
| #define PACKAGE_TARNAME "pcre"
| #define PACKAGE_VERSION "8.01"
| #define PACKAGE_STRING "PCRE 8.01"
| #define PACKAGE_BUGREPORT ""
| #define PACKAGE_URL ""
| #define PACKAGE "pcre"
| #define VERSION "8.01"
| /* end confdefs.h.  */
| #include <ac_nonexistent.h>
configure:4724: result: /opt/buildroot-gcc463/usr/bin/mipsel-linux-gcc -E
configure:4744: /opt/buildroot-gcc463/usr/bin/mipsel-linux-gcc -E  conftest.c
configure:4744: $? = 0
configure:4758: /opt/buildroot-gcc463/usr/bin/mipsel-linux-gcc -E  conftest.c
conftest.c:11:28: fatal error: ac_nonexistent.h: No such file or directory
compilation terminated.
configure:4758: $? = 1
configure: failed program was:
| /* confdefs.h */
| #define PACKAGE_NAME "PCRE"
| #define PACKAGE_TARNAME "pcre"
| #define PACKAGE_VERSION "8.01"
| #define PACKAGE_STRING "PCRE 8.01"
| #define PACKAGE_BUGREPORT ""
| #define PACKAGE_URL ""
| #define PACKAGE "pcre"
| #define VERSION "8.01"
| /* end confdefs.h.  */
| #include <ac_nonexistent.h>
configure:4787: checking for grep that handles long lines and -e
configure:4845: result: /bin/grep
configure:4850: checking for egrep
configure:4912: result: /bin/grep -E
configure:4917: checking for ANSI C header files
configure:4937: /opt/buildroot-gcc463/usr/bin/mipsel-linux-gcc -c -fPIC  conftest.c >&5
configure:4937: $? = 0
configure:5021: result: yes
configure:5034: checking for sys/types.h
configure:5034: /opt/buildroot-gcc463/usr/bin/mipsel-linux-gcc -c -fPIC  conftest.c >&5
configure:5034: $? = 0
configure:5034: result: yes
configure:5034: checking for sys/stat.h
configure:5034: /opt/buildroot-gcc463/usr/bin/mipsel-linux-gcc -c -fPIC  conftest.c >&5
configure:5034: $? = 0
configure:5034: result: yes
configure:5034: checking for stdlib.h
configure:5034: /opt/buildroot-gcc463/usr/bin/mipsel-linux-gcc -c -fPIC  conftest.c >&5
configure:5034: $? = 0
configure:5034: result: yes
configure:5034: checking for string.h
configure:5034: /opt/buildroot-gcc463/usr/bin/mipsel-linux-gcc -c -fPIC  conftest.c >&5
configure:5034: $? = 0
configure:5034: result: yes
configure:5034: checking for memory.h
configure:5034: /opt/buildroot-gcc463/usr/bin/mipsel-linux-gcc -c -fPIC  conftest.c >&5
configure:5034: $? = 0
configure:5034: result: yes
configure:5034: checking for strings.h
configure:5034: /opt/buildroot-gcc463/usr/bin/mipsel-linux-gcc -c -fPIC  conftest.c >&5
configure:5034: $? = 0
configure:5034: result: yes
configure:5034: checking for inttypes.h
configure:5034: /opt/buildroot-gcc463/usr/bin/mipsel-linux-gcc -c -fPIC  conftest.c >&5
configure:5034: $? = 0
configure:5034: result: yes
configure:5034: checking for stdint.h
configure:5034: /opt/buildroot-gcc463/usr/bin/mipsel-linux-gcc -c -fPIC  conftest.c >&5
configure:5034: $? = 0
configure:5034: result: yes
configure:5034: checking for unistd.h
configure:5034: /opt/buildroot-gcc463/usr/bin/mipsel-linux-gcc -c -fPIC  conftest.c >&5
configure:5034: $? = 0
configure:5034: result: yes
configure:5047: checking for int64_t
configure:5047: /opt/buildroot-gcc463/usr/bin/mipsel-linux-gcc -c -fPIC  conftest.c >&5
conftest.c: In function 'main':
conftest.c:57:57: error: expected ')' before ';' token
conftest.c:58:63: error: expected expression before ']' token
configure:5047: $? = 1
configure: failed program was:
| /* confdefs.h */
| #define PACKAGE_NAME "PCRE"
| #define PACKAGE_TARNAME "pcre"
| #define PACKAGE_VERSION "8.01"
| #define PACKAGE_STRING "PCRE 8.01"
| #define PACKAGE_BUGREPORT ""
| #define PACKAGE_URL ""
| #define PACKAGE "pcre"
| #define VERSION "8.01"
| #define STDC_HEADERS 1
| #define HAVE_SYS_TYPES_H 1
| #define HAVE_SYS_STAT_H 1
| #define HAVE_STDLIB_H 1
| #define HAVE_STRING_H 1
| #define HAVE_MEMORY_H 1
| #define HAVE_STRINGS_H 1
| #define HAVE_INTTYPES_H 1
| #define HAVE_STDINT_H 1
| #define HAVE_UNISTD_H 1
| /* end confdefs.h.  */
| #include <stdio.h>
| #ifdef HAVE_SYS_TYPES_H
| # include <sys/types.h>
| #endif
| #ifdef HAVE_SYS_STAT_H
| # include <sys/stat.h>
| #endif
| #ifdef STDC_HEADERS
| # include <stdlib.h>
| # include <stddef.h>
| #else
| # ifdef HAVE_STDLIB_H
| #  include <stdlib.h>
| # endif
| #endif
| #ifdef HAVE_STRING_H
| # if !defined STDC_HEADERS && defined HAVE_MEMORY_H
| #  include <memory.h>
| # endif
| # include <string.h>
| #endif
| #ifdef HAVE_STRINGS_H
| # include <strings.h>
| #endif
| #ifdef HAVE_INTTYPES_H
| # include <inttypes.h>
| #endif
| #ifdef HAVE_STDINT_H
| # include <stdint.h>
| #endif
| #ifdef HAVE_UNISTD_H
| # include <unistd.h>
| #endif
| int
| main ()
| {
| static int test_array [1 - 2 * !(enum { N = 64 / 2 - 1 };
| 	     0 < (int64_t) (((((int64_t) 1 << N) << N) - 1) * 2 + 1))];
| test_array [0] = 0
| 
|   ;
|   return 0;
| }
configure:5047: /opt/buildroot-gcc463/usr/bin/mipsel-linux-gcc -c -fPIC  conftest.c >&5
conftest.c: In function 'main':
conftest.c:57:57: error: expected ')' before ';' token
conftest.c:58:55: error: expected expression before ']' token
configure:5047: $? = 1
configure: failed program was:
| /* confdefs.h */
| #define PACKAGE_NAME "PCRE"
| #define PACKAGE_TARNAME "pcre"
| #define PACKAGE_VERSION "8.01"
| #define PACKAGE_STRING "PCRE 8.01"
| #define PACKAGE_BUGREPORT ""
| #define PACKAGE_URL ""
| #define PACKAGE "pcre"
| #define VERSION "8.01"
| #define STDC_HEADERS 1
| #define HAVE_SYS_TYPES_H 1
| #define HAVE_SYS_STAT_H 1
| #define HAVE_STDLIB_H 1
| #define HAVE_STRING_H 1
| #define HAVE_MEMORY_H 1
| #define HAVE_STRINGS_H 1
| #define HAVE_INTTYPES_H 1
| #define HAVE_STDINT_H 1
| #define HAVE_UNISTD_H 1
| /* end confdefs.h.  */
| #include <stdio.h>
| #ifdef HAVE_SYS_TYPES_H
| # include <sys/types.h>
| #endif
| #ifdef HAVE_SYS_STAT_H
| # include <sys/stat.h>
| #endif
| #ifdef STDC_HEADERS
| # include <stdlib.h>
| # include <stddef.h>
| #else
| # ifdef HAVE_STDLIB_H
| #  include <stdlib.h>
| # endif
| #endif
| #ifdef HAVE_STRING_H
| # if !defined STDC_HEADERS && defined HAVE_MEMORY_H
| #  include <memory.h>
| # endif
| # include <string.h>
| #endif
| #ifdef HAVE_STRINGS_H
| # include <strings.h>
| #endif
| #ifdef HAVE_INTTYPES_H
| # include <inttypes.h>
| #endif
| #ifdef HAVE_STDINT_H
| # include <stdint.h>
| #endif
| #ifdef HAVE_UNISTD_H
| # include <unistd.h>
| #endif
| int
| main ()
| {
| static int test_array [1 - 2 * !(enum { N = 64 / 2 - 1 };
| 	     0 < (int) (((((int) 1 << N) << N) - 1) * 2 + 1))];
| test_array [0] = 0
| 
|   ;
|   return 0;
| }
configure:5047: /opt/buildroot-gcc463/usr/bin/mipsel-linux-gcc -c -fPIC  conftest.c >&5
conftest.c: In function 'main':
conftest.c:57:57: error: expected ')' before ';' token
conftest.c:58:65: error: expected expression before ']' token
configure:5047: $? = 1
configure: failed program was:
| /* confdefs.h */
| #define PACKAGE_NAME "PCRE"
| #define PACKAGE_TARNAME "pcre"
| #define PACKAGE_VERSION "8.01"
| #define PACKAGE_STRING "PCRE 8.01"
| #define PACKAGE_BUGREPORT ""
| #define PACKAGE_URL ""
| #define PACKAGE "pcre"
| #define VERSION "8.01"
| #define STDC_HEADERS 1
| #define HAVE_SYS_TYPES_H 1
| #define HAVE_SYS_STAT_H 1
| #define HAVE_STDLIB_H 1
| #define HAVE_STRING_H 1
| #define HAVE_MEMORY_H 1
| #define HAVE_STRINGS_H 1
| #define HAVE_INTTYPES_H 1
| #define HAVE_STDINT_H 1
| #define HAVE_UNISTD_H 1
| /* end confdefs.h.  */
| #include <stdio.h>
| #ifdef HAVE_SYS_TYPES_H
| # include <sys/types.h>
| #endif
| #ifdef HAVE_SYS_STAT_H
| # include <sys/stat.h>
| #endif
| #ifdef STDC_HEADERS
| # include <stdlib.h>
| # include <stddef.h>
| #else
| # ifdef HAVE_STDLIB_H
| #  include <stdlib.h>
| # endif
| #endif
| #ifdef HAVE_STRING_H
| # if !defined STDC_HEADERS && defined HAVE_MEMORY_H
| #  include <memory.h>
| # endif
| # include <string.h>
| #endif
| #ifdef HAVE_STRINGS_H
| # include <strings.h>
| #endif
| #ifdef HAVE_INTTYPES_H
| # include <inttypes.h>
| #endif
| #ifdef HAVE_STDINT_H
| # include <stdint.h>
| #endif
| #ifdef HAVE_UNISTD_H
| # include <unistd.h>
| #endif
| int
| main ()
| {
| static int test_array [1 - 2 * !(enum { N = 64 / 2 - 1 };
| 	     0 < (long int) (((((long int) 1 << N) << N) - 1) * 2 + 1))];
| test_array [0] = 0
| 
|   ;
|   return 0;
| }
configure:5047: /opt/buildroot-gcc463/usr/bin/mipsel-linux-gcc -c -fPIC  conftest.c >&5
conftest.c: In function 'main':
conftest.c:57:57: error: expected ')' before ';' token
conftest.c:58:75: error: expected expression before ']' token
configure:5047: $? = 1
configure: failed program was:
| /* confdefs.h */
| #define PACKAGE_NAME "PCRE"
| #define PACKAGE_TARNAME "pcre"
| #define PACKAGE_VERSION "8.01"
| #define PACKAGE_STRING "PCRE 8.01"
| #define PACKAGE_BUGREPORT ""
| #define PACKAGE_URL ""
| #define PACKAGE "pcre"
| #define VERSION "8.01"
| #define STDC_HEADERS 1
| #define HAVE_SYS_TYPES_H 1
| #define HAVE_SYS_STAT_H 1
| #define HAVE_STDLIB_H 1
| #define HAVE_STRING_H 1
| #define HAVE_MEMORY_H 1
| #define HAVE_STRINGS_H 1
| #define HAVE_INTTYPES_H 1
| #define HAVE_STDINT_H 1
| #define HAVE_UNISTD_H 1
| /* end confdefs.h.  */
| #include <stdio.h>
| #ifdef HAVE_SYS_TYPES_H
| # include <sys/types.h>
| #endif
| #ifdef HAVE_SYS_STAT_H
| # include <sys/stat.h>
| #endif
| #ifdef STDC_HEADERS
| # include <stdlib.h>
| # include <stddef.h>
| #else
| # ifdef HAVE_STDLIB_H
| #  include <stdlib.h>
| # endif
| #endif
| #ifdef HAVE_STRING_H
| # if !defined STDC_HEADERS && defined HAVE_MEMORY_H
| #  include <memory.h>
| # endif
| # include <string.h>
| #endif
| #ifdef HAVE_STRINGS_H
| # include <strings.h>
| #endif
| #ifdef HAVE_INTTYPES_H
| # include <inttypes.h>
| #endif
| #ifdef HAVE_STDINT_H
| # include <stdint.h>
| #endif
| #ifdef HAVE_UNISTD_H
| # include <unistd.h>
| #endif
| int
| main ()
| {
| static int test_array [1 - 2 * !(enum { N = 64 / 2 - 1 };
| 	     0 < (long long int) (((((long long int) 1 << N) << N) - 1) * 2 + 1))];
| test_array [0] = 0
| 
|   ;
|   return 0;
| }
configure:5047: /opt/buildroot-gcc463/usr/bin/mipsel-linux-gcc -c -fPIC  conftest.c >&5
conftest.c: In function 'main':
conftest.c:57:57: error: expected ')' before ';' token
conftest.c:58:67: error: expected expression before ']' token
configure:5047: $? = 1
configure: failed program was:
| /* confdefs.h */
| #define PACKAGE_NAME "PCRE"
| #define PACKAGE_TARNAME "pcre"
| #define PACKAGE_VERSION "8.01"
| #define PACKAGE_STRING "PCRE 8.01"
| #define PACKAGE_BUGREPORT ""
| #define PACKAGE_URL ""
| #define PACKAGE "pcre"
| #define VERSION "8.01"
| #define STDC_HEADERS 1
| #define HAVE_SYS_TYPES_H 1
| #define HAVE_SYS_STAT_H 1
| #define HAVE_STDLIB_H 1
| #define HAVE_STRING_H 1
| #define HAVE_MEMORY_H 1
| #define HAVE_STRINGS_H 1
| #define HAVE_INTTYPES_H 1
| #define HAVE_STDINT_H 1
| #define HAVE_UNISTD_H 1
| /* end confdefs.h.  */
| #include <stdio.h>
| #ifdef HAVE_SYS_TYPES_H
| # include <sys/types.h>
| #endif
| #ifdef HAVE_SYS_STAT_H
| # include <sys/stat.h>
| #endif
| #ifdef STDC_HEADERS
| # include <stdlib.h>
| # include <stddef.h>
| #else
| # ifdef HAVE_STDLIB_H
| #  include <stdlib.h>
| # endif
| #endif
| #ifdef HAVE_STRING_H
| # if !defined STDC_HEADERS && defined HAVE_MEMORY_H
| #  include <memory.h>
| # endif
| # include <string.h>
| #endif
| #ifdef HAVE_STRINGS_H
| # include <strings.h>
| #endif
| #ifdef HAVE_INTTYPES_H
| # include <inttypes.h>
| #endif
| #ifdef HAVE_STDINT_H
| # include <stdint.h>
| #endif
| #ifdef HAVE_UNISTD_H
| # include <unistd.h>
| #endif
| int
| main ()
| {
| static int test_array [1 - 2 * !(enum { N = 64 / 2 - 1 };
| 	     0 < (short int) (((((short int) 1 << N) << N) - 1) * 2 + 1))];
| test_array [0] = 0
| 
|   ;
|   return 0;
| }
configure:5047: /opt/buildroot-gcc463/usr/bin/mipsel-linux-gcc -c -fPIC  conftest.c >&5
conftest.c: In function 'main':
conftest.c:57:57: error: expected ')' before ';' token
conftest.c:58:71: error: expected expression before ']' token
configure:5047: $? = 1
configure: failed program was:
| /* confdefs.h */
| #define PACKAGE_NAME "PCRE"
| #define PACKAGE_TARNAME "pcre"
| #define PACKAGE_VERSION "8.01"
| #define PACKAGE_STRING "PCRE 8.01"
| #define PACKAGE_BUGREPORT ""
| #define PACKAGE_URL ""
| #define PACKAGE "pcre"
| #define VERSION "8.01"
| #define STDC_HEADERS 1
| #define HAVE_SYS_TYPES_H 1
| #define HAVE_SYS_STAT_H 1
| #define HAVE_STDLIB_H 1
| #define HAVE_STRING_H 1
| #define HAVE_MEMORY_H 1
| #define HAVE_STRINGS_H 1
| #define HAVE_INTTYPES_H 1
| #define HAVE_STDINT_H 1
| #define HAVE_UNISTD_H 1
| /* end confdefs.h.  */
| #include <stdio.h>
| #ifdef HAVE_SYS_TYPES_H
| # include <sys/types.h>
| #endif
| #ifdef HAVE_SYS_STAT_H
| # include <sys/stat.h>
| #endif
| #ifdef STDC_HEADERS
| # include <stdlib.h>
| # include <stddef.h>
| #else
| # ifdef HAVE_STDLIB_H
| #  include <stdlib.h>
| # endif
| #endif
| #ifdef HAVE_STRING_H
| # if !defined STDC_HEADERS && defined HAVE_MEMORY_H
| #  include <memory.h>
| # endif
| # include <string.h>
| #endif
| #ifdef HAVE_STRINGS_H
| # include <strings.h>
| #endif
| #ifdef HAVE_INTTYPES_H
| # include <inttypes.h>
| #endif
| #ifdef HAVE_STDINT_H
| # include <stdint.h>
| #endif
| #ifdef HAVE_UNISTD_H
| # include <unistd.h>
| #endif
| int
| main ()
| {
| static int test_array [1 - 2 * !(enum { N = 64 / 2 - 1 };
| 	     0 < (signed char) (((((signed char) 1 << N) << N) - 1) * 2 + 1))];
| test_array [0] = 0
| 
|   ;
|   return 0;
| }
configure:5047: result: no
configure:5064: checking build system type
configure:5078: result: i686-pc-linux-uclibc
configure:5098: checking host system type
configure:5111: result: mipsel-unknown-linux-gnu
configure:5459: checking for a sed that does not truncate output
configure:5523: result: /bin/sed
configure:5541: checking for fgrep
configure:5603: result: /bin/grep -F
configure:5638: checking for ld used by /opt/buildroot-gcc463/usr/bin/mipsel-linux-gcc
configure:5705: result: /opt/buildroot-gcc463/usr/bin/mipsel-linux-ld
configure:5712: checking if the linker (/opt/buildroot-gcc463/usr/bin/mipsel-linux-ld) is GNU ld
configure:5727: result: yes
configure:5739: checking for BSD- or MS-compatible name lister (nm)
configure:5788: result: no
configure:5799: checking for mipsel-linux-dumpbin
configure:5829: result: no
configure:5799: checking for mipsel-linux-link
configure:5829: result: no
configure:5843: checking for dumpbin
configure:5873: result: no
configure:5843: checking for link
configure:5859: found /bin/link
configure:5870: result: link -dump -symbols
configure:5906: checking the name lister (link -dump -symbols) interface
configure:5913: /opt/buildroot-gcc463/usr/bin/mipsel-linux-gcc -c -fPIC  conftest.c >&5
configure:5916: link -dump -symbols "conftest.o"
link: invalid option -- 'd'
Try `link --help' for more information.
configure:5919: output
configure:5926: result: BSD nm
configure:5929: checking whether ln -s works
configure:5933: result: yes
configure:5941: checking the maximum length of command line arguments
configure:6061: result: 1966080
configure:6078: checking whether the shell understands some XSI constructs
configure:6088: result: yes
configure:6092: checking whether the shell understands "+="
configure:6098: result: yes
configure:6133: checking for /opt/buildroot-gcc463/usr/bin/mipsel-linux-ld option to reload object files
configure:6140: result: -r
configure:6169: checking for mipsel-linux-objdump
configure:6196: result: objdump
configure:6265: checking how to recognize dependent libraries
configure:6461: result: pass_all
configure:6481: checking for mipsel-linux-ar
configure:6511: result: no
configure:6521: checking for ar
configure:6537: found /usr/bin/ar
configure:6548: result: ar
configure:6586: checking for mipsel-linux-strip
configure:6613: result: strip
configure:6685: checking for mipsel-linux-ranlib
configure:6715: result: no
configure:6725: checking for ranlib
configure:6741: found /usr/bin/ranlib
configure:6752: result: ranlib
configure:6842: checking command to parse link -dump -symbols output from /opt/buildroot-gcc463/usr/bin/mipsel-linux-gcc object
configure:6960: /opt/buildroot-gcc463/usr/bin/mipsel-linux-gcc -c -fPIC  conftest.c >&5
configure:6963: $? = 0
configure:6967: link -dump -symbols conftest.o \| sed -n -e 's/^.*[	 ]\([BCDEGRST][BCDEGRST]*\)[	 ][	 ]*\([_A-Za-z][_A-Za-z0-9]*\)$/\1 \2 \2/p' \> conftest.nm
link: invalid option -- 'd'
Try `link --help' for more information.
configure:6970: $? = 0
cannot run sed -n -e 's/^.*[	 ]\([BCDEGRST][BCDEGRST]*\)[	 ][	 ]*\([_A-Za-z][_A-Za-z0-9]*\)$/\1 \2 \2/p'
configure:6960: /opt/buildroot-gcc463/usr/bin/mipsel-linux-gcc -c -fPIC  conftest.c >&5
configure:6963: $? = 0
configure:6967: link -dump -symbols conftest.o \| sed -n -e 's/^.*[	 ]\([BCDEGRST][BCDEGRST]*\)[	 ][	 ]*_\([_A-Za-z][_A-Za-z0-9]*\)$/\1 _\2 \2/p' \> conftest.nm
link: invalid option -- 'd'
Try `link --help' for more information.
configure:6970: $? = 0
cannot run sed -n -e 's/^.*[	 ]\([BCDEGRST][BCDEGRST]*\)[	 ][	 ]*_\([_A-Za-z][_A-Za-z0-9]*\)$/\1 _\2 \2/p'
configure:7062: result: failed
configure:7870: checking for dlfcn.h
configure:7870: /opt/buildroot-gcc463/usr/bin/mipsel-linux-gcc -c -fPIC  conftest.c >&5
configure:7870: $? = 0
configure:7870: result: yes
configure:7995: checking for C++ compiler version
configure:8004: g++ --version >&5
g++ (GCC) 4.4.7 20120313 (Red Hat 4.4.7-17)
Copyright (C) 2010 Free Software Foundation, Inc.
This is free software; see the source for copying conditions.  There is NO
warranty; not even for MERCHANTABILITY or FITNESS FOR A PARTICULAR PURPOSE.

configure:8015: $? = 0
configure:8004: g++ -v >&5
Using built-in specs.
Target: i686-redhat-linux
Configured with: ../configure --prefix=/usr --mandir=/usr/share/man --infodir=/usr/share/info --with-bugurl=http://bugzilla.redhat.com/bugzilla --enable-bootstrap --enable-shared --enable-threads=posix --enable-checking=release --with-system-zlib --enable-__cxa_atexit --disable-libunwind-exceptions --enable-gnu-unique-object --enable-languages=c,c++,objc,obj-c++,java,fortran,ada --enable-java-awt=gtk --disable-dssi --with-java-home=/usr/lib/jvm/java-1.5.0-gcj-1.5.0.0/jre --enable-libgcj-multifile --enable-java-maintainer-mode --with-ecj-jar=/usr/share/java/eclipse-ecj.jar --disable-libjava-multilib --with-ppl --with-cloog --with-tune=generic --with-arch=i686 --build=i686-redhat-linux
Thread model: posix
gcc version 4.4.7 20120313 (Red Hat 4.4.7-17) (GCC) 
configure:8015: $? = 0
configure:8004: g++ -V >&5
g++: '-V' option must have argument
configure:8015: $? = 1
configure:8004: g++ -qversion >&5
g++: unrecognized option '-qversion'
g++: no input files
configure:8015: $? = 1
configure:8019: checking whether we are using the GNU C++ compiler
configure:8047: result: yes
configure:8056: checking whether g++ accepts -g
configure:8117: result: yes
configure:8142: checking dependency style of g++
configure:8233: result: gcc3
configure:8256: checking how to run the C++ preprocessor
configure:8283: g++ -E  conftest.cpp
configure:8283: $? = 0
configure:8297: g++ -E  conftest.cpp
conftest.cpp:22:28: error: ac_nonexistent.h: No such file or directory
configure:8297: $? = 1
configure: failed program was:
| /* confdefs.h */
| #define PACKAGE_NAME "PCRE"
| #define PACKAGE_TARNAME "pcre"
| #define PACKAGE_VERSION "8.01"
| #define PACKAGE_STRING "PCRE 8.01"
| #define PACKAGE_BUGREPORT ""
| #define PACKAGE_URL ""
| #define PACKAGE "pcre"
| #define VERSION "8.01"
| #define STDC_HEADERS 1
| #define HAVE_SYS_TYPES_H 1
| #define HAVE_SYS_STAT_H 1
| #define HAVE_STDLIB_H 1
| #define HAVE_STRING_H 1
| #define HAVE_MEMORY_H 1
| #define HAVE_STRINGS_H 1
| #define HAVE_INTTYPES_H 1
| #define HAVE_STDINT_H 1
| #define HAVE_UNISTD_H 1
| #define HAVE_DLFCN_H 1
| /* end confdefs.h.  */
| #include <ac_nonexistent.h>
configure:8322: result: g++ -E
configure:8342: g++ -E  conftest.cpp
configure:8342: $? = 0
configure:8356: g++ -E  conftest.cpp
conftest.cpp:22:28: error: ac_nonexistent.h: No such file or directory
configure:8356: $? = 1
configure: failed program was:
| /* confdefs.h */
| #define PACKAGE_NAME "PCRE"
| #define PACKAGE_TARNAME "pcre"
| #define PACKAGE_VERSION "8.01"
| #define PACKAGE_STRING "PCRE 8.01"
| #define PACKAGE_BUGREPORT ""
| #define PACKAGE_URL ""
| #define PACKAGE "pcre"
| #define VERSION "8.01"
| #define STDC_HEADERS 1
| #define HAVE_SYS_TYPES_H 1
| #define HAVE_SYS_STAT_H 1
| #define HAVE_STDLIB_H 1
| #define HAVE_STRING_H 1
| #define HAVE_MEMORY_H 1
| #define HAVE_STRINGS_H 1
| #define HAVE_INTTYPES_H 1
| #define HAVE_STDINT_H 1
| #define HAVE_UNISTD_H 1
| #define HAVE_DLFCN_H 1
| /* end confdefs.h.  */
| #include <ac_nonexistent.h>
configure:8559: checking for objdir
configure:8574: result: .libs
configure:8866: checking if /opt/buildroot-gcc463/usr/bin/mipsel-linux-gcc supports -fno-rtti -fno-exceptions
configure:8884: /opt/buildroot-gcc463/usr/bin/mipsel-linux-gcc -c -fPIC  -fno-rtti -fno-exceptions conftest.c >&5
cc1: warning: command line option '-fno-rtti' is valid for C++/ObjC++ but not for C [enabled by default]
configure:8888: $? = 0
configure:8901: result: no
configure:8921: checking for /opt/buildroot-gcc463/usr/bin/mipsel-linux-gcc option to produce PIC
configure:9193: result: -fPIC -DPIC
configure:9205: checking if /opt/buildroot-gcc463/usr/bin/mipsel-linux-gcc PIC flag -fPIC -DPIC works
configure:9223: /opt/buildroot-gcc463/usr/bin/mipsel-linux-gcc -c -fPIC  -fPIC -DPIC -DPIC conftest.c >&5
configure:9227: $? = 0
configure:9240: result: yes
configure:9264: checking if /opt/buildroot-gcc463/usr/bin/mipsel-linux-gcc static flag -static works
configure:9292: result: yes
configure:9307: checking if /opt/buildroot-gcc463/usr/bin/mipsel-linux-gcc supports -c -o file.o
configure:9328: /opt/buildroot-gcc463/usr/bin/mipsel-linux-gcc -c -fPIC  -o out/conftest2.o conftest.c >&5
configure:9332: $? = 0
configure:9354: result: yes
configure:9362: checking if /opt/buildroot-gcc463/usr/bin/mipsel-linux-gcc supports -c -o file.o
configure:9409: result: yes
configure:9442: checking whether the /opt/buildroot-gcc463/usr/bin/mipsel-linux-gcc linker (/opt/buildroot-gcc463/usr/bin/mipsel-linux-ld) supports shared libraries
configure:10428: result: yes
configure:10465: checking whether -lc should be explicitly linked in
configure:10470: /opt/buildroot-gcc463/usr/bin/mipsel-linux-gcc -c -fPIC  conftest.c >&5
configure:10473: $? = 0
configure:10488: /opt/buildroot-gcc463/usr/bin/mipsel-linux-gcc -shared conftest.o  -v -Wl,-soname -Wl,conftest -o conftest 2\>\&1 \| /bin/grep  -lc  \>/dev/null 2\>\&1
configure:10491: $? = 0
configure:10503: result: no
configure:10667: checking dynamic linker characteristics
configure:11113: /opt/buildroot-gcc463/usr/bin/mipsel-linux-gcc -o conftest -fPIC   -Wl,-rpath -Wl,/foo conftest.c  >&5
configure:11113: $? = 0
configure:11331: result: GNU/Linux ld.so
configure:11433: checking how to hardcode library paths into programs
configure:11458: result: immediate
configure:11978: checking whether stripping libraries is possible
configure:11983: result: yes
configure:12018: checking if libtool supports shared libraries
configure:12020: result: yes
configure:12023: checking whether to build shared libraries
configure:12044: result: yes
configure:12047: checking whether to build static libraries
configure:12051: result: yes
configure:12201: checking for ld used by g++
configure:12268: result: /opt/buildroot-gcc463/usr/bin/mipsel-linux-ld
configure:12275: checking if the linker (/opt/buildroot-gcc463/usr/bin/mipsel-linux-ld) is GNU ld
configure:12290: result: yes
configure:12345: checking whether the g++ linker (/opt/buildroot-gcc463/usr/bin/mipsel-linux-ld) supports shared libraries
configure:13258: result: yes
configure:13286: g++ -c -O2  conftest.cpp >&5
configure:13289: $? = 0
configure:13471: checking for g++ option to produce PIC
configure:13788: result: -fPIC -DPIC
configure:13797: checking if g++ PIC flag -fPIC -DPIC works
configure:13815: g++ -c -O2  -fPIC -DPIC -DPIC conftest.cpp >&5
configure:13819: $? = 0
configure:13832: result: yes
configure:13853: checking if g++ static flag -static works
configure:13881: result: yes
configure:13893: checking if g++ supports -c -o file.o
configure:13914: g++ -c -O2  -o out/conftest2.o conftest.cpp >&5
configure:13918: $? = 0
configure:13940: result: yes
configure:13945: checking if g++ supports -c -o file.o
configure:13992: result: yes
configure:14022: checking whether the g++ linker (/opt/buildroot-gcc463/usr/bin/mipsel-linux-ld) supports shared libraries
configure:14048: result: yes
configure:14185: checking dynamic linker characteristics
configure:14579: g++ -o conftest -O2   -Wl,-rpath -Wl,/foo conftest.cpp  >&5
configure:14579: $? = 0
configure:14797: result: GNU/Linux ld.so
configure:14848: checking how to hardcode library paths into programs
configure:14873: result: immediate
configure:14931: checking whether ln -s works
configure:14935: result: yes
configure:15190: checking for ANSI C header files
configure:15294: result: yes
configure:15305: checking limits.h usability
configure:15305: /opt/buildroot-gcc463/usr/bin/mipsel-linux-gcc -c -fPIC  conftest.c >&5
configure:15305: $? = 0
configure:15305: result: yes
configure:15305: checking limits.h presence
configure:15305: /opt/buildroot-gcc463/usr/bin/mipsel-linux-gcc -E  conftest.c
configure:15305: $? = 0
configure:15305: result: yes
configure:15305: checking for limits.h
configure:15305: result: yes
configure:15305: checking for sys/types.h
configure:15305: result: yes
configure:15305: checking for sys/stat.h
configure:15305: result: yes
configure:15305: checking dirent.h usability
configure:15305: /opt/buildroot-gcc463/usr/bin/mipsel-linux-gcc -c -fPIC  conftest.c >&5
configure:15305: $? = 0
configure:15305: result: yes
configure:15305: checking dirent.h presence
configure:15305: /opt/buildroot-gcc463/usr/bin/mipsel-linux-gcc -E  conftest.c
configure:15305: $? = 0
configure:15305: result: yes
configure:15305: checking for dirent.h
configure:15305: result: yes
configure:15305: checking windows.h usability
configure:15305: /opt/buildroot-gcc463/usr/bin/mipsel-linux-gcc -c -fPIC  conftest.c >&5
conftest.c:61:21: fatal error: windows.h: No such file or directory
compilation terminated.
configure:15305: $? = 1
configure: failed program was:
| /* confdefs.h */
| #define PACKAGE_NAME "PCRE"
| #define PACKAGE_TARNAME "pcre"
| #define PACKAGE_VERSION "8.01"
| #define PACKAGE_STRING "PCRE 8.01"
| #define PACKAGE_BUGREPORT ""
| #define PACKAGE_URL ""
| #define PACKAGE "pcre"
| #define VERSION "8.01"
| #define STDC_HEADERS 1
| #define HAVE_SYS_TYPES_H 1
| #define HAVE_SYS_STAT_H 1
| #define HAVE_STDLIB_H 1
| #define HAVE_STRING_H 1
| #define HAVE_MEMORY_H 1
| #define HAVE_STRINGS_H 1
| #define HAVE_INTTYPES_H 1
| #define HAVE_STDINT_H 1
| #define HAVE_UNISTD_H 1
| #define HAVE_DLFCN_H 1
| #define LT_OBJDIR ".libs/"
| #define STDC_HEADERS 1
| #define HAVE_LIMITS_H 1
| #define HAVE_SYS_TYPES_H 1
| #define HAVE_SYS_STAT_H 1
| #define HAVE_DIRENT_H 1
| /* end confdefs.h.  */
| #include <stdio.h>
| #ifdef HAVE_SYS_TYPES_H
| # include <sys/types.h>
| #endif
| #ifdef HAVE_SYS_STAT_H
| # include <sys/stat.h>
| #endif
| #ifdef STDC_HEADERS
| # include <stdlib.h>
| # include <stddef.h>
| #else
| # ifdef HAVE_STDLIB_H
| #  include <stdlib.h>
| # endif
| #endif
| #ifdef HAVE_STRING_H
| # if !defined STDC_HEADERS && defined HAVE_MEMORY_H
| #  include <memory.h>
| # endif
| # include <string.h>
| #endif
| #ifdef HAVE_STRINGS_H
| # include <strings.h>
| #endif
| #ifdef HAVE_INTTYPES_H
| # include <inttypes.h>
| #endif
| #ifdef HAVE_STDINT_H
| # include <stdint.h>
| #endif
| #ifdef HAVE_UNISTD_H
| # include <unistd.h>
| #endif
| #include <windows.h>
configure:15305: result: no
configure:15305: checking windows.h presence
configure:15305: /opt/buildroot-gcc463/usr/bin/mipsel-linux-gcc -E  conftest.c
conftest.c:28:21: fatal error: windows.h: No such file or directory
compilation terminated.
configure:15305: $? = 1
configure: failed program was:
| /* confdefs.h */
| #define PACKAGE_NAME "PCRE"
| #define PACKAGE_TARNAME "pcre"
| #define PACKAGE_VERSION "8.01"
| #define PACKAGE_STRING "PCRE 8.01"
| #define PACKAGE_BUGREPORT ""
| #define PACKAGE_URL ""
| #define PACKAGE "pcre"
| #define VERSION "8.01"
| #define STDC_HEADERS 1
| #define HAVE_SYS_TYPES_H 1
| #define HAVE_SYS_STAT_H 1
| #define HAVE_STDLIB_H 1
| #define HAVE_STRING_H 1
| #define HAVE_MEMORY_H 1
| #define HAVE_STRINGS_H 1
| #define HAVE_INTTYPES_H 1
| #define HAVE_STDINT_H 1
| #define HAVE_UNISTD_H 1
| #define HAVE_DLFCN_H 1
| #define LT_OBJDIR ".libs/"
| #define STDC_HEADERS 1
| #define HAVE_LIMITS_H 1
| #define HAVE_SYS_TYPES_H 1
| #define HAVE_SYS_STAT_H 1
| #define HAVE_DIRENT_H 1
| /* end confdefs.h.  */
| #include <windows.h>
configure:15305: result: no
configure:15305: checking for windows.h
configure:15305: result: no
configure:15528: checking for an ANSI C-conforming const
configure:15593: /opt/buildroot-gcc463/usr/bin/mipsel-linux-gcc -c -fPIC  conftest.c >&5
configure:15593: $? = 0
configure:15600: result: yes
configure:15608: checking for size_t
configure:15608: /opt/buildroot-gcc463/usr/bin/mipsel-linux-gcc -c -fPIC  conftest.c >&5
configure:15608: $? = 0
configure:15608: /opt/buildroot-gcc463/usr/bin/mipsel-linux-gcc -c -fPIC  conftest.c >&5
conftest.c: In function 'main':
conftest.c:64:21: error: expected expression before ')' token
configure:15608: $? = 1
configure: failed program was:
| /* confdefs.h */
| #define PACKAGE_NAME "PCRE"
| #define PACKAGE_TARNAME "pcre"
| #define PACKAGE_VERSION "8.01"
| #define PACKAGE_STRING "PCRE 8.01"
| #define PACKAGE_BUGREPORT ""
| #define PACKAGE_URL ""
| #define PACKAGE "pcre"
| #define VERSION "8.01"
| #define STDC_HEADERS 1
| #define HAVE_SYS_TYPES_H 1
| #define HAVE_SYS_STAT_H 1
| #define HAVE_STDLIB_H 1
| #define HAVE_STRING_H 1
| #define HAVE_MEMORY_H 1
| #define HAVE_STRINGS_H 1
| #define HAVE_INTTYPES_H 1
| #define HAVE_STDINT_H 1
| #define HAVE_UNISTD_H 1
| #define HAVE_DLFCN_H 1
| #define LT_OBJDIR ".libs/"
| #define STDC_HEADERS 1
| #define HAVE_LIMITS_H 1
| #define HAVE_SYS_TYPES_H 1
| #define HAVE_SYS_STAT_H 1
| #define HAVE_DIRENT_H 1
| /* end confdefs.h.  */
| #include <stdio.h>
| #ifdef HAVE_SYS_TYPES_H
| # include <sys/types.h>
| #endif
| #ifdef HAVE_SYS_STAT_H
| # include <sys/stat.h>
| #endif
| #ifdef STDC_HEADERS
| # include <stdlib.h>
| # include <stddef.h>
| #else
| # ifdef HAVE_STDLIB_H
| #  include <stdlib.h>
| # endif
| #endif
| #ifdef HAVE_STRING_H
| # if !defined STDC_HEADERS && defined HAVE_MEMORY_H
| #  include <memory.h>
| # endif
| # include <string.h>
| #endif
| #ifdef HAVE_STRINGS_H
| # include <strings.h>
| #endif
| #ifdef HAVE_INTTYPES_H
| # include <inttypes.h>
| #endif
| #ifdef HAVE_STDINT_H
| # include <stdint.h>
| #endif
| #ifdef HAVE_UNISTD_H
| # include <unistd.h>
| #endif
| int
| main ()
| {
| if (sizeof ((size_t)))
| 	    return 0;
|   ;
|   return 0;
| }
configure:15608: result: yes
configure:15625: checking for bcopy
configure:15625: /opt/buildroot-gcc463/usr/bin/mipsel-linux-gcc -o conftest -fPIC   conftest.c  >&5
conftest.c:51:6: warning: conflicting types for built-in function 'bcopy' [enabled by default]
configure:15625: $? = 0
configure:15625: result: yes
configure:15625: checking for memmove
configure:15625: /opt/buildroot-gcc463/usr/bin/mipsel-linux-gcc -o conftest -fPIC   conftest.c  >&5
conftest.c:52:6: warning: conflicting types for built-in function 'memmove' [enabled by default]
configure:15625: $? = 0
configure:15625: result: yes
configure:15625: checking for strerror
configure:15625: /opt/buildroot-gcc463/usr/bin/mipsel-linux-gcc -o conftest -fPIC   conftest.c  >&5
configure:15625: $? = 0
configure:15625: result: yes
configure:15640: checking zlib.h usability
configure:15640: /opt/buildroot-gcc463/usr/bin/mipsel-linux-gcc -c -fPIC  conftest.c >&5
conftest.c:64:18: fatal error: zlib.h: No such file or directory
compilation terminated.
configure:15640: $? = 1
configure: failed program was:
| /* confdefs.h */
| #define PACKAGE_NAME "PCRE"
| #define PACKAGE_TARNAME "pcre"
| #define PACKAGE_VERSION "8.01"
| #define PACKAGE_STRING "PCRE 8.01"
| #define PACKAGE_BUGREPORT ""
| #define PACKAGE_URL ""
| #define PACKAGE "pcre"
| #define VERSION "8.01"
| #define STDC_HEADERS 1
| #define HAVE_SYS_TYPES_H 1
| #define HAVE_SYS_STAT_H 1
| #define HAVE_STDLIB_H 1
| #define HAVE_STRING_H 1
| #define HAVE_MEMORY_H 1
| #define HAVE_STRINGS_H 1
| #define HAVE_INTTYPES_H 1
| #define HAVE_STDINT_H 1
| #define HAVE_UNISTD_H 1
| #define HAVE_DLFCN_H 1
| #define LT_OBJDIR ".libs/"
| #define STDC_HEADERS 1
| #define HAVE_LIMITS_H 1
| #define HAVE_SYS_TYPES_H 1
| #define HAVE_SYS_STAT_H 1
| #define HAVE_DIRENT_H 1
| #define HAVE_BCOPY 1
| #define HAVE_MEMMOVE 1
| #define HAVE_STRERROR 1
| /* end confdefs.h.  */
| #include <stdio.h>
| #ifdef HAVE_SYS_TYPES_H
| # include <sys/types.h>
| #endif
| #ifdef HAVE_SYS_STAT_H
| # include <sys/stat.h>
| #endif
| #ifdef STDC_HEADERS
| # include <stdlib.h>
| # include <stddef.h>
| #else
| # ifdef HAVE_STDLIB_H
| #  include <stdlib.h>
| # endif
| #endif
| #ifdef HAVE_STRING_H
| # if !defined STDC_HEADERS && defined HAVE_MEMORY_H
| #  include <memory.h>
| # endif
| # include <string.h>
| #endif
| #ifdef HAVE_STRINGS_H
| # include <strings.h>
| #endif
| #ifdef HAVE_INTTYPES_H
| # include <inttypes.h>
| #endif
| #ifdef HAVE_STDINT_H
| # include <stdint.h>
| #endif
| #ifdef HAVE_UNISTD_H
| # include <unistd.h>
| #endif
| #include <zlib.h>
configure:15640: result: no
configure:15640: checking zlib.h presence
configure:15640: /opt/buildroot-gcc463/usr/bin/mipsel-linux-gcc -E  conftest.c
conftest.c:31:18: fatal error: zlib.h: No such file or directory
compilation terminated.
configure:15640: $? = 1
configure: failed program was:
| /* confdefs.h */
| #define PACKAGE_NAME "PCRE"
| #define PACKAGE_TARNAME "pcre"
| #define PACKAGE_VERSION "8.01"
| #define PACKAGE_STRING "PCRE 8.01"
| #define PACKAGE_BUGREPORT ""
| #define PACKAGE_URL ""
| #define PACKAGE "pcre"
| #define VERSION "8.01"
| #define STDC_HEADERS 1
| #define HAVE_SYS_TYPES_H 1
| #define HAVE_SYS_STAT_H 1
| #define HAVE_STDLIB_H 1
| #define HAVE_STRING_H 1
| #define HAVE_MEMORY_H 1
| #define HAVE_STRINGS_H 1
| #define HAVE_INTTYPES_H 1
| #define HAVE_STDINT_H 1
| #define HAVE_UNISTD_H 1
| #define HAVE_DLFCN_H 1
| #define LT_OBJDIR ".libs/"
| #define STDC_HEADERS 1
| #define HAVE_LIMITS_H 1
| #define HAVE_SYS_TYPES_H 1
| #define HAVE_SYS_STAT_H 1
| #define HAVE_DIRENT_H 1
| #define HAVE_BCOPY 1
| #define HAVE_MEMMOVE 1
| #define HAVE_STRERROR 1
| /* end confdefs.h.  */
| #include <zlib.h>
configure:15640: result: no
configure:15640: checking for zlib.h
configure:15640: result: no
configure:15650: checking for gzopen in -lz
configure:15675: /opt/buildroot-gcc463/usr/bin/mipsel-linux-gcc -o conftest -fPIC   conftest.c -lz   >&5
/opt/buildroot-gcc463/usr/lib/gcc/mipsel-buildroot-linux-uclibc/4.6.3/../../../../mipsel-buildroot-linux-uclibc/bin/ld: cannot find -lz
collect2: ld returned 1 exit status
configure:15675: $? = 1
configure: failed program was:
| /* confdefs.h */
| #define PACKAGE_NAME "PCRE"
| #define PACKAGE_TARNAME "pcre"
| #define PACKAGE_VERSION "8.01"
| #define PACKAGE_STRING "PCRE 8.01"
| #define PACKAGE_BUGREPORT ""
| #define PACKAGE_URL ""
| #define PACKAGE "pcre"
| #define VERSION "8.01"
| #define STDC_HEADERS 1
| #define HAVE_SYS_TYPES_H 1
| #define HAVE_SYS_STAT_H 1
| #define HAVE_STDLIB_H 1
| #define HAVE_STRING_H 1
| #define HAVE_MEMORY_H 1
| #define HAVE_STRINGS_H 1
| #define HAVE_INTTYPES_H 1
| #define HAVE_STDINT_H 1
| #define HAVE_UNISTD_H 1
| #define HAVE_DLFCN_H 1
| #define LT_OBJDIR ".libs/"
| #define STDC_HEADERS 1
| #define HAVE_LIMITS_H 1
| #define HAVE_SYS_TYPES_H 1
| #define HAVE_SYS_STAT_H 1
| #define HAVE_DIRENT_H 1
| #define HAVE_BCOPY 1
| #define HAVE_MEMMOVE 1
| #define HAVE_STRERROR 1
| /* end confdefs.h.  */
| 
| /* Override any GCC internal prototype to avoid an error.
|    Use char because int might match the return type of a GCC
|    builtin and then its argument prototype would still apply.  */
| #ifdef __cplusplus
| extern "C"
| #endif
| char gzopen ();
| int
| main ()
| {
| return gzopen ();
|   ;
|   return 0;
| }
configure:15684: result: no
configure:15709: checking bzlib.h usability
configure:15709: /opt/buildroot-gcc463/usr/bin/mipsel-linux-gcc -c -fPIC  conftest.c >&5
conftest.c:64:19: fatal error: bzlib.h: No such file or directory
compilation terminated.
configure:15709: $? = 1
configure: failed program was:
| /* confdefs.h */
| #define PACKAGE_NAME "PCRE"
| #define PACKAGE_TARNAME "pcre"
| #define PACKAGE_VERSION "8.01"
| #define PACKAGE_STRING "PCRE 8.01"
| #define PACKAGE_BUGREPORT ""
| #define PACKAGE_URL ""
| #define PACKAGE "pcre"
| #define VERSION "8.01"
| #define STDC_HEADERS 1
| #define HAVE_SYS_TYPES_H 1
| #define HAVE_SYS_STAT_H 1
| #define HAVE_STDLIB_H 1
| #define HAVE_STRING_H 1
| #define HAVE_MEMORY_H 1
| #define HAVE_STRINGS_H 1
| #define HAVE_INTTYPES_H 1
| #define HAVE_STDINT_H 1
| #define HAVE_UNISTD_H 1
| #define HAVE_DLFCN_H 1
| #define LT_OBJDIR ".libs/"
| #define STDC_HEADERS 1
| #define HAVE_LIMITS_H 1
| #define HAVE_SYS_TYPES_H 1
| #define HAVE_SYS_STAT_H 1
| #define HAVE_DIRENT_H 1
| #define HAVE_BCOPY 1
| #define HAVE_MEMMOVE 1
| #define HAVE_STRERROR 1
| /* end confdefs.h.  */
| #include <stdio.h>
| #ifdef HAVE_SYS_TYPES_H
| # include <sys/types.h>
| #endif
| #ifdef HAVE_SYS_STAT_H
| # include <sys/stat.h>
| #endif
| #ifdef STDC_HEADERS
| # include <stdlib.h>
| # include <stddef.h>
| #else
| # ifdef HAVE_STDLIB_H
| #  include <stdlib.h>
| # endif
| #endif
| #ifdef HAVE_STRING_H
| # if !defined STDC_HEADERS && defined HAVE_MEMORY_H
| #  include <memory.h>
| # endif
| # include <string.h>
| #endif
| #ifdef HAVE_STRINGS_H
| # include <strings.h>
| #endif
| #ifdef HAVE_INTTYPES_H
| # include <inttypes.h>
| #endif
| #ifdef HAVE_STDINT_H
| # include <stdint.h>
| #endif
| #ifdef HAVE_UNISTD_H
| # include <unistd.h>
| #endif
| #include <bzlib.h>
configure:15709: result: no
configure:15709: checking bzlib.h presence
configure:15709: /opt/buildroot-gcc463/usr/bin/mipsel-linux-gcc -E  conftest.c
conftest.c:31:19: fatal error: bzlib.h: No such file or directory
compilation terminated.
configure:15709: $? = 1
configure: failed program was:
| /* confdefs.h */
| #define PACKAGE_NAME "PCRE"
| #define PACKAGE_TARNAME "pcre"
| #define PACKAGE_VERSION "8.01"
| #define PACKAGE_STRING "PCRE 8.01"
| #define PACKAGE_BUGREPORT ""
| #define PACKAGE_URL ""
| #define PACKAGE "pcre"
| #define VERSION "8.01"
| #define STDC_HEADERS 1
| #define HAVE_SYS_TYPES_H 1
| #define HAVE_SYS_STAT_H 1
| #define HAVE_STDLIB_H 1
| #define HAVE_STRING_H 1
| #define HAVE_MEMORY_H 1
| #define HAVE_STRINGS_H 1
| #define HAVE_INTTYPES_H 1
| #define HAVE_STDINT_H 1
| #define HAVE_UNISTD_H 1
| #define HAVE_DLFCN_H 1
| #define LT_OBJDIR ".libs/"
| #define STDC_HEADERS 1
| #define HAVE_LIMITS_H 1
| #define HAVE_SYS_TYPES_H 1
| #define HAVE_SYS_STAT_H 1
| #define HAVE_DIRENT_H 1
| #define HAVE_BCOPY 1
| #define HAVE_MEMMOVE 1
| #define HAVE_STRERROR 1
| /* end confdefs.h.  */
| #include <bzlib.h>
configure:15709: result: no
configure:15709: checking for bzlib.h
configure:15709: result: no
configure:15724: checking for libbz2
configure:15742: /opt/buildroot-gcc463/usr/bin/mipsel-linux-gcc -o conftest -fPIC   conftest.c  -lbz2 >&5
/opt/buildroot-gcc463/usr/lib/gcc/mipsel-buildroot-linux-uclibc/4.6.3/../../../../mipsel-buildroot-linux-uclibc/bin/ld: cannot find -lbz2
collect2: ld returned 1 exit status
configure:15742: $? = 1
configure: failed program was:
| /* confdefs.h */
| #define PACKAGE_NAME "PCRE"
| #define PACKAGE_TARNAME "pcre"
| #define PACKAGE_VERSION "8.01"
| #define PACKAGE_STRING "PCRE 8.01"
| #define PACKAGE_BUGREPORT ""
| #define PACKAGE_URL ""
| #define PACKAGE "pcre"
| #define VERSION "8.01"
| #define STDC_HEADERS 1
| #define HAVE_SYS_TYPES_H 1
| #define HAVE_SYS_STAT_H 1
| #define HAVE_STDLIB_H 1
| #define HAVE_STRING_H 1
| #define HAVE_MEMORY_H 1
| #define HAVE_STRINGS_H 1
| #define HAVE_INTTYPES_H 1
| #define HAVE_STDINT_H 1
| #define HAVE_UNISTD_H 1
| #define HAVE_DLFCN_H 1
| #define LT_OBJDIR ".libs/"
| #define STDC_HEADERS 1
| #define HAVE_LIMITS_H 1
| #define HAVE_SYS_TYPES_H 1
| #define HAVE_SYS_STAT_H 1
| #define HAVE_DIRENT_H 1
| #define HAVE_BCOPY 1
| #define HAVE_MEMMOVE 1
| #define HAVE_STRERROR 1
| /* end confdefs.h.  */
| 
| #ifdef HAVE_BZLIB_H
| #include <bzlib.h>
| #endif
| int
| main ()
| {
| return (int)BZ2_bzopen("conftest", "rb");
|   ;
|   return 0;
| }
configure:15746: result: no
configure:15757: checking readline/readline.h usability
configure:15757: /opt/buildroot-gcc463/usr/bin/mipsel-linux-gcc -c -fPIC  conftest.c >&5
conftest.c:64:31: fatal error: readline/readline.h: No such file or directory
compilation terminated.
configure:15757: $? = 1
configure: failed program was:
| /* confdefs.h */
| #define PACKAGE_NAME "PCRE"
| #define PACKAGE_TARNAME "pcre"
| #define PACKAGE_VERSION "8.01"
| #define PACKAGE_STRING "PCRE 8.01"
| #define PACKAGE_BUGREPORT ""
| #define PACKAGE_URL ""
| #define PACKAGE "pcre"
| #define VERSION "8.01"
| #define STDC_HEADERS 1
| #define HAVE_SYS_TYPES_H 1
| #define HAVE_SYS_STAT_H 1
| #define HAVE_STDLIB_H 1
| #define HAVE_STRING_H 1
| #define HAVE_MEMORY_H 1
| #define HAVE_STRINGS_H 1
| #define HAVE_INTTYPES_H 1
| #define HAVE_STDINT_H 1
| #define HAVE_UNISTD_H 1
| #define HAVE_DLFCN_H 1
| #define LT_OBJDIR ".libs/"
| #define STDC_HEADERS 1
| #define HAVE_LIMITS_H 1
| #define HAVE_SYS_TYPES_H 1
| #define HAVE_SYS_STAT_H 1
| #define HAVE_DIRENT_H 1
| #define HAVE_BCOPY 1
| #define HAVE_MEMMOVE 1
| #define HAVE_STRERROR 1
| /* end confdefs.h.  */
| #include <stdio.h>
| #ifdef HAVE_SYS_TYPES_H
| # include <sys/types.h>
| #endif
| #ifdef HAVE_SYS_STAT_H
| # include <sys/stat.h>
| #endif
| #ifdef STDC_HEADERS
| # include <stdlib.h>
| # include <stddef.h>
| #else
| # ifdef HAVE_STDLIB_H
| #  include <stdlib.h>
| # endif
| #endif
| #ifdef HAVE_STRING_H
| # if !defined STDC_HEADERS && defined HAVE_MEMORY_H
| #  include <memory.h>
| # endif
| # include <string.h>
| #endif
| #ifdef HAVE_STRINGS_H
| # include <strings.h>
| #endif
| #ifdef HAVE_INTTYPES_H
| # include <inttypes.h>
| #endif
| #ifdef HAVE_STDINT_H
| # include <stdint.h>
| #endif
| #ifdef HAVE_UNISTD_H
| # include <unistd.h>
| #endif
| #include <readline/readline.h>
configure:15757: result: no
configure:15757: checking readline/readline.h presence
configure:15757: /opt/buildroot-gcc463/usr/bin/mipsel-linux-gcc -E  conftest.c
conftest.c:31:31: fatal error: readline/readline.h: No such file or directory
compilation terminated.
configure:15757: $? = 1
configure: failed program was:
| /* confdefs.h */
| #define PACKAGE_NAME "PCRE"
| #define PACKAGE_TARNAME "pcre"
| #define PACKAGE_VERSION "8.01"
| #define PACKAGE_STRING "PCRE 8.01"
| #define PACKAGE_BUGREPORT ""
| #define PACKAGE_URL ""
| #define PACKAGE "pcre"
| #define VERSION "8.01"
| #define STDC_HEADERS 1
| #define HAVE_SYS_TYPES_H 1
| #define HAVE_SYS_STAT_H 1
| #define HAVE_STDLIB_H 1
| #define HAVE_STRING_H 1
| #define HAVE_MEMORY_H 1
| #define HAVE_STRINGS_H 1
| #define HAVE_INTTYPES_H 1
| #define HAVE_STDINT_H 1
| #define HAVE_UNISTD_H 1
| #define HAVE_DLFCN_H 1
| #define LT_OBJDIR ".libs/"
| #define STDC_HEADERS 1
| #define HAVE_LIMITS_H 1
| #define HAVE_SYS_TYPES_H 1
| #define HAVE_SYS_STAT_H 1
| #define HAVE_DIRENT_H 1
| #define HAVE_BCOPY 1
| #define HAVE_MEMMOVE 1
| #define HAVE_STRERROR 1
| /* end confdefs.h.  */
| #include <readline/readline.h>
configure:15757: result: no
configure:15757: checking for readline/readline.h
configure:15757: result: no
configure:15769: checking readline/history.h usability
configure:15769: /opt/buildroot-gcc463/usr/bin/mipsel-linux-gcc -c -fPIC  conftest.c >&5
conftest.c:64:30: fatal error: readline/history.h: No such file or directory
compilation terminated.
configure:15769: $? = 1
configure: failed program was:
| /* confdefs.h */
| #define PACKAGE_NAME "PCRE"
| #define PACKAGE_TARNAME "pcre"
| #define PACKAGE_VERSION "8.01"
| #define PACKAGE_STRING "PCRE 8.01"
| #define PACKAGE_BUGREPORT ""
| #define PACKAGE_URL ""
| #define PACKAGE "pcre"
| #define VERSION "8.01"
| #define STDC_HEADERS 1
| #define HAVE_SYS_TYPES_H 1
| #define HAVE_SYS_STAT_H 1
| #define HAVE_STDLIB_H 1
| #define HAVE_STRING_H 1
| #define HAVE_MEMORY_H 1
| #define HAVE_STRINGS_H 1
| #define HAVE_INTTYPES_H 1
| #define HAVE_STDINT_H 1
| #define HAVE_UNISTD_H 1
| #define HAVE_DLFCN_H 1
| #define LT_OBJDIR ".libs/"
| #define STDC_HEADERS 1
| #define HAVE_LIMITS_H 1
| #define HAVE_SYS_TYPES_H 1
| #define HAVE_SYS_STAT_H 1
| #define HAVE_DIRENT_H 1
| #define HAVE_BCOPY 1
| #define HAVE_MEMMOVE 1
| #define HAVE_STRERROR 1
| /* end confdefs.h.  */
| #include <stdio.h>
| #ifdef HAVE_SYS_TYPES_H
| # include <sys/types.h>
| #endif
| #ifdef HAVE_SYS_STAT_H
| # include <sys/stat.h>
| #endif
| #ifdef STDC_HEADERS
| # include <stdlib.h>
| # include <stddef.h>
| #else
| # ifdef HAVE_STDLIB_H
| #  include <stdlib.h>
| # endif
| #endif
| #ifdef HAVE_STRING_H
| # if !defined STDC_HEADERS && defined HAVE_MEMORY_H
| #  include <memory.h>
| # endif
| # include <string.h>
| #endif
| #ifdef HAVE_STRINGS_H
| # include <strings.h>
| #endif
| #ifdef HAVE_INTTYPES_H
| # include <inttypes.h>
| #endif
| #ifdef HAVE_STDINT_H
| # include <stdint.h>
| #endif
| #ifdef HAVE_UNISTD_H
| # include <unistd.h>
| #endif
| #include <readline/history.h>
configure:15769: result: no
configure:15769: checking readline/history.h presence
configure:15769: /opt/buildroot-gcc463/usr/bin/mipsel-linux-gcc -E  conftest.c
conftest.c:31:30: fatal error: readline/history.h: No such file or directory
compilation terminated.
configure:15769: $? = 1
configure: failed program was:
| /* confdefs.h */
| #define PACKAGE_NAME "PCRE"
| #define PACKAGE_TARNAME "pcre"
| #define PACKAGE_VERSION "8.01"
| #define PACKAGE_STRING "PCRE 8.01"
| #define PACKAGE_BUGREPORT ""
| #define PACKAGE_URL ""
| #define PACKAGE "pcre"
| #define VERSION "8.01"
| #define STDC_HEADERS 1
| #define HAVE_SYS_TYPES_H 1
| #define HAVE_SYS_STAT_H 1
| #define HAVE_STDLIB_H 1
| #define HAVE_STRING_H 1
| #define HAVE_MEMORY_H 1
| #define HAVE_STRINGS_H 1
| #define HAVE_INTTYPES_H 1
| #define HAVE_STDINT_H 1
| #define HAVE_UNISTD_H 1
| #define HAVE_DLFCN_H 1
| #define LT_OBJDIR ".libs/"
| #define STDC_HEADERS 1
| #define HAVE_LIMITS_H 1
| #define HAVE_SYS_TYPES_H 1
| #define HAVE_SYS_STAT_H 1
| #define HAVE_DIRENT_H 1
| #define HAVE_BCOPY 1
| #define HAVE_MEMMOVE 1
| #define HAVE_STRERROR 1
| /* end confdefs.h.  */
| #include <readline/history.h>
configure:15769: result: no
configure:15769: checking for readline/history.h
configure:15769: result: no
configure:15779: checking for readline in -lreadline
configure:15804: /opt/buildroot-gcc463/usr/bin/mipsel-linux-gcc -o conftest -fPIC   conftest.c -lreadline   >&5
/opt/buildroot-gcc463/usr/lib/gcc/mipsel-buildroot-linux-uclibc/4.6.3/../../../../mipsel-buildroot-linux-uclibc/bin/ld: cannot find -lreadline
collect2: ld returned 1 exit status
configure:15804: $? = 1
configure: failed program was:
| /* confdefs.h */
| #define PACKAGE_NAME "PCRE"
| #define PACKAGE_TARNAME "pcre"
| #define PACKAGE_VERSION "8.01"
| #define PACKAGE_STRING "PCRE 8.01"
| #define PACKAGE_BUGREPORT ""
| #define PACKAGE_URL ""
| #define PACKAGE "pcre"
| #define VERSION "8.01"
| #define STDC_HEADERS 1
| #define HAVE_SYS_TYPES_H 1
| #define HAVE_SYS_STAT_H 1
| #define HAVE_STDLIB_H 1
| #define HAVE_STRING_H 1
| #define HAVE_MEMORY_H 1
| #define HAVE_STRINGS_H 1
| #define HAVE_INTTYPES_H 1
| #define HAVE_STDINT_H 1
| #define HAVE_UNISTD_H 1
| #define HAVE_DLFCN_H 1
| #define LT_OBJDIR ".libs/"
| #define STDC_HEADERS 1
| #define HAVE_LIMITS_H 1
| #define HAVE_SYS_TYPES_H 1
| #define HAVE_SYS_STAT_H 1
| #define HAVE_DIRENT_H 1
| #define HAVE_BCOPY 1
| #define HAVE_MEMMOVE 1
| #define HAVE_STRERROR 1
| /* end confdefs.h.  */
| 
| /* Override any GCC internal prototype to avoid an error.
|    Use char because int might match the return type of a GCC
|    builtin and then its argument prototype would still apply.  */
| #ifdef __cplusplus
| extern "C"
| #endif
| char readline ();
| int
| main ()
| {
| return readline ();
|   ;
|   return 0;
| }
configure:15813: result: no
configure:16139: creating ./config.status

## ---------------------- ##
## Running config.status. ##
## ---------------------- ##

This file was extended by PCRE config.status 8.01, which was
generated by GNU Autoconf 2.65.  Invocation command line was

  CONFIG_FILES    = 
  CONFIG_HEADERS  = 
  CONFIG_LINKS    = 
  CONFIG_COMMANDS = 
  $ ./config.status 

on wireless

config.status:1170: creating Makefile
config.status:1170: creating libpcre.pc
config.status:1170: creating libpcreposix.pc
config.status:1170: creating libpcrecpp.pc
config.status:1170: creating pcre-config
config.status:1170: creating pcre.h
config.status:1170: creating pcre_stringpiece.h
config.status:1170: creating pcrecpparg.h
config.status:1170: creating config.h
config.status:1342: config.h is unchanged
config.status:1390: executing depfiles commands
config.status:1390: executing libtool commands
config.status:1390: executing script-chmod commands
config.status:1390: executing delete-old-chartables commands

## ---------------- ##
## Cache variables. ##
## ---------------- ##

ac_cv_build=i686-pc-linux-uclibc
ac_cv_c_compiler_gnu=yes
ac_cv_c_const=yes
ac_cv_c_int64_t=no
ac_cv_cxx_compiler_gnu=yes
ac_cv_env_CCC_set=
ac_cv_env_CCC_value=
ac_cv_env_CC_set=set
ac_cv_env_CC_value=/opt/buildroot-gcc463/usr/bin/mipsel-linux-gcc
ac_cv_env_CFLAGS_set=set
ac_cv_env_CFLAGS_value=-fPIC
ac_cv_env_CPPFLAGS_set=
ac_cv_env_CPPFLAGS_value=
ac_cv_env_CPP_set=
ac_cv_env_CPP_value=
ac_cv_env_CXXCPP_set=
ac_cv_env_CXXCPP_value=
ac_cv_env_CXXFLAGS_set=
ac_cv_env_CXXFLAGS_value=
ac_cv_env_CXX_set=set
ac_cv_env_CXX_value=
ac_cv_env_LDFLAGS_set=
ac_cv_env_LDFLAGS_value=
ac_cv_env_LIBS_set=
ac_cv_env_LIBS_value=
ac_cv_env_build_alias_set=
ac_cv_env_build_alias_value=
ac_cv_env_host_alias_set=set
ac_cv_env_host_alias_value=mipsel-linux
ac_cv_env_target_alias_set=
ac_cv_env_target_alias_value=
ac_cv_func_bcopy=yes
ac_cv_func_memmove=yes
ac_cv_func_strerror=yes
ac_cv_header_bzlib_h=no
ac_cv_header_dirent_h=yes
ac_cv_header_dlfcn_h=yes
ac_cv_header_inttypes_h=yes
ac_cv_header_limits_h=yes
ac_cv_header_memory_h=yes
ac_cv_header_readline_history_h=no
ac_cv_header_readline_readline_h=no
ac_cv_header_stdc=yes
ac_cv_header_stdint_h=yes
ac_cv_header_stdlib_h=yes
ac_cv_header_string_h=yes
ac_cv_header_strings_h=yes
ac_cv_header_sys_stat_h=yes
ac_cv_header_sys_types_h=yes
ac_cv_header_unistd_h=yes
ac_cv_header_windows_h=no
ac_cv_header_zlib_h=no
ac_cv_host=mipsel-unknown-linux-gnu
ac_cv_lib_readline_readline=no
ac_cv_lib_z_gzopen=no
ac_cv_objext=o
ac_cv_path_EGREP='/bin/grep -E'
ac_cv_path_FGREP='/bin/grep -F'
ac_cv_path_GREP=/bin/grep
ac_cv_path_SED=/bin/sed
ac_cv_path_install='/usr/bin/install -c'
ac_cv_path_mkdir=/bin/mkdir
ac_cv_prog_AWK=gawk
ac_cv_prog_CC=/opt/buildroot-gcc463/usr/bin/mipsel-linux-gcc
ac_cv_prog_CPP='/opt/buildroot-gcc463/usr/bin/mipsel-linux-gcc -E'
ac_cv_prog_CXXCPP='g++ -E'
ac_cv_prog_OBJDUMP=objdump
ac_cv_prog_STRIP=strip
ac_cv_prog_ac_ct_AR=ar
ac_cv_prog_ac_ct_CXX=g++
ac_cv_prog_ac_ct_DUMPBIN='link -dump -symbols'
ac_cv_prog_ac_ct_RANLIB=ranlib
ac_cv_prog_ac_ct_STRIP=strip
ac_cv_prog_cc_c89=
ac_cv_prog_cc_g=yes
ac_cv_prog_cxx_g=yes
ac_cv_prog_make_make_set=yes
ac_cv_type_size_t=yes
am_cv_CC_dependencies_compiler_type=gcc3
am_cv_CXX_dependencies_compiler_type=gcc3
lt_cv_deplibs_check_method=pass_all
lt_cv_file_magic_cmd='$MAGIC_CMD'
lt_cv_file_magic_test_file=
lt_cv_ld_reload_flag=-r
lt_cv_nm_interface='BSD nm'
lt_cv_objdir=.libs
lt_cv_path_LD=/opt/buildroot-gcc463/usr/bin/mipsel-linux-ld
lt_cv_path_LDCXX=/opt/buildroot-gcc463/usr/bin/mipsel-linux-ld
lt_cv_path_NM=no
lt_cv_prog_compiler_c_o=yes
lt_cv_prog_compiler_c_o_CXX=yes
lt_cv_prog_compiler_pic_works=yes
lt_cv_prog_compiler_pic_works_CXX=yes
lt_cv_prog_compiler_rtti_exceptions=no
lt_cv_prog_compiler_static_works=yes
lt_cv_prog_compiler_static_works_CXX=yes
lt_cv_prog_gnu_ld=yes
lt_cv_prog_gnu_ldcxx=yes
lt_cv_sys_global_symbol_pipe=
lt_cv_sys_global_symbol_to_c_name_address='sed -n -e '\''s/^: \([^ ]*\) $/  {\"\1\", (void *) 0},/p'\'' -e '\''s/^[BCDEGRST]* \([^ ]*\) \([^ ]*\)$/  {"\2", (void *) \&\2},/p'\'''
lt_cv_sys_global_symbol_to_c_name_address_lib_prefix='sed -n -e '\''s/^: \([^ ]*\) $/  {\"\1\", (void *) 0},/p'\'' -e '\''s/^[BCDEGRST]* \([^ ]*\) \(lib[^ ]*\)$/  {"\2", (void *) \&\2},/p'\'' -e '\''s/^[BCDEGRST]* \([^ ]*\) \([^ ]*\)$/  {"lib\2", (void *) \&\2},/p'\'''
lt_cv_sys_global_symbol_to_cdecl=
lt_cv_sys_max_cmd_len=1966080

## ----------------- ##
## Output variables. ##
## ----------------- ##

ACLOCAL='${SHELL} /home/zhangtianchuan/trunk/GPL_Code/source/lib/pcre-8.01/missing --run aclocal-1.10'
AMDEPBACKSLASH='\'
AMDEP_FALSE='#'
AMDEP_TRUE=''
AMTAR='${SHELL} /home/zhangtianchuan/trunk/GPL_Code/source/lib/pcre-8.01/missing --run tar'
AR='ar'
AS='as'
AUTOCONF='${SHELL} /home/zhangtianchuan/trunk/GPL_Code/source/lib/pcre-8.01/missing --run autoconf'
AUTOHEADER='${SHELL} /home/zhangtianchuan/trunk/GPL_Code/source/lib/pcre-8.01/missing --run autoheader'
AUTOMAKE='${SHELL} /home/zhangtianchuan/trunk/GPL_Code/source/lib/pcre-8.01/missing --run automake-1.10'
AWK='gawk'
CC='/opt/buildroot-gcc463/usr/bin/mipsel-linux-gcc'
CCDEPMODE='depmode=gcc3'
CFLAGS='-fPIC'
CPP='/opt/buildroot-gcc463/usr/bin/mipsel-linux-gcc -E'
CPPFLAGS=''
CXX='g++'
CXXCPP='g++ -E'
CXXDEPMODE='depmode=gcc3'
CXXFLAGS='-O2'
CYGPATH_W='echo'
DEFS='-DHAVE_CONFIG_H'
DEPDIR='.deps'
DISTCHECK_CONFIGURE_FLAGS='--enable-cpp --enable-unicode-properties'
DLLTOOL='dlltool'
DSYMUTIL=''
DUMPBIN='link -dump -symbols'
ECHO_C=''
ECHO_N='-n'
ECHO_T=''
EGREP='/bin/grep -E'
EXEEXT=''
EXTRA_LIBPCRECPP_LDFLAGS='                            -version-info 0:0:0                           '
EXTRA_LIBPCREPOSIX_LDFLAGS='                              -version-info 0:0:0'
EXTRA_LIBPCRE_LDFLAGS='                         -version-info 0:1:0'
FGREP='/bin/grep -F'
GREP='/bin/grep'
INSTALL_DATA='${INSTALL} -m 644'
INSTALL_PROGRAM='${INSTALL}'
INSTALL_SCRIPT='${INSTALL}'
INSTALL_STRIP_PROGRAM='$(install_sh) -c -s'
LD='/opt/buildroot-gcc463/usr/bin/mipsel-linux-ld'
LDFLAGS=''
LIBBZ2=''
LIBOBJS=''
LIBREADLINE=''
LIBS=''
LIBTOOL='$(SHELL) $(top_builddir)/libtool'
LIBZ=''
LIPO=''
LN_S='ln -s'
LTLIBOBJS=''
MAKEINFO='${SHELL} /home/zhangtianchuan/trunk/GPL_Code/source/lib/pcre-8.01/missing --run makeinfo'
MKDIR_P='/bin/mkdir -p'
NM='link -dump -symbols'
NMEDIT=''
OBJDUMP='objdump'
OBJEXT='o'
OTOOL64=''
OTOOL=''
PACKAGE='pcre'
PACKAGE_BUGREPORT=''
PACKAGE_NAME='PCRE'
PACKAGE_STRING='PCRE 8.01'
PACKAGE_TARNAME='pcre'
PACKAGE_URL=''
PACKAGE_VERSION='8.01'
PATH_SEPARATOR=':'
PCRE_DATE='2010-01-19'
PCRE_MAJOR='8'
PCRE_MINOR='01'
PCRE_PRERELEASE=''
PCRE_STATIC_CFLAG=''
RANLIB='ranlib'
SED='/bin/sed'
SET_MAKE=''
SHELL='/bin/sh'
STRIP='strip'
VERSION='8.01'
WITH_PCRE_CPP_FALSE=''
WITH_PCRE_CPP_TRUE='#'
WITH_REBUILD_CHARTABLES_FALSE=''
WITH_REBUILD_CHARTABLES_TRUE='#'
ac_ct_CC=''
ac_ct_CXX='g++'
ac_ct_DUMPBIN='link -dump -symbols'
am__fastdepCC_FALSE='#'
am__fastdepCC_TRUE=''
am__fastdepCXX_FALSE='#'
am__fastdepCXX_TRUE=''
am__include='include'
am__isrc=''
am__leading_dot='.'
am__quote=''
am__tar='${AMTAR} chof - "$$tardir"'
am__untar='${AMTAR} xf -'
bindir='${exec_prefix}/bin'
build='i686-pc-linux-uclibc'
build_alias=''
build_cpu='i686'
build_os='linux-uclibc'
build_vendor='pc'
datadir='${datarootdir}'
datarootdir='${prefix}/share'
docdir='${datarootdir}/doc/${PACKAGE_TARNAME}'
dvidir='${docdir}'
exec_prefix='${prefix}'
host='mipsel-unknown-linux-gnu'
host_alias='mipsel-linux'
host_cpu='mipsel'
host_os='linux-gnu'
host_vendor='unknown'
htmldir='${docdir}/html'
includedir='${prefix}/include'
infodir='${datarootdir}/info'
install_sh='$(SHELL) /home/zhangtianchuan/trunk/GPL_Code/source/lib/pcre-8.01/install-sh'
libdir='${exec_prefix}/lib'
libexecdir='${exec_prefix}/libexec'
localedir='${datarootdir}/locale'
localstatedir='${prefix}/var'
lt_ECHO='echo'
mandir='${datarootdir}/man'
mkdir_p='/bin/mkdir -p'
oldincludedir='/usr/include'
pcre_have_bits_type_traits='0'
pcre_have_long_long=''
pcre_have_type_traits='0'
pcre_have_ulong_long=''
pdfdir='${docdir}'
prefix='/usr/local'
program_transform_name='s,x,x,'
psdir='${docdir}'
sbindir='${exec_prefix}/sbin'
sharedstatedir='${prefix}/com'
sysconfdir='${prefix}/etc'
target_alias=''

## ----------- ##
## confdefs.h. ##
## ----------- ##

/* confdefs.h */
#define PACKAGE_NAME "PCRE"
#define PACKAGE_TARNAME "pcre"
#define PACKAGE_VERSION "8.01"
#define PACKAGE_STRING "PCRE 8.01"
#define PACKAGE_BUGREPORT ""
#define PACKAGE_URL ""
#define PACKAGE "pcre"
#define VERSION "8.01"
#define STDC_HEADERS 1
#define HAVE_SYS_TYPES_H 1
#define HAVE_SYS_STAT_H 1
#define HAVE_STDLIB_H 1
#define HAVE_STRING_H 1
#define HAVE_MEMORY_H 1
#define HAVE_STRINGS_H 1
#define HAVE_INTTYPES_H 1
#define HAVE_STDINT_H 1
#define HAVE_UNISTD_H 1
#define HAVE_DLFCN_H 1
#define LT_OBJDIR ".libs/"
#define STDC_HEADERS 1
#define HAVE_LIMITS_H 1
#define HAVE_SYS_TYPES_H 1
#define HAVE_SYS_STAT_H 1
#define HAVE_DIRENT_H 1
#define HAVE_BCOPY 1
#define HAVE_MEMMOVE 1
#define HAVE_STRERROR 1
#define NEWLINE 10
#define LINK_SIZE 2
#define POSIX_MALLOC_THRESHOLD 10
#define MATCH_LIMIT 10000000
#define MATCH_LIMIT_RECURSION MATCH_LIMIT
#define MAX_NAME_SIZE 32
#define MAX_NAME_COUNT 10000

configure: exit 0
